[0] MPI startup(): Intel(R) MPI Library, Version 2019 Update 12  Build 20210429 (id: e380127cb)
[0] MPI startup(): Copyright (C) 2003-2021 Intel Corporation.  All rights reserved.
[0] MPI startup(): library kind: release
[0] MPI startup(): libfabric version: 1.11.0-impi
[0] MPI startup(): libfabric provider: psm2
[0] MPI startup(): Rank    Pid      Node name     Pin cpu
[0] MPI startup(): 0       548212   i01r01c01s04  {0,1,2,3,4,5,6,7,48,49,50,51,52,53,54,55}
[0] MPI startup(): 1       548213   i01r01c01s04  {8,9,10,11,12,13,14,15,56,57,58,59,60,61,62,63}
[0] MPI startup(): 2       548214   i01r01c01s04  {16,17,18,19,20,21,22,23,64,65,66,67,68,69,70,71}
[0] MPI startup(): 3       548215   i01r01c01s04  {24,25,26,27,28,29,30,31,72,73,74,75,76,77,78,79}
[0] MPI startup(): 4       548216   i01r01c01s04  {32,33,34,35,36,37,38,39,80,81,82,83,84,85,86,87}
[0] MPI startup(): 5       548217   i01r01c01s04  {40,41,42,43,44,45,46,47,88,89,90,91,92,93,94,95}
[0] MPI startup(): I_MPI_ROOT=/dss/lrzsys/sys/spack/release/22.2.1/opt/x86_64/intel-mpi/2019.12.320-gcc-wx7cjlg/compilers_and_libraries_2020.4.320/linux/mpi
[0] MPI startup(): I_MPI_HYDRA_PMI_CONNECT=lazy-cache
[0] MPI startup(): I_MPI_HYDRA_TOPOLIB=hwloc
[0] MPI startup(): I_MPI_HYDRA_IFACE=ib0
[0] MPI startup(): I_MPI_HYDRA_BRANCH_COUNT=128
[0] MPI startup(): I_MPI_HYDRA_BOOTSTRAP=slurm
[0] MPI startup(): I_MPI_PIN=1
[0] MPI startup(): I_MPI_PIN_RESPECT_CPUSET=0
[0] MPI startup(): I_MPI_INTERNAL_MEM_POLICY=default
[0] MPI startup(): I_MPI_EXTRA_FILESYSTEM=on
[0] MPI startup(): I_MPI_FABRICS=shm:ofi
[0] MPI startup(): I_MPI_PLATFORM=skx
[0] MPI startup(): I_MPI_DEBUG=5
Resolutions       : (2000, 6000, ... 6500)
Iterations        : 50
Num. Heat sources : 2
   1: (0.00, 0.00) 1.00 1.00 
   2: (1.00, 1.00) 1.00 0.50 
