[0] MPI startup(): Intel(R) MPI Library, Version 2019 Update 12  Build 20210429 (id: e380127cb)
[0] MPI startup(): Copyright (C) 2003-2021 Intel Corporation.  All rights reserved.
[0] MPI startup(): library kind: release
[0] MPI startup(): libfabric version: 1.11.0-impi
[0] MPI startup(): libfabric provider: psm2
[0] MPI startup(): Rank    Pid      Node name     Pin cpu
[0] MPI startup(): 0       3070021  i04r09c03s02  {0,1,2,3,4,5,6,7,8,9,10,11,48,49,50,51,52,53,54,55,56,57,58,59}
[0] MPI startup(): 1       3070022  i04r09c03s02  {12,13,14,15,16,17,18,19,20,21,22,23,60,61,62,63,64,65,66,67,68,69,70,71}
[0] MPI startup(): 2       3070023  i04r09c03s02  {24,25,26,27,28,29,30,31,32,33,34,35,72,73,74,75,76,77,78,79,80,81,82,83}
[0] MPI startup(): 3       3070024  i04r09c03s02  {36,37,38,39,40,41,42,43,44,45,46,47,84,85,86,87,88,89,90,91,92,93,94,95}
[0] MPI startup(): I_MPI_ROOT=/dss/lrzsys/sys/spack/release/22.2.1/opt/x86_64/intel-mpi/2019.12.320-gcc-wx7cjlg/compilers_and_libraries_2020.4.320/linux/mpi
[0] MPI startup(): I_MPI_HYDRA_PMI_CONNECT=lazy-cache
[0] MPI startup(): I_MPI_HYDRA_TOPOLIB=hwloc
[0] MPI startup(): I_MPI_HYDRA_IFACE=ib0
[0] MPI startup(): I_MPI_HYDRA_BRANCH_COUNT=128
[0] MPI startup(): I_MPI_HYDRA_BOOTSTRAP=slurm
[0] MPI startup(): I_MPI_PIN=1
[0] MPI startup(): I_MPI_PIN_RESPECT_CPUSET=0
[0] MPI startup(): I_MPI_INTERNAL_MEM_POLICY=default
[0] MPI startup(): I_MPI_EXTRA_FILESYSTEM=on
[0] MPI startup(): I_MPI_FABRICS=shm:ofi
[0] MPI startup(): I_MPI_PLATFORM=skx
[0] MPI startup(): I_MPI_DEBUG=5
Resolutions       : (8, 12, ... 15)
Iterations        : 2
Num. Heat sources : 2
   1: (0.00, 0.00) 1.00 1.00 
   2: (1.00, 1.00) 1.00 0.50 
3070021: EAR finalized by signal SIGSEGV
Obtained 7 stack frames.
/dss/sngslurm/ear/production/lib/libear.so(print_stack+0x25) [0x7f276ee8fb4b] - from backtrace 0x7f276ee8fb4b
/dss/sngslurm/ear/production/lib/libear.so(ear_lib_sig_handler+0x180) [0x7f276ee1837a] - from backtrace 0x7f276ee1837a
/lib64/libpthread.so.0(+0x168c0) [0x7f276fa488c0] - from backtrace 0x7f276fa488c0
./heat() [0x403e51] - from backtrace 0x403e51
./heat() [0x4016a7] - from backtrace 0x4016a7
/lib64/libc.so.6(__libc_start_main+0xef) [0x7f276f4592bd] - from backtrace 0x7f276f4592bd
./heat() [0x40133a] - from backtrace 0x40133a

===================================================================================
=   BAD TERMINATION OF ONE OF YOUR APPLICATION PROCESSES
=   RANK 1 PID 3070022 RUNNING AT i04r09c03s02
=   KILLED BY SIGNAL: 9 (Killed)
===================================================================================

===================================================================================
=   BAD TERMINATION OF ONE OF YOUR APPLICATION PROCESSES
=   RANK 2 PID 3070023 RUNNING AT i04r09c03s02
=   KILLED BY SIGNAL: 9 (Killed)
===================================================================================

===================================================================================
=   BAD TERMINATION OF ONE OF YOUR APPLICATION PROCESSES
=   RANK 3 PID 3070024 RUNNING AT i04r09c03s02
=   KILLED BY SIGNAL: 9 (Killed)
===================================================================================
