Resolutions       : (2000, 6000, ... 6500)
Iterations        : 50
Num. Heat sources : 2
   1: (0.00, 0.00) 1.00 1.00 
   2: (1.00, 1.00) 1.00 0.50 


Resolution: 2000
===================
Execution time: 0.377070
Residual: 0.236070

megaflops:  3712.8
  flop instructions (M):  1400.000


Resolution: 6000
===================
Execution time: 2.556085
Residual: 0.708009

megaflops:  4929.4
  flop instructions (M):  12600.000
Resolutions       : (2000, 6000, ... 6500)
Iterations        : 50
Num. Heat sources : 2
   1: (0.00, 0.00) 1.00 1.00 
   2: (1.00, 1.00) 1.00 0.50 


Resolution: 2000
===================
Execution time: 0.184560
Residual: 0.236070

megaflops:  7585.6
  flop instructions (M):  1400.000


Resolution: 6000
===================
Execution time: 1.296653
Residual: 0.708009

megaflops:  9717.3
  flop instructions (M):  12600.000
Resolutions       : (2000, 6000, ... 6500)
Iterations        : 50
Num. Heat sources : 2
   1: (0.00, 0.00) 1.00 1.00 
   2: (1.00, 1.00) 1.00 0.50 


Resolution: 2000
===================
Execution time: 0.108105
Residual: 0.236070

megaflops:  12950.4
  flop instructions (M):  1400.000


Resolution: 6000
===================
Execution time: 0.691287
Residual: 0.708009

megaflops:  18226.9
  flop instructions (M):  12600.000
Resolutions       : (2000, 6000, ... 6500)
Iterations        : 50
Num. Heat sources : 2
   1: (0.00, 0.00) 1.00 1.00 
   2: (1.00, 1.00) 1.00 0.50 


Resolution: 2000
===================
Execution time: 0.070722
Residual: 0.236070

megaflops:  19795.8
  flop instructions (M):  1400.000


Resolution: 6000
===================
Execution time: 0.472511
Residual: 0.708009

megaflops:  26666.0
  flop instructions (M):  12600.000
Resolutions       : (2000, 6000, ... 6500)
Iterations        : 50
Num. Heat sources : 2
   1: (0.00, 0.00) 1.00 1.00 
   2: (1.00, 1.00) 1.00 0.50 


Resolution: 2000
===================
Execution time: 0.063230
Residual: 0.236070

megaflops:  22141.4
  flop instructions (M):  1400.000


Resolution: 6000
===================
Execution time: 0.402844
Residual: 0.708009

megaflops:  31277.6
  flop instructions (M):  12600.000
Resolutions       : (2000, 6000, ... 6500)
Iterations        : 50
Num. Heat sources : 2
   1: (0.00, 0.00) 1.00 1.00 
   2: (1.00, 1.00) 1.00 0.50 


Resolution: 2000
===================
Execution time: 0.034620
Residual: 0.236070

megaflops:  40439.0
  flop instructions (M):  1400.000


Resolution: 6000
===================
Execution time: 0.416156
Residual: 0.708009

megaflops:  30277.1
  flop instructions (M):  12600.000
Resolutions       : (2000, 6000, ... 6500)
Iterations        : 50
Num. Heat sources : 2
   1: (0.00, 0.00) 1.00 1.00 
   2: (1.00, 1.00) 1.00 0.50 


Resolution: 2000
===================
Execution time: 0.027356
Residual: 0.236070

megaflops:  51176.8
  flop instructions (M):  1400.000


Resolution: 6000
===================
Execution time: 0.501196
Residual: 0.708009

megaflops:  25139.9
  flop instructions (M):  12600.000
