Resolutions       : (2000, 6000, ... 6500)
Iterations        : 50
Num. Heat sources : 2
   1: (0.00, 0.00) 1.00 1.00 
   2: (1.00, 1.00) 1.00 0.50 
OMP: Info #154: KMP_AFFINITY: Initial OS proc set respected: 0-95
OMP: Info #214: KMP_AFFINITY: decoding x2APIC ids.
OMP: Info #156: KMP_AFFINITY: 96 available OS procs
OMP: Info #157: KMP_AFFINITY: Uniform topology
OMP: Info #285: KMP_AFFINITY: topology layer "LL cache" is equivalent to "socket".
OMP: Info #285: KMP_AFFINITY: topology layer "L3 cache" is equivalent to "socket".
OMP: Info #285: KMP_AFFINITY: topology layer "L2 cache" is equivalent to "core".
OMP: Info #285: KMP_AFFINITY: topology layer "L1 cache" is equivalent to "core".
OMP: Info #191: KMP_AFFINITY: 2 sockets x 24 cores/socket x 2 threads/core (48 total cores)
OMP: Info #216: KMP_AFFINITY: OS proc to physical thread map:
OMP: Info #171: KMP_AFFINITY: OS proc 0 maps to socket 0 core 0 thread 0 
OMP: Info #171: KMP_AFFINITY: OS proc 48 maps to socket 0 core 0 thread 1 
OMP: Info #171: KMP_AFFINITY: OS proc 1 maps to socket 0 core 1 thread 0 
OMP: Info #171: KMP_AFFINITY: OS proc 49 maps to socket 0 core 1 thread 1 
OMP: Info #171: KMP_AFFINITY: OS proc 2 maps to socket 0 core 2 thread 0 
OMP: Info #171: KMP_AFFINITY: OS proc 50 maps to socket 0 core 2 thread 1 
OMP: Info #171: KMP_AFFINITY: OS proc 3 maps to socket 0 core 3 thread 0 
OMP: Info #171: KMP_AFFINITY: OS proc 51 maps to socket 0 core 3 thread 1 
OMP: Info #171: KMP_AFFINITY: OS proc 4 maps to socket 0 core 4 thread 0 
OMP: Info #171: KMP_AFFINITY: OS proc 52 maps to socket 0 core 4 thread 1 
OMP: Info #171: KMP_AFFINITY: OS proc 5 maps to socket 0 core 5 thread 0 
OMP: Info #171: KMP_AFFINITY: OS proc 53 maps to socket 0 core 5 thread 1 
OMP: Info #171: KMP_AFFINITY: OS proc 6 maps to socket 0 core 8 thread 0 
OMP: Info #171: KMP_AFFINITY: OS proc 54 maps to socket 0 core 8 thread 1 
OMP: Info #171: KMP_AFFINITY: OS proc 7 maps to socket 0 core 9 thread 0 
OMP: Info #171: KMP_AFFINITY: OS proc 55 maps to socket 0 core 9 thread 1 
OMP: Info #171: KMP_AFFINITY: OS proc 8 maps to socket 0 core 10 thread 0 
OMP: Info #171: KMP_AFFINITY: OS proc 56 maps to socket 0 core 10 thread 1 
OMP: Info #171: KMP_AFFINITY: OS proc 9 maps to socket 0 core 11 thread 0 
OMP: Info #171: KMP_AFFINITY: OS proc 57 maps to socket 0 core 11 thread 1 
OMP: Info #171: KMP_AFFINITY: OS proc 10 maps to socket 0 core 12 thread 0 
OMP: Info #171: KMP_AFFINITY: OS proc 58 maps to socket 0 core 12 thread 1 
OMP: Info #171: KMP_AFFINITY: OS proc 11 maps to socket 0 core 13 thread 0 
OMP: Info #171: KMP_AFFINITY: OS proc 59 maps to socket 0 core 13 thread 1 
OMP: Info #171: KMP_AFFINITY: OS proc 12 maps to socket 0 core 16 thread 0 
OMP: Info #171: KMP_AFFINITY: OS proc 60 maps to socket 0 core 16 thread 1 
OMP: Info #171: KMP_AFFINITY: OS proc 13 maps to socket 0 core 17 thread 0 
OMP: Info #171: KMP_AFFINITY: OS proc 61 maps to socket 0 core 17 thread 1 
OMP: Info #171: KMP_AFFINITY: OS proc 14 maps to socket 0 core 18 thread 0 
OMP: Info #171: KMP_AFFINITY: OS proc 62 maps to socket 0 core 18 thread 1 
OMP: Info #171: KMP_AFFINITY: OS proc 15 maps to socket 0 core 19 thread 0 
OMP: Info #171: KMP_AFFINITY: OS proc 63 maps to socket 0 core 19 thread 1 
OMP: Info #171: KMP_AFFINITY: OS proc 16 maps to socket 0 core 20 thread 0 
OMP: Info #171: KMP_AFFINITY: OS proc 64 maps to socket 0 core 20 thread 1 
OMP: Info #171: KMP_AFFINITY: OS proc 17 maps to socket 0 core 21 thread 0 
OMP: Info #171: KMP_AFFINITY: OS proc 65 maps to socket 0 core 21 thread 1 
OMP: Info #171: KMP_AFFINITY: OS proc 18 maps to socket 0 core 24 thread 0 
OMP: Info #171: KMP_AFFINITY: OS proc 66 maps to socket 0 core 24 thread 1 
OMP: Info #171: KMP_AFFINITY: OS proc 19 maps to socket 0 core 25 thread 0 
OMP: Info #171: KMP_AFFINITY: OS proc 67 maps to socket 0 core 25 thread 1 
OMP: Info #171: KMP_AFFINITY: OS proc 20 maps to socket 0 core 26 thread 0 
OMP: Info #171: KMP_AFFINITY: OS proc 68 maps to socket 0 core 26 thread 1 
OMP: Info #171: KMP_AFFINITY: OS proc 21 maps to socket 0 core 27 thread 0 
OMP: Info #171: KMP_AFFINITY: OS proc 69 maps to socket 0 core 27 thread 1 
OMP: Info #171: KMP_AFFINITY: OS proc 22 maps to socket 0 core 28 thread 0 
OMP: Info #171: KMP_AFFINITY: OS proc 70 maps to socket 0 core 28 thread 1 
OMP: Info #171: KMP_AFFINITY: OS proc 23 maps to socket 0 core 29 thread 0 
OMP: Info #171: KMP_AFFINITY: OS proc 71 maps to socket 0 core 29 thread 1 
OMP: Info #171: KMP_AFFINITY: OS proc 24 maps to socket 1 core 0 thread 0 
OMP: Info #171: KMP_AFFINITY: OS proc 72 maps to socket 1 core 0 thread 1 
OMP: Info #171: KMP_AFFINITY: OS proc 25 maps to socket 1 core 1 thread 0 
OMP: Info #171: KMP_AFFINITY: OS proc 73 maps to socket 1 core 1 thread 1 
OMP: Info #171: KMP_AFFINITY: OS proc 26 maps to socket 1 core 2 thread 0 
OMP: Info #171: KMP_AFFINITY: OS proc 74 maps to socket 1 core 2 thread 1 
OMP: Info #171: KMP_AFFINITY: OS proc 27 maps to socket 1 core 3 thread 0 
OMP: Info #171: KMP_AFFINITY: OS proc 75 maps to socket 1 core 3 thread 1 
OMP: Info #171: KMP_AFFINITY: OS proc 28 maps to socket 1 core 4 thread 0 
OMP: Info #171: KMP_AFFINITY: OS proc 76 maps to socket 1 core 4 thread 1 
OMP: Info #171: KMP_AFFINITY: OS proc 29 maps to socket 1 core 5 thread 0 
OMP: Info #171: KMP_AFFINITY: OS proc 77 maps to socket 1 core 5 thread 1 
OMP: Info #171: KMP_AFFINITY: OS proc 30 maps to socket 1 core 8 thread 0 
OMP: Info #171: KMP_AFFINITY: OS proc 78 maps to socket 1 core 8 thread 1 
OMP: Info #171: KMP_AFFINITY: OS proc 31 maps to socket 1 core 9 thread 0 
OMP: Info #171: KMP_AFFINITY: OS proc 79 maps to socket 1 core 9 thread 1 
OMP: Info #171: KMP_AFFINITY: OS proc 32 maps to socket 1 core 10 thread 0 
OMP: Info #171: KMP_AFFINITY: OS proc 80 maps to socket 1 core 10 thread 1 
OMP: Info #171: KMP_AFFINITY: OS proc 33 maps to socket 1 core 11 thread 0 
OMP: Info #171: KMP_AFFINITY: OS proc 81 maps to socket 1 core 11 thread 1 
OMP: Info #171: KMP_AFFINITY: OS proc 34 maps to socket 1 core 12 thread 0 
OMP: Info #171: KMP_AFFINITY: OS proc 82 maps to socket 1 core 12 thread 1 
OMP: Info #171: KMP_AFFINITY: OS proc 35 maps to socket 1 core 13 thread 0 
OMP: Info #171: KMP_AFFINITY: OS proc 83 maps to socket 1 core 13 thread 1 
OMP: Info #171: KMP_AFFINITY: OS proc 36 maps to socket 1 core 16 thread 0 
OMP: Info #171: KMP_AFFINITY: OS proc 84 maps to socket 1 core 16 thread 1 
OMP: Info #171: KMP_AFFINITY: OS proc 37 maps to socket 1 core 17 thread 0 
OMP: Info #171: KMP_AFFINITY: OS proc 85 maps to socket 1 core 17 thread 1 
OMP: Info #171: KMP_AFFINITY: OS proc 38 maps to socket 1 core 18 thread 0 
OMP: Info #171: KMP_AFFINITY: OS proc 86 maps to socket 1 core 18 thread 1 
OMP: Info #171: KMP_AFFINITY: OS proc 39 maps to socket 1 core 19 thread 0 
OMP: Info #171: KMP_AFFINITY: OS proc 87 maps to socket 1 core 19 thread 1 
OMP: Info #171: KMP_AFFINITY: OS proc 40 maps to socket 1 core 20 thread 0 
OMP: Info #171: KMP_AFFINITY: OS proc 88 maps to socket 1 core 20 thread 1 
OMP: Info #171: KMP_AFFINITY: OS proc 41 maps to socket 1 core 21 thread 0 
OMP: Info #171: KMP_AFFINITY: OS proc 89 maps to socket 1 core 21 thread 1 
OMP: Info #171: KMP_AFFINITY: OS proc 42 maps to socket 1 core 24 thread 0 
OMP: Info #171: KMP_AFFINITY: OS proc 90 maps to socket 1 core 24 thread 1 
OMP: Info #171: KMP_AFFINITY: OS proc 43 maps to socket 1 core 25 thread 0 
OMP: Info #171: KMP_AFFINITY: OS proc 91 maps to socket 1 core 25 thread 1 
OMP: Info #171: KMP_AFFINITY: OS proc 44 maps to socket 1 core 26 thread 0 
OMP: Info #171: KMP_AFFINITY: OS proc 92 maps to socket 1 core 26 thread 1 
OMP: Info #171: KMP_AFFINITY: OS proc 45 maps to socket 1 core 27 thread 0 
OMP: Info #171: KMP_AFFINITY: OS proc 93 maps to socket 1 core 27 thread 1 
OMP: Info #171: KMP_AFFINITY: OS proc 46 maps to socket 1 core 28 thread 0 
OMP: Info #171: KMP_AFFINITY: OS proc 94 maps to socket 1 core 28 thread 1 
OMP: Info #171: KMP_AFFINITY: OS proc 47 maps to socket 1 core 29 thread 0 
OMP: Info #171: KMP_AFFINITY: OS proc 95 maps to socket 1 core 29 thread 1 
OMP: Info #252: KMP_AFFINITY: pid 277711 tid 277711 thread 0 bound to OS proc set 0


Resolution: 2000
===================
Execution time: 0.246151
Residual: 0.236070

megaflops:  5687.6
  flop instructions (M):  1400.000


Resolution: 6000
===================
Execution time: 2.554119
Residual: 0.708009

megaflops:  4933.2
  flop instructions (M):  12600.000
Resolutions       : (2000, 6000, ... 6500)
Iterations        : 50
Num. Heat sources : 2
   1: (0.00, 0.00) 1.00 1.00 
   2: (1.00, 1.00) 1.00 0.50 
OMP: Info #154: KMP_AFFINITY: Initial OS proc set respected: 0-95
OMP: Info #214: KMP_AFFINITY: decoding x2APIC ids.
OMP: Info #156: KMP_AFFINITY: 96 available OS procs
OMP: Info #157: KMP_AFFINITY: Uniform topology
OMP: Info #285: KMP_AFFINITY: topology layer "LL cache" is equivalent to "socket".
OMP: Info #285: KMP_AFFINITY: topology layer "L3 cache" is equivalent to "socket".
OMP: Info #285: KMP_AFFINITY: topology layer "L2 cache" is equivalent to "core".
OMP: Info #285: KMP_AFFINITY: topology layer "L1 cache" is equivalent to "core".
OMP: Info #191: KMP_AFFINITY: 2 sockets x 24 cores/socket x 2 threads/core (48 total cores)
OMP: Info #216: KMP_AFFINITY: OS proc to physical thread map:
OMP: Info #171: KMP_AFFINITY: OS proc 0 maps to socket 0 core 0 thread 0 
OMP: Info #171: KMP_AFFINITY: OS proc 48 maps to socket 0 core 0 thread 1 
OMP: Info #171: KMP_AFFINITY: OS proc 1 maps to socket 0 core 1 thread 0 
OMP: Info #171: KMP_AFFINITY: OS proc 49 maps to socket 0 core 1 thread 1 
OMP: Info #171: KMP_AFFINITY: OS proc 2 maps to socket 0 core 2 thread 0 
OMP: Info #171: KMP_AFFINITY: OS proc 50 maps to socket 0 core 2 thread 1 
OMP: Info #171: KMP_AFFINITY: OS proc 3 maps to socket 0 core 3 thread 0 
OMP: Info #171: KMP_AFFINITY: OS proc 51 maps to socket 0 core 3 thread 1 
OMP: Info #171: KMP_AFFINITY: OS proc 4 maps to socket 0 core 4 thread 0 
OMP: Info #171: KMP_AFFINITY: OS proc 52 maps to socket 0 core 4 thread 1 
OMP: Info #171: KMP_AFFINITY: OS proc 5 maps to socket 0 core 5 thread 0 
OMP: Info #171: KMP_AFFINITY: OS proc 53 maps to socket 0 core 5 thread 1 
OMP: Info #171: KMP_AFFINITY: OS proc 6 maps to socket 0 core 8 thread 0 
OMP: Info #171: KMP_AFFINITY: OS proc 54 maps to socket 0 core 8 thread 1 
OMP: Info #171: KMP_AFFINITY: OS proc 7 maps to socket 0 core 9 thread 0 
OMP: Info #171: KMP_AFFINITY: OS proc 55 maps to socket 0 core 9 thread 1 
OMP: Info #171: KMP_AFFINITY: OS proc 8 maps to socket 0 core 10 thread 0 
OMP: Info #171: KMP_AFFINITY: OS proc 56 maps to socket 0 core 10 thread 1 
OMP: Info #171: KMP_AFFINITY: OS proc 9 maps to socket 0 core 11 thread 0 
OMP: Info #171: KMP_AFFINITY: OS proc 57 maps to socket 0 core 11 thread 1 
OMP: Info #171: KMP_AFFINITY: OS proc 10 maps to socket 0 core 12 thread 0 
OMP: Info #171: KMP_AFFINITY: OS proc 58 maps to socket 0 core 12 thread 1 
OMP: Info #171: KMP_AFFINITY: OS proc 11 maps to socket 0 core 13 thread 0 
OMP: Info #171: KMP_AFFINITY: OS proc 59 maps to socket 0 core 13 thread 1 
OMP: Info #171: KMP_AFFINITY: OS proc 12 maps to socket 0 core 16 thread 0 
OMP: Info #171: KMP_AFFINITY: OS proc 60 maps to socket 0 core 16 thread 1 
OMP: Info #171: KMP_AFFINITY: OS proc 13 maps to socket 0 core 17 thread 0 
OMP: Info #171: KMP_AFFINITY: OS proc 61 maps to socket 0 core 17 thread 1 
OMP: Info #171: KMP_AFFINITY: OS proc 14 maps to socket 0 core 18 thread 0 
OMP: Info #171: KMP_AFFINITY: OS proc 62 maps to socket 0 core 18 thread 1 
OMP: Info #171: KMP_AFFINITY: OS proc 15 maps to socket 0 core 19 thread 0 
OMP: Info #171: KMP_AFFINITY: OS proc 63 maps to socket 0 core 19 thread 1 
OMP: Info #171: KMP_AFFINITY: OS proc 16 maps to socket 0 core 20 thread 0 
OMP: Info #171: KMP_AFFINITY: OS proc 64 maps to socket 0 core 20 thread 1 
OMP: Info #171: KMP_AFFINITY: OS proc 17 maps to socket 0 core 21 thread 0 
OMP: Info #171: KMP_AFFINITY: OS proc 65 maps to socket 0 core 21 thread 1 
OMP: Info #171: KMP_AFFINITY: OS proc 18 maps to socket 0 core 24 thread 0 
OMP: Info #171: KMP_AFFINITY: OS proc 66 maps to socket 0 core 24 thread 1 
OMP: Info #171: KMP_AFFINITY: OS proc 19 maps to socket 0 core 25 thread 0 
OMP: Info #171: KMP_AFFINITY: OS proc 67 maps to socket 0 core 25 thread 1 
OMP: Info #171: KMP_AFFINITY: OS proc 20 maps to socket 0 core 26 thread 0 
OMP: Info #171: KMP_AFFINITY: OS proc 68 maps to socket 0 core 26 thread 1 
OMP: Info #171: KMP_AFFINITY: OS proc 21 maps to socket 0 core 27 thread 0 
OMP: Info #171: KMP_AFFINITY: OS proc 69 maps to socket 0 core 27 thread 1 
OMP: Info #171: KMP_AFFINITY: OS proc 22 maps to socket 0 core 28 thread 0 
OMP: Info #171: KMP_AFFINITY: OS proc 70 maps to socket 0 core 28 thread 1 
OMP: Info #171: KMP_AFFINITY: OS proc 23 maps to socket 0 core 29 thread 0 
OMP: Info #171: KMP_AFFINITY: OS proc 71 maps to socket 0 core 29 thread 1 
OMP: Info #171: KMP_AFFINITY: OS proc 24 maps to socket 1 core 0 thread 0 
OMP: Info #171: KMP_AFFINITY: OS proc 72 maps to socket 1 core 0 thread 1 
OMP: Info #171: KMP_AFFINITY: OS proc 25 maps to socket 1 core 1 thread 0 
OMP: Info #171: KMP_AFFINITY: OS proc 73 maps to socket 1 core 1 thread 1 
OMP: Info #171: KMP_AFFINITY: OS proc 26 maps to socket 1 core 2 thread 0 
OMP: Info #171: KMP_AFFINITY: OS proc 74 maps to socket 1 core 2 thread 1 
OMP: Info #171: KMP_AFFINITY: OS proc 27 maps to socket 1 core 3 thread 0 
OMP: Info #171: KMP_AFFINITY: OS proc 75 maps to socket 1 core 3 thread 1 
OMP: Info #171: KMP_AFFINITY: OS proc 28 maps to socket 1 core 4 thread 0 
OMP: Info #171: KMP_AFFINITY: OS proc 76 maps to socket 1 core 4 thread 1 
OMP: Info #171: KMP_AFFINITY: OS proc 29 maps to socket 1 core 5 thread 0 
OMP: Info #171: KMP_AFFINITY: OS proc 77 maps to socket 1 core 5 thread 1 
OMP: Info #171: KMP_AFFINITY: OS proc 30 maps to socket 1 core 8 thread 0 
OMP: Info #171: KMP_AFFINITY: OS proc 78 maps to socket 1 core 8 thread 1 
OMP: Info #171: KMP_AFFINITY: OS proc 31 maps to socket 1 core 9 thread 0 
OMP: Info #171: KMP_AFFINITY: OS proc 79 maps to socket 1 core 9 thread 1 
OMP: Info #171: KMP_AFFINITY: OS proc 32 maps to socket 1 core 10 thread 0 
OMP: Info #171: KMP_AFFINITY: OS proc 80 maps to socket 1 core 10 thread 1 
OMP: Info #171: KMP_AFFINITY: OS proc 33 maps to socket 1 core 11 thread 0 
OMP: Info #171: KMP_AFFINITY: OS proc 81 maps to socket 1 core 11 thread 1 
OMP: Info #171: KMP_AFFINITY: OS proc 34 maps to socket 1 core 12 thread 0 
OMP: Info #171: KMP_AFFINITY: OS proc 82 maps to socket 1 core 12 thread 1 
OMP: Info #171: KMP_AFFINITY: OS proc 35 maps to socket 1 core 13 thread 0 
OMP: Info #171: KMP_AFFINITY: OS proc 83 maps to socket 1 core 13 thread 1 
OMP: Info #171: KMP_AFFINITY: OS proc 36 maps to socket 1 core 16 thread 0 
OMP: Info #171: KMP_AFFINITY: OS proc 84 maps to socket 1 core 16 thread 1 
OMP: Info #171: KMP_AFFINITY: OS proc 37 maps to socket 1 core 17 thread 0 
OMP: Info #171: KMP_AFFINITY: OS proc 85 maps to socket 1 core 17 thread 1 
OMP: Info #171: KMP_AFFINITY: OS proc 38 maps to socket 1 core 18 thread 0 
OMP: Info #171: KMP_AFFINITY: OS proc 86 maps to socket 1 core 18 thread 1 
OMP: Info #171: KMP_AFFINITY: OS proc 39 maps to socket 1 core 19 thread 0 
OMP: Info #171: KMP_AFFINITY: OS proc 87 maps to socket 1 core 19 thread 1 
OMP: Info #171: KMP_AFFINITY: OS proc 40 maps to socket 1 core 20 thread 0 
OMP: Info #171: KMP_AFFINITY: OS proc 88 maps to socket 1 core 20 thread 1 
OMP: Info #171: KMP_AFFINITY: OS proc 41 maps to socket 1 core 21 thread 0 
OMP: Info #171: KMP_AFFINITY: OS proc 89 maps to socket 1 core 21 thread 1 
OMP: Info #171: KMP_AFFINITY: OS proc 42 maps to socket 1 core 24 thread 0 
OMP: Info #171: KMP_AFFINITY: OS proc 90 maps to socket 1 core 24 thread 1 
OMP: Info #171: KMP_AFFINITY: OS proc 43 maps to socket 1 core 25 thread 0 
OMP: Info #171: KMP_AFFINITY: OS proc 91 maps to socket 1 core 25 thread 1 
OMP: Info #171: KMP_AFFINITY: OS proc 44 maps to socket 1 core 26 thread 0 
OMP: Info #171: KMP_AFFINITY: OS proc 92 maps to socket 1 core 26 thread 1 
OMP: Info #171: KMP_AFFINITY: OS proc 45 maps to socket 1 core 27 thread 0 
OMP: Info #171: KMP_AFFINITY: OS proc 93 maps to socket 1 core 27 thread 1 
OMP: Info #171: KMP_AFFINITY: OS proc 46 maps to socket 1 core 28 thread 0 
OMP: Info #171: KMP_AFFINITY: OS proc 94 maps to socket 1 core 28 thread 1 
OMP: Info #171: KMP_AFFINITY: OS proc 47 maps to socket 1 core 29 thread 0 
OMP: Info #171: KMP_AFFINITY: OS proc 95 maps to socket 1 core 29 thread 1 
OMP: Info #252: KMP_AFFINITY: pid 277716 tid 277716 thread 0 bound to OS proc set 0
OMP: Info #252: KMP_AFFINITY: pid 277716 tid 277717 thread 1 bound to OS proc set 48


Resolution: 2000
===================
Execution time: 0.215263
Residual: 0.236070

megaflops:  6503.7
  flop instructions (M):  1400.000


Resolution: 6000
===================
Execution time: 2.246860
Residual: 0.708009

megaflops:  5607.8
  flop instructions (M):  12600.000
Resolutions       : (2000, 6000, ... 6500)
Iterations        : 50
Num. Heat sources : 2
   1: (0.00, 0.00) 1.00 1.00 
   2: (1.00, 1.00) 1.00 0.50 
OMP: Info #154: KMP_AFFINITY: Initial OS proc set respected: 0-95
OMP: Info #214: KMP_AFFINITY: decoding x2APIC ids.
OMP: Info #156: KMP_AFFINITY: 96 available OS procs
OMP: Info #157: KMP_AFFINITY: Uniform topology
OMP: Info #285: KMP_AFFINITY: topology layer "LL cache" is equivalent to "socket".
OMP: Info #285: KMP_AFFINITY: topology layer "L3 cache" is equivalent to "socket".
OMP: Info #285: KMP_AFFINITY: topology layer "L2 cache" is equivalent to "core".
OMP: Info #285: KMP_AFFINITY: topology layer "L1 cache" is equivalent to "core".
OMP: Info #191: KMP_AFFINITY: 2 sockets x 24 cores/socket x 2 threads/core (48 total cores)
OMP: Info #216: KMP_AFFINITY: OS proc to physical thread map:
OMP: Info #171: KMP_AFFINITY: OS proc 0 maps to socket 0 core 0 thread 0 
OMP: Info #171: KMP_AFFINITY: OS proc 48 maps to socket 0 core 0 thread 1 
OMP: Info #171: KMP_AFFINITY: OS proc 1 maps to socket 0 core 1 thread 0 
OMP: Info #171: KMP_AFFINITY: OS proc 49 maps to socket 0 core 1 thread 1 
OMP: Info #171: KMP_AFFINITY: OS proc 2 maps to socket 0 core 2 thread 0 
OMP: Info #171: KMP_AFFINITY: OS proc 50 maps to socket 0 core 2 thread 1 
OMP: Info #171: KMP_AFFINITY: OS proc 3 maps to socket 0 core 3 thread 0 
OMP: Info #171: KMP_AFFINITY: OS proc 51 maps to socket 0 core 3 thread 1 
OMP: Info #171: KMP_AFFINITY: OS proc 4 maps to socket 0 core 4 thread 0 
OMP: Info #171: KMP_AFFINITY: OS proc 52 maps to socket 0 core 4 thread 1 
OMP: Info #171: KMP_AFFINITY: OS proc 5 maps to socket 0 core 5 thread 0 
OMP: Info #171: KMP_AFFINITY: OS proc 53 maps to socket 0 core 5 thread 1 
OMP: Info #171: KMP_AFFINITY: OS proc 6 maps to socket 0 core 8 thread 0 
OMP: Info #171: KMP_AFFINITY: OS proc 54 maps to socket 0 core 8 thread 1 
OMP: Info #171: KMP_AFFINITY: OS proc 7 maps to socket 0 core 9 thread 0 
OMP: Info #171: KMP_AFFINITY: OS proc 55 maps to socket 0 core 9 thread 1 
OMP: Info #171: KMP_AFFINITY: OS proc 8 maps to socket 0 core 10 thread 0 
OMP: Info #171: KMP_AFFINITY: OS proc 56 maps to socket 0 core 10 thread 1 
OMP: Info #171: KMP_AFFINITY: OS proc 9 maps to socket 0 core 11 thread 0 
OMP: Info #171: KMP_AFFINITY: OS proc 57 maps to socket 0 core 11 thread 1 
OMP: Info #171: KMP_AFFINITY: OS proc 10 maps to socket 0 core 12 thread 0 
OMP: Info #171: KMP_AFFINITY: OS proc 58 maps to socket 0 core 12 thread 1 
OMP: Info #171: KMP_AFFINITY: OS proc 11 maps to socket 0 core 13 thread 0 
OMP: Info #171: KMP_AFFINITY: OS proc 59 maps to socket 0 core 13 thread 1 
OMP: Info #171: KMP_AFFINITY: OS proc 12 maps to socket 0 core 16 thread 0 
OMP: Info #171: KMP_AFFINITY: OS proc 60 maps to socket 0 core 16 thread 1 
OMP: Info #171: KMP_AFFINITY: OS proc 13 maps to socket 0 core 17 thread 0 
OMP: Info #171: KMP_AFFINITY: OS proc 61 maps to socket 0 core 17 thread 1 
OMP: Info #171: KMP_AFFINITY: OS proc 14 maps to socket 0 core 18 thread 0 
OMP: Info #171: KMP_AFFINITY: OS proc 62 maps to socket 0 core 18 thread 1 
OMP: Info #171: KMP_AFFINITY: OS proc 15 maps to socket 0 core 19 thread 0 
OMP: Info #171: KMP_AFFINITY: OS proc 63 maps to socket 0 core 19 thread 1 
OMP: Info #171: KMP_AFFINITY: OS proc 16 maps to socket 0 core 20 thread 0 
OMP: Info #171: KMP_AFFINITY: OS proc 64 maps to socket 0 core 20 thread 1 
OMP: Info #171: KMP_AFFINITY: OS proc 17 maps to socket 0 core 21 thread 0 
OMP: Info #171: KMP_AFFINITY: OS proc 65 maps to socket 0 core 21 thread 1 
OMP: Info #171: KMP_AFFINITY: OS proc 18 maps to socket 0 core 24 thread 0 
OMP: Info #171: KMP_AFFINITY: OS proc 66 maps to socket 0 core 24 thread 1 
OMP: Info #171: KMP_AFFINITY: OS proc 19 maps to socket 0 core 25 thread 0 
OMP: Info #171: KMP_AFFINITY: OS proc 67 maps to socket 0 core 25 thread 1 
OMP: Info #171: KMP_AFFINITY: OS proc 20 maps to socket 0 core 26 thread 0 
OMP: Info #171: KMP_AFFINITY: OS proc 68 maps to socket 0 core 26 thread 1 
OMP: Info #171: KMP_AFFINITY: OS proc 21 maps to socket 0 core 27 thread 0 
OMP: Info #171: KMP_AFFINITY: OS proc 69 maps to socket 0 core 27 thread 1 
OMP: Info #171: KMP_AFFINITY: OS proc 22 maps to socket 0 core 28 thread 0 
OMP: Info #171: KMP_AFFINITY: OS proc 70 maps to socket 0 core 28 thread 1 
OMP: Info #171: KMP_AFFINITY: OS proc 23 maps to socket 0 core 29 thread 0 
OMP: Info #171: KMP_AFFINITY: OS proc 71 maps to socket 0 core 29 thread 1 
OMP: Info #171: KMP_AFFINITY: OS proc 24 maps to socket 1 core 0 thread 0 
OMP: Info #171: KMP_AFFINITY: OS proc 72 maps to socket 1 core 0 thread 1 
OMP: Info #171: KMP_AFFINITY: OS proc 25 maps to socket 1 core 1 thread 0 
OMP: Info #171: KMP_AFFINITY: OS proc 73 maps to socket 1 core 1 thread 1 
OMP: Info #171: KMP_AFFINITY: OS proc 26 maps to socket 1 core 2 thread 0 
OMP: Info #171: KMP_AFFINITY: OS proc 74 maps to socket 1 core 2 thread 1 
OMP: Info #171: KMP_AFFINITY: OS proc 27 maps to socket 1 core 3 thread 0 
OMP: Info #171: KMP_AFFINITY: OS proc 75 maps to socket 1 core 3 thread 1 
OMP: Info #171: KMP_AFFINITY: OS proc 28 maps to socket 1 core 4 thread 0 
OMP: Info #171: KMP_AFFINITY: OS proc 76 maps to socket 1 core 4 thread 1 
OMP: Info #171: KMP_AFFINITY: OS proc 29 maps to socket 1 core 5 thread 0 
OMP: Info #171: KMP_AFFINITY: OS proc 77 maps to socket 1 core 5 thread 1 
OMP: Info #171: KMP_AFFINITY: OS proc 30 maps to socket 1 core 8 thread 0 
OMP: Info #171: KMP_AFFINITY: OS proc 78 maps to socket 1 core 8 thread 1 
OMP: Info #171: KMP_AFFINITY: OS proc 31 maps to socket 1 core 9 thread 0 
OMP: Info #171: KMP_AFFINITY: OS proc 79 maps to socket 1 core 9 thread 1 
OMP: Info #171: KMP_AFFINITY: OS proc 32 maps to socket 1 core 10 thread 0 
OMP: Info #171: KMP_AFFINITY: OS proc 80 maps to socket 1 core 10 thread 1 
OMP: Info #171: KMP_AFFINITY: OS proc 33 maps to socket 1 core 11 thread 0 
OMP: Info #171: KMP_AFFINITY: OS proc 81 maps to socket 1 core 11 thread 1 
OMP: Info #171: KMP_AFFINITY: OS proc 34 maps to socket 1 core 12 thread 0 
OMP: Info #171: KMP_AFFINITY: OS proc 82 maps to socket 1 core 12 thread 1 
OMP: Info #171: KMP_AFFINITY: OS proc 35 maps to socket 1 core 13 thread 0 
OMP: Info #171: KMP_AFFINITY: OS proc 83 maps to socket 1 core 13 thread 1 
OMP: Info #171: KMP_AFFINITY: OS proc 36 maps to socket 1 core 16 thread 0 
OMP: Info #171: KMP_AFFINITY: OS proc 84 maps to socket 1 core 16 thread 1 
OMP: Info #171: KMP_AFFINITY: OS proc 37 maps to socket 1 core 17 thread 0 
OMP: Info #171: KMP_AFFINITY: OS proc 85 maps to socket 1 core 17 thread 1 
OMP: Info #171: KMP_AFFINITY: OS proc 38 maps to socket 1 core 18 thread 0 
OMP: Info #171: KMP_AFFINITY: OS proc 86 maps to socket 1 core 18 thread 1 
OMP: Info #171: KMP_AFFINITY: OS proc 39 maps to socket 1 core 19 thread 0 
OMP: Info #171: KMP_AFFINITY: OS proc 87 maps to socket 1 core 19 thread 1 
OMP: Info #171: KMP_AFFINITY: OS proc 40 maps to socket 1 core 20 thread 0 
OMP: Info #171: KMP_AFFINITY: OS proc 88 maps to socket 1 core 20 thread 1 
OMP: Info #171: KMP_AFFINITY: OS proc 41 maps to socket 1 core 21 thread 0 
OMP: Info #171: KMP_AFFINITY: OS proc 89 maps to socket 1 core 21 thread 1 
OMP: Info #171: KMP_AFFINITY: OS proc 42 maps to socket 1 core 24 thread 0 
OMP: Info #171: KMP_AFFINITY: OS proc 90 maps to socket 1 core 24 thread 1 
OMP: Info #171: KMP_AFFINITY: OS proc 43 maps to socket 1 core 25 thread 0 
OMP: Info #171: KMP_AFFINITY: OS proc 91 maps to socket 1 core 25 thread 1 
OMP: Info #171: KMP_AFFINITY: OS proc 44 maps to socket 1 core 26 thread 0 
OMP: Info #171: KMP_AFFINITY: OS proc 92 maps to socket 1 core 26 thread 1 
OMP: Info #171: KMP_AFFINITY: OS proc 45 maps to socket 1 core 27 thread 0 
OMP: Info #171: KMP_AFFINITY: OS proc 93 maps to socket 1 core 27 thread 1 
OMP: Info #171: KMP_AFFINITY: OS proc 46 maps to socket 1 core 28 thread 0 
OMP: Info #171: KMP_AFFINITY: OS proc 94 maps to socket 1 core 28 thread 1 
OMP: Info #171: KMP_AFFINITY: OS proc 47 maps to socket 1 core 29 thread 0 
OMP: Info #171: KMP_AFFINITY: OS proc 95 maps to socket 1 core 29 thread 1 
OMP: Info #252: KMP_AFFINITY: pid 277718 tid 277718 thread 0 bound to OS proc set 0
OMP: Info #252: KMP_AFFINITY: pid 277718 tid 277719 thread 1 bound to OS proc set 48
OMP: Info #252: KMP_AFFINITY: pid 277718 tid 277720 thread 2 bound to OS proc set 1
OMP: Info #252: KMP_AFFINITY: pid 277718 tid 277721 thread 3 bound to OS proc set 49


Resolution: 2000
===================
Execution time: 0.118153
Residual: 0.236070

megaflops:  11849.0
  flop instructions (M):  1400.000


Resolution: 6000
===================
Execution time: 1.161415
Residual: 0.708009

megaflops:  10848.8
  flop instructions (M):  12600.000
Resolutions       : (2000, 6000, ... 6500)
Iterations        : 50
Num. Heat sources : 2
   1: (0.00, 0.00) 1.00 1.00 
   2: (1.00, 1.00) 1.00 0.50 
OMP: Info #154: KMP_AFFINITY: Initial OS proc set respected: 0-95
OMP: Info #214: KMP_AFFINITY: decoding x2APIC ids.
OMP: Info #156: KMP_AFFINITY: 96 available OS procs
OMP: Info #157: KMP_AFFINITY: Uniform topology
OMP: Info #285: KMP_AFFINITY: topology layer "LL cache" is equivalent to "socket".
OMP: Info #285: KMP_AFFINITY: topology layer "L3 cache" is equivalent to "socket".
OMP: Info #285: KMP_AFFINITY: topology layer "L2 cache" is equivalent to "core".
OMP: Info #285: KMP_AFFINITY: topology layer "L1 cache" is equivalent to "core".
OMP: Info #191: KMP_AFFINITY: 2 sockets x 24 cores/socket x 2 threads/core (48 total cores)
OMP: Info #216: KMP_AFFINITY: OS proc to physical thread map:
OMP: Info #171: KMP_AFFINITY: OS proc 0 maps to socket 0 core 0 thread 0 
OMP: Info #171: KMP_AFFINITY: OS proc 48 maps to socket 0 core 0 thread 1 
OMP: Info #171: KMP_AFFINITY: OS proc 1 maps to socket 0 core 1 thread 0 
OMP: Info #171: KMP_AFFINITY: OS proc 49 maps to socket 0 core 1 thread 1 
OMP: Info #171: KMP_AFFINITY: OS proc 2 maps to socket 0 core 2 thread 0 
OMP: Info #171: KMP_AFFINITY: OS proc 50 maps to socket 0 core 2 thread 1 
OMP: Info #171: KMP_AFFINITY: OS proc 3 maps to socket 0 core 3 thread 0 
OMP: Info #171: KMP_AFFINITY: OS proc 51 maps to socket 0 core 3 thread 1 
OMP: Info #171: KMP_AFFINITY: OS proc 4 maps to socket 0 core 4 thread 0 
OMP: Info #171: KMP_AFFINITY: OS proc 52 maps to socket 0 core 4 thread 1 
OMP: Info #171: KMP_AFFINITY: OS proc 5 maps to socket 0 core 5 thread 0 
OMP: Info #171: KMP_AFFINITY: OS proc 53 maps to socket 0 core 5 thread 1 
OMP: Info #171: KMP_AFFINITY: OS proc 6 maps to socket 0 core 8 thread 0 
OMP: Info #171: KMP_AFFINITY: OS proc 54 maps to socket 0 core 8 thread 1 
OMP: Info #171: KMP_AFFINITY: OS proc 7 maps to socket 0 core 9 thread 0 
OMP: Info #171: KMP_AFFINITY: OS proc 55 maps to socket 0 core 9 thread 1 
OMP: Info #171: KMP_AFFINITY: OS proc 8 maps to socket 0 core 10 thread 0 
OMP: Info #171: KMP_AFFINITY: OS proc 56 maps to socket 0 core 10 thread 1 
OMP: Info #171: KMP_AFFINITY: OS proc 9 maps to socket 0 core 11 thread 0 
OMP: Info #171: KMP_AFFINITY: OS proc 57 maps to socket 0 core 11 thread 1 
OMP: Info #171: KMP_AFFINITY: OS proc 10 maps to socket 0 core 12 thread 0 
OMP: Info #171: KMP_AFFINITY: OS proc 58 maps to socket 0 core 12 thread 1 
OMP: Info #171: KMP_AFFINITY: OS proc 11 maps to socket 0 core 13 thread 0 
OMP: Info #171: KMP_AFFINITY: OS proc 59 maps to socket 0 core 13 thread 1 
OMP: Info #171: KMP_AFFINITY: OS proc 12 maps to socket 0 core 16 thread 0 
OMP: Info #171: KMP_AFFINITY: OS proc 60 maps to socket 0 core 16 thread 1 
OMP: Info #171: KMP_AFFINITY: OS proc 13 maps to socket 0 core 17 thread 0 
OMP: Info #171: KMP_AFFINITY: OS proc 61 maps to socket 0 core 17 thread 1 
OMP: Info #171: KMP_AFFINITY: OS proc 14 maps to socket 0 core 18 thread 0 
OMP: Info #171: KMP_AFFINITY: OS proc 62 maps to socket 0 core 18 thread 1 
OMP: Info #171: KMP_AFFINITY: OS proc 15 maps to socket 0 core 19 thread 0 
OMP: Info #171: KMP_AFFINITY: OS proc 63 maps to socket 0 core 19 thread 1 
OMP: Info #171: KMP_AFFINITY: OS proc 16 maps to socket 0 core 20 thread 0 
OMP: Info #171: KMP_AFFINITY: OS proc 64 maps to socket 0 core 20 thread 1 
OMP: Info #171: KMP_AFFINITY: OS proc 17 maps to socket 0 core 21 thread 0 
OMP: Info #171: KMP_AFFINITY: OS proc 65 maps to socket 0 core 21 thread 1 
OMP: Info #171: KMP_AFFINITY: OS proc 18 maps to socket 0 core 24 thread 0 
OMP: Info #171: KMP_AFFINITY: OS proc 66 maps to socket 0 core 24 thread 1 
OMP: Info #171: KMP_AFFINITY: OS proc 19 maps to socket 0 core 25 thread 0 
OMP: Info #171: KMP_AFFINITY: OS proc 67 maps to socket 0 core 25 thread 1 
OMP: Info #171: KMP_AFFINITY: OS proc 20 maps to socket 0 core 26 thread 0 
OMP: Info #171: KMP_AFFINITY: OS proc 68 maps to socket 0 core 26 thread 1 
OMP: Info #171: KMP_AFFINITY: OS proc 21 maps to socket 0 core 27 thread 0 
OMP: Info #171: KMP_AFFINITY: OS proc 69 maps to socket 0 core 27 thread 1 
OMP: Info #171: KMP_AFFINITY: OS proc 22 maps to socket 0 core 28 thread 0 
OMP: Info #171: KMP_AFFINITY: OS proc 70 maps to socket 0 core 28 thread 1 
OMP: Info #171: KMP_AFFINITY: OS proc 23 maps to socket 0 core 29 thread 0 
OMP: Info #171: KMP_AFFINITY: OS proc 71 maps to socket 0 core 29 thread 1 
OMP: Info #171: KMP_AFFINITY: OS proc 24 maps to socket 1 core 0 thread 0 
OMP: Info #171: KMP_AFFINITY: OS proc 72 maps to socket 1 core 0 thread 1 
OMP: Info #171: KMP_AFFINITY: OS proc 25 maps to socket 1 core 1 thread 0 
OMP: Info #171: KMP_AFFINITY: OS proc 73 maps to socket 1 core 1 thread 1 
OMP: Info #171: KMP_AFFINITY: OS proc 26 maps to socket 1 core 2 thread 0 
OMP: Info #171: KMP_AFFINITY: OS proc 74 maps to socket 1 core 2 thread 1 
OMP: Info #171: KMP_AFFINITY: OS proc 27 maps to socket 1 core 3 thread 0 
OMP: Info #171: KMP_AFFINITY: OS proc 75 maps to socket 1 core 3 thread 1 
OMP: Info #171: KMP_AFFINITY: OS proc 28 maps to socket 1 core 4 thread 0 
OMP: Info #171: KMP_AFFINITY: OS proc 76 maps to socket 1 core 4 thread 1 
OMP: Info #171: KMP_AFFINITY: OS proc 29 maps to socket 1 core 5 thread 0 
OMP: Info #171: KMP_AFFINITY: OS proc 77 maps to socket 1 core 5 thread 1 
OMP: Info #171: KMP_AFFINITY: OS proc 30 maps to socket 1 core 8 thread 0 
OMP: Info #171: KMP_AFFINITY: OS proc 78 maps to socket 1 core 8 thread 1 
OMP: Info #171: KMP_AFFINITY: OS proc 31 maps to socket 1 core 9 thread 0 
OMP: Info #171: KMP_AFFINITY: OS proc 79 maps to socket 1 core 9 thread 1 
OMP: Info #171: KMP_AFFINITY: OS proc 32 maps to socket 1 core 10 thread 0 
OMP: Info #171: KMP_AFFINITY: OS proc 80 maps to socket 1 core 10 thread 1 
OMP: Info #171: KMP_AFFINITY: OS proc 33 maps to socket 1 core 11 thread 0 
OMP: Info #171: KMP_AFFINITY: OS proc 81 maps to socket 1 core 11 thread 1 
OMP: Info #171: KMP_AFFINITY: OS proc 34 maps to socket 1 core 12 thread 0 
OMP: Info #171: KMP_AFFINITY: OS proc 82 maps to socket 1 core 12 thread 1 
OMP: Info #171: KMP_AFFINITY: OS proc 35 maps to socket 1 core 13 thread 0 
OMP: Info #171: KMP_AFFINITY: OS proc 83 maps to socket 1 core 13 thread 1 
OMP: Info #171: KMP_AFFINITY: OS proc 36 maps to socket 1 core 16 thread 0 
OMP: Info #171: KMP_AFFINITY: OS proc 84 maps to socket 1 core 16 thread 1 
OMP: Info #171: KMP_AFFINITY: OS proc 37 maps to socket 1 core 17 thread 0 
OMP: Info #171: KMP_AFFINITY: OS proc 85 maps to socket 1 core 17 thread 1 
OMP: Info #171: KMP_AFFINITY: OS proc 38 maps to socket 1 core 18 thread 0 
OMP: Info #171: KMP_AFFINITY: OS proc 86 maps to socket 1 core 18 thread 1 
OMP: Info #171: KMP_AFFINITY: OS proc 39 maps to socket 1 core 19 thread 0 
OMP: Info #171: KMP_AFFINITY: OS proc 87 maps to socket 1 core 19 thread 1 
OMP: Info #171: KMP_AFFINITY: OS proc 40 maps to socket 1 core 20 thread 0 
OMP: Info #171: KMP_AFFINITY: OS proc 88 maps to socket 1 core 20 thread 1 
OMP: Info #171: KMP_AFFINITY: OS proc 41 maps to socket 1 core 21 thread 0 
OMP: Info #171: KMP_AFFINITY: OS proc 89 maps to socket 1 core 21 thread 1 
OMP: Info #171: KMP_AFFINITY: OS proc 42 maps to socket 1 core 24 thread 0 
OMP: Info #171: KMP_AFFINITY: OS proc 90 maps to socket 1 core 24 thread 1 
OMP: Info #171: KMP_AFFINITY: OS proc 43 maps to socket 1 core 25 thread 0 
OMP: Info #171: KMP_AFFINITY: OS proc 91 maps to socket 1 core 25 thread 1 
OMP: Info #171: KMP_AFFINITY: OS proc 44 maps to socket 1 core 26 thread 0 
OMP: Info #171: KMP_AFFINITY: OS proc 92 maps to socket 1 core 26 thread 1 
OMP: Info #171: KMP_AFFINITY: OS proc 45 maps to socket 1 core 27 thread 0 
OMP: Info #171: KMP_AFFINITY: OS proc 93 maps to socket 1 core 27 thread 1 
OMP: Info #171: KMP_AFFINITY: OS proc 46 maps to socket 1 core 28 thread 0 
OMP: Info #171: KMP_AFFINITY: OS proc 94 maps to socket 1 core 28 thread 1 
OMP: Info #171: KMP_AFFINITY: OS proc 47 maps to socket 1 core 29 thread 0 
OMP: Info #171: KMP_AFFINITY: OS proc 95 maps to socket 1 core 29 thread 1 
OMP: Info #252: KMP_AFFINITY: pid 277724 tid 277724 thread 0 bound to OS proc set 0
OMP: Info #252: KMP_AFFINITY: pid 277724 tid 277725 thread 1 bound to OS proc set 48
OMP: Info #252: KMP_AFFINITY: pid 277724 tid 277726 thread 2 bound to OS proc set 1
OMP: Info #252: KMP_AFFINITY: pid 277724 tid 277727 thread 3 bound to OS proc set 49
OMP: Info #252: KMP_AFFINITY: pid 277724 tid 277728 thread 4 bound to OS proc set 2
OMP: Info #252: KMP_AFFINITY: pid 277724 tid 277729 thread 5 bound to OS proc set 50
OMP: Info #252: KMP_AFFINITY: pid 277724 tid 277730 thread 6 bound to OS proc set 3
OMP: Info #252: KMP_AFFINITY: pid 277724 tid 277731 thread 7 bound to OS proc set 51


Resolution: 2000
===================
Execution time: 0.064421
Residual: 0.236070

megaflops:  21732.0
  flop instructions (M):  1400.000


Resolution: 6000
===================
Execution time: 0.614099
Residual: 0.708009

megaflops:  20517.9
  flop instructions (M):  12600.000
Resolutions       : (2000, 6000, ... 6500)
Iterations        : 50
Num. Heat sources : 2
   1: (0.00, 0.00) 1.00 1.00 
   2: (1.00, 1.00) 1.00 0.50 
OMP: Info #154: KMP_AFFINITY: Initial OS proc set respected: 0-95
OMP: Info #214: KMP_AFFINITY: decoding x2APIC ids.
OMP: Info #156: KMP_AFFINITY: 96 available OS procs
OMP: Info #157: KMP_AFFINITY: Uniform topology
OMP: Info #285: KMP_AFFINITY: topology layer "LL cache" is equivalent to "socket".
OMP: Info #285: KMP_AFFINITY: topology layer "L3 cache" is equivalent to "socket".
OMP: Info #285: KMP_AFFINITY: topology layer "L2 cache" is equivalent to "core".
OMP: Info #285: KMP_AFFINITY: topology layer "L1 cache" is equivalent to "core".
OMP: Info #191: KMP_AFFINITY: 2 sockets x 24 cores/socket x 2 threads/core (48 total cores)
OMP: Info #216: KMP_AFFINITY: OS proc to physical thread map:
OMP: Info #171: KMP_AFFINITY: OS proc 0 maps to socket 0 core 0 thread 0 
OMP: Info #171: KMP_AFFINITY: OS proc 48 maps to socket 0 core 0 thread 1 
OMP: Info #171: KMP_AFFINITY: OS proc 1 maps to socket 0 core 1 thread 0 
OMP: Info #171: KMP_AFFINITY: OS proc 49 maps to socket 0 core 1 thread 1 
OMP: Info #171: KMP_AFFINITY: OS proc 2 maps to socket 0 core 2 thread 0 
OMP: Info #171: KMP_AFFINITY: OS proc 50 maps to socket 0 core 2 thread 1 
OMP: Info #171: KMP_AFFINITY: OS proc 3 maps to socket 0 core 3 thread 0 
OMP: Info #171: KMP_AFFINITY: OS proc 51 maps to socket 0 core 3 thread 1 
OMP: Info #171: KMP_AFFINITY: OS proc 4 maps to socket 0 core 4 thread 0 
OMP: Info #171: KMP_AFFINITY: OS proc 52 maps to socket 0 core 4 thread 1 
OMP: Info #171: KMP_AFFINITY: OS proc 5 maps to socket 0 core 5 thread 0 
OMP: Info #171: KMP_AFFINITY: OS proc 53 maps to socket 0 core 5 thread 1 
OMP: Info #171: KMP_AFFINITY: OS proc 6 maps to socket 0 core 8 thread 0 
OMP: Info #171: KMP_AFFINITY: OS proc 54 maps to socket 0 core 8 thread 1 
OMP: Info #171: KMP_AFFINITY: OS proc 7 maps to socket 0 core 9 thread 0 
OMP: Info #171: KMP_AFFINITY: OS proc 55 maps to socket 0 core 9 thread 1 
OMP: Info #171: KMP_AFFINITY: OS proc 8 maps to socket 0 core 10 thread 0 
OMP: Info #171: KMP_AFFINITY: OS proc 56 maps to socket 0 core 10 thread 1 
OMP: Info #171: KMP_AFFINITY: OS proc 9 maps to socket 0 core 11 thread 0 
OMP: Info #171: KMP_AFFINITY: OS proc 57 maps to socket 0 core 11 thread 1 
OMP: Info #171: KMP_AFFINITY: OS proc 10 maps to socket 0 core 12 thread 0 
OMP: Info #171: KMP_AFFINITY: OS proc 58 maps to socket 0 core 12 thread 1 
OMP: Info #171: KMP_AFFINITY: OS proc 11 maps to socket 0 core 13 thread 0 
OMP: Info #171: KMP_AFFINITY: OS proc 59 maps to socket 0 core 13 thread 1 
OMP: Info #171: KMP_AFFINITY: OS proc 12 maps to socket 0 core 16 thread 0 
OMP: Info #171: KMP_AFFINITY: OS proc 60 maps to socket 0 core 16 thread 1 
OMP: Info #171: KMP_AFFINITY: OS proc 13 maps to socket 0 core 17 thread 0 
OMP: Info #171: KMP_AFFINITY: OS proc 61 maps to socket 0 core 17 thread 1 
OMP: Info #171: KMP_AFFINITY: OS proc 14 maps to socket 0 core 18 thread 0 
OMP: Info #171: KMP_AFFINITY: OS proc 62 maps to socket 0 core 18 thread 1 
OMP: Info #171: KMP_AFFINITY: OS proc 15 maps to socket 0 core 19 thread 0 
OMP: Info #171: KMP_AFFINITY: OS proc 63 maps to socket 0 core 19 thread 1 
OMP: Info #171: KMP_AFFINITY: OS proc 16 maps to socket 0 core 20 thread 0 
OMP: Info #171: KMP_AFFINITY: OS proc 64 maps to socket 0 core 20 thread 1 
OMP: Info #171: KMP_AFFINITY: OS proc 17 maps to socket 0 core 21 thread 0 
OMP: Info #171: KMP_AFFINITY: OS proc 65 maps to socket 0 core 21 thread 1 
OMP: Info #171: KMP_AFFINITY: OS proc 18 maps to socket 0 core 24 thread 0 
OMP: Info #171: KMP_AFFINITY: OS proc 66 maps to socket 0 core 24 thread 1 
OMP: Info #171: KMP_AFFINITY: OS proc 19 maps to socket 0 core 25 thread 0 
OMP: Info #171: KMP_AFFINITY: OS proc 67 maps to socket 0 core 25 thread 1 
OMP: Info #171: KMP_AFFINITY: OS proc 20 maps to socket 0 core 26 thread 0 
OMP: Info #171: KMP_AFFINITY: OS proc 68 maps to socket 0 core 26 thread 1 
OMP: Info #171: KMP_AFFINITY: OS proc 21 maps to socket 0 core 27 thread 0 
OMP: Info #171: KMP_AFFINITY: OS proc 69 maps to socket 0 core 27 thread 1 
OMP: Info #171: KMP_AFFINITY: OS proc 22 maps to socket 0 core 28 thread 0 
OMP: Info #171: KMP_AFFINITY: OS proc 70 maps to socket 0 core 28 thread 1 
OMP: Info #171: KMP_AFFINITY: OS proc 23 maps to socket 0 core 29 thread 0 
OMP: Info #171: KMP_AFFINITY: OS proc 71 maps to socket 0 core 29 thread 1 
OMP: Info #171: KMP_AFFINITY: OS proc 24 maps to socket 1 core 0 thread 0 
OMP: Info #171: KMP_AFFINITY: OS proc 72 maps to socket 1 core 0 thread 1 
OMP: Info #171: KMP_AFFINITY: OS proc 25 maps to socket 1 core 1 thread 0 
OMP: Info #171: KMP_AFFINITY: OS proc 73 maps to socket 1 core 1 thread 1 
OMP: Info #171: KMP_AFFINITY: OS proc 26 maps to socket 1 core 2 thread 0 
OMP: Info #171: KMP_AFFINITY: OS proc 74 maps to socket 1 core 2 thread 1 
OMP: Info #171: KMP_AFFINITY: OS proc 27 maps to socket 1 core 3 thread 0 
OMP: Info #171: KMP_AFFINITY: OS proc 75 maps to socket 1 core 3 thread 1 
OMP: Info #171: KMP_AFFINITY: OS proc 28 maps to socket 1 core 4 thread 0 
OMP: Info #171: KMP_AFFINITY: OS proc 76 maps to socket 1 core 4 thread 1 
OMP: Info #171: KMP_AFFINITY: OS proc 29 maps to socket 1 core 5 thread 0 
OMP: Info #171: KMP_AFFINITY: OS proc 77 maps to socket 1 core 5 thread 1 
OMP: Info #171: KMP_AFFINITY: OS proc 30 maps to socket 1 core 8 thread 0 
OMP: Info #171: KMP_AFFINITY: OS proc 78 maps to socket 1 core 8 thread 1 
OMP: Info #171: KMP_AFFINITY: OS proc 31 maps to socket 1 core 9 thread 0 
OMP: Info #171: KMP_AFFINITY: OS proc 79 maps to socket 1 core 9 thread 1 
OMP: Info #171: KMP_AFFINITY: OS proc 32 maps to socket 1 core 10 thread 0 
OMP: Info #171: KMP_AFFINITY: OS proc 80 maps to socket 1 core 10 thread 1 
OMP: Info #171: KMP_AFFINITY: OS proc 33 maps to socket 1 core 11 thread 0 
OMP: Info #171: KMP_AFFINITY: OS proc 81 maps to socket 1 core 11 thread 1 
OMP: Info #171: KMP_AFFINITY: OS proc 34 maps to socket 1 core 12 thread 0 
OMP: Info #171: KMP_AFFINITY: OS proc 82 maps to socket 1 core 12 thread 1 
OMP: Info #171: KMP_AFFINITY: OS proc 35 maps to socket 1 core 13 thread 0 
OMP: Info #171: KMP_AFFINITY: OS proc 83 maps to socket 1 core 13 thread 1 
OMP: Info #171: KMP_AFFINITY: OS proc 36 maps to socket 1 core 16 thread 0 
OMP: Info #171: KMP_AFFINITY: OS proc 84 maps to socket 1 core 16 thread 1 
OMP: Info #171: KMP_AFFINITY: OS proc 37 maps to socket 1 core 17 thread 0 
OMP: Info #171: KMP_AFFINITY: OS proc 85 maps to socket 1 core 17 thread 1 
OMP: Info #171: KMP_AFFINITY: OS proc 38 maps to socket 1 core 18 thread 0 
OMP: Info #171: KMP_AFFINITY: OS proc 86 maps to socket 1 core 18 thread 1 
OMP: Info #171: KMP_AFFINITY: OS proc 39 maps to socket 1 core 19 thread 0 
OMP: Info #171: KMP_AFFINITY: OS proc 87 maps to socket 1 core 19 thread 1 
OMP: Info #171: KMP_AFFINITY: OS proc 40 maps to socket 1 core 20 thread 0 
OMP: Info #171: KMP_AFFINITY: OS proc 88 maps to socket 1 core 20 thread 1 
OMP: Info #171: KMP_AFFINITY: OS proc 41 maps to socket 1 core 21 thread 0 
OMP: Info #171: KMP_AFFINITY: OS proc 89 maps to socket 1 core 21 thread 1 
OMP: Info #171: KMP_AFFINITY: OS proc 42 maps to socket 1 core 24 thread 0 
OMP: Info #171: KMP_AFFINITY: OS proc 90 maps to socket 1 core 24 thread 1 
OMP: Info #171: KMP_AFFINITY: OS proc 43 maps to socket 1 core 25 thread 0 
OMP: Info #171: KMP_AFFINITY: OS proc 91 maps to socket 1 core 25 thread 1 
OMP: Info #171: KMP_AFFINITY: OS proc 44 maps to socket 1 core 26 thread 0 
OMP: Info #171: KMP_AFFINITY: OS proc 92 maps to socket 1 core 26 thread 1 
OMP: Info #171: KMP_AFFINITY: OS proc 45 maps to socket 1 core 27 thread 0 
OMP: Info #171: KMP_AFFINITY: OS proc 93 maps to socket 1 core 27 thread 1 
OMP: Info #171: KMP_AFFINITY: OS proc 46 maps to socket 1 core 28 thread 0 
OMP: Info #171: KMP_AFFINITY: OS proc 94 maps to socket 1 core 28 thread 1 
OMP: Info #171: KMP_AFFINITY: OS proc 47 maps to socket 1 core 29 thread 0 
OMP: Info #171: KMP_AFFINITY: OS proc 95 maps to socket 1 core 29 thread 1 
OMP: Info #252: KMP_AFFINITY: pid 277732 tid 277732 thread 0 bound to OS proc set 0
OMP: Info #252: KMP_AFFINITY: pid 277732 tid 277733 thread 1 bound to OS proc set 48
OMP: Info #252: KMP_AFFINITY: pid 277732 tid 277734 thread 2 bound to OS proc set 1
OMP: Info #252: KMP_AFFINITY: pid 277732 tid 277735 thread 3 bound to OS proc set 49
OMP: Info #252: KMP_AFFINITY: pid 277732 tid 277736 thread 4 bound to OS proc set 2
OMP: Info #252: KMP_AFFINITY: pid 277732 tid 277737 thread 5 bound to OS proc set 50
OMP: Info #252: KMP_AFFINITY: pid 277732 tid 277738 thread 6 bound to OS proc set 3
OMP: Info #252: KMP_AFFINITY: pid 277732 tid 277739 thread 7 bound to OS proc set 51
OMP: Info #252: KMP_AFFINITY: pid 277732 tid 277741 thread 9 bound to OS proc set 52
OMP: Info #252: KMP_AFFINITY: pid 277732 tid 277740 thread 8 bound to OS proc set 4
OMP: Info #252: KMP_AFFINITY: pid 277732 tid 277742 thread 10 bound to OS proc set 5
OMP: Info #252: KMP_AFFINITY: pid 277732 tid 277743 thread 11 bound to OS proc set 53
OMP: Info #252: KMP_AFFINITY: pid 277732 tid 277744 thread 12 bound to OS proc set 6
OMP: Info #252: KMP_AFFINITY: pid 277732 tid 277745 thread 13 bound to OS proc set 54
OMP: Info #252: KMP_AFFINITY: pid 277732 tid 277746 thread 14 bound to OS proc set 7
OMP: Info #252: KMP_AFFINITY: pid 277732 tid 277747 thread 15 bound to OS proc set 55


Resolution: 2000
===================
Execution time: 0.038067
Residual: 0.236070

megaflops:  36777.4
  flop instructions (M):  1400.000


Resolution: 6000
===================
Execution time: 0.448881
Residual: 0.708009

megaflops:  28069.8
  flop instructions (M):  12600.000
Resolutions       : (2000, 6000, ... 6500)
Iterations        : 50
Num. Heat sources : 2
   1: (0.00, 0.00) 1.00 1.00 
   2: (1.00, 1.00) 1.00 0.50 
OMP: Info #154: KMP_AFFINITY: Initial OS proc set respected: 0-95
OMP: Info #214: KMP_AFFINITY: decoding x2APIC ids.
OMP: Info #156: KMP_AFFINITY: 96 available OS procs
OMP: Info #157: KMP_AFFINITY: Uniform topology
OMP: Info #285: KMP_AFFINITY: topology layer "LL cache" is equivalent to "socket".
OMP: Info #285: KMP_AFFINITY: topology layer "L3 cache" is equivalent to "socket".
OMP: Info #285: KMP_AFFINITY: topology layer "L2 cache" is equivalent to "core".
OMP: Info #285: KMP_AFFINITY: topology layer "L1 cache" is equivalent to "core".
OMP: Info #191: KMP_AFFINITY: 2 sockets x 24 cores/socket x 2 threads/core (48 total cores)
OMP: Info #216: KMP_AFFINITY: OS proc to physical thread map:
OMP: Info #171: KMP_AFFINITY: OS proc 0 maps to socket 0 core 0 thread 0 
OMP: Info #171: KMP_AFFINITY: OS proc 48 maps to socket 0 core 0 thread 1 
OMP: Info #171: KMP_AFFINITY: OS proc 1 maps to socket 0 core 1 thread 0 
OMP: Info #171: KMP_AFFINITY: OS proc 49 maps to socket 0 core 1 thread 1 
OMP: Info #171: KMP_AFFINITY: OS proc 2 maps to socket 0 core 2 thread 0 
OMP: Info #171: KMP_AFFINITY: OS proc 50 maps to socket 0 core 2 thread 1 
OMP: Info #171: KMP_AFFINITY: OS proc 3 maps to socket 0 core 3 thread 0 
OMP: Info #171: KMP_AFFINITY: OS proc 51 maps to socket 0 core 3 thread 1 
OMP: Info #171: KMP_AFFINITY: OS proc 4 maps to socket 0 core 4 thread 0 
OMP: Info #171: KMP_AFFINITY: OS proc 52 maps to socket 0 core 4 thread 1 
OMP: Info #171: KMP_AFFINITY: OS proc 5 maps to socket 0 core 5 thread 0 
OMP: Info #171: KMP_AFFINITY: OS proc 53 maps to socket 0 core 5 thread 1 
OMP: Info #171: KMP_AFFINITY: OS proc 6 maps to socket 0 core 8 thread 0 
OMP: Info #171: KMP_AFFINITY: OS proc 54 maps to socket 0 core 8 thread 1 
OMP: Info #171: KMP_AFFINITY: OS proc 7 maps to socket 0 core 9 thread 0 
OMP: Info #171: KMP_AFFINITY: OS proc 55 maps to socket 0 core 9 thread 1 
OMP: Info #171: KMP_AFFINITY: OS proc 8 maps to socket 0 core 10 thread 0 
OMP: Info #171: KMP_AFFINITY: OS proc 56 maps to socket 0 core 10 thread 1 
OMP: Info #171: KMP_AFFINITY: OS proc 9 maps to socket 0 core 11 thread 0 
OMP: Info #171: KMP_AFFINITY: OS proc 57 maps to socket 0 core 11 thread 1 
OMP: Info #171: KMP_AFFINITY: OS proc 10 maps to socket 0 core 12 thread 0 
OMP: Info #171: KMP_AFFINITY: OS proc 58 maps to socket 0 core 12 thread 1 
OMP: Info #171: KMP_AFFINITY: OS proc 11 maps to socket 0 core 13 thread 0 
OMP: Info #171: KMP_AFFINITY: OS proc 59 maps to socket 0 core 13 thread 1 
OMP: Info #171: KMP_AFFINITY: OS proc 12 maps to socket 0 core 16 thread 0 
OMP: Info #171: KMP_AFFINITY: OS proc 60 maps to socket 0 core 16 thread 1 
OMP: Info #171: KMP_AFFINITY: OS proc 13 maps to socket 0 core 17 thread 0 
OMP: Info #171: KMP_AFFINITY: OS proc 61 maps to socket 0 core 17 thread 1 
OMP: Info #171: KMP_AFFINITY: OS proc 14 maps to socket 0 core 18 thread 0 
OMP: Info #171: KMP_AFFINITY: OS proc 62 maps to socket 0 core 18 thread 1 
OMP: Info #171: KMP_AFFINITY: OS proc 15 maps to socket 0 core 19 thread 0 
OMP: Info #171: KMP_AFFINITY: OS proc 63 maps to socket 0 core 19 thread 1 
OMP: Info #171: KMP_AFFINITY: OS proc 16 maps to socket 0 core 20 thread 0 
OMP: Info #171: KMP_AFFINITY: OS proc 64 maps to socket 0 core 20 thread 1 
OMP: Info #171: KMP_AFFINITY: OS proc 17 maps to socket 0 core 21 thread 0 
OMP: Info #171: KMP_AFFINITY: OS proc 65 maps to socket 0 core 21 thread 1 
OMP: Info #171: KMP_AFFINITY: OS proc 18 maps to socket 0 core 24 thread 0 
OMP: Info #171: KMP_AFFINITY: OS proc 66 maps to socket 0 core 24 thread 1 
OMP: Info #171: KMP_AFFINITY: OS proc 19 maps to socket 0 core 25 thread 0 
OMP: Info #171: KMP_AFFINITY: OS proc 67 maps to socket 0 core 25 thread 1 
OMP: Info #171: KMP_AFFINITY: OS proc 20 maps to socket 0 core 26 thread 0 
OMP: Info #171: KMP_AFFINITY: OS proc 68 maps to socket 0 core 26 thread 1 
OMP: Info #171: KMP_AFFINITY: OS proc 21 maps to socket 0 core 27 thread 0 
OMP: Info #171: KMP_AFFINITY: OS proc 69 maps to socket 0 core 27 thread 1 
OMP: Info #171: KMP_AFFINITY: OS proc 22 maps to socket 0 core 28 thread 0 
OMP: Info #171: KMP_AFFINITY: OS proc 70 maps to socket 0 core 28 thread 1 
OMP: Info #171: KMP_AFFINITY: OS proc 23 maps to socket 0 core 29 thread 0 
OMP: Info #171: KMP_AFFINITY: OS proc 71 maps to socket 0 core 29 thread 1 
OMP: Info #171: KMP_AFFINITY: OS proc 24 maps to socket 1 core 0 thread 0 
OMP: Info #171: KMP_AFFINITY: OS proc 72 maps to socket 1 core 0 thread 1 
OMP: Info #171: KMP_AFFINITY: OS proc 25 maps to socket 1 core 1 thread 0 
OMP: Info #171: KMP_AFFINITY: OS proc 73 maps to socket 1 core 1 thread 1 
OMP: Info #171: KMP_AFFINITY: OS proc 26 maps to socket 1 core 2 thread 0 
OMP: Info #171: KMP_AFFINITY: OS proc 74 maps to socket 1 core 2 thread 1 
OMP: Info #171: KMP_AFFINITY: OS proc 27 maps to socket 1 core 3 thread 0 
OMP: Info #171: KMP_AFFINITY: OS proc 75 maps to socket 1 core 3 thread 1 
OMP: Info #171: KMP_AFFINITY: OS proc 28 maps to socket 1 core 4 thread 0 
OMP: Info #171: KMP_AFFINITY: OS proc 76 maps to socket 1 core 4 thread 1 
OMP: Info #171: KMP_AFFINITY: OS proc 29 maps to socket 1 core 5 thread 0 
OMP: Info #171: KMP_AFFINITY: OS proc 77 maps to socket 1 core 5 thread 1 
OMP: Info #171: KMP_AFFINITY: OS proc 30 maps to socket 1 core 8 thread 0 
OMP: Info #171: KMP_AFFINITY: OS proc 78 maps to socket 1 core 8 thread 1 
OMP: Info #171: KMP_AFFINITY: OS proc 31 maps to socket 1 core 9 thread 0 
OMP: Info #171: KMP_AFFINITY: OS proc 79 maps to socket 1 core 9 thread 1 
OMP: Info #171: KMP_AFFINITY: OS proc 32 maps to socket 1 core 10 thread 0 
OMP: Info #171: KMP_AFFINITY: OS proc 80 maps to socket 1 core 10 thread 1 
OMP: Info #171: KMP_AFFINITY: OS proc 33 maps to socket 1 core 11 thread 0 
OMP: Info #171: KMP_AFFINITY: OS proc 81 maps to socket 1 core 11 thread 1 
OMP: Info #171: KMP_AFFINITY: OS proc 34 maps to socket 1 core 12 thread 0 
OMP: Info #171: KMP_AFFINITY: OS proc 82 maps to socket 1 core 12 thread 1 
OMP: Info #171: KMP_AFFINITY: OS proc 35 maps to socket 1 core 13 thread 0 
OMP: Info #171: KMP_AFFINITY: OS proc 83 maps to socket 1 core 13 thread 1 
OMP: Info #171: KMP_AFFINITY: OS proc 36 maps to socket 1 core 16 thread 0 
OMP: Info #171: KMP_AFFINITY: OS proc 84 maps to socket 1 core 16 thread 1 
OMP: Info #171: KMP_AFFINITY: OS proc 37 maps to socket 1 core 17 thread 0 
OMP: Info #171: KMP_AFFINITY: OS proc 85 maps to socket 1 core 17 thread 1 
OMP: Info #171: KMP_AFFINITY: OS proc 38 maps to socket 1 core 18 thread 0 
OMP: Info #171: KMP_AFFINITY: OS proc 86 maps to socket 1 core 18 thread 1 
OMP: Info #171: KMP_AFFINITY: OS proc 39 maps to socket 1 core 19 thread 0 
OMP: Info #171: KMP_AFFINITY: OS proc 87 maps to socket 1 core 19 thread 1 
OMP: Info #171: KMP_AFFINITY: OS proc 40 maps to socket 1 core 20 thread 0 
OMP: Info #171: KMP_AFFINITY: OS proc 88 maps to socket 1 core 20 thread 1 
OMP: Info #171: KMP_AFFINITY: OS proc 41 maps to socket 1 core 21 thread 0 
OMP: Info #171: KMP_AFFINITY: OS proc 89 maps to socket 1 core 21 thread 1 
OMP: Info #171: KMP_AFFINITY: OS proc 42 maps to socket 1 core 24 thread 0 
OMP: Info #171: KMP_AFFINITY: OS proc 90 maps to socket 1 core 24 thread 1 
OMP: Info #171: KMP_AFFINITY: OS proc 43 maps to socket 1 core 25 thread 0 
OMP: Info #171: KMP_AFFINITY: OS proc 91 maps to socket 1 core 25 thread 1 
OMP: Info #171: KMP_AFFINITY: OS proc 44 maps to socket 1 core 26 thread 0 
OMP: Info #171: KMP_AFFINITY: OS proc 92 maps to socket 1 core 26 thread 1 
OMP: Info #171: KMP_AFFINITY: OS proc 45 maps to socket 1 core 27 thread 0 
OMP: Info #171: KMP_AFFINITY: OS proc 93 maps to socket 1 core 27 thread 1 
OMP: Info #171: KMP_AFFINITY: OS proc 46 maps to socket 1 core 28 thread 0 
OMP: Info #171: KMP_AFFINITY: OS proc 94 maps to socket 1 core 28 thread 1 
OMP: Info #171: KMP_AFFINITY: OS proc 47 maps to socket 1 core 29 thread 0 
OMP: Info #171: KMP_AFFINITY: OS proc 95 maps to socket 1 core 29 thread 1 
OMP: Info #252: KMP_AFFINITY: pid 277748 tid 277748 thread 0 bound to OS proc set 0
OMP: Info #252: KMP_AFFINITY: pid 277748 tid 277749 thread 1 bound to OS proc set 48
OMP: Info #252: KMP_AFFINITY: pid 277748 tid 277750 thread 2 bound to OS proc set 1
OMP: Info #252: KMP_AFFINITY: pid 277748 tid 277751 thread 3 bound to OS proc set 49
OMP: Info #252: KMP_AFFINITY: pid 277748 tid 277752 thread 4 bound to OS proc set 2
OMP: Info #252: KMP_AFFINITY: pid 277748 tid 277753 thread 5 bound to OS proc set 50
OMP: Info #252: KMP_AFFINITY: pid 277748 tid 277754 thread 6 bound to OS proc set 3
OMP: Info #252: KMP_AFFINITY: pid 277748 tid 277755 thread 7 bound to OS proc set 51
OMP: Info #252: KMP_AFFINITY: pid 277748 tid 277756 thread 8 bound to OS proc set 4
OMP: Info #252: KMP_AFFINITY: pid 277748 tid 277757 thread 9 bound to OS proc set 52
OMP: Info #252: KMP_AFFINITY: pid 277748 tid 277758 thread 10 bound to OS proc set 5
OMP: Info #252: KMP_AFFINITY: pid 277748 tid 277759 thread 11 bound to OS proc set 53
OMP: Info #252: KMP_AFFINITY: pid 277748 tid 277760 thread 12 bound to OS proc set 6
OMP: Info #252: KMP_AFFINITY: pid 277748 tid 277761 thread 13 bound to OS proc set 54
OMP: Info #252: KMP_AFFINITY: pid 277748 tid 277762 thread 14 bound to OS proc set 7
OMP: Info #252: KMP_AFFINITY: pid 277748 tid 277763 thread 15 bound to OS proc set 55
OMP: Info #252: KMP_AFFINITY: pid 277748 tid 277764 thread 16 bound to OS proc set 8
OMP: Info #252: KMP_AFFINITY: pid 277748 tid 277765 thread 17 bound to OS proc set 56
OMP: Info #252: KMP_AFFINITY: pid 277748 tid 277766 thread 18 bound to OS proc set 9
OMP: Info #252: KMP_AFFINITY: pid 277748 tid 277767 thread 19 bound to OS proc set 57
OMP: Info #252: KMP_AFFINITY: pid 277748 tid 277769 thread 21 bound to OS proc set 58
OMP: Info #252: KMP_AFFINITY: pid 277748 tid 277768 thread 20 bound to OS proc set 10
OMP: Info #252: KMP_AFFINITY: pid 277748 tid 277770 thread 22 bound to OS proc set 11
OMP: Info #252: KMP_AFFINITY: pid 277748 tid 277771 thread 23 bound to OS proc set 59
OMP: Info #252: KMP_AFFINITY: pid 277748 tid 277772 thread 24 bound to OS proc set 12
OMP: Info #252: KMP_AFFINITY: pid 277748 tid 277773 thread 25 bound to OS proc set 60
OMP: Info #252: KMP_AFFINITY: pid 277748 tid 277774 thread 26 bound to OS proc set 13
OMP: Info #252: KMP_AFFINITY: pid 277748 tid 277775 thread 27 bound to OS proc set 61
OMP: Info #252: KMP_AFFINITY: pid 277748 tid 277776 thread 28 bound to OS proc set 14
OMP: Info #252: KMP_AFFINITY: pid 277748 tid 277777 thread 29 bound to OS proc set 62
OMP: Info #252: KMP_AFFINITY: pid 277748 tid 277778 thread 30 bound to OS proc set 15
OMP: Info #252: KMP_AFFINITY: pid 277748 tid 277779 thread 31 bound to OS proc set 63


Resolution: 2000
===================
Execution time: 0.026543
Residual: 0.236070

megaflops:  52744.8
  flop instructions (M):  1400.000


Resolution: 6000
===================
Execution time: 0.401189
Residual: 0.708009

megaflops:  31406.6
  flop instructions (M):  12600.000
Resolutions       : (2000, 6000, ... 6500)
Iterations        : 50
Num. Heat sources : 2
   1: (0.00, 0.00) 1.00 1.00 
   2: (1.00, 1.00) 1.00 0.50 
OMP: Info #154: KMP_AFFINITY: Initial OS proc set respected: 0-95
OMP: Info #214: KMP_AFFINITY: decoding x2APIC ids.
OMP: Info #156: KMP_AFFINITY: 96 available OS procs
OMP: Info #157: KMP_AFFINITY: Uniform topology
OMP: Info #285: KMP_AFFINITY: topology layer "LL cache" is equivalent to "socket".
OMP: Info #285: KMP_AFFINITY: topology layer "L3 cache" is equivalent to "socket".
OMP: Info #285: KMP_AFFINITY: topology layer "L2 cache" is equivalent to "core".
OMP: Info #285: KMP_AFFINITY: topology layer "L1 cache" is equivalent to "core".
OMP: Info #191: KMP_AFFINITY: 2 sockets x 24 cores/socket x 2 threads/core (48 total cores)
OMP: Info #216: KMP_AFFINITY: OS proc to physical thread map:
OMP: Info #171: KMP_AFFINITY: OS proc 0 maps to socket 0 core 0 thread 0 
OMP: Info #171: KMP_AFFINITY: OS proc 48 maps to socket 0 core 0 thread 1 
OMP: Info #171: KMP_AFFINITY: OS proc 1 maps to socket 0 core 1 thread 0 
OMP: Info #171: KMP_AFFINITY: OS proc 49 maps to socket 0 core 1 thread 1 
OMP: Info #171: KMP_AFFINITY: OS proc 2 maps to socket 0 core 2 thread 0 
OMP: Info #171: KMP_AFFINITY: OS proc 50 maps to socket 0 core 2 thread 1 
OMP: Info #171: KMP_AFFINITY: OS proc 3 maps to socket 0 core 3 thread 0 
OMP: Info #171: KMP_AFFINITY: OS proc 51 maps to socket 0 core 3 thread 1 
OMP: Info #171: KMP_AFFINITY: OS proc 4 maps to socket 0 core 4 thread 0 
OMP: Info #171: KMP_AFFINITY: OS proc 52 maps to socket 0 core 4 thread 1 
OMP: Info #171: KMP_AFFINITY: OS proc 5 maps to socket 0 core 5 thread 0 
OMP: Info #171: KMP_AFFINITY: OS proc 53 maps to socket 0 core 5 thread 1 
OMP: Info #171: KMP_AFFINITY: OS proc 6 maps to socket 0 core 8 thread 0 
OMP: Info #171: KMP_AFFINITY: OS proc 54 maps to socket 0 core 8 thread 1 
OMP: Info #171: KMP_AFFINITY: OS proc 7 maps to socket 0 core 9 thread 0 
OMP: Info #171: KMP_AFFINITY: OS proc 55 maps to socket 0 core 9 thread 1 
OMP: Info #171: KMP_AFFINITY: OS proc 8 maps to socket 0 core 10 thread 0 
OMP: Info #171: KMP_AFFINITY: OS proc 56 maps to socket 0 core 10 thread 1 
OMP: Info #171: KMP_AFFINITY: OS proc 9 maps to socket 0 core 11 thread 0 
OMP: Info #171: KMP_AFFINITY: OS proc 57 maps to socket 0 core 11 thread 1 
OMP: Info #171: KMP_AFFINITY: OS proc 10 maps to socket 0 core 12 thread 0 
OMP: Info #171: KMP_AFFINITY: OS proc 58 maps to socket 0 core 12 thread 1 
OMP: Info #171: KMP_AFFINITY: OS proc 11 maps to socket 0 core 13 thread 0 
OMP: Info #171: KMP_AFFINITY: OS proc 59 maps to socket 0 core 13 thread 1 
OMP: Info #171: KMP_AFFINITY: OS proc 12 maps to socket 0 core 16 thread 0 
OMP: Info #171: KMP_AFFINITY: OS proc 60 maps to socket 0 core 16 thread 1 
OMP: Info #171: KMP_AFFINITY: OS proc 13 maps to socket 0 core 17 thread 0 
OMP: Info #171: KMP_AFFINITY: OS proc 61 maps to socket 0 core 17 thread 1 
OMP: Info #171: KMP_AFFINITY: OS proc 14 maps to socket 0 core 18 thread 0 
OMP: Info #171: KMP_AFFINITY: OS proc 62 maps to socket 0 core 18 thread 1 
OMP: Info #171: KMP_AFFINITY: OS proc 15 maps to socket 0 core 19 thread 0 
OMP: Info #171: KMP_AFFINITY: OS proc 63 maps to socket 0 core 19 thread 1 
OMP: Info #171: KMP_AFFINITY: OS proc 16 maps to socket 0 core 20 thread 0 
OMP: Info #171: KMP_AFFINITY: OS proc 64 maps to socket 0 core 20 thread 1 
OMP: Info #171: KMP_AFFINITY: OS proc 17 maps to socket 0 core 21 thread 0 
OMP: Info #171: KMP_AFFINITY: OS proc 65 maps to socket 0 core 21 thread 1 
OMP: Info #171: KMP_AFFINITY: OS proc 18 maps to socket 0 core 24 thread 0 
OMP: Info #171: KMP_AFFINITY: OS proc 66 maps to socket 0 core 24 thread 1 
OMP: Info #171: KMP_AFFINITY: OS proc 19 maps to socket 0 core 25 thread 0 
OMP: Info #171: KMP_AFFINITY: OS proc 67 maps to socket 0 core 25 thread 1 
OMP: Info #171: KMP_AFFINITY: OS proc 20 maps to socket 0 core 26 thread 0 
OMP: Info #171: KMP_AFFINITY: OS proc 68 maps to socket 0 core 26 thread 1 
OMP: Info #171: KMP_AFFINITY: OS proc 21 maps to socket 0 core 27 thread 0 
OMP: Info #171: KMP_AFFINITY: OS proc 69 maps to socket 0 core 27 thread 1 
OMP: Info #171: KMP_AFFINITY: OS proc 22 maps to socket 0 core 28 thread 0 
OMP: Info #171: KMP_AFFINITY: OS proc 70 maps to socket 0 core 28 thread 1 
OMP: Info #171: KMP_AFFINITY: OS proc 23 maps to socket 0 core 29 thread 0 
OMP: Info #171: KMP_AFFINITY: OS proc 71 maps to socket 0 core 29 thread 1 
OMP: Info #171: KMP_AFFINITY: OS proc 24 maps to socket 1 core 0 thread 0 
OMP: Info #171: KMP_AFFINITY: OS proc 72 maps to socket 1 core 0 thread 1 
OMP: Info #171: KMP_AFFINITY: OS proc 25 maps to socket 1 core 1 thread 0 
OMP: Info #171: KMP_AFFINITY: OS proc 73 maps to socket 1 core 1 thread 1 
OMP: Info #171: KMP_AFFINITY: OS proc 26 maps to socket 1 core 2 thread 0 
OMP: Info #171: KMP_AFFINITY: OS proc 74 maps to socket 1 core 2 thread 1 
OMP: Info #171: KMP_AFFINITY: OS proc 27 maps to socket 1 core 3 thread 0 
OMP: Info #171: KMP_AFFINITY: OS proc 75 maps to socket 1 core 3 thread 1 
OMP: Info #171: KMP_AFFINITY: OS proc 28 maps to socket 1 core 4 thread 0 
OMP: Info #171: KMP_AFFINITY: OS proc 76 maps to socket 1 core 4 thread 1 
OMP: Info #171: KMP_AFFINITY: OS proc 29 maps to socket 1 core 5 thread 0 
OMP: Info #171: KMP_AFFINITY: OS proc 77 maps to socket 1 core 5 thread 1 
OMP: Info #171: KMP_AFFINITY: OS proc 30 maps to socket 1 core 8 thread 0 
OMP: Info #171: KMP_AFFINITY: OS proc 78 maps to socket 1 core 8 thread 1 
OMP: Info #171: KMP_AFFINITY: OS proc 31 maps to socket 1 core 9 thread 0 
OMP: Info #171: KMP_AFFINITY: OS proc 79 maps to socket 1 core 9 thread 1 
OMP: Info #171: KMP_AFFINITY: OS proc 32 maps to socket 1 core 10 thread 0 
OMP: Info #171: KMP_AFFINITY: OS proc 80 maps to socket 1 core 10 thread 1 
OMP: Info #171: KMP_AFFINITY: OS proc 33 maps to socket 1 core 11 thread 0 
OMP: Info #171: KMP_AFFINITY: OS proc 81 maps to socket 1 core 11 thread 1 
OMP: Info #171: KMP_AFFINITY: OS proc 34 maps to socket 1 core 12 thread 0 
OMP: Info #171: KMP_AFFINITY: OS proc 82 maps to socket 1 core 12 thread 1 
OMP: Info #171: KMP_AFFINITY: OS proc 35 maps to socket 1 core 13 thread 0 
OMP: Info #171: KMP_AFFINITY: OS proc 83 maps to socket 1 core 13 thread 1 
OMP: Info #171: KMP_AFFINITY: OS proc 36 maps to socket 1 core 16 thread 0 
OMP: Info #171: KMP_AFFINITY: OS proc 84 maps to socket 1 core 16 thread 1 
OMP: Info #171: KMP_AFFINITY: OS proc 37 maps to socket 1 core 17 thread 0 
OMP: Info #171: KMP_AFFINITY: OS proc 85 maps to socket 1 core 17 thread 1 
OMP: Info #171: KMP_AFFINITY: OS proc 38 maps to socket 1 core 18 thread 0 
OMP: Info #171: KMP_AFFINITY: OS proc 86 maps to socket 1 core 18 thread 1 
OMP: Info #171: KMP_AFFINITY: OS proc 39 maps to socket 1 core 19 thread 0 
OMP: Info #171: KMP_AFFINITY: OS proc 87 maps to socket 1 core 19 thread 1 
OMP: Info #171: KMP_AFFINITY: OS proc 40 maps to socket 1 core 20 thread 0 
OMP: Info #171: KMP_AFFINITY: OS proc 88 maps to socket 1 core 20 thread 1 
OMP: Info #171: KMP_AFFINITY: OS proc 41 maps to socket 1 core 21 thread 0 
OMP: Info #171: KMP_AFFINITY: OS proc 89 maps to socket 1 core 21 thread 1 
OMP: Info #171: KMP_AFFINITY: OS proc 42 maps to socket 1 core 24 thread 0 
OMP: Info #171: KMP_AFFINITY: OS proc 90 maps to socket 1 core 24 thread 1 
OMP: Info #171: KMP_AFFINITY: OS proc 43 maps to socket 1 core 25 thread 0 
OMP: Info #171: KMP_AFFINITY: OS proc 91 maps to socket 1 core 25 thread 1 
OMP: Info #171: KMP_AFFINITY: OS proc 44 maps to socket 1 core 26 thread 0 
OMP: Info #171: KMP_AFFINITY: OS proc 92 maps to socket 1 core 26 thread 1 
OMP: Info #171: KMP_AFFINITY: OS proc 45 maps to socket 1 core 27 thread 0 
OMP: Info #171: KMP_AFFINITY: OS proc 93 maps to socket 1 core 27 thread 1 
OMP: Info #171: KMP_AFFINITY: OS proc 46 maps to socket 1 core 28 thread 0 
OMP: Info #171: KMP_AFFINITY: OS proc 94 maps to socket 1 core 28 thread 1 
OMP: Info #171: KMP_AFFINITY: OS proc 47 maps to socket 1 core 29 thread 0 
OMP: Info #171: KMP_AFFINITY: OS proc 95 maps to socket 1 core 29 thread 1 
OMP: Info #252: KMP_AFFINITY: pid 277780 tid 277780 thread 0 bound to OS proc set 0
OMP: Info #252: KMP_AFFINITY: pid 277780 tid 277781 thread 1 bound to OS proc set 48
OMP: Info #252: KMP_AFFINITY: pid 277780 tid 277782 thread 2 bound to OS proc set 1
OMP: Info #252: KMP_AFFINITY: pid 277780 tid 277783 thread 3 bound to OS proc set 49
OMP: Info #252: KMP_AFFINITY: pid 277780 tid 277784 thread 4 bound to OS proc set 2
OMP: Info #252: KMP_AFFINITY: pid 277780 tid 277785 thread 5 bound to OS proc set 50
OMP: Info #252: KMP_AFFINITY: pid 277780 tid 277786 thread 6 bound to OS proc set 3
OMP: Info #252: KMP_AFFINITY: pid 277780 tid 277788 thread 8 bound to OS proc set 4
OMP: Info #252: KMP_AFFINITY: pid 277780 tid 277787 thread 7 bound to OS proc set 51
OMP: Info #252: KMP_AFFINITY: pid 277780 tid 277789 thread 9 bound to OS proc set 52
OMP: Info #252: KMP_AFFINITY: pid 277780 tid 277790 thread 10 bound to OS proc set 5
OMP: Info #252: KMP_AFFINITY: pid 277780 tid 277791 thread 11 bound to OS proc set 53
OMP: Info #252: KMP_AFFINITY: pid 277780 tid 277792 thread 12 bound to OS proc set 6
OMP: Info #252: KMP_AFFINITY: pid 277780 tid 277794 thread 14 bound to OS proc set 7
OMP: Info #252: KMP_AFFINITY: pid 277780 tid 277793 thread 13 bound to OS proc set 54
OMP: Info #252: KMP_AFFINITY: pid 277780 tid 277796 thread 16 bound to OS proc set 8
OMP: Info #252: KMP_AFFINITY: pid 277780 tid 277795 thread 15 bound to OS proc set 55
OMP: Info #252: KMP_AFFINITY: pid 277780 tid 277797 thread 17 bound to OS proc set 56
OMP: Info #252: KMP_AFFINITY: pid 277780 tid 277798 thread 18 bound to OS proc set 9
OMP: Info #252: KMP_AFFINITY: pid 277780 tid 277799 thread 19 bound to OS proc set 57
OMP: Info #252: KMP_AFFINITY: pid 277780 tid 277800 thread 20 bound to OS proc set 10
OMP: Info #252: KMP_AFFINITY: pid 277780 tid 277801 thread 21 bound to OS proc set 58
OMP: Info #252: KMP_AFFINITY: pid 277780 tid 277802 thread 22 bound to OS proc set 11
OMP: Info #252: KMP_AFFINITY: pid 277780 tid 277803 thread 23 bound to OS proc set 59
OMP: Info #252: KMP_AFFINITY: pid 277780 tid 277806 thread 26 bound to OS proc set 13
OMP: Info #252: KMP_AFFINITY: pid 277780 tid 277804 thread 24 bound to OS proc set 12
OMP: Info #252: KMP_AFFINITY: pid 277780 tid 277805 thread 25 bound to OS proc set 60
OMP: Info #252: KMP_AFFINITY: pid 277780 tid 277807 thread 27 bound to OS proc set 61
OMP: Info #252: KMP_AFFINITY: pid 277780 tid 277808 thread 28 bound to OS proc set 14
OMP: Info #252: KMP_AFFINITY: pid 277780 tid 277809 thread 29 bound to OS proc set 62
OMP: Info #252: KMP_AFFINITY: pid 277780 tid 277810 thread 30 bound to OS proc set 15
OMP: Info #252: KMP_AFFINITY: pid 277780 tid 277811 thread 31 bound to OS proc set 63
OMP: Info #252: KMP_AFFINITY: pid 277780 tid 277812 thread 32 bound to OS proc set 16
OMP: Info #252: KMP_AFFINITY: pid 277780 tid 277813 thread 33 bound to OS proc set 64
OMP: Info #252: KMP_AFFINITY: pid 277780 tid 277814 thread 34 bound to OS proc set 17
OMP: Info #252: KMP_AFFINITY: pid 277780 tid 277815 thread 35 bound to OS proc set 65
OMP: Info #252: KMP_AFFINITY: pid 277780 tid 277816 thread 36 bound to OS proc set 18
OMP: Info #252: KMP_AFFINITY: pid 277780 tid 277817 thread 37 bound to OS proc set 66
OMP: Info #252: KMP_AFFINITY: pid 277780 tid 277818 thread 38 bound to OS proc set 19
OMP: Info #252: KMP_AFFINITY: pid 277780 tid 277819 thread 39 bound to OS proc set 67
OMP: Info #252: KMP_AFFINITY: pid 277780 tid 277820 thread 40 bound to OS proc set 20
OMP: Info #252: KMP_AFFINITY: pid 277780 tid 277821 thread 41 bound to OS proc set 68
OMP: Info #252: KMP_AFFINITY: pid 277780 tid 277822 thread 42 bound to OS proc set 21
OMP: Info #252: KMP_AFFINITY: pid 277780 tid 277823 thread 43 bound to OS proc set 69
OMP: Info #252: KMP_AFFINITY: pid 277780 tid 277824 thread 44 bound to OS proc set 22
OMP: Info #252: KMP_AFFINITY: pid 277780 tid 277825 thread 45 bound to OS proc set 70
OMP: Info #252: KMP_AFFINITY: pid 277780 tid 277826 thread 46 bound to OS proc set 23
OMP: Info #252: KMP_AFFINITY: pid 277780 tid 277827 thread 47 bound to OS proc set 71


Resolution: 2000
===================
Execution time: 0.024379
Residual: 0.236070

megaflops:  57426.4
  flop instructions (M):  1400.000


Resolution: 6000
===================
Execution time: 0.415308
Residual: 0.708009

megaflops:  30338.9
  flop instructions (M):  12600.000
