Error in connect in Connection::sendString: Connection refused
Error in connect in Connection::sendString: Connection refused
Error in connect in Connection::sendString: Connection refused
Error in connect in Connection::sendString: Connection refused
Error in connect in Connection::sendString: Connection refused
Error in connect in Connection::sendString: Connection refused
Using strategy 'Negamax' (depth 2) ...
NetworkDomain::startListening: Port 23412 in use
NetworkDomain::startListening: Using Port 23413
Connection::start: localhost:23416
Connection::sendString: Cannot connect to localhost:23416
Connection::start: localhost:23415
Connection::sendString: Cannot connect to localhost:23415
Connection::start: localhost:23414
Connection::sendString: Cannot connect to localhost:23414
Connection::start: localhost:23412
NetworkDomain::newConnection: localhost:23412, now 1 active connections
 Reg of localhost:23412
NetworkDomain::newConnection: localhost:23412, now 1 active connections
 Reg of localhost:23414
NetworkDomain::newConnection: localhost:23414, now 2 active connections


==========================================

#69 X - O: 14, X: 10
       -----------
      / . . . . . \
     / . O . . . . \
    / . . O . . . . \
   / . . X . O . . . \
  | . X X O O O O . . |
   \ . X . O O O . . /
    \ . O O O O . . /
     \ . X X X X . /
      \ . . X . X /
       -----------

 Search started ...
 Search finished after 0.005 secs
  Found move 'I7/LeftUp/Push'
  Leaves visited: 3084 (616 k/s) 
  Nodes visited: 42 (73 leaves per node)
X draws 'I7/LeftUp/Push' (after 0.005 secs)...

#70 O - O: 14, X: 10
       -----------
      / . . . . . \
     / . O . . . . \
    / . . O . . . . \
   / . . X . O . . . \
  | . X X O O O O . . |
   \ . X O O O O . . /
    \ . O X O O . . /
     \ . X X X X . /
      \ . . . . X /
       -----------

Terminating because given number of moves drawn.

#69 X - O: 14, X: 10
       -----------
      / . . . . . \
     / . O . . . . \
    / . . O . . . . \
   / . . X . O . . . \
  | . X X O O O O . . |
   \ . X . O O O . . /
    \ . O O O O . . /
     \ . X X X X . /
      \ . . X . X /
       -----------

X about to move...
X draws move 'I7/LeftUp/Push'...

#70 O - O: 14, X: 10
       -----------
      / . . . . . \
     / . O . . . . \
    / . . O . . . . \
   / . . X . O . . . \
  | . X X O O O O . . |
   \ . X O O O O . . /
    \ . O X O O . . /
     \ . X X X X . /
      \ . . . . X /
       -----------

O about to move...
Error in connect in Connection::sendString: Connection refused
Error in connect in Connection::sendString: Connection refused
Using strategy 'Negamax' (depth 2) ...
NetworkDomain::startListening: Using Port 23412
Connection::start: localhost:23416
Connection::sendString: Cannot connect to localhost:23416
Connection::start: localhost:23415
Connection::sendString: Cannot connect to localhost:23415
Connection::start: localhost:23414
Connection::sendString: Cannot connect to localhost:23414
Connection::start: localhost:23413
NetworkDomain::newConnection: localhost:23413, now 1 active connections
 Reg of localhost:23413
NetworkDomain::newConnection: localhost:23413, now 1 active connections
 Reg of localhost:23414
NetworkDomain::newConnection: localhost:23414, now 2 active connections


==========================================

#69 X - O: 14, X: 10
       -----------
      / . . . . . \
     / . O . . . . \
    / . . O . . . . \
   / . . X . O . . . \
  | . X X O O O O . . |
   \ . X . O O O . . /
    \ . O O O O . . /
     \ . X X X X . /
      \ . . X . X /
       -----------



==========================================

#70 O - O: 14, X: 10
       -----------
      / . . . . . \
     / . O . . . . \
    / . . O . . . . \
   / . . X . O . . . \
  | . X X O O O O . . |
   \ . X O O O O . . /
    \ . O X O O . . /
     \ . X X X X . /
      \ . . . . X /
       -----------

 Search started ...
 Search finished after 0.005 secs
  Found move 'E5/RightDown/Out'
  Leaves visited: 3293 (658 k/s) 
  Nodes visited: 72 (45 leaves per node)
O draws 'E5/RightDown/Out' (after 0.005 secs)...

#71 X - O: 14, X: 9
       -----------
      / . . . . . \
     / . O . . . . \
    / . . O . . . . \
   / . . X . O . . . \
  | . X X O . O O . . |
   \ . X O O O O . . /
    \ . O X O O . . /
     \ . X X X O . /
      \ . . . . X /
       -----------

Connection::sendString: Cannot connect to localhost:23414
Connection::sendString: Cannot connect to localhost:23413
Terminating because given number of moves drawn.
