Error in connect in Connection::sendString: Connection refused
Error in connect in Connection::sendString: Connection refused
Error in connect in Connection::sendString: Connection refused
Error in connect in Connection::sendString: Connection refused
Using strategy 'Negamax' (depth 5) ...
NetworkDomain::startListening: Port 23412 in use
NetworkDomain::startListening: Using Port 23413
Connection::start: localhost:23416
Connection::sendString: Cannot connect to localhost:23416
Connection::start: localhost:23415
Connection::sendString: Cannot connect to localhost:23415
Connection::start: localhost:23414
NetworkDomain::newConnection: localhost:23414, now 1 active connections
Connection::start: localhost:23412
NetworkDomain::newConnection: localhost:23412, now 2 active connections
 Reg of localhost:23414
NetworkDomain::newConnection: localhost:23414, now 2 active connections
 Reg of remote connection localhost:23412
NetworkDomain::addConnection: localhost:23412 already existing


==========================================

#0 O - O: 14, X: 14
       -----------
      / O O O O O \
     / O O O O O O \
    / . . O O O . . \
   / . . . . . . . . \
  | . . . . . . . . . |
   \ . . . . . . . . /
    \ . . X X X . . /
     \ X X X X X X /
      \ X X X X X /
       -----------

 Search started ...
 EvalRate 666 k/s (6000 evals, 9 msecs)
 EvalRate 699 k/s (139200 evals, 199 msecs)
 EvalRate 688 k/s (279000 evals, 405 msecs)
 EvalRate 682 k/s (418800 evals, 614 msecs)
 EvalRate 684 k/s (558600 evals, 816 msecs)
 EvalRate 685 k/s (698400 evals, 1019 msecs)
 EvalRate 683 k/s (838200 evals, 1227 msecs)
 EvalRate 682 k/s (978000 evals, 1434 msecs)
 EvalRate 680 k/s (1117800 evals, 1642 msecs)
 EvalRate 681 k/s (1257600 evals, 1845 msecs)
 EvalRate 682 k/s (1397400 evals, 2047 msecs)
 EvalRate 682 k/s (1537200 evals, 2252 msecs)
 EvalRate 683 k/s (1677000 evals, 2454 msecs)
 EvalRate 685 k/s (1816800 evals, 2652 msecs)
 EvalRate 685 k/s (1956600 evals, 2855 msecs)
 EvalRate 686 k/s (2096400 evals, 3053 msecs)
 EvalRate 686 k/s (2236200 evals, 3257 msecs)
 EvalRate 687 k/s (2376000 evals, 3455 msecs)
 EvalRate 688 k/s (2515800 evals, 3654 msecs)
 EvalRate 688 k/s (2655600 evals, 3858 msecs)
 EvalRate 687 k/s (2795400 evals, 4065 msecs)
 EvalRate 687 k/s (2935200 evals, 4269 msecs)
 EvalRate 688 k/s (3075000 evals, 4468 msecs)
 EvalRate 687 k/s (3214800 evals, 4676 msecs)
 EvalRate 687 k/s (3354600 evals, 4880 msecs)
 EvalRate 687 k/s (3494400 evals, 5080 msecs)
 EvalRate 688 k/s (3634200 evals, 5281 msecs)
 EvalRate 688 k/s (3774000 evals, 5479 msecs)
 EvalRate 689 k/s (3913800 evals, 5678 msecs)
 EvalRate 689 k/s (4053600 evals, 5881 msecs)
 EvalRate 689 k/s (4193400 evals, 6084 msecs)
 EvalRate 689 k/s (4333200 evals, 6289 msecs)
 EvalRate 689 k/s (4473000 evals, 6488 msecs)
 EvalRate 689 k/s (4612800 evals, 6688 msecs)
 EvalRate 689 k/s (4752600 evals, 6891 msecs)
 EvalRate 689 k/s (4892400 evals, 7091 msecs)
 EvalRate 690 k/s (5032200 evals, 7293 msecs)
 EvalRate 690 k/s (5172000 evals, 7492 msecs)
 EvalRate 690 k/s (5311800 evals, 7691 msecs)
 EvalRate 690 k/s (5451600 evals, 7893 msecs)
 EvalRate 691 k/s (5591400 evals, 8091 msecs)
 EvalRate 690 k/s (5731200 evals, 8295 msecs)
 EvalRate 690 k/s (5871000 evals, 8500 msecs)
 EvalRate 690 k/s (6010800 evals, 8700 msecs)
 EvalRate 691 k/s (6150600 evals, 8899 msecs)
 EvalRate 690 k/s (6290400 evals, 9105 msecs)
 EvalRate 690 k/s (6430200 evals, 9312 msecs)
 EvalRate 690 k/s (6570000 evals, 9512 msecs)
 EvalRate 690 k/s (6709800 evals, 9715 msecs)
 EvalRate 690 k/s (6849600 evals, 9913 msecs)
 EvalRate 690 k/s (6989400 evals, 10116 msecs)
 EvalRate 691 k/s (7129200 evals, 10314 msecs)
 EvalRate 691 k/s (7269000 evals, 10512 msecs)
 EvalRate 691 k/s (7408800 evals, 10717 msecs)
 EvalRate 691 k/s (7548600 evals, 10916 msecs)
 EvalRate 691 k/s (7688400 evals, 11113 msecs)
 EvalRate 692 k/s (7828200 evals, 11309 msecs)
 EvalRate 692 k/s (7968000 evals, 11505 msecs)
 EvalRate 692 k/s (8107800 evals, 11707 msecs)
 EvalRate 692 k/s (8247600 evals, 11911 msecs)
 EvalRate 692 k/s (8387400 evals, 12110 msecs)
 EvalRate 692 k/s (8527200 evals, 12311 msecs)
 EvalRate 692 k/s (8667000 evals, 12516 msecs)
 EvalRate 692 k/s (8806800 evals, 12716 msecs)
 EvalRate 692 k/s (8946600 evals, 12915 msecs)
 EvalRate 692 k/s (9086400 evals, 13114 msecs)
 EvalRate 693 k/s (9226200 evals, 13311 msecs)
 EvalRate 693 k/s (9366000 evals, 13508 msecs)
 EvalRate 693 k/s (9505800 evals, 13710 msecs)
 EvalRate 693 k/s (9645600 evals, 13910 msecs)
 EvalRate 693 k/s (9785400 evals, 14111 msecs)
 EvalRate 693 k/s (9925200 evals, 14309 msecs)
 EvalRate 693 k/s (10065000 evals, 14511 msecs)
 EvalRate 693 k/s (10204800 evals, 14710 msecs)
 EvalRate 693 k/s (10344600 evals, 14908 msecs)
 EvalRate 693 k/s (10484400 evals, 15109 msecs)
 EvalRate 694 k/s (10624200 evals, 15307 msecs)
 EvalRate 694 k/s (10764000 evals, 15505 msecs)
 EvalRate 694 k/s (10903800 evals, 15711 msecs)
 EvalRate 693 k/s (11043600 evals, 15922 msecs)
 EvalRate 692 k/s (11183400 evals, 16141 msecs)
 EvalRate 691 k/s (11323200 evals, 16364 msecs)
 EvalRate 691 k/s (11463000 evals, 16583 msecs)
 EvalRate 690 k/s (11602800 evals, 16796 msecs)
 EvalRate 690 k/s (11742600 evals, 17011 msecs)
 EvalRate 689 k/s (11882400 evals, 17233 msecs)
 EvalRate 688 k/s (12022200 evals, 17457 msecs)
 EvalRate 688 k/s (12162000 evals, 17674 msecs)
 EvalRate 687 k/s (12301800 evals, 17893 msecs)
 EvalRate 687 k/s (12441600 evals, 18109 msecs)
 EvalRate 686 k/s (12581400 evals, 18324 msecs)
 EvalRate 686 k/s (12721200 evals, 18543 msecs)
 EvalRate 685 k/s (12861000 evals, 18754 msecs)
 EvalRate 685 k/s (13000800 evals, 18966 msecs)
 EvalRate 684 k/s (13140600 evals, 19186 msecs)
 EvalRate 684 k/s (13280400 evals, 19400 msecs)
 EvalRate 684 k/s (13420200 evals, 19615 msecs)
 EvalRate 683 k/s (13560000 evals, 19825 msecs)
 EvalRate 683 k/s (13699800 evals, 20034 msecs)
 EvalRate 683 k/s (13839600 evals, 20242 msecs)
 EvalRate 683 k/s (13979400 evals, 20458 msecs)
 EvalRate 682 k/s (14119200 evals, 20679 msecs)
 EvalRate 682 k/s (14259000 evals, 20895 msecs)
 EvalRate 682 k/s (14398800 evals, 21106 msecs)
 EvalRate 681 k/s (14538600 evals, 21321 msecs)
 EvalRate 681 k/s (14678400 evals, 21542 msecs)
 EvalRate 680 k/s (14818200 evals, 21760 msecs)
 EvalRate 680 k/s (14958000 evals, 21970 msecs)
 EvalRate 680 k/s (15097800 evals, 22183 msecs)
 EvalRate 680 k/s (15237600 evals, 22393 msecs)
 EvalRate 680 k/s (15377400 evals, 22602 msecs)
 EvalRate 680 k/s (15517200 evals, 22812 msecs)
 EvalRate 679 k/s (15657000 evals, 23029 msecs)
 EvalRate 679 k/s (15796800 evals, 23241 msecs)
 EvalRate 679 k/s (15936600 evals, 23458 msecs)
 EvalRate 679 k/s (16076400 evals, 23670 msecs)
 EvalRate 679 k/s (16216200 evals, 23878 msecs)
 EvalRate 678 k/s (16356000 evals, 24095 msecs)
 EvalRate 678 k/s (16495800 evals, 24309 msecs)
 EvalRate 678 k/s (16635600 evals, 24520 msecs)
 EvalRate 678 k/s (16775400 evals, 24734 msecs)
 EvalRate 678 k/s (16915200 evals, 24946 msecs)
 EvalRate 677 k/s (17055000 evals, 25156 msecs)
 EvalRate 677 k/s (17194800 evals, 25367 msecs)
 EvalRate 677 k/s (17334600 evals, 25578 msecs)
 EvalRate 677 k/s (17474400 evals, 25790 msecs)
 EvalRate 677 k/s (17614200 evals, 26011 msecs)
 EvalRate 676 k/s (17754000 evals, 26237 msecs)
 EvalRate 676 k/s (17893800 evals, 26455 msecs)
 EvalRate 676 k/s (18033600 evals, 26667 msecs)
 EvalRate 675 k/s (18173400 evals, 26884 msecs)
 EvalRate 675 k/s (18313200 evals, 27111 msecs)
 EvalRate 675 k/s (18453000 evals, 27335 msecs)
 EvalRate 674 k/s (18592800 evals, 27558 msecs)
 EvalRate 674 k/s (18732600 evals, 27778 msecs)
 EvalRate 674 k/s (18872400 evals, 27995 msecs)
 EvalRate 673 k/s (19012200 evals, 28213 msecs)
 EvalRate 673 k/s (19152000 evals, 28437 msecs)
 EvalRate 673 k/s (19291800 evals, 28655 msecs)
 EvalRate 673 k/s (19431600 evals, 28865 msecs)
 EvalRate 673 k/s (19571400 evals, 29079 msecs)
 EvalRate 672 k/s (19711200 evals, 29300 msecs)
 EvalRate 672 k/s (19851000 evals, 29513 msecs)
 EvalRate 672 k/s (19990800 evals, 29730 msecs)
 EvalRate 672 k/s (20130600 evals, 29941 msecs)
 EvalRate 672 k/s (20270400 evals, 30150 msecs)
 EvalRate 672 k/s (20410200 evals, 30357 msecs)
 EvalRate 671 k/s (20550000 evals, 30581 msecs)
 EvalRate 671 k/s (20689800 evals, 30802 msecs)
 EvalRate 671 k/s (20829600 evals, 31021 msecs)
 EvalRate 671 k/s (20969400 evals, 31234 msecs)
 EvalRate 671 k/s (21109200 evals, 31452 msecs)
 EvalRate 670 k/s (21249000 evals, 31677 msecs)
 EvalRate 670 k/s (21388800 evals, 31893 msecs)
 EvalRate 670 k/s (21528600 evals, 32105 msecs)
 EvalRate 670 k/s (21668400 evals, 32318 msecs)
 EvalRate 670 k/s (21808200 evals, 32529 msecs)
 EvalRate 670 k/s (21948000 evals, 32737 msecs)
 EvalRate 670 k/s (22087800 evals, 32946 msecs)
 EvalRate 670 k/s (22227600 evals, 33167 msecs)
 EvalRate 670 k/s (22367400 evals, 33381 msecs)
 EvalRate 669 k/s (22507200 evals, 33600 msecs)
 EvalRate 669 k/s (22647000 evals, 33818 msecs)
 EvalRate 669 k/s (22786800 evals, 34027 msecs)
 EvalRate 669 k/s (22926600 evals, 34241 msecs)
 EvalRate 669 k/s (23066400 evals, 34458 msecs)
 EvalRate 669 k/s (23206200 evals, 34671 msecs)
 EvalRate 669 k/s (23346000 evals, 34884 msecs)
 EvalRate 669 k/s (23485800 evals, 35099 msecs)
 EvalRate 669 k/s (23625600 evals, 35309 msecs)
 EvalRate 669 k/s (23765400 evals, 35518 msecs)
 EvalRate 669 k/s (23905200 evals, 35731 msecs)
 EvalRate 669 k/s (24045000 evals, 35935 msecs)
 EvalRate 669 k/s (24184800 evals, 36142 msecs)
 EvalRate 669 k/s (24324600 evals, 36359 msecs)
 EvalRate 668 k/s (24464400 evals, 36575 msecs)
 EvalRate 668 k/s (24604200 evals, 36784 msecs)
 EvalRate 668 k/s (24744000 evals, 36992 msecs)
 EvalRate 668 k/s (24883800 evals, 37204 msecs)
 EvalRate 668 k/s (25023600 evals, 37422 msecs)
 EvalRate 668 k/s (25163400 evals, 37637 msecs)
 EvalRate 668 k/s (25303200 evals, 37851 msecs)
 EvalRate 668 k/s (25443000 evals, 38065 msecs)
 EvalRate 668 k/s (25582800 evals, 38277 msecs)
 EvalRate 668 k/s (25722600 evals, 38486 msecs)
 EvalRate 668 k/s (25862400 evals, 38698 msecs)
 EvalRate 668 k/s (26002200 evals, 38912 msecs)
 EvalRate 668 k/s (26142000 evals, 39121 msecs)
 EvalRate 668 k/s (26281800 evals, 39326 msecs)
 EvalRate 668 k/s (26421600 evals, 39533 msecs)
 EvalRate 668 k/s (26561400 evals, 39743 msecs)
 EvalRate 668 k/s (26701200 evals, 39947 msecs)
 EvalRate 668 k/s (26841000 evals, 40161 msecs)
 EvalRate 668 k/s (26980800 evals, 40370 msecs)
 EvalRate 668 k/s (27120600 evals, 40573 msecs)
 EvalRate 668 k/s (27260400 evals, 40778 msecs)
 EvalRate 668 k/s (27400200 evals, 40986 msecs)
 EvalRate 668 k/s (27540000 evals, 41201 msecs)
 EvalRate 668 k/s (27679800 evals, 41412 msecs)
 EvalRate 668 k/s (27819600 evals, 41627 msecs)
 EvalRate 668 k/s (27959400 evals, 41834 msecs)
 EvalRate 668 k/s (28099200 evals, 42046 msecs)
 EvalRate 668 k/s (28239000 evals, 42261 msecs)
 EvalRate 668 k/s (28378800 evals, 42469 msecs)
 EvalRate 668 k/s (28518600 evals, 42673 msecs)
 EvalRate 668 k/s (28658400 evals, 42882 msecs)
 EvalRate 668 k/s (28798200 evals, 43090 msecs)
 EvalRate 668 k/s (28938000 evals, 43293 msecs)
 EvalRate 668 k/s (29077800 evals, 43496 msecs)
 EvalRate 668 k/s (29217600 evals, 43703 msecs)
 EvalRate 668 k/s (29357400 evals, 43915 msecs)
 EvalRate 668 k/s (29497200 evals, 44124 msecs)
 EvalRate 668 k/s (29637000 evals, 44334 msecs)
 EvalRate 668 k/s (29776800 evals, 44543 msecs)
 EvalRate 668 k/s (29916600 evals, 44746 msecs)
 EvalRate 668 k/s (30056400 evals, 44952 msecs)
 EvalRate 668 k/s (30196200 evals, 45163 msecs)
 EvalRate 668 k/s (30336000 evals, 45370 msecs)
 EvalRate 668 k/s (30475800 evals, 45575 msecs)
 EvalRate 668 k/s (30615600 evals, 45786 msecs)
 EvalRate 668 k/s (30755400 evals, 45994 msecs)
 EvalRate 668 k/s (30895200 evals, 46198 msecs)
 EvalRate 668 k/s (31035000 evals, 46404 msecs)
 EvalRate 668 k/s (31174800 evals, 46610 msecs)
 EvalRate 668 k/s (31314600 evals, 46814 msecs)
 EvalRate 668 k/s (31454400 evals, 47018 msecs)
 EvalRate 668 k/s (31594200 evals, 47231 msecs)
 EvalRate 668 k/s (31734000 evals, 47445 msecs)
 EvalRate 668 k/s (31873800 evals, 47654 msecs)
 EvalRate 668 k/s (32013600 evals, 47861 msecs)
 EvalRate 668 k/s (32153400 evals, 48068 msecs)
 EvalRate 668 k/s (32293200 evals, 48279 msecs)
 EvalRate 668 k/s (32433000 evals, 48493 msecs)
 EvalRate 668 k/s (32572800 evals, 48704 msecs)
 EvalRate 668 k/s (32712600 evals, 48911 msecs)
 EvalRate 668 k/s (32852400 evals, 49120 msecs)
 EvalRate 668 k/s (32992200 evals, 49328 msecs)
 EvalRate 668 k/s (33132000 evals, 49535 msecs)
 EvalRate 668 k/s (33271800 evals, 49743 msecs)
 EvalRate 668 k/s (33411600 evals, 49946 msecs)
 EvalRate 668 k/s (33551400 evals, 50152 msecs)
 EvalRate 668 k/s (33691200 evals, 50362 msecs)
 EvalRate 668 k/s (33831000 evals, 50572 msecs)
 EvalRate 669 k/s (33970800 evals, 50778 msecs)
 EvalRate 669 k/s (34110600 evals, 50984 msecs)
 EvalRate 669 k/s (34250400 evals, 51189 msecs)
 EvalRate 669 k/s (34390200 evals, 51390 msecs)
 EvalRate 669 k/s (34530000 evals, 51592 msecs)
 EvalRate 669 k/s (34669800 evals, 51799 msecs)
 EvalRate 669 k/s (34809600 evals, 52010 msecs)
 EvalRate 669 k/s (34949400 evals, 52220 msecs)
 EvalRate 669 k/s (35089200 evals, 52423 msecs)
 EvalRate 669 k/s (35229000 evals, 52630 msecs)
 EvalRate 669 k/s (35368800 evals, 52841 msecs)
 EvalRate 669 k/s (35508600 evals, 53051 msecs)
 EvalRate 669 k/s (35648400 evals, 53257 msecs)
 EvalRate 669 k/s (35788200 evals, 53461 msecs)
 EvalRate 669 k/s (35928000 evals, 53665 msecs)
 EvalRate 669 k/s (36067800 evals, 53869 msecs)
 EvalRate 669 k/s (36207600 evals, 54072 msecs)
 EvalRate 669 k/s (36347400 evals, 54274 msecs)
 EvalRate 669 k/s (36487200 evals, 54481 msecs)
 EvalRate 669 k/s (36627000 evals, 54686 msecs)
 EvalRate 669 k/s (36766800 evals, 54892 msecs)
 EvalRate 669 k/s (36906600 evals, 55100 msecs)
 EvalRate 669 k/s (37046400 evals, 55304 msecs)
 EvalRate 669 k/s (37186200 evals, 55507 msecs)
 EvalRate 669 k/s (37326000 evals, 55715 msecs)
 EvalRate 669 k/s (37465800 evals, 55922 msecs)
 EvalRate 670 k/s (37605600 evals, 56126 msecs)
 EvalRate 670 k/s (37745400 evals, 56330 msecs)
 EvalRate 670 k/s (37885200 evals, 56536 msecs)
 EvalRate 670 k/s (38025000 evals, 56738 msecs)
 EvalRate 670 k/s (38164800 evals, 56941 msecs)
 EvalRate 670 k/s (38304600 evals, 57145 msecs)
 EvalRate 670 k/s (38444400 evals, 57352 msecs)
 EvalRate 670 k/s (38584200 evals, 57561 msecs)
 EvalRate 670 k/s (38724000 evals, 57778 msecs)
 EvalRate 670 k/s (38863800 evals, 58001 msecs)
 EvalRate 669 k/s (39003600 evals, 58221 msecs)
 EvalRate 669 k/s (39143400 evals, 58432 msecs)
 EvalRate 669 k/s (39283200 evals, 58643 msecs)
 EvalRate 669 k/s (39423000 evals, 58865 msecs)
 EvalRate 669 k/s (39562800 evals, 59090 msecs)
 EvalRate 669 k/s (39702600 evals, 59310 msecs)
 EvalRate 669 k/s (39842400 evals, 59526 msecs)
 EvalRate 669 k/s (39982200 evals, 59742 msecs)
 EvalRate 669 k/s (40122000 evals, 59954 msecs)
 EvalRate 669 k/s (40261800 evals, 60173 msecs)
 EvalRate 669 k/s (40401600 evals, 60389 msecs)
 EvalRate 669 k/s (40541400 evals, 60600 msecs)
 EvalRate 668 k/s (40681200 evals, 60814 msecs)
 EvalRate 668 k/s (40821000 evals, 61033 msecs)
 EvalRate 668 k/s (40960800 evals, 61246 msecs)
 EvalRate 668 k/s (41100600 evals, 61457 msecs)
 EvalRate 668 k/s (41240400 evals, 61667 msecs)
 EvalRate 668 k/s (41380200 evals, 61874 msecs)
 EvalRate 668 k/s (41520000 evals, 62080 msecs)
 EvalRate 668 k/s (41659800 evals, 62299 msecs)
 EvalRate 668 k/s (41799600 evals, 62520 msecs)
 EvalRate 668 k/s (41939400 evals, 62734 msecs)
 EvalRate 668 k/s (42079200 evals, 62946 msecs)
 EvalRate 668 k/s (42219000 evals, 63161 msecs)
 EvalRate 668 k/s (42358800 evals, 63382 msecs)
 EvalRate 668 k/s (42498600 evals, 63598 msecs)
 EvalRate 668 k/s (42638400 evals, 63807 msecs)
 EvalRate 668 k/s (42778200 evals, 64018 msecs)
 EvalRate 668 k/s (42918000 evals, 64228 msecs)
 EvalRate 668 k/s (43057800 evals, 64434 msecs)
 EvalRate 668 k/s (43197600 evals, 64642 msecs)
 EvalRate 668 k/s (43337400 evals, 64858 msecs)
 EvalRate 668 k/s (43477200 evals, 65068 msecs)
 EvalRate 668 k/s (43617000 evals, 65287 msecs)
 EvalRate 668 k/s (43756800 evals, 65501 msecs)
 EvalRate 668 k/s (43896600 evals, 65708 msecs)
 EvalRate 668 k/s (44036400 evals, 65921 msecs)
 EvalRate 667 k/s (44176200 evals, 66136 msecs)
 EvalRate 667 k/s (44316000 evals, 66348 msecs)
 EvalRate 667 k/s (44455800 evals, 66558 msecs)
 EvalRate 667 k/s (44595600 evals, 66771 msecs)
 EvalRate 667 k/s (44735400 evals, 66979 msecs)
 EvalRate 667 k/s (44875200 evals, 67186 msecs)
 EvalRate 667 k/s (45015000 evals, 67398 msecs)
 EvalRate 667 k/s (45154800 evals, 67608 msecs)
 EvalRate 667 k/s (45294600 evals, 67821 msecs)
 EvalRate 667 k/s (45434400 evals, 68049 msecs)
 EvalRate 667 k/s (45574200 evals, 68271 msecs)
 EvalRate 667 k/s (45714000 evals, 68482 msecs)
 EvalRate 667 k/s (45853800 evals, 68697 msecs)
 EvalRate 667 k/s (45993600 evals, 68920 msecs)
 EvalRate 667 k/s (46133400 evals, 69145 msecs)
 EvalRate 667 k/s (46273200 evals, 69366 msecs)
 EvalRate 666 k/s (46413000 evals, 69585 msecs)
 EvalRate 666 k/s (46552800 evals, 69803 msecs)
 EvalRate 666 k/s (46692600 evals, 70021 msecs)
 EvalRate 666 k/s (46832400 evals, 70243 msecs)
 EvalRate 666 k/s (46972200 evals, 70459 msecs)
 EvalRate 666 k/s (47112000 evals, 70669 msecs)
 EvalRate 666 k/s (47251800 evals, 70881 msecs)
 EvalRate 666 k/s (47391600 evals, 71100 msecs)
 EvalRate 666 k/s (47531400 evals, 71312 msecs)
 EvalRate 666 k/s (47671200 evals, 71528 msecs)
 EvalRate 666 k/s (47811000 evals, 71737 msecs)
 EvalRate 666 k/s (47950800 evals, 71944 msecs)
 EvalRate 666 k/s (48090600 evals, 72153 msecs)
 EvalRate 666 k/s (48230400 evals, 72376 msecs)
 EvalRate 666 k/s (48370200 evals, 72594 msecs)
 EvalRate 666 k/s (48510000 evals, 72810 msecs)
 EvalRate 666 k/s (48649800 evals, 73019 msecs)
 EvalRate 666 k/s (48789600 evals, 73242 msecs)
 EvalRate 666 k/s (48929400 evals, 73462 msecs)
 EvalRate 666 k/s (49069200 evals, 73673 msecs)
 EvalRate 666 k/s (49209000 evals, 73886 msecs)
 EvalRate 666 k/s (49348800 evals, 74097 msecs)
 EvalRate 666 k/s (49488600 evals, 74306 msecs)
 EvalRate 666 k/s (49628400 evals, 74514 msecs)
 EvalRate 665 k/s (49768200 evals, 74729 msecs)
 EvalRate 665 k/s (49908000 evals, 74943 msecs)
 EvalRate 665 k/s (50047800 evals, 75158 msecs)
 EvalRate 665 k/s (50187600 evals, 75378 msecs)
 EvalRate 665 k/s (50327400 evals, 75587 msecs)
 EvalRate 665 k/s (50467200 evals, 75798 msecs)
 EvalRate 665 k/s (50607000 evals, 76014 msecs)
 EvalRate 665 k/s (50746800 evals, 76226 msecs)
 EvalRate 665 k/s (50886600 evals, 76435 msecs)
 EvalRate 665 k/s (51026400 evals, 76650 msecs)
 EvalRate 665 k/s (51166200 evals, 76859 msecs)
 EvalRate 665 k/s (51306000 evals, 77068 msecs)
 EvalRate 665 k/s (51445800 evals, 77281 msecs)
 EvalRate 665 k/s (51585600 evals, 77484 msecs)
 EvalRate 665 k/s (51725400 evals, 77685 msecs)
 EvalRate 665 k/s (51865200 evals, 77887 msecs)
 EvalRate 665 k/s (52005000 evals, 78104 msecs)
 EvalRate 665 k/s (52144800 evals, 78321 msecs)
 EvalRate 665 k/s (52284600 evals, 78534 msecs)
 EvalRate 665 k/s (52424400 evals, 78743 msecs)
 EvalRate 665 k/s (52564200 evals, 78949 msecs)
 EvalRate 665 k/s (52704000 evals, 79156 msecs)
 EvalRate 665 k/s (52843800 evals, 79363 msecs)
 EvalRate 665 k/s (52983600 evals, 79582 msecs)
 EvalRate 665 k/s (53123400 evals, 79797 msecs)
 EvalRate 665 k/s (53263200 evals, 80012 msecs)
 EvalRate 665 k/s (53403000 evals, 80222 msecs)
 EvalRate 665 k/s (53542800 evals, 80430 msecs)
 EvalRate 665 k/s (53682600 evals, 80639 msecs)
 EvalRate 665 k/s (53822400 evals, 80848 msecs)
 EvalRate 665 k/s (53962200 evals, 81054 msecs)
 EvalRate 665 k/s (54102000 evals, 81259 msecs)
 EvalRate 665 k/s (54241800 evals, 81470 msecs)
 EvalRate 665 k/s (54381600 evals, 81680 msecs)
 EvalRate 665 k/s (54521400 evals, 81886 msecs)
 EvalRate 665 k/s (54661200 evals, 82089 msecs)
 EvalRate 665 k/s (54801000 evals, 82294 msecs)
 EvalRate 665 k/s (54940800 evals, 82501 msecs)
 EvalRate 665 k/s (55080600 evals, 82714 msecs)
 EvalRate 665 k/s (55220400 evals, 82922 msecs)
 EvalRate 665 k/s (55360200 evals, 83127 msecs)
 EvalRate 665 k/s (55500000 evals, 83337 msecs)
 EvalRate 666 k/s (55639800 evals, 83541 msecs)
 EvalRate 666 k/s (55779600 evals, 83744 msecs)
 EvalRate 666 k/s (55919400 evals, 83943 msecs)
 EvalRate 666 k/s (56059200 evals, 84142 msecs)
 EvalRate 666 k/s (56199000 evals, 84341 msecs)
 EvalRate 666 k/s (56338800 evals, 84550 msecs)
 EvalRate 666 k/s (56478600 evals, 84763 msecs)
 EvalRate 666 k/s (56618400 evals, 84978 msecs)
 EvalRate 666 k/s (56758200 evals, 85187 msecs)
 EvalRate 666 k/s (56898000 evals, 85393 msecs)
 EvalRate 666 k/s (57037800 evals, 85598 msecs)
 EvalRate 666 k/s (57177600 evals, 85802 msecs)
 EvalRate 666 k/s (57317400 evals, 86018 msecs)
 EvalRate 666 k/s (57457200 evals, 86231 msecs)
 EvalRate 666 k/s (57597000 evals, 86442 msecs)
 EvalRate 666 k/s (57736800 evals, 86646 msecs)
 EvalRate 666 k/s (57876600 evals, 86846 msecs)
 EvalRate 666 k/s (58016400 evals, 87052 msecs)
 EvalRate 666 k/s (58156200 evals, 87255 msecs)
 EvalRate 666 k/s (58296000 evals, 87458 msecs)
 EvalRate 666 k/s (58435800 evals, 87659 msecs)
 EvalRate 666 k/s (58575600 evals, 87858 msecs)
 EvalRate 666 k/s (58715400 evals, 88059 msecs)
 EvalRate 666 k/s (58855200 evals, 88263 msecs)
 EvalRate 666 k/s (58995000 evals, 88473 msecs)
 EvalRate 666 k/s (59134800 evals, 88677 msecs)
 EvalRate 666 k/s (59274600 evals, 88882 msecs)
 EvalRate 666 k/s (59414400 evals, 89091 msecs)
 EvalRate 666 k/s (59554200 evals, 89302 msecs)
 EvalRate 666 k/s (59694000 evals, 89504 msecs)
 EvalRate 667 k/s (59833800 evals, 89703 msecs)
 EvalRate 667 k/s (59973600 evals, 89905 msecs)
 EvalRate 667 k/s (60113400 evals, 90115 msecs)
 EvalRate 667 k/s (60253200 evals, 90323 msecs)
 EvalRate 667 k/s (60393000 evals, 90528 msecs)
 EvalRate 667 k/s (60532800 evals, 90731 msecs)
 EvalRate 667 k/s (60672600 evals, 90933 msecs)
 EvalRate 667 k/s (60812400 evals, 91140 msecs)
 EvalRate 667 k/s (60952200 evals, 91343 msecs)
 EvalRate 667 k/s (61092000 evals, 91544 msecs)
 EvalRate 667 k/s (61231800 evals, 91746 msecs)
 EvalRate 667 k/s (61371600 evals, 91946 msecs)
 EvalRate 667 k/s (61511400 evals, 92151 msecs)
 EvalRate 667 k/s (61651200 evals, 92353 msecs)
 EvalRate 667 k/s (61791000 evals, 92556 msecs)
 EvalRate 667 k/s (61930800 evals, 92764 msecs)
 EvalRate 667 k/s (62070600 evals, 92979 msecs)
 EvalRate 667 k/s (62210400 evals, 93202 msecs)
 EvalRate 667 k/s (62350200 evals, 93419 msecs)
 EvalRate 667 k/s (62490000 evals, 93631 msecs)
 EvalRate 667 k/s (62629800 evals, 93835 msecs)
 EvalRate 667 k/s (62769600 evals, 94045 msecs)
 EvalRate 667 k/s (62909400 evals, 94258 msecs)
 EvalRate 667 k/s (63049200 evals, 94477 msecs)
 EvalRate 667 k/s (63189000 evals, 94697 msecs)
 EvalRate 667 k/s (63328800 evals, 94914 msecs)
 EvalRate 667 k/s (63468600 evals, 95130 msecs)
 EvalRate 667 k/s (63608400 evals, 95344 msecs)
 EvalRate 667 k/s (63748200 evals, 95554 msecs)
 EvalRate 667 k/s (63888000 evals, 95765 msecs)
 EvalRate 667 k/s (64027800 evals, 95972 msecs)
 EvalRate 667 k/s (64167600 evals, 96185 msecs)
 EvalRate 667 k/s (64307400 evals, 96396 msecs)
 EvalRate 667 k/s (64447200 evals, 96611 msecs)
 EvalRate 667 k/s (64587000 evals, 96820 msecs)
 EvalRate 667 k/s (64726800 evals, 97025 msecs)
 EvalRate 667 k/s (64866600 evals, 97229 msecs)
 EvalRate 667 k/s (65006400 evals, 97430 msecs)
 EvalRate 667 k/s (65146200 evals, 97648 msecs)
 EvalRate 667 k/s (65286000 evals, 97857 msecs)
 EvalRate 667 k/s (65425800 evals, 98061 msecs)
 EvalRate 667 k/s (65565600 evals, 98272 msecs)
 EvalRate 667 k/s (65705400 evals, 98484 msecs)
 EvalRate 667 k/s (65845200 evals, 98688 msecs)
 EvalRate 667 k/s (65985000 evals, 98890 msecs)
 EvalRate 667 k/s (66124800 evals, 99093 msecs)
 EvalRate 667 k/s (66264600 evals, 99294 msecs)
 EvalRate 667 k/s (66404400 evals, 99501 msecs)
 EvalRate 667 k/s (66544200 evals, 99719 msecs)
 EvalRate 667 k/s (66684000 evals, 99935 msecs)
 EvalRate 667 k/s (66823800 evals, 100149 msecs)
 EvalRate 667 k/s (66963600 evals, 100364 msecs)
 EvalRate 667 k/s (67103400 evals, 100573 msecs)
 EvalRate 667 k/s (67243200 evals, 100777 msecs)
 EvalRate 667 k/s (67383000 evals, 100990 msecs)
 EvalRate 667 k/s (67522800 evals, 101210 msecs)
 EvalRate 667 k/s (67662600 evals, 101424 msecs)
 EvalRate 667 k/s (67802400 evals, 101632 msecs)
 EvalRate 667 k/s (67942200 evals, 101833 msecs)
 EvalRate 667 k/s (68082000 evals, 102041 msecs)
 EvalRate 667 k/s (68221800 evals, 102249 msecs)
 EvalRate 667 k/s (68361600 evals, 102454 msecs)
 EvalRate 667 k/s (68501400 evals, 102657 msecs)
 EvalRate 667 k/s (68641200 evals, 102859 msecs)
 EvalRate 667 k/s (68781000 evals, 103061 msecs)
 EvalRate 667 k/s (68920800 evals, 103267 msecs)
 EvalRate 667 k/s (69060600 evals, 103482 msecs)
 EvalRate 667 k/s (69200400 evals, 103692 msecs)
 EvalRate 667 k/s (69340200 evals, 103901 msecs)
 EvalRate 667 k/s (69480000 evals, 104112 msecs)
 EvalRate 667 k/s (69619800 evals, 104326 msecs)
 EvalRate 667 k/s (69759600 evals, 104533 msecs)
 EvalRate 667 k/s (69899400 evals, 104735 msecs)
 EvalRate 667 k/s (70039200 evals, 104938 msecs)
 EvalRate 667 k/s (70179000 evals, 105149 msecs)
 EvalRate 667 k/s (70318800 evals, 105360 msecs)
 EvalRate 667 k/s (70458600 evals, 105568 msecs)
 EvalRate 667 k/s (70598400 evals, 105774 msecs)
 EvalRate 667 k/s (70738200 evals, 105977 msecs)
 EvalRate 667 k/s (70878000 evals, 106188 msecs)
 EvalRate 667 k/s (71017800 evals, 106396 msecs)
 EvalRate 667 k/s (71157600 evals, 106601 msecs)
 EvalRate 667 k/s (71297400 evals, 106804 msecs)
 EvalRate 667 k/s (71437200 evals, 107006 msecs)
 EvalRate 667 k/s (71577000 evals, 107213 msecs)
 EvalRate 667 k/s (71716800 evals, 107417 msecs)
 EvalRate 667 k/s (71856600 evals, 107615 msecs)
 EvalRate 667 k/s (71996400 evals, 107817 msecs)
 EvalRate 667 k/s (72136200 evals, 108026 msecs)
 EvalRate 667 k/s (72276000 evals, 108234 msecs)
 EvalRate 667 k/s (72415800 evals, 108434 msecs)
 EvalRate 667 k/s (72555600 evals, 108634 msecs)
 EvalRate 667 k/s (72695400 evals, 108841 msecs)
 EvalRate 667 k/s (72835200 evals, 109051 msecs)
 EvalRate 667 k/s (72975000 evals, 109257 msecs)
 EvalRate 667 k/s (73114800 evals, 109457 msecs)
 EvalRate 668 k/s (73254600 evals, 109660 msecs)
 EvalRate 668 k/s (73394400 evals, 109861 msecs)
 EvalRate 668 k/s (73534200 evals, 110062 msecs)
 EvalRate 668 k/s (73674000 evals, 110265 msecs)
 EvalRate 668 k/s (73813800 evals, 110463 msecs)
 EvalRate 668 k/s (73953600 evals, 110662 msecs)
 EvalRate 668 k/s (74093400 evals, 110867 msecs)
 EvalRate 668 k/s (74233200 evals, 111070 msecs)
 EvalRate 668 k/s (74373000 evals, 111272 msecs)
 EvalRate 668 k/s (74512800 evals, 111470 msecs)
 EvalRate 668 k/s (74652600 evals, 111667 msecs)
 EvalRate 668 k/s (74792400 evals, 111862 msecs)
 EvalRate 668 k/s (74932200 evals, 112062 msecs)
 EvalRate 668 k/s (75072000 evals, 112270 msecs)
 EvalRate 668 k/s (75211800 evals, 112475 msecs)
 EvalRate 668 k/s (75351600 evals, 112673 msecs)
 EvalRate 668 k/s (75491400 evals, 112874 msecs)
 EvalRate 668 k/s (75631200 evals, 113079 msecs)
 EvalRate 668 k/s (75771000 evals, 113286 msecs)
 EvalRate 668 k/s (75910800 evals, 113486 msecs)
 EvalRate 668 k/s (76050600 evals, 113685 msecs)
 EvalRate 669 k/s (76190400 evals, 113884 msecs)
 EvalRate 669 k/s (76330200 evals, 114081 msecs)
 EvalRate 669 k/s (76470000 evals, 114276 msecs)
 EvalRate 669 k/s (76609800 evals, 114475 msecs)
 EvalRate 669 k/s (76749600 evals, 114676 msecs)
 EvalRate 669 k/s (76889400 evals, 114875 msecs)
 EvalRate 669 k/s (77029200 evals, 115079 msecs)
 EvalRate 669 k/s (77169000 evals, 115278 msecs)
 EvalRate 669 k/s (77308800 evals, 115474 msecs)
 EvalRate 669 k/s (77448600 evals, 115676 msecs)
 EvalRate 669 k/s (77588400 evals, 115878 msecs)
 EvalRate 669 k/s (77728200 evals, 116077 msecs)
 EvalRate 669 k/s (77868000 evals, 116276 msecs)
 EvalRate 669 k/s (78007800 evals, 116476 msecs)
 EvalRate 669 k/s (78147600 evals, 116672 msecs)
 EvalRate 669 k/s (78287400 evals, 116868 msecs)
 EvalRate 669 k/s (78427200 evals, 117067 msecs)
 EvalRate 669 k/s (78567000 evals, 117271 msecs)
 EvalRate 669 k/s (78706800 evals, 117478 msecs)
 EvalRate 669 k/s (78846600 evals, 117698 msecs)
 EvalRate 669 k/s (78986400 evals, 117916 msecs)
 EvalRate 669 k/s (79126200 evals, 118124 msecs)
 EvalRate 669 k/s (79266000 evals, 118333 msecs)
 EvalRate 669 k/s (79405800 evals, 118548 msecs)
 EvalRate 669 k/s (79545600 evals, 118767 msecs)
 EvalRate 669 k/s (79685400 evals, 118984 msecs)
 EvalRate 669 k/s (79825200 evals, 119196 msecs)
 EvalRate 669 k/s (79965000 evals, 119406 msecs)
 EvalRate 669 k/s (80104800 evals, 119616 msecs)
 EvalRate 669 k/s (80244600 evals, 119828 msecs)
 EvalRate 669 k/s (80384400 evals, 120040 msecs)
 EvalRate 669 k/s (80524200 evals, 120246 msecs)
 EvalRate 669 k/s (80664000 evals, 120450 msecs)
 EvalRate 669 k/s (80803800 evals, 120665 msecs)
 EvalRate 669 k/s (80943600 evals, 120872 msecs)
 EvalRate 669 k/s (81083400 evals, 121080 msecs)
 EvalRate 669 k/s (81223200 evals, 121286 msecs)
 EvalRate 669 k/s (81363000 evals, 121488 msecs)
 EvalRate 669 k/s (81502800 evals, 121688 msecs)
 EvalRate 669 k/s (81642600 evals, 121900 msecs)
 EvalRate 669 k/s (81782400 evals, 122117 msecs)
 EvalRate 669 k/s (81922200 evals, 122329 msecs)
 EvalRate 669 k/s (82062000 evals, 122535 msecs)
 EvalRate 669 k/s (82201800 evals, 122745 msecs)
 EvalRate 669 k/s (82341600 evals, 122962 msecs)
 EvalRate 669 k/s (82481400 evals, 123175 msecs)
 EvalRate 669 k/s (82621200 evals, 123379 msecs)
 EvalRate 669 k/s (82761000 evals, 123586 msecs)
 EvalRate 669 k/s (82900800 evals, 123790 msecs)
 EvalRate 669 k/s (83040600 evals, 123993 msecs)
 EvalRate 669 k/s (83180400 evals, 124196 msecs)
 EvalRate 669 k/s (83320200 evals, 124409 msecs)
 EvalRate 669 k/s (83460000 evals, 124613 msecs)
 EvalRate 669 k/s (83599800 evals, 124825 msecs)
 EvalRate 669 k/s (83739600 evals, 125036 msecs)
 EvalRate 669 k/s (83879400 evals, 125239 msecs)
 EvalRate 669 k/s (84019200 evals, 125447 msecs)
 EvalRate 669 k/s (84159000 evals, 125658 msecs)
 EvalRate 669 k/s (84298800 evals, 125863 msecs)
 EvalRate 669 k/s (84438600 evals, 126069 msecs)
 EvalRate 669 k/s (84578400 evals, 126278 msecs)
 EvalRate 669 k/s (84718200 evals, 126483 msecs)
 EvalRate 669 k/s (84858000 evals, 126687 msecs)
 EvalRate 669 k/s (84997800 evals, 126894 msecs)
 EvalRate 669 k/s (85137600 evals, 127093 msecs)
 EvalRate 669 k/s (85277400 evals, 127292 msecs)
 EvalRate 669 k/s (85417200 evals, 127501 msecs)
 EvalRate 669 k/s (85557000 evals, 127708 msecs)
 EvalRate 669 k/s (85696800 evals, 127914 msecs)
 EvalRate 669 k/s (85836600 evals, 128115 msecs)
 EvalRate 670 k/s (85976400 evals, 128318 msecs)
 EvalRate 670 k/s (86116200 evals, 128524 msecs)
 EvalRate 670 k/s (86256000 evals, 128732 msecs)
 EvalRate 670 k/s (86395800 evals, 128940 msecs)
 EvalRate 670 k/s (86535600 evals, 129144 msecs)
 EvalRate 670 k/s (86675400 evals, 129346 msecs)
 EvalRate 670 k/s (86815200 evals, 129547 msecs)
 EvalRate 670 k/s (86955000 evals, 129749 msecs)
 EvalRate 670 k/s (87094800 evals, 129952 msecs)
 EvalRate 670 k/s (87234600 evals, 130159 msecs)
 EvalRate 670 k/s (87374400 evals, 130357 msecs)
 EvalRate 670 k/s (87514200 evals, 130558 msecs)
 EvalRate 670 k/s (87654000 evals, 130760 msecs)
 EvalRate 670 k/s (87793800 evals, 130965 msecs)
 EvalRate 670 k/s (87933600 evals, 131164 msecs)
 EvalRate 670 k/s (88073400 evals, 131367 msecs)
 EvalRate 670 k/s (88213200 evals, 131568 msecs)
 EvalRate 670 k/s (88353000 evals, 131767 msecs)
 EvalRate 670 k/s (88492800 evals, 131966 msecs)
 EvalRate 670 k/s (88632600 evals, 132166 msecs)
 EvalRate 670 k/s (88772400 evals, 132373 msecs)
 EvalRate 670 k/s (88912200 evals, 132581 msecs)
 EvalRate 670 k/s (89052000 evals, 132785 msecs)
 EvalRate 670 k/s (89191800 evals, 132988 msecs)
 EvalRate 670 k/s (89331600 evals, 133190 msecs)
 EvalRate 670 k/s (89471400 evals, 133398 msecs)
 EvalRate 670 k/s (89611200 evals, 133606 msecs)
 EvalRate 670 k/s (89751000 evals, 133807 msecs)
 EvalRate 670 k/s (89890800 evals, 134007 msecs)
 EvalRate 670 k/s (90030600 evals, 134208 msecs)
 EvalRate 670 k/s (90170400 evals, 134408 msecs)
 EvalRate 670 k/s (90310200 evals, 134606 msecs)
 EvalRate 670 k/s (90450000 evals, 134804 msecs)
 EvalRate 671 k/s (90589800 evals, 135005 msecs)
 EvalRate 671 k/s (90729600 evals, 135208 msecs)
 EvalRate 671 k/s (90869400 evals, 135409 msecs)
 EvalRate 671 k/s (91009200 evals, 135613 msecs)
 EvalRate 671 k/s (91149000 evals, 135816 msecs)
 EvalRate 671 k/s (91288800 evals, 136013 msecs)
 EvalRate 671 k/s (91428600 evals, 136210 msecs)
 EvalRate 671 k/s (91568400 evals, 136414 msecs)
 EvalRate 671 k/s (91708200 evals, 136616 msecs)
 EvalRate 671 k/s (91848000 evals, 136816 msecs)
 EvalRate 671 k/s (91987800 evals, 137015 msecs)
 EvalRate 671 k/s (92127600 evals, 137219 msecs)
 EvalRate 671 k/s (92267400 evals, 137419 msecs)
 EvalRate 671 k/s (92407200 evals, 137616 msecs)
 EvalRate 671 k/s (92547000 evals, 137816 msecs)
 EvalRate 671 k/s (92686800 evals, 138015 msecs)
 EvalRate 671 k/s (92826600 evals, 138214 msecs)
 EvalRate 671 k/s (92966400 evals, 138418 msecs)
 EvalRate 671 k/s (93106200 evals, 138627 msecs)
 EvalRate 671 k/s (93246000 evals, 138835 msecs)
 EvalRate 671 k/s (93385800 evals, 139035 msecs)
 EvalRate 671 k/s (93525600 evals, 139236 msecs)
 EvalRate 671 k/s (93665400 evals, 139443 msecs)
 EvalRate 671 k/s (93805200 evals, 139654 msecs)
 EvalRate 671 k/s (93945000 evals, 139863 msecs)
 EvalRate 671 k/s (94084800 evals, 140072 msecs)
 EvalRate 671 k/s (94224600 evals, 140279 msecs)
 EvalRate 671 k/s (94364400 evals, 140483 msecs)
 EvalRate 671 k/s (94504200 evals, 140683 msecs)
 EvalRate 671 k/s (94644000 evals, 140890 msecs)
 EvalRate 671 k/s (94783800 evals, 141098 msecs)
 EvalRate 671 k/s (94923600 evals, 141303 msecs)
 EvalRate 671 k/s (95063400 evals, 141503 msecs)
 EvalRate 671 k/s (95203200 evals, 141701 msecs)
 EvalRate 671 k/s (95343000 evals, 141904 msecs)
 EvalRate 671 k/s (95482800 evals, 142107 msecs)
 EvalRate 671 k/s (95622600 evals, 142303 msecs)
 EvalRate 671 k/s (95762400 evals, 142513 msecs)
 EvalRate 671 k/s (95902200 evals, 142714 msecs)
 EvalRate 672 k/s (96042000 evals, 142911 msecs)
 EvalRate 672 k/s (96181800 evals, 143110 msecs)
 EvalRate 672 k/s (96321600 evals, 143308 msecs)
 EvalRate 672 k/s (96461400 evals, 143515 msecs)
 EvalRate 672 k/s (96601200 evals, 143721 msecs)
 EvalRate 672 k/s (96741000 evals, 143928 msecs)
 EvalRate 672 k/s (96880800 evals, 144133 msecs)
 EvalRate 672 k/s (97020600 evals, 144330 msecs)
 EvalRate 672 k/s (97160400 evals, 144541 msecs)
 EvalRate 672 k/s (97300200 evals, 144747 msecs)
 EvalRate 672 k/s (97440000 evals, 144946 msecs)
 EvalRate 672 k/s (97579800 evals, 145145 msecs)
 EvalRate 672 k/s (97719600 evals, 145346 msecs)
 EvalRate 672 k/s (97859400 evals, 145546 msecs)
 EvalRate 672 k/s (97999200 evals, 145743 msecs)
 EvalRate 672 k/s (98139000 evals, 145940 msecs)
 EvalRate 672 k/s (98278800 evals, 146140 msecs)
 EvalRate 672 k/s (98418600 evals, 146345 msecs)
 EvalRate 672 k/s (98558400 evals, 146548 msecs)
 EvalRate 672 k/s (98698200 evals, 146750 msecs)
 EvalRate 672 k/s (98838000 evals, 146955 msecs)
 EvalRate 672 k/s (98977800 evals, 147153 msecs)
 EvalRate 672 k/s (99117600 evals, 147350 msecs)
 EvalRate 672 k/s (99257400 evals, 147554 msecs)
 EvalRate 672 k/s (99397200 evals, 147758 msecs)
 EvalRate 672 k/s (99537000 evals, 147958 msecs)
 EvalRate 672 k/s (99676800 evals, 148157 msecs)
 EvalRate 672 k/s (99816600 evals, 148359 msecs)
 EvalRate 672 k/s (99956400 evals, 148559 msecs)
 EvalRate 672 k/s (100096200 evals, 148756 msecs)
 EvalRate 672 k/s (100236000 evals, 148955 msecs)
 EvalRate 672 k/s (100375800 evals, 149155 msecs)
 EvalRate 672 k/s (100515600 evals, 149361 msecs)
 EvalRate 672 k/s (100655400 evals, 149572 msecs)
 EvalRate 672 k/s (100795200 evals, 149795 msecs)
 EvalRate 672 k/s (100935000 evals, 150013 msecs)
 EvalRate 672 k/s (101074800 evals, 150219 msecs)
 EvalRate 672 k/s (101214600 evals, 150431 msecs)
 EvalRate 672 k/s (101354400 evals, 150651 msecs)
 EvalRate 672 k/s (101494200 evals, 150874 msecs)
 EvalRate 672 k/s (101634000 evals, 151091 msecs)
 EvalRate 672 k/s (101773800 evals, 151306 msecs)
 EvalRate 672 k/s (101913600 evals, 151517 msecs)
 EvalRate 672 k/s (102053400 evals, 151729 msecs)
 EvalRate 672 k/s (102193200 evals, 151946 msecs)
 EvalRate 672 k/s (102333000 evals, 152159 msecs)
 EvalRate 672 k/s (102472800 evals, 152365 msecs)
 EvalRate 672 k/s (102612600 evals, 152572 msecs)
 EvalRate 672 k/s (102752400 evals, 152788 msecs)
 EvalRate 672 k/s (102892200 evals, 152994 msecs)
 EvalRate 672 k/s (103032000 evals, 153205 msecs)
 EvalRate 672 k/s (103171800 evals, 153412 msecs)
 EvalRate 672 k/s (103311600 evals, 153615 msecs)
 EvalRate 672 k/s (103451400 evals, 153816 msecs)
 EvalRate 672 k/s (103591200 evals, 154035 msecs)
 EvalRate 672 k/s (103731000 evals, 154252 msecs)
 EvalRate 672 k/s (103870800 evals, 154466 msecs)
 EvalRate 672 k/s (104010600 evals, 154675 msecs)
 EvalRate 672 k/s (104150400 evals, 154888 msecs)
 EvalRate 672 k/s (104290200 evals, 155106 msecs)
 EvalRate 672 k/s (104430000 evals, 155317 msecs)
 EvalRate 672 k/s (104569800 evals, 155523 msecs)
 EvalRate 672 k/s (104709600 evals, 155732 msecs)
 EvalRate 672 k/s (104849400 evals, 155936 msecs)
 EvalRate 672 k/s (104989200 evals, 156139 msecs)
 EvalRate 672 k/s (105129000 evals, 156343 msecs)
 EvalRate 672 k/s (105268800 evals, 156559 msecs)
 EvalRate 672 k/s (105408600 evals, 156766 msecs)
 EvalRate 672 k/s (105548400 evals, 156979 msecs)
 EvalRate 672 k/s (105688200 evals, 157191 msecs)
 EvalRate 672 k/s (105828000 evals, 157395 msecs)
 EvalRate 672 k/s (105967800 evals, 157604 msecs)
 EvalRate 672 k/s (106107600 evals, 157816 msecs)
 EvalRate 672 k/s (106247400 evals, 158022 msecs)
 EvalRate 672 k/s (106387200 evals, 158230 msecs)
 EvalRate 672 k/s (106527000 evals, 158438 msecs)
 EvalRate 672 k/s (106666800 evals, 158643 msecs)
 EvalRate 672 k/s (106806600 evals, 158848 msecs)
 EvalRate 672 k/s (106946400 evals, 159055 msecs)
 EvalRate 672 k/s (107086200 evals, 159253 msecs)
 EvalRate 672 k/s (107226000 evals, 159458 msecs)
 EvalRate 672 k/s (107365800 evals, 159672 msecs)
 EvalRate 672 k/s (107505600 evals, 159879 msecs)
 EvalRate 672 k/s (107645400 evals, 160078 msecs)
 EvalRate 672 k/s (107785200 evals, 160284 msecs)
 EvalRate 672 k/s (107925000 evals, 160496 msecs)
 EvalRate 672 k/s (108064800 evals, 160707 msecs)
 EvalRate 672 k/s (108204600 evals, 160916 msecs)
 EvalRate 672 k/s (108344400 evals, 161123 msecs)
 EvalRate 672 k/s (108484200 evals, 161329 msecs)
 EvalRate 672 k/s (108624000 evals, 161533 msecs)
 EvalRate 672 k/s (108763800 evals, 161738 msecs)
 EvalRate 672 k/s (108903600 evals, 161947 msecs)
 EvalRate 672 k/s (109043400 evals, 162147 msecs)
 EvalRate 672 k/s (109183200 evals, 162345 msecs)
 EvalRate 672 k/s (109323000 evals, 162550 msecs)
 EvalRate 672 k/s (109462800 evals, 162753 msecs)
 EvalRate 672 k/s (109602600 evals, 162957 msecs)
 EvalRate 672 k/s (109742400 evals, 163163 msecs)
 EvalRate 672 k/s (109882200 evals, 163358 msecs)
 EvalRate 672 k/s (110022000 evals, 163557 msecs)
 EvalRate 672 k/s (110161800 evals, 163756 msecs)
 EvalRate 672 k/s (110301600 evals, 163967 msecs)
 EvalRate 672 k/s (110441400 evals, 164173 msecs)
 EvalRate 672 k/s (110581200 evals, 164380 msecs)
 EvalRate 672 k/s (110721000 evals, 164579 msecs)
 EvalRate 672 k/s (110860800 evals, 164788 msecs)
 EvalRate 672 k/s (111000600 evals, 164996 msecs)
 EvalRate 672 k/s (111140400 evals, 165198 msecs)
 EvalRate 672 k/s (111280200 evals, 165398 msecs)
 EvalRate 672 k/s (111420000 evals, 165599 msecs)
 EvalRate 672 k/s (111559800 evals, 165796 msecs)
 EvalRate 672 k/s (111699600 evals, 165992 msecs)
 EvalRate 672 k/s (111839400 evals, 166191 msecs)
 EvalRate 672 k/s (111979200 evals, 166399 msecs)
 EvalRate 672 k/s (112119000 evals, 166601 msecs)
 EvalRate 672 k/s (112258800 evals, 166806 msecs)
 EvalRate 673 k/s (112398600 evals, 167010 msecs)
 EvalRate 673 k/s (112538400 evals, 167208 msecs)
 EvalRate 673 k/s (112678200 evals, 167409 msecs)
 EvalRate 673 k/s (112818000 evals, 167613 msecs)
 EvalRate 673 k/s (112957800 evals, 167814 msecs)
 EvalRate 673 k/s (113097600 evals, 168013 msecs)
 EvalRate 673 k/s (113237400 evals, 168217 msecs)
 EvalRate 673 k/s (113377200 evals, 168416 msecs)
 EvalRate 673 k/s (113517000 evals, 168612 msecs)
 EvalRate 673 k/s (113656800 evals, 168813 msecs)
 EvalRate 673 k/s (113796600 evals, 169012 msecs)
 EvalRate 673 k/s (113936400 evals, 169209 msecs)
 EvalRate 673 k/s (114076200 evals, 169411 msecs)
 EvalRate 673 k/s (114216000 evals, 169617 msecs)
 EvalRate 673 k/s (114355800 evals, 169823 msecs)
 EvalRate 673 k/s (114495600 evals, 170024 msecs)
 EvalRate 673 k/s (114635400 evals, 170225 msecs)
 EvalRate 673 k/s (114775200 evals, 170425 msecs)
 EvalRate 673 k/s (114915000 evals, 170627 msecs)
 EvalRate 673 k/s (115054800 evals, 170834 msecs)
 EvalRate 673 k/s (115194600 evals,slurmstepd: error: *** JOB 3423139 ON i03r11c03s04 CANCELLED AT 2024-06-20T11:36:56 ***
