Error in connect in Connection::sendString: Connection refused
Error in connect in Connection::sendString: Connection refused
Error in connect in Connection::sendString: Connection refused
Error in connect in Connection::sendString: Connection refused
Error in connect in Connection::sendString: Connection refused
Using strategy 'Negamax' (depth 5) ...
NetworkDomain::startListening: Port 23412 in use
NetworkDomain::startListening: Using Port 23413
Connection::start: localhost:23416
Connection::sendString: Cannot connect to localhost:23416
Connection::start: localhost:23415
Connection::sendString: Cannot connect to localhost:23415
Connection::start: localhost:23414
NetworkDomain::newConnection: localhost:23414, now 1 active connections
Connection::start: localhost:23412
NetworkDomain::newConnection: localhost:23412, now 2 active connections
 Reg of remote connection localhost:23412
NetworkDomain::addConnection: localhost:23412 already existing


==========================================

#69 X - O: 14, X: 10
       -----------
      / . . . . . \
     / . O . . . . \
    / . . O . . . . \
   / . . X . O . . . \
  | . X X O O O O . . |
   \ . X . O O O . . /
    \ . O O O O . . /
     \ . X X X X . /
      \ . . X . X /
       -----------

 Search started ...
 EvalRate 750 k/s (6000 evals, 8 msecs)
 EvalRate 776 k/s (156000 evals, 201 msecs)
 EvalRate 762 k/s (311200 evals, 408 msecs)
 EvalRate 749 k/s (466400 evals, 622 msecs)
 EvalRate 748 k/s (621600 evals, 831 msecs)
 EvalRate 743 k/s (776800 evals, 1045 msecs)
 EvalRate 745 k/s (932000 evals, 1251 msecs)
 EvalRate 744 k/s (1087200 evals, 1460 msecs)
 EvalRate 744 k/s (1242400 evals, 1669 msecs)
 EvalRate 745 k/s (1397600 evals, 1875 msecs)
 EvalRate 745 k/s (1552800 evals, 2082 msecs)
 EvalRate 746 k/s (1708000 evals, 2289 msecs)
 EvalRate 745 k/s (1863200 evals, 2499 msecs)
 EvalRate 743 k/s (2018400 evals, 2715 msecs)
 EvalRate 739 k/s (2173600 evals, 2939 msecs)
 EvalRate 736 k/s (2328800 evals, 3162 msecs)
 EvalRate 734 k/s (2484000 evals, 3381 msecs)
 EvalRate 734 k/s (2639200 evals, 3593 msecs)
 EvalRate 733 k/s (2794400 evals, 3810 msecs)
 EvalRate 732 k/s (2949600 evals, 4025 msecs)
 EvalRate 732 k/s (3104800 evals, 4239 msecs)
 EvalRate 732 k/s (3260000 evals, 4449 msecs)
 EvalRate 732 k/s (3415200 evals, 4663 msecs)
 EvalRate 732 k/s (3570400 evals, 4875 msecs)
 EvalRate 732 k/s (3725600 evals, 5089 msecs)
 EvalRate 732 k/s (3880800 evals, 5297 msecs)
 EvalRate 733 k/s (4036000 evals, 5503 msecs)
 EvalRate 733 k/s (4191200 evals, 5712 msecs)
 EvalRate 733 k/s (4346400 evals, 5923 msecs)
 EvalRate 733 k/s (4501600 evals, 6140 msecs)
 EvalRate 732 k/s (4656800 evals, 6355 msecs)
 EvalRate 733 k/s (4812000 evals, 6564 msecs)
 EvalRate 733 k/s (4967200 evals, 6772 msecs)
 EvalRate 733 k/s (5122400 evals, 6982 msecs)
 EvalRate 733 k/s (5277600 evals, 7199 msecs)
 EvalRate 732 k/s (5432800 evals, 7412 msecs)
 EvalRate 732 k/s (5588000 evals, 7630 msecs)
 EvalRate 731 k/s (5743200 evals, 7850 msecs)
 EvalRate 731 k/s (5898400 evals, 8063 msecs)
 EvalRate 731 k/s (6053600 evals, 8274 msecs)
 EvalRate 731 k/s (6208800 evals, 8487 msecs)
 EvalRate 731 k/s (6364000 evals, 8705 msecs)
 EvalRate 730 k/s (6519200 evals, 8921 msecs)
 EvalRate 730 k/s (6674400 evals, 9138 msecs)
 EvalRate 730 k/s (6829600 evals, 9352 msecs)
 EvalRate 730 k/s (6984800 evals, 9566 msecs)
 EvalRate 729 k/s (7140000 evals, 9781 msecs)
 EvalRate 729 k/s (7295200 evals, 9999 msecs)
 EvalRate 729 k/s (7450400 evals, 10215 msecs)
 EvalRate 729 k/s (7605600 evals, 10431 msecs)
 EvalRate 728 k/s (7760800 evals, 10651 msecs)
 EvalRate 728 k/s (7916000 evals, 10866 msecs)
 EvalRate 728 k/s (8071200 evals, 11078 msecs)
 EvalRate 728 k/s (8226400 evals, 11294 msecs)
 EvalRate 728 k/s (8381600 evals, 11512 msecs)
 EvalRate 728 k/s (8536800 evals, 11725 msecs)
 EvalRate 728 k/s (8692000 evals, 11938 msecs)
 EvalRate 728 k/s (8847200 evals, 12152 msecs)
 EvalRate 727 k/s (9002400 evals, 12368 msecs)
 EvalRate 727 k/s (9157600 evals, 12591 msecs)
 EvalRate 727 k/s (9312800 evals, 12806 msecs)
 EvalRate 727 k/s (9468000 evals, 13020 msecs)
 EvalRate 727 k/s (9623200 evals, 13236 msecs)
 EvalRate 726 k/s (9778400 evals, 13452 msecs)
 EvalRate 726 k/s (9933600 evals, 13666 msecs)
 EvalRate 726 k/s (10088800 evals, 13879 msecs)
 EvalRate 726 k/s (10244000 evals, 14095 msecs)
 EvalRate 726 k/s (10399200 evals, 14308 msecs)
 EvalRate 726 k/s (10554400 evals, 14527 msecs)
 EvalRate 726 k/s (10709600 evals, 14742 msecs)
 EvalRate 726 k/s (10864800 evals, 14952 msecs)
 EvalRate 727 k/s (11020000 evals, 15143 msecs)
 EvalRate 728 k/s (11175200 evals, 15343 msecs)
 EvalRate 728 k/s (11330400 evals, 15546 msecs)
 EvalRate 729 k/s (11485600 evals, 15748 msecs)
 EvalRate 729 k/s (11640800 evals, 15948 msecs)
 EvalRate 730 k/s (11796000 evals, 16150 msecs)
 EvalRate 730 k/s (11951200 evals, 16352 msecs)
 EvalRate 731 k/s (12106400 evals, 16552 msecs)
 EvalRate 731 k/s (12261600 evals, 16752 msecs)
 EvalRate 732 k/s (12416800 evals, 16958 msecs)
 EvalRate 732 k/s (12572000 evals, 17160 msecs)
 EvalRate 732 k/s (12727200 evals, 17365 msecs)
 EvalRate 732 k/s (12882400 evals, 17576 msecs)
 EvalRate 732 k/s (13037600 evals, 17790 msecs)
 EvalRate 732 k/s (13192800 evals, 18004 msecs)
 EvalRate 732 k/s (13348000 evals, 18213 msecs)
 EvalRate 733 k/s (13503200 evals, 18421 msecs)
 EvalRate 733 k/s (13658400 evals, 18630 msecs)
 EvalRate 733 k/s (13813600 evals, 18835 msecs)
 EvalRate 733 k/s (13968800 evals, 19040 msecs)
 EvalRate 733 k/s (14124000 evals, 19244 msecs)
 EvalRate 734 k/s (14279200 evals, 19452 msecs)
 EvalRate 734 k/s (14434400 evals, 19654 msecs)
 EvalRate 734 k/s (14589600 evals, 19858 msecs)
 EvalRate 734 k/s (14744800 evals, 20061 msecs)
 EvalRate 735 k/s (14900000 evals, 20262 msecs)
 EvalRate 735 k/s (15055200 evals, 20464 msecs)
 EvalRate 735 k/s (15210400 evals, 20668 msecs)
 EvalRate 736 k/s (15365600 evals, 20873 msecs)
 EvalRate 736 k/s (15520800 evals, 21075 msecs)
 EvalRate 736 k/s (15676000 evals, 21277 msecs)
 EvalRate 737 k/s (15831200 evals, 21478 msecs)
 EvalRate 737 k/s (15986400 evals, 21682 msecs)
 EvalRate 737 k/s (16141600 evals, 21894 msecs)
 EvalRate 737 k/s (16296800 evals, 22098 msecs)
 EvalRate 737 k/s (16452000 evals, 22310 msecs)
 EvalRate 737 k/s (16607200 evals, 22520 msecs)
 EvalRate 737 k/s (16762400 evals, 22726 msecs)
 EvalRate 737 k/s (16917600 evals, 22930 msecs)
 EvalRate 737 k/s (17072800 evals, 23137 msecs)
 EvalRate 737 k/s (17228000 evals, 23345 msecs)
 EvalRate 738 k/s (17383200 evals, 23554 msecs)
 EvalRate 738 k/s (17538400 evals, 23762 msecs)
 EvalRate 738 k/s (17693600 evals, 23968 msecs)
 EvalRate 738 k/s (17848800 evals, 24175 msecs)
 EvalRate 738 k/s (18004000 evals, 24383 msecs)
 EvalRate 738 k/s (18159200 evals, 24587 msecs)
 EvalRate 738 k/s (18314400 evals, 24794 msecs)
 EvalRate 738 k/s (18469600 evals, 25003 msecs)
 EvalRate 738 k/s (18624800 evals, 25215 msecs)
 EvalRate 738 k/s (18780000 evals, 25424 msecs)
 EvalRate 738 k/s (18935200 evals, 25629 msecs)
 EvalRate 738 k/s (19090400 evals, 25837 msecs)
 EvalRate 738 k/s (19245600 evals, 26047 msecs)
 EvalRate 738 k/s (19400800 evals, 26253 msecs)
 EvalRate 739 k/s (19556000 evals, 26459 msecs)
 EvalRate 739 k/s (19711200 evals, 26664 msecs)
 EvalRate 739 k/s (19866400 evals, 26873 msecs)
 EvalRate 739 k/s (20021600 evals, 27086 msecs)
 EvalRate 739 k/s (20176800 evals, 27292 msecs)
 EvalRate 739 k/s (20332000 evals, 27499 msecs)
 EvalRate 739 k/s (20487200 evals, 27706 msecs)
 EvalRate 739 k/s (20642400 evals, 27913 msecs)
 EvalRate 739 k/s (20797600 evals, 28120 msecs)
 EvalRate 739 k/s (20952800 evals, 28327 msecs)
 EvalRate 739 k/s (21108000 evals, 28535 msecs)
 EvalRate 739 k/s (21263200 evals, 28743 msecs)
 EvalRate 739 k/s (21418400 evals, 28952 msecs)
 EvalRate 739 k/s (21573600 evals, 29157 msecs)
 EvalRate 740 k/s (21728800 evals, 29358 msecs)
 EvalRate 740 k/s (21884000 evals, 29569 msecs)
 EvalRate 739 k/s (22039200 evals, 29792 msecs)
 EvalRate 739 k/s (22194400 evals, 30005 msecs)
 EvalRate 739 k/s (22349600 evals, 30220 msecs)
 EvalRate 739 k/s (22504800 evals, 30433 msecs)
 EvalRate 739 k/s (22660000 evals, 30643 msecs)
 EvalRate 739 k/s (22815200 evals, 30851 msecs)
 EvalRate 739 k/s (22970400 evals, 31064 msecs)
 EvalRate 739 k/s (23125600 evals, 31267 msecs)
 EvalRate 739 k/s (23280800 evals, 31478 msecs)
 EvalRate 739 k/s (23436000 evals, 31687 msecs)
 EvalRate 739 k/s (23591200 evals, 31894 msecs)
 EvalRate 739 k/s (23746400 evals, 32102 msecs)
 EvalRate 739 k/s (23901600 evals, 32321 msecs)
 EvalRate 739 k/s (24056800 evals, 32542 msecs)
 EvalRate 739 k/s (24212000 evals, 32760 msecs)
 EvalRate 738 k/s (24367200 evals, 32977 msecs)
 EvalRate 738 k/s (24522400 evals, 33185 msecs)
 EvalRate 738 k/s (24677600 evals, 33397 msecs)
 EvalRate 738 k/s (24832800 evals, 33616 msecs)
 EvalRate 738 k/s (24988000 evals, 33834 msecs)
 EvalRate 738 k/s (25143200 evals, 34044 msecs)
 EvalRate 738 k/s (25298400 evals, 34259 msecs)
 EvalRate 738 k/s (25453600 evals, 34466 msecs)
 EvalRate 738 k/s (25608800 evals, 34682 msecs)
 EvalRate 738 k/s (25764000 evals, 34899 msecs)
 EvalRate 738 k/s (25919200 evals, 35119 msecs)
 EvalRate 738 k/s (26074400 evals, 35324 msecs)
 EvalRate 738 k/s (26229600 evals, 35529 msecs)
 EvalRate 738 k/s (26384800 evals, 35740 msecs)
 EvalRate 738 k/s (26540000 evals, 35953 msecs)
 EvalRate 738 k/s (26695200 evals, 36162 msecs)
 EvalRate 738 k/s (26850400 evals, 36371 msecs)
 EvalRate 738 k/s (27005600 evals, 36584 msecs)
 EvalRate 738 k/s (27160800 evals, 36800 msecs)
 EvalRate 737 k/s (27316000 evals, 37014 msecs)
 EvalRate 737 k/s (27471200 evals, 37230 msecs)
 EvalRate 737 k/s (27626400 evals, 37446 msecs)
 EvalRate 737 k/s (27781600 evals, 37657 msecs)
 EvalRate 737 k/s (27936800 evals, 37868 msecs)
 EvalRate 737 k/s (28092000 evals, 38085 msecs)
 EvalRate 737 k/s (28247200 evals, 38301 msecs)
 EvalRate 737 k/s (28402400 evals, 38520 msecs)
 EvalRate 737 k/s (28557600 evals, 38734 msecs)
 EvalRate 737 k/s (28712800 evals, 38955 msecs)
 EvalRate 736 k/s (28868000 evals, 39173 msecs)
 EvalRate 736 k/s (29023200 evals, 39388 msecs)
 EvalRate 736 k/s (29178400 evals, 39608 msecs)
 EvalRate 736 k/s (29333600 evals, 39822 msecs)
 EvalRate 736 k/s (29488800 evals, 40045 msecs)
 EvalRate 736 k/s (29644000 evals, 40263 msecs)
 EvalRate 736 k/s (29799200 evals, 40475 msecs)
 EvalRate 736 k/s (29954400 evals, 40685 msecs)
 EvalRate 736 k/s (30109600 evals, 40903 msecs)
 EvalRate 736 k/s (30264800 evals, 41120 msecs)
 EvalRate 736 k/s (30420000 evals, 41330 msecs)
 EvalRate 736 k/s (30575200 evals, 41542 msecs)
 EvalRate 735 k/s (30730400 evals, 41758 msecs)
 EvalRate 735 k/s (30885600 evals, 41972 msecs)
 EvalRate 735 k/s (31040800 evals, 42188 msecs)
 EvalRate 735 k/s (31196000 evals, 42404 msecs)
 EvalRate 735 k/s (31351200 evals, 42614 msecs)
 EvalRate 735 k/s (31506400 evals, 42824 msecs)
 EvalRate 735 k/s (31661600 evals, 43040 msecs)
 EvalRate 735 k/s (31816800 evals, 43258 msecs)
 EvalRate 735 k/s (31972000 evals, 43477 msecs)
 EvalRate 735 k/s (32127200 evals, 43693 msecs)
 EvalRate 735 k/s (32282400 evals, 43908 msecs)
 EvalRate 735 k/s (32437600 evals, 44122 msecs)
 EvalRate 735 k/s (32592800 evals, 44330 msecs)
 EvalRate 735 k/s (32748000 evals, 44531 msecs)
 EvalRate 735 k/s (32903200 evals, 44734 msecs)
 EvalRate 735 k/s (33058400 evals, 44946 msecs)
 EvalRate 735 k/s (33213600 evals, 45154 msecs)
 EvalRate 735 k/s (33368800 evals, 45360 msecs)
 EvalRate 735 k/s (33524000 evals, 45567 msecs)
 EvalRate 735 k/s (33679200 evals, 45775 msecs)
 EvalRate 735 k/s (33834400 evals, 45981 msecs)
 EvalRate 735 k/s (33989600 evals, 46190 msecs)
 EvalRate 735 k/s (34144800 evals, 46409 msecs)
 EvalRate 735 k/s (34300000 evals, 46627 msecs)
 EvalRate 735 k/s (34455200 evals, 46847 msecs)
 EvalRate 735 k/s (34610400 evals, 47061 msecs)
 EvalRate 735 k/s (34765600 evals, 47274 msecs)
 EvalRate 735 k/s (34920800 evals, 47484 msecs)
 EvalRate 735 k/s (35076000 evals, 47695 msecs)
 EvalRate 735 k/s (35231200 evals, 47911 msecs)
 EvalRate 735 k/s (35386400 evals, 48120 msecs)
 EvalRate 735 k/s (35541600 evals, 48338 msecs)
 EvalRate 735 k/s (35696800 evals, 48558 msecs)
 EvalRate 735 k/s (35852000 evals, 48771 msecs)
 EvalRate 735 k/s (36007200 evals, 48978 msecs)
 EvalRate 735 k/s (36162400 evals, 49191 msecs)
 EvalRate 735 k/s (36317600 evals, 49408 msecs)
 EvalRate 735 k/s (36472800 evals, 49619 msecs)
 EvalRate 735 k/s (36628000 evals, 49827 msecs)
 EvalRate 735 k/s (36783200 evals, 50041 msecs)
 EvalRate 735 k/s (36938400 evals, 50252 msecs)
 EvalRate 734 k/s (37093600 evals, 50470 msecs)
 EvalRate 734 k/s (37248800 evals, 50683 msecs)
 EvalRate 734 k/s (37404000 evals, 50897 msecs)
 EvalRate 734 k/s (37559200 evals, 51106 msecs)
 EvalRate 734 k/s (37714400 evals, 51320 msecs)
 EvalRate 734 k/s (37869600 evals, 51541 msecs)
 EvalRate 734 k/s (38024800 evals, 51754 msecs)
 EvalRate 734 k/s (38180000 evals, 51964 msecs)
 EvalRate 734 k/s (38335200 evals, 52181 msecs)
 EvalRate 734 k/s (38490400 evals, 52401 msecs)
 EvalRate 734 k/s (38645600 evals, 52620 msecs)
 EvalRate 734 k/s (38800800 evals, 52841 msecs)
 EvalRate 734 k/s (38956000 evals, 53054 msecs)
 EvalRate 734 k/s (39111200 evals, 53265 msecs)
 EvalRate 734 k/s (39266400 evals, 53481 msecs)
 EvalRate 734 k/s (39421600 evals, 53692 msecs)
 EvalRate 734 k/s (39576800 evals, 53903 msecs)
 EvalRate 734 k/s (39732000 evals, 54119 msecs)
 EvalRate 734 k/s (39887200 evals, 54335 msecs)
 EvalRate 734 k/s (40042400 evals, 54550 msecs)
 EvalRate 734 k/s (40197600 evals, 54765 msecs)
 EvalRate 734 k/s (40352800 evals, 54976 msecs)
 EvalRate 733 k/s (40508000 evals, 55194 msecs)
 EvalRate 733 k/s (40663200 evals, 55409 msecs)
 EvalRate 733 k/s (40818400 evals, 55627 msecs)
 EvalRate 733 k/s (40973600 evals, 55840 msecs)
 EvalRate 733 k/s (41128800 evals, 56052 msecs)
 EvalRate 733 k/s (41284000 evals, 56252 msecs)
 EvalRate 734 k/s (41439200 evals, 56455 msecs)
 EvalRate 734 k/s (41594400 evals, 56662 msecs)
 EvalRate 734 k/s (41749600 evals, 56869 msecs)
 EvalRate 734 k/s (41904800 evals, 57075 msecs)
 EvalRate 734 k/s (42060000 evals, 57279 msecs)
 EvalRate 734 k/s (42215200 evals, 57485 msecs)
 EvalRate 734 k/s (42370400 evals, 57692 msecs)
 EvalRate 734 k/s (42525600 evals, 57900 msecs)
 EvalRate 734 k/s (42680800 evals, 58108 msecs)
 EvalRate 734 k/s (42836000 evals, 58326 msecs)
 EvalRate 734 k/s (42991200 evals, 58544 msecs)
 EvalRate 734 k/s (43146400 evals, 58762 msecs)
 EvalRate 734 k/s (43301600 evals, 58979 msecs)
 EvalRate 734 k/s (43456800 evals, 59196 msecs)
 EvalRate 734 k/s (43612000 evals, 59405 msecs)
 EvalRate 734 k/s (43767200 evals, 59617 msecs)
 EvalRate 734 k/s (43922400 evals, 59826 msecs)
 EvalRate 734 k/s (44077600 evals, 60035 msecs)
 EvalRate 734 k/s (44232800 evals, 60242 msecs)
 EvalRate 734 k/s (44388000 evals, 60453 msecs)
 EvalRate 734 k/s (44543200 evals, 60668 msecs)
 EvalRate 734 k/s (44698400 evals, 60878 msecs)
 EvalRate 734 k/s (44853600 evals, 61090 msecs)
 EvalRate 734 k/s (45008800 evals, 61307 msecs)
 EvalRate 734 k/s (45164000 evals, 61520 msecs)
 EvalRate 734 k/s (45319200 evals, 61726 msecs)
 EvalRate 734 k/s (45474400 evals, 61932 msecs)
 EvalRate 734 k/s (45629600 evals, 62140 msecs)
 EvalRate 734 k/s (45784800 evals, 62348 msecs)
 EvalRate 734 k/s (45940000 evals, 62556 msecs)
 EvalRate 734 k/s (46095200 evals, 62765 msecs)
 EvalRate 734 k/s (46250400 evals, 62979 msecs)
 EvalRate 734 k/s (46405600 evals, 63192 msecs)
 EvalRate 734 k/s (46560800 evals, 63403 msecs)
 EvalRate 734 k/s (46716000 evals, 63621 msecs)
 EvalRate 734 k/s (46871200 evals, 63836 msecs)
 EvalRate 734 k/s (47026400 evals, 64043 msecs)
 EvalRate 734 k/s (47181600 evals, 64253 msecs)
 EvalRate 734 k/s (47336800 evals, 64462 msecs)
 EvalRate 734 k/s (47492000 evals, 64672 msecs)
 EvalRate 734 k/s (47647200 evals, 64884 msecs)
 EvalRate 734 k/s (47802400 evals, 65095 msecs)
 EvalRate 734 k/s (47957600 evals, 65317 msecs)
 EvalRate 734 k/s (48112800 evals, 65533 msecs)
 EvalRate 734 k/s (48268000 evals, 65745 msecs)
 EvalRate 734 k/s (48423200 evals, 65958 msecs)
 EvalRate 734 k/s (48578400 evals, 66176 msecs)
 EvalRate 733 k/s (48733600 evals, 66397 msecs)
 EvalRate 733 k/s (48888800 evals, 66615 msecs)
 EvalRate 733 k/s (49044000 evals, 66840 msecs)
 EvalRate 733 k/s (49199200 evals, 67057 msecs)
 EvalRate 733 k/s (49354400 evals, 67271 msecs)
 EvalRate 733 k/s (49509600 evals, 67482 msecs)
 EvalRate 733 k/s (49664800 evals, 67699 msecs)
 EvalRate 733 k/s (49820000 evals, 67915 msecs)
 EvalRate 733 k/s (49975200 evals, 68125 msecs)
 EvalRate 733 k/s (50130400 evals, 68336 msecs)
 EvalRate 733 k/s (50285600 evals, 68547 msecs)
 EvalRate 733 k/s (50440800 evals, 68756 msecs)
 EvalRate 733 k/s (50596000 evals, 68964 msecs)
 EvalRate 733 k/s (50751200 evals, 69180 msecs)
 EvalRate 733 k/s (50906400 evals, 69393 msecs)
 EvalRate 733 k/s (51061600 evals, 69610 msecs)
 EvalRate 733 k/s (51216800 evals, 69819 msecs)
 EvalRate 733 k/s (51372000 evals, 70028 msecs)
 EvalRate 733 k/s (51527200 evals, 70244 msecs)
 EvalRate 733 k/s (51682400 evals, 70460 msecs)
 EvalRate 733 k/s (51837600 evals, 70678 msecs)
 EvalRate 733 k/s (51992800 evals, 70892 msecs)
 EvalRate 733 k/s (52148000 evals, 71105 msecs)
 EvalRate 733 k/s (52303200 evals, 71316 msecs)
 EvalRate 733 k/s (52458400 evals, 71517 msecs)
 EvalRate 733 k/s (52613600 evals, 71718 msecs)
 EvalRate 733 k/s (52768800 evals, 71926 msecs)
 EvalRate 733 k/s (52924000 evals, 72137 msecs)
 EvalRate 733 k/s (53079200 evals, 72346 msecs)
 EvalRate 733 k/s (53234400 evals, 72551 msecs)
 EvalRate 733 k/s (53389600 evals, 72759 msecs)
 EvalRate 733 k/s (53544800 evals, 72966 msecs)
 EvalRate 733 k/s (53700000 evals, 73176 msecs)
 EvalRate 733 k/s (53855200 evals, 73385 msecs)
 EvalRate 733 k/s (54010400 evals, 73596 msecs)
 EvalRate 733 k/s (54165600 evals, 73816 msecs)
 EvalRate 733 k/s (54320800 evals, 74036 msecs)
 EvalRate 733 k/s (54476000 evals, 74261 msecs)
 EvalRate 733 k/s (54631200 evals, 74473 msecs)
 EvalRate 733 k/s (54786400 evals, 74687 msecs)
 EvalRate 733 k/s (54941600 evals, 74896 msecs)
 EvalRate 733 k/s (55096800 evals, 75105 msecs)
 EvalRate 733 k/s (55252000 evals, 75312 msecs)
 EvalRate 733 k/s (55407200 evals, 75530 msecs)
 EvalRate 733 k/s (55562400 evals, 75737 msecs)
 EvalRate 733 k/s (55717600 evals, 75951 msecs)
 EvalRate 733 k/s (55872800 evals, 76169 msecs)
 EvalRate 733 k/s (56028000 evals, 76377 msecs)
 EvalRate 733 k/s (56183200 evals, 76585 msecs)
 EvalRate 733 k/s (56338400 evals, 76796 msecs)
 EvalRate 733 k/s (56493600 evals, 77003 msecs)
 EvalRate 733 k/s (56648800 evals, 77208 msecs)
 EvalRate 733 k/s (56804000 evals, 77414 msecs)
 EvalRate 733 k/s (56959200 evals, 77627 msecs)
 EvalRate 733 k/s (57114400 evals, 77842 msecs)
 EvalRate 733 k/s (57269600 evals, 78057 msecs)
 EvalRate 733 k/s (57424800 evals, 78276 msecs)
 EvalRate 733 k/s (57580000 evals, 78493 msecs)
 EvalRate 733 k/s (57735200 evals, 78703 msecs)
 EvalRate 733 k/s (57890400 evals, 78912 msecs)
 EvalRate 733 k/s (58045600 evals, 79126 msecs)
 EvalRate 733 k/s (58200800 evals, 79337 msecs)
 EvalRate 733 k/s (58356000 evals, 79558 msecs)
 EvalRate 733 k/s (58511200 evals, 79773 msecs)
 EvalRate 733 k/s (58666400 evals, 79987 msecs)
 EvalRate 733 k/s (58821600 evals, 80203 msecs)
 EvalRate 733 k/s (58976800 evals, 80427 msecs)
 EvalRate 733 k/s (59132000 evals, 80643 msecs)
 EvalRate 733 k/s (59287200 evals, 80868 msecs)
 EvalRate 733 k/s (59442400 evals, 81085 msecs)
 EvalRate 733 k/s (59597600 evals, 81293 msecs)
 EvalRate 733 k/s (59752800 evals, 81509 msecs)
 EvalRate 733 k/s (59908000 evals, 81726 msecs)
 EvalRate 733 k/s (60063200 evals, 81936 msecs)
 EvalRate 733 k/s (60218400 evals, 82150 msecs)
 EvalRate 733 k/s (60373600 evals, 82363 msecs)
 EvalRate 733 k/s (60528800 evals, 82574 msecs)
 EvalRate 733 k/s (60684000 evals, 82783 msecs)
 EvalRate 733 k/s (60839200 evals, 82998 msecs)
 EvalRate 733 k/s (60994400 evals, 83212 msecs)
 EvalRate 732 k/s (61149600 evals, 83424 msecs)
 EvalRate 733 k/s (61304800 evals, 83632 msecs)
 EvalRate 733 k/s (61460000 evals, 83844 msecs)
 EvalRate 733 k/s (61615200 evals, 84058 msecs)
 EvalRate 732 k/s (61770400 evals, 84273 msecs)
 EvalRate 732 k/s (61925600 evals, 84491 msecs)
 EvalRate 732 k/s (62080800 evals, 84704 msecs)
 EvalRate 732 k/s (62236000 evals, 84914 msecs)
 EvalRate 733 k/s (62391200 evals, 85115 msecs)
 EvalRate 733 k/s (62546400 evals, 85304 msecs)
 EvalRate 733 k/s (62701600 evals, 85499 msecs)
 EvalRate 733 k/s (62856800 evals, 85697 msecs)
 EvalRate 733 k/s (63012000 evals, 85893 msecs)
 EvalRate 733 k/s (63167200 evals, 86089 msecs)
 EvalRate 733 k/s (63322400 evals, 86285 msecs)
 EvalRate 733 k/s (63477600 evals, 86484 msecs)
 EvalRate 734 k/s (63632800 evals, 86683 msecs)
 EvalRate 734 k/s (63788000 evals, 86881 msecs)
 EvalRate 734 k/s (63943200 evals, 87084 msecs)
 EvalRate 734 k/s (64098400 evals, 87280 msecs)
 EvalRate 734 k/s (64253600 evals, 87478 msecs)
 EvalRate 734 k/s (64408800 evals, 87684 msecs)
 EvalRate 734 k/s (64564000 evals, 87894 msecs)
 EvalRate 734 k/s (64719200 evals, 88103 msecs)
 EvalRate 734 k/s (64874400 evals, 88315 msecs)
 EvalRate 734 k/s (65029600 evals, 88529 msecs)
 EvalRate 734 k/s (65184800 evals, 88730 msecs)
 EvalRate 734 k/s (65340000 evals, 88934 msecs)
 EvalRate 734 k/s (65495200 evals, 89141 msecs)
 EvalRate 734 k/s (65650400 evals, 89347 msecs)
 EvalRate 734 k/s (65805600 evals, 89547 msecs)
 EvalRate 734 k/s (65960800 evals, 89747 msecs)
 EvalRate 735 k/s (66116000 evals, 89944 msecs)
 EvalRate 735 k/s (66271200 evals, 90147 msecs)
 EvalRate 735 k/s (66426400 evals, 90357 msecs)
 EvalRate 735 k/s (66581600 evals, 90553 msecs)
 EvalRate 735 k/s (66736800 evals, 90750 msecs)
 EvalRate 735 k/s (66892000 evals, 90956 msecs)
 EvalRate 735 k/s (67047200 evals, 91161 msecs)
 EvalRate 735 k/s (67202400 evals, 91368 msecs)
 EvalRate 735 k/s (67357600 evals, 91571 msecs)
 EvalRate 735 k/s (67512800 evals, 91767 msecs)
 EvalRate 735 k/s (67668000 evals, 91964 msecs)
 EvalRate 735 k/s (67823200 evals, 92165 msecs)
 EvalRate 735 k/s (67978400 evals, 92366 msecs)
 EvalRate 736 k/s (68133600 evals, 92562 msecs)
 EvalRate 736 k/s (68288800 evals, 92762 msecs)
 EvalRate 736 k/s (68444000 evals, 92957 msecs)
 EvalRate 736 k/s (68599200 evals, 93154 msecs)
 EvalRate 736 k/s (68754400 evals, 93356 msecs)
 EvalRate 736 k/s (68909600 evals, 93560 msecs)
 EvalRate 736 k/s (69064800 evals, 93763 msecs)
 EvalRate 736 k/s (69220000 evals, 93967 msecs)
 EvalRate 736 k/s (69375200 evals, 94178 msecs)
 EvalRate 736 k/s (69530400 evals, 94390 msecs)
 EvalRate 736 k/s (69685600 evals, 94592 msecs)
 EvalRate 736 k/s (69840800 evals, 94795 msecs)
 EvalRate 736 k/s (69996000 evals, 94996 msecs)
 EvalRate 736 k/s (70151200 evals, 95197 msecs)
 EvalRate 736 k/s (70306400 evals, 95400 msecs)
 EvalRate 737 k/s (70461600 evals, 95604 msecs)
 EvalRate 737 k/s (70616800 evals, 95807 msecs)
 EvalRate 737 k/s (70772000 evals, 96017 msecs)
 EvalRate 737 k/s (70927200 evals, 96226 msecs)
 EvalRate 737 k/s (71082400 evals, 96428 msecs)
 EvalRate 737 k/s (71237600 evals, 96630 msecs)
 EvalRate 737 k/s (71392800 evals, 96832 msecs)
 EvalRate 737 k/s (71548000 evals, 97031 msecs)
 EvalRate 737 k/s (71703200 evals, 97230 msecs)
 EvalRate 737 k/s (71858400 evals, 97436 msecs)
 EvalRate 737 k/s (72013600 evals, 97644 msecs)
 EvalRate 737 k/s (72168800 evals, 97852 msecs)
 EvalRate 737 k/s (72324000 evals, 98072 msecs)
 EvalRate 737 k/s (72479200 evals, 98278 msecs)
 EvalRate 737 k/s (72634400 evals, 98482 msecs)
 EvalRate 737 k/s (72789600 evals, 98681 msecs)
 EvalRate 737 k/s (72944800 evals, 98881 msecs)
 EvalRate 737 k/s (73100000 evals, 99087 msecs)
 EvalRate 737 k/s (73255200 evals, 99292 msecs)
 EvalRate 737 k/s (73410400 evals, 99492 msecs)
 EvalRate 737 k/s (73565600 evals, 99693 msecs)
 EvalRate 737 k/s (73720800 evals, 99894 msecs)
 EvalRate 738 k/s (73876000 evals, 100098 msecs)
 EvalRate 738 k/s (74031200 evals, 100305 msecs)
 EvalRate 738 k/s (74186400 evals, 100514 msecs)
 EvalRate 738 k/s (74341600 evals, 100718 msecs)
 EvalRate 738 k/s (74496800 evals, 100925 msecs)
 EvalRate 738 k/s (74652000 evals, 101131 msecs)
 EvalRate 738 k/s (74807200 evals, 101333 msecs)
 EvalRate 738 k/s (74962400 evals, 101533 msecs)
 EvalRate 738 k/s (75117600 evals, 101734 msecs)
 EvalRate 738 k/s (75272800 evals, 101935 msecs)
 EvalRate 738 k/s (75428000 evals, 102139 msecs)
 EvalRate 738 k/s (75583200 evals, 102341 msecs)
 EvalRate 738 k/s (75738400 evals, 102545 msecs)
 EvalRate 738 k/s (75893600 evals, 102746 msecs)
 EvalRate 738 k/s (76048800 evals, 102945 msecs)
 EvalRate 738 k/s (76204000 evals, 103143 msecs)
 EvalRate 738 k/s (76359200 evals, 103346 msecs)
 EvalRate 738 k/s (76514400 evals, 103556 msecs)
 EvalRate 738 k/s (76669600 evals, 103773 msecs)
 EvalRate 738 k/s (76824800 evals, 103982 msecs)
 EvalRate 738 k/s (76980000 evals, 104189 msecs)
 EvalRate 738 k/s (77135200 evals, 104397 msecs)
 EvalRate 738 k/s (77290400 evals, 104608 msecs)
 EvalRate 738 k/s (77445600 evals, 104822 msecs)
 EvalRate 738 k/s (77600800 evals, 105031 msecs)
 EvalRate 738 k/s (77756000 evals, 105240 msecs)
 EvalRate 738 k/s (77911200 evals, 105458 msecs)
 EvalRate 738 k/s (78066400 evals, 105684 msecs)
 EvalRate 738 k/s (78221600 evals, 105906 msecs)
 EvalRate 738 k/s (78376800 evals, 106131 msecs)
 EvalRate 738 k/s (78532000 evals, 106352 msecs)
 EvalRate 738 k/s (78687200 evals, 106566 msecs)
 EvalRate 738 k/s (78842400 evals, 106783 msecs)
 EvalRate 738 k/s (78997600 evals, 106995 msecs)
 EvalRate 738 k/s (79152800 evals, 107204 msecs)
 EvalRate 738 k/s (79308000 evals, 107409 msecs)
 EvalRate 738 k/s (79463200 evals, 107622 msecs)
 EvalRate 738 k/s (79618400 evals, 107843 msecs)
 EvalRate 738 k/s (79773600 evals, 108055 msecs)
 EvalRate 738 k/s (79928800 evals, 108273 msecs)
 EvalRate 738 k/s (80084000 evals, 108476 msecs)
 EvalRate 738 k/s (80239200 evals, 108687 msecs)
 EvalRate 738 k/s (80394400 evals, 108907 msecs)
 EvalRate 738 k/s (80549600 evals, 109126 msecs)
 EvalRate 738 k/s (80704800 evals, 109338 msecs)
 EvalRate 738 k/s (80860000 evals, 109549 msecs)
 EvalRate 738 k/s (81015200 evals, 109764 msecs)
 EvalRate 738 k/s (81170400 evals, 109977 msecs)
 EvalRate 738 k/s (81325600 evals, 110184 msecs)
 EvalRate 738 k/s (81480800 evals, 110394 msecs)
 EvalRate 738 k/s (81636000 evals, 110606 msecs)
 EvalRate 738 k/s (81791200 evals, 110822 msecs)
 EvalRate 737 k/s (81946400 evals, 111040 msecs)
 EvalRate 737 k/s (82101600 evals, 111253 msecs)
 EvalRate 737 k/s (82256800 evals, 111468 msecs)
 EvalRate 737 k/s (82412000 evals, 111694 msecs)
 EvalRate 737 k/s (82567200 evals, 111919 msecs)
 EvalRate 737 k/s (82722400 evals, 112133 msecs)
 EvalRate 737 k/s (82877600 evals, 112343 msecs)
 EvalRate 737 k/s (83032800 evals, 112556 msecs)
 EvalRate 737 k/s (83188000 evals, 112768 msecs)
 EvalRate 737 k/s (83343200 evals, 112982 msecs)
 EvalRate 737 k/s (83498400 evals, 113198 msecs)
 EvalRate 737 k/s (83653600 evals, 113423 msecs)
 EvalRate 737 k/s (83808800 evals, 113643 msecs)
 EvalRate 737 k/s (83964000 evals, 113858 msecs)
 EvalRate 737 k/s (84119200 evals, 114076 msecs)
 EvalRate 737 k/s (84274400 evals, 114299 msecs)
 EvalRate 737 k/s (84429600 evals, 114526 msecs)
 EvalRate 737 k/s (84584800 evals, 114744 msecs)
 EvalRate 737 k/s (84740000 evals, 114974 msecs)
 EvalRate 736 k/s (84895200 evals, 115197 msecs)
 EvalRate 736 k/s (85050400 evals, 115415 msecs)
 EvalRate 736 k/s (85205600 evals, 115631 msecs)
 EvalRate 736 k/s (85360800 evals, 115850 msecs)
 EvalRate 736 k/s (85516000 evals, 116071 msecs)
 EvalRate 736 k/s (85671200 evals, 116289 msecs)
 EvalRate 736 k/s (85826400 evals, 116506 msecs)
 EvalRate 736 k/s (85981600 evals, 116722 msecs)
 EvalRate 736 k/s (86136800 evals, 116940 msecs)
 EvalRate 736 k/s (86292000 evals, 117154 msecs)
 EvalRate 736 k/s (86447200 evals, 117363 msecs)
 EvalRate 736 k/s (86602400 evals, 117574 msecs)
 EvalRate 736 k/s (86757600 evals, 117791 msecs)
 EvalRate 736 k/s (86912800 evals, 118009 msecs)
 EvalRate 736 k/s (87068000 evals, 118230 msecs)
 EvalRate 736 k/s (87223200 evals, 118443 msecs)
 EvalRate 736 k/s (87378400 evals, 118655 msecs)
 EvalRate 736 k/s (87533600 evals, 118870 msecs)
 EvalRate 736 k/s (87688800 evals, 119081 msecs)
 EvalRate 736 k/s (87844000 evals, 119296 msecs)
 EvalRate 736 k/s (87999200 evals, 119515 msecs)
 EvalRate 736 k/s (88154400 evals, 119737 msecs)
 EvalRate 736 k/s (88309600 evals, 119956 msecs)
 EvalRate 736 k/s (88464800 evals, 120173 msecs)
 EvalRate 736 k/s (88620000 evals, 120390 msecs)
 EvalRate 736 k/s (88775200 evals, 120592 msecs)
 EvalRate 736 k/s (88930400 evals, 120794 msecs)
 EvalRate 736 k/s (89085600 evals, 121001 msecs)
 EvalRate 736 k/s (89240800 evals, 121208 msecs)
 EvalRate 736 k/s (89396000 evals, 121414 msecs)
 EvalRate 736 k/s (89551200 evals, 121620 msecs)
 EvalRate 736 k/s (89706400 evals, 121826 msecs)
 EvalRate 736 k/s (89861600 evals, 122030 msecs)
 EvalRate 736 k/s (90016800 evals, 122232 msecs)
 EvalRate 736 k/s (90172000 evals, 122435 msecs)
 EvalRate 736 k/s (90327200 evals, 122645 msecs)
 EvalRate 736 k/s (90482400 evals, 122864 msecs)
 EvalRate 736 k/s (90637600 evals, 123079 msecs)
 EvalRate 736 k/s (90792800 evals, 123292 msecs)
 EvalRate 736 k/s (90948000 evals, 123503 msecs)
 EvalRate 736 k/s (91103200 evals, 123712 msecs)
 EvalRate 736 k/s (91258400 evals, 123918 msecs)
 EvalRate 736 k/s (91413600 evals, 124125 msecs)
 EvalRate 736 k/s (91568800 evals, 124333 msecs)
 EvalRate 736 k/s (91724000 evals, 124541 msecs)
 EvalRate 736 k/s (91879200 evals, 124754 msecs)
 EvalRate 736 k/s (92034400 evals, 124964 msecs)
 EvalRate 736 k/s (92189600 evals, 125168 msecs)
 EvalRate 736 k/s (92344800 evals, 125374 msecs)
 EvalRate 736 k/s (92500000 evals, 125589 msecs)
 EvalRate 736 k/s (92655200 evals, 125793 msecs)
 EvalRate 736 k/s (92810400 evals, 125994 msecs)
 EvalRate 736 k/s (92965600 evals, 126203 msecs)
 EvalRate 736 k/s (93120800 evals, 126412 msecs)
 EvalRate 736 k/s (93276000 evals, 126623 msecs)
 EvalRate 736 k/s (93431200 evals, 126840 msecs)
 EvalRate 736 k/s (93586400 evals, 127047 msecs)
 EvalRate 736 k/s (93741600 evals, 127253 msecs)
 EvalRate 736 k/s (93896800 evals, 127467 msecs)
 EvalRate 736 k/s (94052000 evals, 127676 msecs)
 EvalRate 736 k/s (94207200 evals, 127889 msecs)
 EvalRate 736 k/s (94362400 evals, 128099 msecs)
 EvalRate 736 k/s (94517600 evals, 128310 msecs)
 EvalRate 736 k/s (94672800 evals, 128525 msecs)
 EvalRate 736 k/s (94828000 evals, 128739 msecs)
 EvalRate 736 k/s (94983200 evals, 128959 msecs)
 EvalRate 736 k/s (95138400 evals, 129170 msecs)
 EvalRate 736 k/s (95293600 evals, 129378 msecs)
 EvalRate 736 k/s (95448800 evals, 129592 msecs)
 EvalRate 736 k/s (95604000 evals, 129800 msecs)
 EvalRate 736 k/s (95759200 evals, 130009 msecs)
 EvalRate 736 k/s (95914400 evals, 130219 msecs)
 EvalRate 736 k/s (96069600 evals, 130433 msecs)
 EvalRate 736 k/s (96224800 evals, 130646 msecs)
 EvalRate 736 k/s (96380000 evals, 130857 msecs)
 EvalRate 736 k/s (96535200 evals, 131063 msecs)
 EvalRate 736 k/s (96690400 evals, 131270 msecs)
 EvalRate 736 k/s (96845600 evals, 131480 msecs)
 EvalRate 736 k/s (97000800 evals, 131691 msecs)
 EvalRate 736 k/s (97156000 evals, 131906 msecs)
 EvalRate 736 k/s (97311200 evals, 132116 msecs)
 EvalRate 736 k/s (97466400 evals, 132325 msecs)
 EvalRate 736 k/s (97621600 evals, 132527 msecs)
 EvalRate 736 k/s (97776800 evals, 132729 msecs)
 EvalRate 736 k/s (97932000 evals, 132937 msecs)
 EvalRate 736 k/s (98087200 evals, 133145 msecs)
 EvalRate 736 k/s (98242400 evals, 133357 msecs)
 EvalRate 736 k/s (98397600 evals, 133563 msecs)
 EvalRate 736 k/s (98552800 evals, 133769 msecs)
 EvalRate 736 k/s (98708000 evals, 133977 msecs)
 EvalRate 736 k/s (98863200 evals, 134182 msecs)
 EvalRate 736 k/s (99018400 evals, 134391 msecs)
 EvalRate 736 k/s (99173600 evals, 134595 msecs)
 EvalRate 736 k/s (99328800 evals, 134806 msecs)
 EvalRate 736 k/s (99484000 evals, 135027 msecs)
 EvalRate 736 k/s (99639200 evals, 135245 msecs)
 EvalRate 736 k/s (99794400 evals, 135469 msecs)
 EvalRate 736 k/s (99949600 evals, 135680 msecs)
 EvalRate 736 k/s (100104800 evals, 135892 msecs)
 EvalRate 736 k/s (100260000 evals, 136103 msecs)
 EvalRate 736 k/s (100415200 evals, 136315 msecs)
 EvalRate 736 k/s (100570400 evals, 136524 msecs)
 EvalRate 736 k/s (100725600 evals, 136740 msecs)
 EvalRate 736 k/s (100880800 evals, 136948 msecs)
 EvalRate 736 k/s (101036000 evals, 137157 msecs)
 EvalRate 736 k/s (101191200 evals, 137373 msecs)
 EvalRate 736 k/s (101346400 evals, 137592 msecs)
 EvalRate 736 k/s (101501600 evals, 137800 msecs)
 EvalRate 736 k/s (101656800 evals, 138008 msecs)
 EvalRate 736 k/s (101812000 evals, 138219 msecs)
 EvalRate 736 k/s (101967200 evals, 138427 msecs)
 EvalRate 736 k/s (102122400 evals, 138634 msecs)
 EvalRate 736 k/s (102277600 evals, 138839 msecs)
 EvalRate 736 k/s (102432800 evals, 139047 msecs)
 Evalslurmstepd: error: *** JOB 3423197 ON i03r07c05s05 CANCELLED AT 2024-06-20T12:04:28 ***
