Error in connect in Connection::sendString: Connection refused
Error in connect in Connection::sendString: Connection refused
Error in connect in Connection::sendString: Connection refused
Error in connect in Connection::sendString: Connection refused
Error in connect in Connection::sendString: Connection refused
Error in connect in Connection::sendString: Connection refused
Error in connect in Connection::sendString: Connection refused
Using strategy 'Negamax' (depth 2) ...
NetworkDomain::startListening: Port 23412 in use
NetworkDomain::startListening: Using Port 23413
Connection::start: localhost:23416
Connection::sendString: Cannot connect to localhost:23416
Connection::start: localhost:23415
Connection::sendString: Cannot connect to localhost:23415
Connection::start: localhost:23414
Connection::sendString: Cannot connect to localhost:23414
Connection::start: localhost:23412
NetworkDomain::newConnection: localhost:23412, now 1 active connections
 Reg of localhost:23414
NetworkDomain::newConnection: localhost:23414, now 2 active connections


==========================================

#29 X - O: 14, X: 14
       -----------
      / . . . . . \
     / . O O O O . \
    / . O O . O . . \
   / . . O O O . . . \
  | . . O O O . . . . |
   \ . X O X X X . . /
    \ . X X X X X . /
     \ X X X X X . /
      \ . . . . . /
       -----------

 Search started ...
 Search finished after 0.011 secs
  Found move 'F3-G4/Left'
  Leaves visited: 5918 (538 k/s) 
  Nodes visited: 72 (82 leaves per node)
X draws 'F3-G4/Left' (after 0.011 secs)...

#30 O - O: 14, X: 14
       -----------
      / . . . . . \
     / . O O O O . \
    / . O O . O . . \
   / . . O O O . . . \
  | . . O O O . . . . |
   \ X . O X X X . . /
    \ X . X X X X . /
     \ X X X X X . /
      \ . . . . . /
       -----------

Terminating because given number of moves drawn.

#29 X - O: 14, X: 14
       -----------
      / . . . . . \
     / . O O O O . \
    / . O O . O . . \
   / . . O O O . . . \
  | . . O O O . . . . |
   \ . X O X X X . . /
    \ . X X X X X . /
     \ X X X X X . /
      \ . . . . . /
       -----------

X about to move...
X draws move 'F3-G4/Left'...

#30 O - O: 14, X: 14
       -----------
      / . . . . . \
     / . O O O O . \
    / . O O . O . . \
   / . . O O O . . . \
  | . . O O O . . . . |
   \ X . O X X X . . /
    \ X . X X X X . /
     \ X X X X X . /
      \ . . . . . /
       -----------

O about to move...
Error in connect in Connection::sendString: Connection refused
Error in connect in Connection::sendString: Connection refused
Using strategy 'Negamax' (depth 2) ...
NetworkDomain::startListening: Using Port 23412
Connection::start: localhost:23416
Connection::sendString: Cannot connect to localhost:23416
Connection::start: localhost:23415
Connection::sendString: Cannot connect to localhost:23415
Connection::start: localhost:23414
Connection::sendString: Cannot connect to localhost:23414
Connection::start: localhost:23413
Connection::sendString: Cannot connect to localhost:23413
 Reg of localhost:23413
NetworkDomain::newConnection: localhost:23413, now 1 active connections
 Reg of localhost:23414
NetworkDomain::newConnection: localhost:23414, now 2 active connections


==========================================

#29 X - O: 14, X: 14
       -----------
      / . . . . . \
     / . O O O O . \
    / . O O . O . . \
   / . . O O O . . . \
  | . . O O O . . . . |
   \ . X O X X X . . /
    \ . X X X X X . /
     \ X X X X X . /
      \ . . . . . /
       -----------



==========================================

#30 O - O: 14, X: 14
       -----------
      / . . . . . \
     / . O O O O . \
    / . O O . O . . \
   / . . O O O . . . \
  | . . O O O . . . . |
   \ X . O X X X . . /
    \ X . X X X X . /
     \ X X X X X . /
      \ . . . . . /
       -----------

 Search started ...
 EvalRate 545 k/s (6000 evals, 11 msecs)
 Search finished after 0.012 secs
  Found move 'C2/Right'
  Leaves visited: 6965 (580 k/s) 
  Nodes visited: 89 (78 leaves per node)
O draws 'C2/Right' (after 0.013 secs)...

#31 X - O: 14, X: 14
       -----------
      / . . . . . \
     / . O O O O . \
    / . . O O O . . \
   / . . O O O . . . \
  | . . O O O . . . . |
   \ X . O X X X . . /
    \ X . X X X X . /
     \ X X X X X . /
      \ . . . . . /
       -----------

Connection::sendString: Cannot connect to localhost:23414
Connection::sendString: Cannot connect to localhost:23413
Terminating because given number of moves drawn.
