Error in connect in Connection::sendString: Connection refused
Error in connect in Connection::sendString: Connection refused
Error in connect in Connection::sendString: Connection refused
Error in connect in Connection::sendString: Connection refused
Using strategy 'Negamax' (depth 5) ...
NetworkDomain::startListening: Port 23412 in use
NetworkDomain::startListening: Port 23413 in use
NetworkDomain::startListening: Using Port 23414
Connection::start: localhost:23416
Connection::sendString: Cannot connect to localhost:23416
Connection::start: localhost:23415
Connection::sendString: Cannot connect to localhost:23415
Connection::start: localhost:23413
NetworkDomain::newConnection: localhost:23413, now 1 active connections
Connection::start: localhost:23412
NetworkDomain::newConnection: localhost:23412, now 2 active connections
 Reg of localhost:23413
NetworkDomain::newConnection: localhost:23413, now 2 active connections
 Reg of remote connection localhost:23412
NetworkDomain::addConnection: localhost:23412 already existing


==========================================

#120 O - O: 14, X: 12
       -----------
      / . . . . . \
     / O O O O O . \
    / . O O X O . . \
   / . O X O O . . . \
  | . O O X X X . . . |
   \ . . O X X X . . /
    \ . . X . X . . /
     \ . X . X . . /
      \ . . . . . /
       -----------

 Search started ...
 EvalRate 600 k/s (6000 evals, 10 msecs)
 EvalRate 720 k/s (126000 evals, 175 msecs)
 EvalRate 720 k/s (270000 evals, 375 msecs)
 EvalRate 711 k/s (414000 evals, 582 msecs)
 EvalRate 709 k/s (558000 evals, 786 msecs)
 EvalRate 711 k/s (702000 evals, 986 msecs)
 EvalRate 714 k/s (846000 evals, 1184 msecs)
 EvalRate 715 k/s (990000 evals, 1384 msecs)
 EvalRate 714 k/s (1134000 evals, 1588 msecs)
 EvalRate 711 k/s (1278000 evals, 1797 msecs)
 EvalRate 708 k/s (1422000 evals, 2006 msecs)
 EvalRate 706 k/s (1566000 evals, 2217 msecs)
 EvalRate 704 k/s (1710000 evals, 2428 msecs)
 EvalRate 702 k/s (1854000 evals, 2638 msecs)
 EvalRate 701 k/s (1998000 evals, 2849 msecs)
 EvalRate 699 k/s (2142000 evals, 3062 msecs)
 EvalRate 697 k/s (2286000 evals, 3277 msecs)
 EvalRate 694 k/s (2430000 evals, 3497 msecs)
 EvalRate 692 k/s (2574000 evals, 3717 msecs)
 EvalRate 691 k/s (2718000 evals, 3930 msecs)
 EvalRate 691 k/s (2862000 evals, 4141 msecs)
 EvalRate 690 k/s (3006000 evals, 4352 msecs)
 EvalRate 690 k/s (3150000 evals, 4564 msecs)
 EvalRate 689 k/s (3294000 evals, 4776 msecs)
 EvalRate 689 k/s (3438000 evals, 4986 msecs)
 EvalRate 690 k/s (3582000 evals, 5189 msecs)
 EvalRate 690 k/s (3726000 evals, 5394 msecs)
 EvalRate 691 k/s (3870000 evals, 5600 msecs)
 EvalRate 691 k/s (4014000 evals, 5802 msecs)
 EvalRate 693 k/s (4158000 evals, 6000 msecs)
 EvalRate 693 k/s (4302000 evals, 6203 msecs)
 EvalRate 693 k/s (4446000 evals, 6409 msecs)
 EvalRate 693 k/s (4590000 evals, 6614 msecs)
 EvalRate 694 k/s (4734000 evals, 6818 msecs)
 EvalRate 694 k/s (4878000 evals, 7022 msecs)
 EvalRate 695 k/s (5022000 evals, 7225 msecs)
 EvalRate 695 k/s (5166000 evals, 7431 msecs)
 EvalRate 695 k/s (5310000 evals, 7637 msecs)
 EvalRate 695 k/s (5454000 evals, 7845 msecs)
 EvalRate 695 k/s (5598000 evals, 8052 msecs)
 EvalRate 695 k/s (5742000 evals, 8260 msecs)
 EvalRate 695 k/s (5886000 evals, 8468 msecs)
 EvalRate 695 k/s (6030000 evals, 8676 msecs)
 EvalRate 695 k/s (6174000 evals, 8882 msecs)
 EvalRate 695 k/s (6318000 evals, 9082 msecs)
 EvalRate 695 k/s (6462000 evals, 9285 msecs)
 EvalRate 695 k/s (6606000 evals, 9494 msecs)
 EvalRate 695 k/s (6750000 evals, 9702 msecs)
 EvalRate 695 k/s (6894000 evals, 9907 msecs)
 EvalRate 695 k/s (7038000 evals, 10118 msecs)
 EvalRate 695 k/s (7182000 evals, 10331 msecs)
 EvalRate 694 k/s (7326000 evals, 10543 msecs)
 EvalRate 694 k/s (7470000 evals, 10752 msecs)
 EvalRate 694 k/s (7614000 evals, 10962 msecs)
 EvalRate 694 k/s (7758000 evals, 11168 msecs)
 EvalRate 694 k/s (7902000 evals, 11376 msecs)
 EvalRate 694 k/s (8046000 evals, 11585 msecs)
 EvalRate 694 k/s (8190000 evals, 11794 msecs)
 EvalRate 694 k/s (8334000 evals, 12001 msecs)
 EvalRate 694 k/s (8478000 evals, 12209 msecs)
 EvalRate 694 k/s (8622000 evals, 12416 msecs)
 EvalRate 694 k/s (8766000 evals, 12625 msecs)
 EvalRate 694 k/s (8910000 evals, 12833 msecs)
 EvalRate 694 k/s (9054000 evals, 13045 msecs)
 EvalRate 693 k/s (9198000 evals, 13259 msecs)
 EvalRate 693 k/s (9342000 evals, 13474 msecs)
 EvalRate 693 k/s (9486000 evals, 13687 msecs)
 EvalRate 692 k/s (9630000 evals, 13900 msecs)
 EvalRate 692 k/s (9774000 evals, 14111 msecs)
 EvalRate 692 k/s (9918000 evals, 14320 msecs)
 EvalRate 692 k/s (10062000 evals, 14527 msecs)
 EvalRate 692 k/s (10206000 evals, 14736 msecs)
 EvalRate 692 k/s (10350000 evals, 14945 msecs)
 EvalRate 692 k/s (10494000 evals, 15154 msecs)
 EvalRate 692 k/s (10638000 evals, 15363 msecs)
 EvalRate 692 k/s (10782000 evals, 15569 msecs)
 EvalRate 692 k/s (10926000 evals, 15774 msecs)
 EvalRate 692 k/s (11070000 evals, 15984 msecs)
 EvalRate 692 k/s (11214000 evals, 16196 msecs)
 EvalRate 692 k/s (11358000 evals, 16410 msecs)
 EvalRate 691 k/s (11502000 evals, 16624 msecs)
 EvalRate 692 k/s (11646000 evals, 16829 msecs)
 EvalRate 692 k/s (11790000 evals, 17036 msecs)
 EvalRate 692 k/s (11934000 evals, 17245 msecs)
 EvalRate 691 k/s (12078000 evals, 17455 msecs)
 EvalRate 691 k/s (12222000 evals, 17665 msecs)
 EvalRate 691 k/s (12366000 evals, 17876 msecs)
 EvalRate 691 k/s (12510000 evals, 18087 msecs)
 EvalRate 691 k/s (12654000 evals, 18295 msecs)
 EvalRate 691 k/s (12798000 evals, 18503 msecs)
 EvalRate 691 k/s (12942000 evals, 18715 msecs)
 EvalRate 691 k/s (13086000 evals, 18929 msecs)
 EvalRate 691 k/s (13230000 evals, 19139 msecs)
 EvalRate 691 k/s (13374000 evals, 19351 msecs)
 EvalRate 691 k/s (13518000 evals, 19559 msecs)
 EvalRate 691 k/s (13662000 evals, 19769 msecs)
 EvalRate 691 k/s (13806000 evals, 19977 msecs)
 EvalRate 690 k/s (13950000 evals, 20189 msecs)
 EvalRate 690 k/s (14094000 evals, 20402 msecs)
 EvalRate 690 k/s (14238000 evals, 20618 msecs)
 EvalRate 690 k/s (14382000 evals, 20831 msecs)
 EvalRate 690 k/s (14526000 evals, 21043 msecs)
 EvalRate 690 k/s (14670000 evals, 21252 msecs)
 EvalRate 690 k/s (14814000 evals, 21463 msecs)
 EvalRate 690 k/s (14958000 evals, 21675 msecs)
 EvalRate 689 k/s (15102000 evals, 21890 msecs)
 EvalRate 689 k/s (15246000 evals, 22107 msecs)
 EvalRate 689 k/s (15390000 evals, 22322 msecs)
 EvalRate 689 k/s (15534000 evals, 22534 msecs)
 EvalRate 689 k/s (15678000 evals, 22747 msecs)
 EvalRate 689 k/s (15822000 evals, 22959 msecs)
 EvalRate 689 k/s (15966000 evals, 23170 msecs)
 EvalRate 689 k/s (16110000 evals, 23377 msecs)
 EvalRate 689 k/s (16254000 evals, 23570 msecs)
 EvalRate 690 k/s (16398000 evals, 23765 msecs)
 EvalRate 690 k/s (16542000 evals, 23967 msecs)
 EvalRate 690 k/s (16686000 evals, 24170 msecs)
 EvalRate 690 k/s (16830000 evals, 24370 msecs)
 EvalRate 690 k/s (16974000 evals, 24573 msecs)
 EvalRate 690 k/s (17118000 evals, 24776 msecs)
 EvalRate 691 k/s (17262000 evals, 24979 msecs)
 EvalRate 691 k/s (17406000 evals, 25182 msecs)
 EvalRate 691 k/s (17550000 evals, 25385 msecs)
 EvalRate 691 k/s (17694000 evals, 25591 msecs)
 EvalRate 691 k/s (17838000 evals, 25797 msecs)
 EvalRate 691 k/s (17982000 evals, 26004 msecs)
 EvalRate 691 k/s (18126000 evals, 26207 msecs)
 EvalRate 691 k/s (18270000 evals, 26412 msecs)
 EvalRate 691 k/s (18414000 evals, 26622 msecs)
 EvalRate 691 k/s (18558000 evals, 26836 msecs)
 EvalRate 691 k/s (18702000 evals, 27054 msecs)
 EvalRate 691 k/s (18846000 evals, 27271 msecs)
 EvalRate 691 k/s (18990000 evals, 27478 msecs)
 EvalRate 691 k/s (19134000 evals, 27686 msecs)
 EvalRate 691 k/s (19278000 evals, 27893 msecs)
 EvalRate 691 k/s (19422000 evals, 28102 msecs)
 EvalRate 691 k/s (19566000 evals, 28312 msecs)
 EvalRate 691 k/s (19710000 evals, 28517 msecs)
 EvalRate 691 k/s (19854000 evals, 28715 msecs)
 EvalRate 691 k/s (19998000 evals, 28916 msecs)
 EvalRate 691 k/s (20142000 evals, 29120 msecs)
 EvalRate 691 k/s (20286000 evals, 29319 msecs)
 EvalRate 692 k/s (20430000 evals, 29514 msecs)
 EvalRate 692 k/s (20574000 evals, 29714 msecs)
 EvalRate 692 k/s (20718000 evals, 29917 msecs)
 EvalRate 692 k/s (20862000 evals, 30120 msecs)
 EvalRate 692 k/s (21006000 evals, 30321 msecs)
 EvalRate 692 k/s (21150000 evals, 30523 msecs)
 EvalRate 693 k/s (21294000 evals, 30721 msecs)
 EvalRate 693 k/s (21438000 evals, 30922 msecs)
 EvalRate 693 k/s (21582000 evals, 31124 msecs)
 EvalRate 693 k/s (21726000 evals, 31330 msecs)
 EvalRate 693 k/s (21870000 evals, 31533 msecs)
 EvalRate 693 k/s (22014000 evals, 31736 msecs)
 EvalRate 693 k/s (22158000 evals, 31942 msecs)
 EvalRate 693 k/s (22302000 evals, 32146 msecs)
 EvalRate 693 k/s (22446000 evals, 32350 msecs)
 EvalRate 694 k/s (22590000 evals, 32549 msecs)
 EvalRate 694 k/s (22734000 evals, 32746 msecs)
 EvalRate 694 k/s (22878000 evals, 32948 msecs)
 EvalRate 694 k/s (23022000 evals, 33154 msecs)
 EvalRate 694 k/s (23166000 evals, 33358 msecs)
 EvalRate 694 k/s (23310000 evals, 33561 msecs)
 EvalRate 694 k/s (23454000 evals, 33768 msecs)
 EvalRate 694 k/s (23598000 evals, 33979 msecs)
 EvalRate 694 k/s (23742000 evals, 34184 msecs)
 EvalRate 694 k/s (23886000 evals, 34388 msecs)
 EvalRate 694 k/s (24030000 evals, 34592 msecs)
 EvalRate 694 k/s (24174000 evals, 34794 msecs)
 EvalRate 694 k/s (24318000 evals, 34996 msecs)
 EvalRate 694 k/s (24462000 evals, 35199 msecs)
 EvalRate 695 k/s (24606000 evals, 35404 msecs)
 EvalRate 695 k/s (24750000 evals, 35610 msecs)
 EvalRate 695 k/s (24894000 evals, 35817 msecs)
 EvalRate 695 k/s (25038000 evals, 36021 msecs)
 EvalRate 695 k/s (25182000 evals, 36225 msecs)
 EvalRate 695 k/s (25326000 evals, 36429 msecs)
 EvalRate 695 k/s (25470000 evals, 36633 msecs)
 EvalRate 695 k/s (25614000 evals, 36838 msecs)
 EvalRate 695 k/s (25758000 evals, 37043 msecs)
 EvalRate 695 k/s (25902000 evals, 37249 msecs)
 EvalRate 695 k/s (26046000 evals, 37458 msecs)
 EvalRate 695 k/s (26190000 evals, 37666 msecs)
 EvalRate 695 k/s (26334000 evals, 37876 msecs)
 EvalRate 695 k/s (26478000 evals, 38083 msecs)
 EvalRate 695 k/s (26622000 evals, 38292 msecs)
 EvalRate 695 k/s (26766000 evals, 38497 msecs)
 EvalRate 695 k/s (26910000 evals, 38703 msecs)
 EvalRate 695 k/s (27054000 evals, 38908 msecs)
 EvalRate 695 k/s (27198000 evals, 39115 msecs)
 EvalRate 695 k/s (27342000 evals, 39320 msecs)
 EvalRate 695 k/s (27486000 evals, 39526 msecs)
 EvalRate 695 k/s (27630000 evals, 39728 msecs)
 EvalRate 695 k/s (27774000 evals, 39930 msecs)
 EvalRate 695 k/s (27918000 evals, 40136 msecs)
 EvalRate 695 k/s (28062000 evals, 40344 msecs)
 EvalRate 695 k/s (28206000 evals, 40554 msecs)
 EvalRate 695 k/s (28350000 evals, 40765 msecs)
 EvalRate 695 k/s (28494000 evals, 40969 msecs)
 EvalRate 695 k/s (28638000 evals, 41171 msecs)
 EvalRate 695 k/s (28782000 evals, 41372 msecs)
 EvalRate 695 k/s (28926000 evals, 41575 msecs)
 EvalRate 695 k/s (29070000 evals, 41780 msecs)
 EvalRate 695 k/s (29214000 evals, 41986 msecs)
 EvalRate 695 k/s (29358000 evals, 42193 msecs)
 EvalRate 695 k/s (29502000 evals, 42401 msecs)
 EvalRate 695 k/s (29646000 evals, 42609 msecs)
 EvalRate 695 k/s (29790000 evals, 42816 msecs)
 EvalRate 695 k/s (29934000 evals, 43019 msecs)
 EvalRate 695 k/s (30078000 evals, 43225 msecs)
 EvalRate 695 k/s (30222000 evals, 43435 msecs)
 EvalRate 695 k/s (30366000 evals, 43645 msecs)
 EvalRate 695 k/s (30510000 evals, 43856 msecs)
 EvalRate 695 k/s (30654000 evals, 44065 msecs)
 EvalRate 695 k/s (30798000 evals, 44271 msecs)
 EvalRate 695 k/s (30942000 evals, 44477 msecs)
 EvalRate 695 k/s (31086000 evals, 44682 msecs)
 EvalRate 695 k/s (31230000 evals, 44889 msecs)
 EvalRate 695 k/s (31374000 evals, 45099 msecs)
 EvalRate 695 k/s (31518000 evals, 45310 msecs)
 EvalRate 695 k/s (31662000 evals, 45520 msecs)
 EvalRate 695 k/s (31806000 evals, 45729 msecs)
 EvalRate 695 k/s (31950000 evals, 45936 msecs)
 EvalRate 695 k/s (32094000 evals, 46142 msecs)
 EvalRate 695 k/s (32238000 evals, 46350 msecs)
 EvalRate 695 k/s (32382000 evals, 46561 msecs)
 EvalRate 695 k/s (32526000 evals, 46773 msecs)
 EvalRate 695 k/s (32670000 evals, 46987 msecs)
 EvalRate 695 k/s (32814000 evals, 47194 msecs)
 EvalRate 695 k/s (32958000 evals, 47403 msecs)
 EvalRate 695 k/s (33102000 evals, 47611 msecs)
 EvalRate 695 k/s (33246000 evals, 47821 msecs)
 EvalRate 695 k/s (33390000 evals, 48026 msecs)
 EvalRate 695 k/s (33534000 evals, 48231 msecs)
 EvalRate 695 k/s (33678000 evals, 48426 msecs)
 EvalRate 695 k/s (33822000 evals, 48628 msecs)
 EvalRate 695 k/s (33966000 evals, 48834 msecs)
 EvalRate 695 k/s (34110000 evals, 49047 msecs)
 EvalRate 695 k/s (34254000 evals, 49260 msecs)
 EvalRate 695 k/s (34398000 evals, 49469 msecs)
 EvalRate 695 k/s (34542000 evals, 49681 msecs)
 EvalRate 695 k/s (34686000 evals, 49891 msecs)
 EvalRate 695 k/s (34830000 evals, 50104 msecs)
 EvalRate 695 k/s (34974000 evals, 50313 msecs)
 EvalRate 695 k/s (35118000 evals, 50525 msecs)
 EvalRate 695 k/s (35262000 evals, 50735 msecs)
 EvalRate 694 k/s (35406000 evals, 50949 msecs)
 EvalRate 694 k/s (35550000 evals, 51160 msecs)
 EvalRate 694 k/s (35694000 evals, 51373 msecs)
 EvalRate 694 k/s (35838000 evals, 51590 msecs)
 EvalRate 694 k/s (35982000 evals, 51810 msecs)
 EvalRate 694 k/s (36126000 evals, 52035 msecs)
 EvalRate 694 k/s (36270000 evals, 52261 msecs)
 EvalRate 693 k/s (36414000 evals, 52489 msecs)
 EvalRate 693 k/s (36558000 evals, 52710 msecs)
 EvalRate 693 k/s (36702000 evals, 52927 msecs)
 EvalRate 693 k/s (36846000 evals, 53143 msecs)
 EvalRate 693 k/s (36990000 evals, 53359 msecs)
 EvalRate 693 k/s (37134000 evals, 53565 msecs)
 EvalRate 693 k/s (37278000 evals, 53770 msecs)
 EvalRate 693 k/s (37422000 evals, 53974 msecs)
 EvalRate 693 k/s (37566000 evals, 54179 msecs)
 EvalRate 693 k/s (37710000 evals, 54388 msecs)
 EvalRate 693 k/s (37854000 evals, 54596 msecs)
 EvalRate 693 k/s (37998000 evals, 54808 msecs)
 EvalRate 693 k/s (38142000 evals, 55020 msecs)
 EvalRate 693 k/s (38286000 evals, 55227 msecs)
 EvalRate 693 k/s (38430000 evals, 55433 msecs)
 EvalRate 693 k/s (38574000 evals, 55644 msecs)
 EvalRate 693 k/s (38718000 evals, 55856 msecs)
 EvalRate 693 k/s (38862000 evals, 56072 msecs)
 EvalRate 692 k/s (39006000 evals, 56287 msecs)
 EvalRate 692 k/s (39150000 evals, 56496 msecs)
 EvalRate 692 k/s (39294000 evals, 56714 msecs)
 EvalRate 692 k/s (39438000 evals, 56931 msecs)
 EvalRate 692 k/s (39582000 evals, 57135 msecs)
 EvalRate 692 k/s (39726000 evals, 57344 msecs)
 EvalRate 692 k/s (39870000 evals, 57558 msecs)
 EvalRate 692 k/s (40014000 evals, 57773 msecs)
 EvalRate 692 k/s (40158000 evals, 57988 msecs)
 EvalRate 692 k/s (40302000 evals, 58206 msecs)
 EvalRate 692 k/s (40446000 evals, 58424 msecs)
 EvalRate 692 k/s (40590000 evals, 58637 msecs)
 EvalRate 692 k/s (40734000 evals, 58849 msecs)
 EvalRate 692 k/s (40878000 evals, 59061 msecs)
 EvalRate 692 k/s (41022000 evals, 59271 msecs)
 EvalRate 692 k/s (41166000 evals, 59484 msecs)
 EvalRate 692 k/s (41310000 evals, 59696 msecs)
 EvalRate 691 k/s (41454000 evals, 59907 msecs)
 EvalRate 691 k/s (41598000 evals, 60117 msecs)
 EvalRate 691 k/s (41742000 evals, 60326 msecs)
 EvalRate 691 k/s (41886000 evals, 60537 msecs)
 EvalRate 691 k/s (42030000 evals, 60759 msecs)
 EvalRate 691 k/s (42174000 evals, 60978 msecs)
 EvalRate 691 k/s (42318000 evals, 61187 msecs)
 EvalRate 691 k/s (42462000 evals, 61403 msecs)
 EvalRate 691 k/s (42606000 evals, 61618 msecs)
 EvalRate 691 k/s (42750000 evals, 61835 msecs)
 EvalRate 691 k/s (42894000 evals, 62050 msecs)
 EvalRate 691 k/s (43038000 evals, 62265 msecs)
 EvalRate 691 k/s (43182000 evals, 62480 msecs)
 EvalRate 691 k/s (43326000 evals, 62692 msecs)
 EvalRate 691 k/s (43470000 evals, 62908 msecs)
 EvalRate 690 k/s (43614000 evals, 63129 msecs)
 EvalRate 690 k/s (43758000 evals, 63348 msecs)
 EvalRate 690 k/s (43902000 evals, 63558 msecs)
 EvalRate 690 k/s (44046000 evals, 63769 msecs)
 EvalRate 690 k/s (44190000 evals, 63975 msecs)
 EvalRate 690 k/s (44334000 evals, 64185 msecs)
 EvalRate 690 k/s (44478000 evals, 64397 msecs)
 EvalRate 690 k/s (44622000 evals, 64612 msecs)
 EvalRate 690 k/s (44766000 evals, 64828 msecs)
 EvalRate 690 k/s (44910000 evals, 65049 msecs)
 EvalRate 690 k/s (45054000 evals, 65267 msecs)
 EvalRate 690 k/s (45198000 evals, 65477 msecs)
 EvalRate 690 k/s (45342000 evals, 65690 msecs)
 EvalRate 690 k/s (45486000 evals, 65904 msecs)
 EvalRate 690 k/s (45630000 evals, 66119 msecs)
 EvalRate 690 k/s (45774000 evals, 66334 msecs)
 EvalRate 689 k/s (45918000 evals, 66549 msecs)
 EvalRate 689 k/s (46062000 evals, 66764 msecs)
 EvalRate 689 k/s (46206000 evals, 66974 msecs)
 EvalRate 689 k/s (46350000 evals, 67190 msecs)
 EvalRate 689 k/s (46494000 evals, 67408 msecs)
 EvalRate 689 k/s (46638000 evals, 67624 msecs)
 EvalRate 689 k/s (46782000 evals, 67840 msecs)
 EvalRate 689 k/s (46926000 evals, 68055 msecs)
 EvalRate 689 k/s (47070000 evals, 68269 msecs)
 EvalRate 689 k/s (47214000 evals, 68480 msecs)
 EvalRate 689 k/s (47358000 evals, 68694 msecs)
 EvalRate 689 k/s (47502000 evals, 68919 msecs)
 EvalRate 689 k/s (47646000 evals, 69147 msecs)
 EvalRate 688 k/s (47790000 evals, 69378 msecs)
 EvalRate 688 k/s (47934000 evals, 69606 msecs)
 EvalRate 688 k/s (48078000 evals, 69822 msecs)
 EvalRate 688 k/s (48222000 evals, 70038 msecs)
 EvalRate 688 k/s (48366000 evals, 70253 msecs)
 EvalRate 688 k/s (48510000 evals, 70469 msecs)
 EvalRate 688 k/s (48654000 evals, 70687 msecs)
 EvalRate 688 k/s (48798000 evals, 70904 msecs)
 EvalRate 688 k/s (48942000 evals, 71125 msecs)
 EvalRate 687 k/s (49086000 evals, 71346 msecs)
 EvalRate 687 k/s (49230000 evals, 71565 msecs)
 EvalRate 687 k/s (49374000 evals, 71783 msecs)
 EvalRate 687 k/s (49518000 evals, 71997 msecs)
 EvalRate 687 k/s (49662000 evals, 72213 msecs)
 EvalRate 687 k/s (49806000 evals, 72427 msecs)
 EvalRate 687 k/s (49950000 evals, 72642 msecs)
 EvalRate 687 k/s (50094000 evals, 72858 msecs)
 EvalRate 687 k/s (50238000 evals, 73074 msecs)
 EvalRate 687 k/s (50382000 evals, 73278 msecs)
 EvalRate 687 k/s (50526000 evals, 73468 msecs)
 EvalRate 687 k/s (50670000 evals, 73667 msecs)
 EvalRate 687 k/s (50814000 evals, 73870 msecs)
 EvalRate 687 k/s (50958000 evals, 74081 msecs)
 EvalRate 687 k/s (51102000 evals, 74290 msecs)
 EvalRate 687 k/s (51246000 evals, 74500 msecs)
 EvalRate 687 k/s (51390000 evals, 74709 msecs)
 EvalRate 687 k/s (51534000 evals, 74915 msecs)
 EvalRate 687 k/s (51678000 evals, 75122 msecs)
 EvalRate 687 k/s (51822000 evals, 75326 msecs)
 EvalRate 687 k/s (51966000 evals, 75532 msecs)
 EvalRate 688 k/s (52110000 evals, 75739 msecs)
 EvalRate 688 k/s (52254000 evals, 75947 msecs)
 EvalRate 687 k/s (52398000 evals, 76160 msecs)
 EvalRate 687 k/s (52542000 evals, 76374 msecs)
 EvalRate 687 k/s (52686000 evals, 76589 msecs)
 EvalRate 687 k/s (52830000 evals, 76805 msecs)
 EvalRate 687 k/s (52974000 evals, 77021 msecs)
 EvalRate 687 k/s (53118000 evals, 77241 msecs)
 EvalRate 687 k/s (53262000 evals, 77464 msecs)
 EvalRate 687 k/s (53406000 evals, 77691 msecs)
 EvalRate 687 k/s (53550000 evals, 77911 msecs)
 EvalRate 687 k/s (53694000 evals, 78129 msecs)
 EvalRate 687 k/s (53838000 evals, 78342 msecs)
 EvalRate 687 k/s (53982000 evals, 78554 msecs)
 EvalRate 687 k/s (54126000 evals, 78760 msecs)
 EvalRate 687 k/s (54270000 evals, 78966 msecs)
 EvalRate 687 k/s (54414000 evals, 79170 msecs)
 EvalRate 687 k/s (54558000 evals, 79374 msecs)
 EvalRate 687 k/s (54702000 evals, 79584 msecs)
 EvalRate 687 k/s (54846000 evals, 79801 msecs)
 EvalRate 687 k/s (54990000 evals, 80010 msecs)
 EvalRate 687 k/s (55134000 evals, 80214 msecs)
 EvalRate 687 k/s (55278000 evals, 80420 msecs)
 EvalRate 687 k/s (55422000 evals, 80627 msecs)
 EvalRate 687 k/s (55566000 evals, 80835 msecs)
 EvalRate 687 k/s (55710000 evals, 81040 msecs)
 EvalRate 687 k/s (55854000 evals, 81247 msecs)
 EvalRate 687 k/s (55998000 evals, 81456 msecs)
 EvalRate 687 k/s (56142000 evals, 81669 msecs)
 EvalRate 687 k/s (56286000 evals, 81882 msecs)
 EvalRate 687 k/s (56430000 evals, 82096 msecs)
 EvalRate 687 k/s (56574000 evals, 82309 msecs)
 EvalRate 687 k/s (56718000 evals, 82526 msecs)
 EvalRate 687 k/s (56862000 evals, 82745 msecs)
 EvalRate 687 k/s (57006000 evals, 82949 msecs)
 EvalRate 687 k/s (57150000 evals, 83153 msecs)
 EvalRate 687 k/s (57294000 evals, 83364 msecs)
 EvalRate 687 k/s (57438000 evals, 83577 msecs)
 EvalRate 687 k/s (57582000 evals, 83791 msecs)
 EvalRate 687 k/s (57726000 evals, 84007 msecs)
 EvalRate 687 k/s (57870000 evals, 84222 msecs)
 EvalRate 687 k/s (58014000 evals, 84436 msecs)
 EvalRate 687 k/s (58158000 evals, 84643 msecs)
 EvalRate 687 k/s (58302000 evals, 84852 msecs)
 EvalRate 687 k/s (58446000 evals, 85059 msecs)
 EvalRate 687 k/s (58590000 evals, 85265 msecs)
 EvalRate 687 k/s (58734000 evals, 85474 msecs)
 EvalRate 687 k/s (58878000 evals, 85684 msecs)
 EvalRate 687 k/s (59022000 evals, 85893 msecs)
 EvalRate 687 k/s (59166000 evals, 86105 msecs)
 EvalRate 687 k/s (59310000 evals, 86314 msecs)
 EvalRate 687 k/s (59454000 evals, 86524 msecs)
 EvalRate 687 k/s (59598000 evals, 86739 msecs)
 EvalRate 687 k/s (59742000 evals, 86955 msecs)
 EvalRate 686 k/s (59886000 evals, 87172 msecs)
 EvalRate 686 k/s (60030000 evals, 87387 msecs)
 EvalRate 686 k/s (60174000 evals, 87603 msecs)
 EvalRate 686 k/s (60318000 evals, 87819 msecs)
 EvalRate 686 k/s (60462000 evals, 88038 msecs)
 EvalRate 686 k/s (60606000 evals, 88259 msecs)
 EvalRate 686 k/s (60750000 evals, 88474 msecs)
 EvalRate 686 k/s (60894000 evals, 88690 msecs)
 EvalRate 686 k/s (61038000 evals, 88905 msecs)
 EvalRate 686 k/s (61182000 evals, 89120 msecs)
 EvalRate 686 k/s (61326000 evals, 89328 msecs)
 EvalRate 686 k/s (61470000 evals, 89541 msecs)
 EvalRate 686 k/s (61614000 evals, 89757 msecs)
 EvalRate 686 k/s (61758000 evals, 89973 msecs)
 EvalRate 686 k/s (61902000 evals, 90179 msecs)
 EvalRate 686 k/s (62046000 evals, 90388 msecs)
 EvalRate 686 k/s (62190000 evals, 90604 msecs)
 EvalRate 686 k/s (62334000 evals, 90816 msecs)
 EvalRate 686 k/s (62478000 evals, 91026 msecs)
 EvalRate 686 k/s (62622000 evals, 91239 msecs)
 EvalRate 686 k/s (62766000 evals, 91451 msecs)
 EvalRate 686 k/s (62910000 evals, 91662 msecs)
 EvalRate 686 k/s (63054000 evals, 91872 msecs)
 EvalRate 686 k/s (63198000 evals, 92079 msecs)
 EvalRate 686 k/s (63342000 evals, 92289 msecs)
 EvalRate 686 k/s (63486000 evals, 92499 msecs)
 EvalRate 686 k/s (63630000 evals, 92712 msecs)
 EvalRate 686 k/s (63774000 evals, 92925 msecs)
 EvalRate 686 k/s (63918000 evals, 93140 msecs)
 EvalRate 686 k/s (64062000 evals, 93353 msecs)
 EvalRate 686 k/s (64206000 evals, 93566 msecs)
 EvalRate 686 k/s (64350000 evals, 93776 msecs)
 EvalRate 686 k/s (64494000 evals, 93991 msecs)
 EvalRate 686 k/s (64638000 evals, 94208 msecs)
 EvalRate 686 k/s (64782000 evals, 94421 msecs)
 EvalRate 686 k/s (64926000 evals, 94634 msecs)
 EvalRate 686 k/s (65070000 evals, 94846 msecs)
 EvalRate 686 k/s (65214000 evals, 95059 msecs)
 EvalRate 686 k/s (65358000 evals, 95268 msecs)
 EvalRate 686 k/s (65502000 evals, 95476 msecs)
 EvalRate 685 k/s (65646000 evals, 95700 msecs)
 EvalRate 685 k/s (65790000 evals, 95931 msecs)
 EvalRate 685 k/s (65934000 evals, 96152 msecs)
 EvalRate 685 k/s (66078000 evals, 96367 msecs)
 EvalRate 685 k/s (66222000 evals, 96580 msecs)
 EvalRate 685 k/s (66366000 evals, 96793 msecs)
 EvalRate 685 k/s (66510000 evals, 97006 msecs)
 EvalRate 685 k/s (66654000 evals, 97222 msecs)
 EvalRate 685 k/s (66798000 evals, 97437 msecs)
 EvalRate 685 k/s (66942000 evals, 97654 msecs)
 EvalRate 685 k/s (67086000 evals, 97872 msecs)
 EvalRate 685 k/s (67230000 evals, 98088 msecs)
 EvalRate 685 k/s (67374000 evals, 98305 msecs)
 EvalRate 685 k/s (67518000 evals, 98519 msecs)
 EvalRate 685 k/s (67662000 evals, 98732 msecs)
 EvalRate 685 k/s (67806000 evals, 98942 msecs)
 EvalRate 685 k/s (67950000 evals, 99154 msecs)
 EvalRate 685 k/s (68094000 evals, 99366 msecs)
 EvalRate 685 k/s (68238000 evals, 99580 msecs)
 EvalRate 685 k/s (68382000 evals, 99794 msecs)
 EvalRate 685 k/s (68526000 evals, 99992 msecs)
 EvalRate 685 k/s (68670000 evals, 100185 msecs)
 EvalRate 685 k/s (68814000 evals, 100393 msecs)
 EvalRate 685 k/s (68958000 evals, 100601 msecs)
 EvalRate 685 k/s (69102000 evals, 100810 msecs)
 EvalRate 685 k/s (69246000 evals, 101019 msecs)
 EvalRate 685 k/s (69390000 evals, 101227 msecs)
 EvalRate 685 k/s (69534000 evals, 101435 msecs)
 EvalRate 685 k/s (69678000 evals, 101644 msecs)
 EvalRate 685 k/s (69822000 evals, 101857 msecs)
 EvalRate 685 k/s (69966000 evals, 102069 msecs)
 EvalRate 685 k/s (70110000 evals, 102282 msecs)
 EvalRate 685 k/s (70254000 evals, 102495 msecs)
 EvalRate 685 k/s (70398000 evals, 102712 msecs)
 EvalRate 685 k/s (70542000 evals, 102937 msecs)
 EvalRate 685 k/s (70686000 evals, 103162 msecs)
 EvalRate 685 k/s (70830000 evals, 103379 msecs)
 EvalRate 685 k/s (70974000 evals, 103594 msecs)
 EvalRate 685 k/s (71118000 evals, 103808 msecs)
 EvalRate 685 k/s (71262000 evals, 104013 msecs)
 EvalRate 685 k/s (71406000 evals, 104219 msecs)
 EvalRate 685 k/s (71550000 evals, 104434 msecs)
 EvalRate 685 k/s (71694000 evals, 104641 msecs)
 EvalRate 685 k/s (71838000 evals, 104845 msecs)
 EvalRate 685 k/s (71982000 evals, 105050 msecs)
 EvalRate 685 k/s (72126000 evals, 105256 msecs)
 EvalRate 685 k/s (72270000 evals, 105466 msecs)
 EvalRate 685 k/s (72414000 evals, 105675 msecs)
 EvalRate 685 k/s (72558000 evals, 105880 msecs)
 EvalRate 685 k/s (72702000 evals, 106086 msecs)
 EvalRate 685 k/s (72846000 evals, 106295 msecs)
 EvalRate 685 k/s (72990000 evals, 106507 msecs)
 EvalRate 685 k/s (73134000 evals, 106721 msecs)
 EvalRate 685 k/s (73278000 evals, 106939 msecs)
 EvalRate 685 k/s (73422000 evals, 107151 msecs)
 EvalRate 685 k/s (73566000 evals, 107361 msecs)
 EvalRate 685 k/s (73710000 evals, 107568 msecs)
 EvalRate 685 k/s (73854000 evals, 107785 msecs)
 EvalRate 685 k/s (73998000 evals, 107996 msecs)
 EvalRate 685 k/s (74142000 evals, 108200 msecs)
 EvalRate 685 k/s (74286000 evals, 108409 msecs)
 EvalRate 685 k/s (74430000 evals, 108621 msecs)
 EvalRate 685 k/s (74574000 evals, 108835 msecs)
 EvalRate 685 k/s (74718000 evals, 109049 msecs)
 EvalRate 685 k/s (74862000 evals, 109265 msecs)
 EvalRate 685 k/s (75006000 evals, 109476 msecs)
 EvalRate 685 k/s (75150000 evals, 109686 msecs)
 EvalRate 685 k/s (75294000 evals, 109894 msecs)
 EvalRate 685 k/s (75438000 evals, 110101 msecs)
 EvalRate 685 k/s (75582000 evals, 110310 msecs)
 EvalRate 685 k/s (75726000 evals, 110519 msecs)
 EvalRate 685 k/s (75870000 evals, 110729 msecs)
 EvalRate 685 k/s (76014000 evals, 110939 msecs)
 EvalRate 685 k/s (76158000 evals, 111148 msecs)
 EvalRate 685 k/s (76302000 evals, 111361 msecs)
 EvalRate 685 k/s (76446000 evals, 111577 msecs)
 EvalRate 685 k/s (76590000 evals, 111788 msecs)
 EvalRate 685 k/s (76734000 evals, 112002 msecs)
 EvalRate 685 k/s (76878000 evals, 112216 msecs)
 EvalRate 685 k/s (77022000 evals, 112430 msecs)
 EvalRate 685 k/s (77166000 evals, 112642 msecs)
 EvalRate 685 k/s (77310000 evals, 112856 msecs)
 EvalRate 685 k/s (77454000 evals, 113068 msecs)
 EvalRate 685 k/s (77598000 evals, 113275 msecs)
 EvalRate 685 k/s (77742000 evals, 113483 msecs)
 EvalRate 685 k/s (77886000 evals, 113692 msecs)
 EvalRate 685 k/s (78030000 evals, 113897 msecs)
 EvalRate 685 k/s (78174000 evals, 114105 msecs)
 EvalRate 685 k/s (78318000 evals, 114316 msecs)
 EvalRate 685 k/s (78462000 evals, 114528 msecs)
 EvalRate 685 k/s (78606000 evals, 114740 msecs)
 EvalRate 685 k/s (78750000 evals, 114950 msecs)
 EvalRate 685 k/s (78894000 evals, 115162 msecs)
 EvalRate 685 k/s (79038000 evals, 115374 msecs)
 EvalRate 685 k/s (79182000 evals, 115581 msecs)
 EvalRate 685 k/s (79326000 evals, 115789 msecs)
 EvalRate 685 k/s (79470000 evals, 116000 msecs)
 EvalRate 685 k/s (79614000 evals, 116212 msecs)
 EvalRate 685 k/s (79758000 evals, 116425 msecs)
 EvalRate 685 k/s (79902000 evals, 116638 msecs)
 EvalRate 685 k/s (80046000 evals, 116848 msecs)
 EvalRate 685 k/s (80190000 evals, 117060 msecs)
 EvalRate 685 k/s (80334000 evals, 117275 msecs)
 EvalRate 684 k/s (80478000 evals, 117489 msecs)
 EvalRate 684 k/s (80622000 evals, 117702 msecs)
 EvalRate 684 k/s (80766000 evals, 117912 msecs)
 EvalRate 684 k/s (80910000 evals, 118121 msecs)
 EvalRate 684 k/s (81054000 evals, 118330 msecs)
 EvalRate 684 k/s (81198000 evals, 118542 msecs)
 EvalRate 684 k/s (81342000 evals, 118755 msecs)
 EvalRate 684 k/s (81486000 evals, 118969 msecs)
 EvalRate 684 k/s (81630000 evals, 119182 msecs)
 EvalRate 684 k/s (81774000 evals, 119394 msecs)
 EvalRate 684 k/s (81918000 evals, 119606 msecs)
 EvalRate 684 k/s (82062000 evals, 119820 msecs)
 EvalRate 684 k/s (82206000 evals, 120035 msecs)
 EvalRate 684 k/s (82350000 evals, 120251 msecs)
 EvalRate 684 k/s (82494000 evals, 120466 msecs)
 EvalRate 684 k/s (82638000 evals, 120679 msecs)
 EvalRate 684 k/s (82782000 evals, 120889 msecs)
 EvalRate 684 k/s (82926000 evals, 121098 msecs)
 EvalRate 684 k/s (83070000 evals, 121308 msecs)
 EvalRate 684 k/s (83214000 evals, 121518 msecs)
 EvalRate 684 k/s (83358000 evals, 121732 msecs)
 EvalRate 684 k/s (83502000 evals, 121941 msecs)
 EvalRate 684 k/s (83646000 evals, 122140 msecs)
 EvalRate 684 k/s (83790000 evals, 122345 msecs)
 EvalRate 684 k/s (83934000 evals, 122557 msecs)
 EvalRate 684 k/s (84078000 evals, 122767 msecs)
 EvalRate 684 k/s (84222000 evals, 122977 msecs)
 EvalRate 684 k/s (84366000 evals, 123187 msecs)
 EvalRate 684 k/s (84510000 evals, 123398 msecs)
 EvalRate 684 k/s (84654000 evals, 123605 msecs)
 EvalRate 684 k/s (84798000 evals, 123816 msecs)
 EvalRate 684 k/s (84942000 evals, 124029 msecs)
 EvalRate 684 k/s (85086000 evals, 124241 msecs)
 EvalRate 684 k/s (85230000 evals, 124456 msecs)
 EvalRate 684 k/s (85374000 evals, 124674 msecs)
 EvalRate 684 k/s (85518000 evals, 124895 msecs)
 EvalRate 684 k/s (85662000 evals, 125113 msecs)
 EvalRate 684 k/s (85806000 evals, 125327 msecs)
 EvalRate 684 k/s (85950000 evals, 125542 msecs)
 EvalRate 684 k/s (86094000 evals, 125748 msecs)
 EvalRate 684 k/s (86238000 evals, 125953 msecs)
 EvalRate 684 k/s (86382000 evals, 126156 msecs)
 EvalRate 684 k/s (86526000 evals, 126363 msecs)
 EvalRate 684 k/s (86670000 evals, 126571 msecs)
 EvalRate 684 k/s (86814000 evals, 126780 msecs)
 EvalRate 684 k/s (86958000 evals, 126987 msecs)
 EvalRate 684 k/s (87102000 evals, 127195 msecs)
 EvalRate 684 k/s (87246000 evals, 127406 msecs)
 EvalRate 684 k/s (87390000 evals, 127619 msecs)
 EvalRate 684 k/s (87534000 evals, 127830 msecs)
 EvalRate 684 k/s (87678000 evals, 128045 msecs)
 EvalRate 684 k/s (87822000 evals, 128257 msecs)
 EvalRate 684 k/s (87966000 evals, 128461 msecs)
 EvalRate 684 k/s (88110000 evals, 128673 msecs)
 EvalRate 684 k/s (88254000 evals, 128888 msecs)
 EvalRate 684 k/s (88398000 evals, 129103 msecs)
 EvalRate 684 k/s (88542000 evals, 129318 msecs)
 EvalRate 684 k/s (88686000 evals, 129529 msecs)
 EvalRate 684 k/s (88830000 evals, 129740 msecs)
 EvalRate 684 k/s (88974000 evals, 129947 msecs)
 EvalRate 684 k/s (89118000 evals, 130156 msecs)
 EvalRate 684 k/s (89262000 evals, 130368 msecs)
 EvalRate 684 k/s (89406000 evals, 130578 msecs)
 EvalRate 684 k/s (89550000 evals, 130788 msecs)
 EvalRate 684 k/s (89694000 evals, 131000 msecs)
 EvalRate 684 k/s (89838000 evals, 131214 msecs)
 EvalRate 684 k/s (89982000 evals, 131430 msecs)
 EvalRate 684 k/s (90126000 evals, 131646 msecs)
 EvalRate 684 k/s (90270000 evals, 131862 msecs)
 EvalRate 684 k/s (90414000 evals, 132075 msecs)
 EvalRate 684 k/s (90558000 evals, 132285 msecs)
 EvalRate 684 k/s (90702000 evals, 132496 msecs)
 EvalRate 684 k/s (90846000 evals, 132706 msecs)
 EvalRate 684 k/s (90990000 evals, 132912 msecs)
 EvalRate 684 k/s (91134000 evals, 133124 msecs)
 EvalRate 684 k/s (91278000 evals, 133336 msecs)
 EvalRate 684 k/s (91422000 evals, 133549 msecs)
 EvalRate 684 k/s (91566000 evals, 133756 msecs)
 EvalRate 684 k/s (91710000 evals, 133966 msecs)
 EvalRate 684 k/s (91854000 evals, 134179 msecs)
 EvalRate 684 k/s (91998000 evals, 134393 msecs)
 EvalRate 684 k/s (92142000 evals, 134605 msecs)
 EvalRate 684 k/s (92286000 evals, 134816 msecs)
 EvalRate 684 k/s (92430000 evals, 135031 msecs)
 EvalRate 684 k/s (92574000 evals, 135246 msecs)
 EvalRate 684 k/s (92718000 evals, 135459 msecs)
 EvalRate 684 k/s (92862000 evals, 135670 msecs)
 EvalRate 684 k/s (93006000 evals, 135880 msecs)
 EvalRate 684 k/s (93150000 evals, 136090 msecs)
 EvalRate 684 k/s (93294000 evals, 136303 msecs)
 EvalRate 684 k/s (93438000 evals, 136517 msecs)
 EvalRate 684 k/s (93582000 evals, 136729 msecs)
 EvalRate 684 k/s (93726000 evals, 136941 msecs)
 EvalRate 684 k/s (93870000 evals, 137155 msecs)
 EvalRate 684 k/s (94014000 evals, 137370 msecs)
 EvalRate 684 k/s (94158000 evals, 137587 msecs)
 EvalRate 684 k/s (94302000 evals, 137802 msecs)
 EvalRate 684 k/s (94446000 evals, 138015 msecs)
 EvalRate 684 k/s (94590000 evals, 138227 msecs)
 EvalRate 684 k/s (94734000 evals, 138438 msecs)
 EvalRate 684 k/s (94878000 evals, 138650 msecs)
 EvalRate 684 k/s (95022000 evals, 138863 msecs)
 EvalRate 684 k/s (95166000 evals, 139064 msecs)
 EvalRate 684 k/s (95310000 evals, 139266 msecs)
 EvalRate 684 k/s (95454000 evals, 139477 msecs)
 EvalRate 684 k/s (95598000 evals, 139687 msecs)
 EvalRate 684 k/s (95742000 evals, 139896 msecs)
 EvalRate 684 k/s (95886000 evals, 140105 msecs)
 EvalRate 684 k/s (96030000 evals, 140311 msecs)
 EvalRate 684 k/s (96174000 evals, 140517 msecs)
 EvalRate 684 k/s (96318000 evals, 140723 msecs)
 EvalRate 684 k/s (96462000 evals, 140927 msecs)
 EvalRate 684 k/s (96606000 evals, 141134 msecs)
 EvalRate 684 k/s (96750000 evals, 141339 msecs)
 EvalRate 684 k/s (96894000 evals, 141546 msecs)
 EvalRate 684 k/s (97038000 evals, 141750 msecs)
 EvalRate 684 k/s (97182000 evals, 141954 msecs)
 EvalRate 684 k/s (97326000 evals, 142159 msecs)
 EvalRate 684 k/s (97470000 evals, 142365 msecs)
 EvalRate 684 k/s (97614000 evals, 142575 msecs)
 EvalRate 684 k/s (97758000 evals, 142786 msecs)
 EvalRate 684 k/s (97902000 evals, 143007 msecs)
 EvalRate 684 k/s (98046000 evals, 143229 msecs)
 EvalRate 684 k/s (98190000 evals, 143445 msecs)
 EvalRate 684 k/s (98334000 evals, 143656 msecs)
 EvalRate 684 k/s (98478000 evals, 143867 msecs)
 EvalRate 684 k/s (98622000 evals, 144078 msecs)
 EvalRate 684 k/s (98766000 evals, 144286 msecs)
 EvalRate 684 k/s (98910000 evals, 144487 msecs)
 EvalRate 684 k/s (99054000 evals, 144688 msecs)
 EvalRate 684 k/s (99198000 evals, 144887 msecs)
 EvalRate 684 k/s (99342000 evals, 145088 msecs)
 EvalRate 684 k/s (99486000 evals, 145290 msecs)
 EvalRate 684 k/s (99630000 evals, 145493 msecs)
 EvalRate 684 k/s (99774000 evals, 145698 msecs)
 EvalRate 684 k/s (99918000 evals, 145905 msecs)
 EvalRate 684 k/s (100062000 evals, 146113 msecs)
 EvalRate 684 k/s (100206000 evals, 146313 msecs)
 EvalRate 684 k/s (100350000 evals, 146516 msecs)
 EvalRate 684 k/s (100494000 evals, 146721 msecs)
 EvalRate 684 k/s (100638000 evals, 146928 msecs)
 EvalRate 684 k/s (100782000 evals, 147138 msecs)
 EvalRate 684 k/s (100926000 evals, 147349 msecs)
 EvalRate 684 k/s (101070000 evals, 147554 msecs)
 EvalRate 684 k/s (101214000 evals, 147759 msecs)
 EvalRate 684 k/s (101358000 evals, 147973 msecs)
 EvalRate 684 k/s (101502000 evals, 148183 msecs)
 EvalRate 685 k/s (101646000 evals, 148382 msecs)
 EvalRate 685 k/s (101790000 evals, 148585 msecs)
 EvalRate 685 k/s (101934000 evals, 148793 msecs)
 EvalRate 685 k/s (102078000 evals, 149003 msecs)
 EvalRate 685 k/s (102222000 evals, 149212 msecs)
 EvalRate 685 k/s (102366000 evals, 149424 msecs)
 EvalRate 685 k/s (102510000 evals, 149637 msecs)
 EvalRate 685 k/s (102654000 evals, 149849 msecs)
 EvalRate 685 k/s (102798000 evals, 150055 msecs)
 EvalRate 685 k/s (102942000 evals, 150262 msecs)
 EvalRate 685 k/s (103086000 evals, 150468 msecs)
 EvalRate 685 k/s (103230000 evals, 150672 msecs)
 EvalRate 685 k/s (103374000 evals, 150878 msecs)
 EvalRate 685 k/s (103518000 evals, 151084 msecs)
 EvalRate 685 k/s (103662000 evals, 151291 msecs)
 EvalRate 685 k/s (103806000 evals, 151496 msecs)
 EvalRate 685 k/s (103950000 evals, 151704 msecs)
 EvalRate 685 k/s (104094000 evals, 151909 msecs)
 EvalRate 685 k/s (104238000 evals, 152116 msecs)
 EvalRate 685 k/s (104382000 evals, 152323 msecs)
 EvalRate 685 k/s (104526000 evals, 152531 msecs)
 EvalRate 685 k/s (104670000 evals, 152740 msecs)
 EvalRate 685 k/s (104814000 evals, 152949 msecs)
 EvalRate 685 k/s (104958000 evals, 153158 msecs)
 EvalRate 685 k/s (105102000 evals, 153361 msecs)
 EvalRate 685 k/s (105246000 evals, 153569 msecs)
 EvalRate 685 k/s (105390000 evals, 153778 msecs)
 EvalRate 685 k/s (105534000 evals, 153989 msecs)
 EvalRate 685 k/s (105678000 evals, 154198 msecs)
 EvalRate 685 k/s (105822000 evals, 154407 msecs)
 EvalRate 685 k/s (105966000 evals, 154613 msecs)
 EvalRate 685 k/s (106110000 evals, 154819 msecs)
 EvalRate 685 k/s (106254000 evals, 155024 msecs)
 EvalRate 685 k/s (106398000 evals, 155230 msecs)
 EvalRate 685 k/s (106542000 evals, 155431 msecs)
 EvalRate 685 k/s (106686000 evals, 155635 msecs)
 EvalRate 685 k/s (106830000 evals, 155843 msecs)
 EvalRate 685 k/s (106974000 evals, 156053 msecs)
 EvalRate 685 k/s (107118000 evals, 156263 msecs)
 EvalRate 685 k/s (107262000 evals, 156474 msecs)
 EvalRate 685 k/s (107406000 evals, 156676 msecs)
 EvalRate 685 k/s (107550000 evals, 156881 msecs)
 EvalRate 685 k/s (107694000 evals, 157088 msecs)
 EvalRate 685 k/s (107838000 evals, 157295 msecs)
 EvalRate 685 k/s (107982000 evals, 157503 msecs)
 EvalRate 685 k/s (108126000 evals, 157713 msecs)
 EvalRate 685 k/s (108270000 evals, 157922 msecs)
 EvalRate 685 k/s (108414000 evals, 158132 msecs)
 EvalRate 685 k/s (108558000 evals, 158338 msecs)
 EvalRate 685 k/s (108702000 evals, 158548 msecs)
 EvalRate 685 k/s (108846000 evals, 158760 msecs)
 EvalRate 685 k/s (108990000 evals, 158973 msecs)
 EvalRate 685 k/s (109134000 evals, 159183 msecs)
 EvalRate 685 k/s (109278000 evals, 159394 msecs)
 EvalRate 685 k/s (109422000 evals, 159603 msecs)
 EvalRate 685 k/s (109566000 evals, 159812 msecs)
 EvalRate 685 k/s (109710000 evals, 160018 msecs)
 EvalRate 685 k/s (109854000 evals, 160224 msecs)
 EvalRate 685 k/s (109998000 evals, 160432 msecs)
 EvalRate 685 k/s (110142000 evals, 160640 msecs)
 EvalRate 685 k/s (110286000 evals, 160850 msecs)
 EvalRate 685 k/s (110430000 evals, 161060 msecs)
 EvalRate 685 k/s (110574000 evals, 161267 msecs)
 EvalRate 685 k/s (110718000 evals, 161475 msecs)
 EvalRate 685 k/s (110862000 evals, 161683 msecs)
 EvalRate 685 k/s (111006000 evals, 161892 msecs)
 EvalRate 685 k/s (111150000 evals, 162103 msecs)
 EvalRate 685 k/s (111294000 evals, 162316 msecs)
 EvalRate 685 k/s (111438000 evals, 162531 msecs)
 EvalRate 685 k/s (111582000 evals, 162743 msecs)
 EvalRate 685 k/s (111726000 evals, 162955 msecs)
 EvalRate 685 k/s (111870000 evals, 163164 msecs)
 EvalRate 685 k/s (112014000 evals, 163373 msecs)
 EvalRate 685 k/s (112158000 evals, 163580 msecs)
 EvalRate 685 k/s (112302000 evals, 163788 msecs)
 EvalRate 685 k/s (112446000 evals, 163996 msecs)
 EvalRate 685 k/s (112590000 evals, 164206 msecs)
 EvalRate 685 k/s (112734000 evals, 164417 msecs)
 EvalRate 685 k/s (112878000 evals, 164622 msecs)
 EvalRate 685 k/s (113022000 evals, 164814 msecs)
 EvalRate 685 k/s (113166000 evals, 165016 msecs)
 EvalRate 685 k/s (113310000 evals, 165221 msecs)
 EvalRate 685 k/s (113454000 evals, 165430 msecs)
 EvalRate 685 k/s (113598000 evals, 165637 msecs)
 EvalRate 685 k/s (113742000 evals, 165844 msecs)
 EvalRate 685 k/s (113886000 evals, 166053 msecs)
 EvalRate 685 k/s (114030000 evals, 166260 msecs)
 EvalRate 685 k/s (114174000 evals, 166468 msecs)
 EvalRate 685 k/s (114318000 evals, 166673 msecs)
 EvalRate 685 k/s (114462000 evals, 166881 msecs)
 EvalRate 685 k/s (114606000 evals, 167089 msecs)
 EvalRate 685 k/s (114750000 evals, 167299 msecs)
 EvalRate 685 k/s (114894000 evals, 167509 msecs)
 EvalRate 685 k/s (115038000 evals, 167720 msecs)
 EvalRate 685 k/s (115182000 evals, 167932 msecs)
 EvalRate 685 k/s (115326000 evals, 168155 msecs)
 EvalRate 685 k/s (115470000 evals, 168378 msecs)
 EvalRate 685 k/s (115614000 evals, 168591 msecs)
 EvalRate 685 k/s (115758000 evals, 168804 msecs)
 EvalRate 685 k/s (115902000 evals, 169016 msecs)
 EvalRate 685 k/s (116046000 evals, 169224 msecs)
 EvalRate 685 k/s (116190000 evals, 169425 msecs)
 EvalRate 685 k/s (116334000 evals, 169627 msecs)
 EvalRate 685 k/s (116478000 evals, 169828 msecs)
 EvalRate 685 k/s (116622000 evals, 170032 msecs)
 EvalRate 685 k/s (116766000 evals, 170236 msecs)
 EvalRate 685 k/s (116910000 evals, 170443 msecs)
 EvalRate 685 k/s (117054000 evals, 170651 msecs)
 EvalRate 685 k/s (117198000 evals, 170856 msecs)
 EvalRate 685 k/s (117342000 evals, 171058 msecs)
 EvalRate 685 k/s (117486000 evals, 171265 msecs)
 EvalRate 685 k/s (117630000 evals, 171473 msecs)
 EvalRate 685 k/s (117774000 evals, 171684 msecs)
 EvalRate 685 k/s (117918000 evals, 171893 msecs)
 EvalRate 686 k/s (118062000 evals, 172098 msecs)
 EvalRate 685 k/s (118206000 evals, 172313 msecs)
 EvalRate 685 k/s (118350000 evals, 172522 msecs)
 EvalRateslurmstepd: error: *** JOB 3423185 ON i01r01c03s04 CANCELLED AT 2024-06-20T11:59:45 ***
