Error in connect in Connection::sendString: Connection refused
Error in connect in Connection::sendString: Connection refused
Error in connect in Connection::sendString: Connection refused
Error in connect in Connection::sendString: Connection refused
Error in connect in Connection::sendString: Connection refused
Error in connect in Connection::sendString: Connection refused
Error in connect in Connection::sendString: Connection refused
Using strategy 'Negamax' (depth 2) ...
NetworkDomain::startListening: Port 23412 in use
NetworkDomain::startListening: Using Port 23413
Connection::start: localhost:23416
Connection::sendString: Cannot connect to localhost:23416
Connection::start: localhost:23415
Connection::sendString: Cannot connect to localhost:23415
Connection::start: localhost:23414
Connection::sendString: Cannot connect to localhost:23414
Connection::start: localhost:23412
NetworkDomain::newConnection: localhost:23412, now 1 active connections
 Reg of localhost:23414
NetworkDomain::newConnection: localhost:23414, now 2 active connections


==========================================

#0 O - O: 14, X: 14
       -----------
      / O O O O O \
     / O O O O O O \
    / . . O O O . . \
   / . . . . . . . . \
  | . . . . . . . . . |
   \ . . . . . . . . /
    \ . . X X X . . /
     \ X X X X X X /
      \ X X X X X /
       -----------

 Search started ...
 Search finished after 0.003 secs
  Found move 'A1/RightDown'
  Leaves visited: 1936 (645 k/s) 
  Nodes visited: 45 (43 leaves per node)
O draws 'A1/RightDown' (after 0.003 secs)...

#1 X - O: 14, X: 14
       -----------
      / . O O O O \
     / O O O O O O \
    / . . O O O . . \
   / . . . O . . . . \
  | . . . . . . . . . |
   \ . . . . . . . . /
    \ . . X X X . . /
     \ X X X X X X /
      \ X X X X X /
       -----------

Terminating because given number of moves drawn.

#0 O - O: 14, X: 14
       -----------
      / O O O O O \
     / O O O O O O \
    / . . O O O . . \
   / . . . . . . . . \
  | . . . . . . . . . |
   \ . . . . . . . . /
    \ . . X X X . . /
     \ X X X X X X /
      \ X X X X X /
       -----------

O about to move...
O draws move 'A1/RightDown'...

#1 X - O: 14, X: 14
       -----------
      / . O O O O \
     / O O O O O O \
    / . . O O O . . \
   / . . . O . . . . \
  | . . . . . . . . . |
   \ . . . . . . . . /
    \ . . X X X . . /
     \ X X X X X X /
      \ X X X X X /
       -----------

X about to move...
Error in connect in Connection::sendString: Connection refused
Error in connect in Connection::sendString: Connection refused
Using strategy 'Negamax' (depth 2) ...
NetworkDomain::startListening: Using Port 23412
Connection::start: localhost:23416
Connection::sendString: Cannot connect to localhost:23416
Connection::start: localhost:23415
Connection::sendString: Cannot connect to localhost:23415
Connection::start: localhost:23414
Connection::sendString: Cannot connect to localhost:23414
Connection::start: localhost:23413
Connection::sendString: Cannot connect to localhost:23413
 Reg of localhost:23413
NetworkDomain::newConnection: localhost:23413, now 1 active connections
 Reg of localhost:23414
NetworkDomain::newConnection: localhost:23414, now 2 active connections


==========================================

#0 O - O: 14, X: 14
       -----------
      / O O O O O \
     / O O O O O O \
    / . . O O O . . \
   / . . . . . . . . \
  | . . . . . . . . . |
   \ . . . . . . . . /
    \ . . X X X . . /
     \ X X X X X X /
      \ X X X X X /
       -----------



==========================================

#1 X - O: 14, X: 14
       -----------
      / . O O O O \
     / O O O O O O \
    / . . O O O . . \
   / . . . O . . . . \
  | . . . . . . . . . |
   \ . . . . . . . . /
    \ . . X X X . . /
     \ X X X X X X /
      \ X X X X X /
       -----------

 Search started ...
 Search finished after 0.004 secs
  Found move 'H9/LeftUp'
  Leaves visited: 2244 (561 k/s) 
  Nodes visited: 45 (49 leaves per node)
X draws 'H9/LeftUp' (after 0.004 secs)...

#2 O - O: 14, X: 14
       -----------
      / . O O O O \
     / O O O O O O \
    / . . O O O . . \
   / . . . O . . . . \
  | . . . . . . . . . |
   \ . . . . . . . . /
    \ . . X X X X . /
     \ X X X X X . /
      \ X X X X X /
       -----------

Connection::sendString: Cannot connect to localhost:23414
Connection::sendString: Cannot connect to localhost:23413
Terminating because given number of moves drawn.
Error in connect in Connection::sendString: Connection refused
Error in connect in Connection::sendString: Connection refused
Error in connect in Connection::sendString: Connection refused
Error in connect in Connection::sendString: Connection refused
Error in connect in Connection::sendString: Connection refused
Error in connect in Connection::sendString: Connection refused
Using strategy 'Negamax' (depth 3) ...
NetworkDomain::startListening: Port 23412 in use
NetworkDomain::startListening: Port 23413 in use
NetworkDomain::startListening: Using Port 23414
Connection::start: localhost:23416
Connection::sendString: Cannot connect to localhost:23416
Connection::start: localhost:23415
Connection::sendString: Cannot connect to localhost:23415
Connection::start: localhost:23413
NetworkDomain::newConnection: localhost:23413, now 1 active connections
Connection::start: localhost:23412
NetworkDomain::newConnection: localhost:23412, now 2 active connections


==========================================

#0 O - O: 14, X: 14
       -----------
      / O O O O O \
     / O O O O O O \
    / . . O O O . . \
   / . . . . . . . . \
  | . . . . . . . . . |
   \ . . . . . . . . /
    \ . . X X X . . /
     \ X X X X X X /
      \ X X X X X /
       -----------

 Search started ...
 EvalRate 666 k/s (6000 evals, 9 msecs)
 Search finished after 0.144 secs
  Found move 'A1/RightDown'
  Leaves visited: 98912 (686 k/s) 
  Nodes visited: 1981 (49 leaves per node)
O draws 'A1/RightDown' (after 0.144 secs)...

#1 X - O: 14, X: 14
       -----------
      / . O O O O \
     / O O O O O O \
    / . . O O O . . \
   / . . . O . . . . \
  | . . . . . . . . . |
   \ . . . . . . . . /
    \ . . X X X . . /
     \ X X X X X X /
      \ X X X X X /
       -----------

Terminating because given number of moves drawn.

#0 O - O: 14, X: 14
       -----------
      / O O O O O \
     / O O O O O O \
    / . . O O O . . \
   / . . . . . . . . \
  | . . . . . . . . . |
   \ . . . . . . . . /
    \ . . X X X . . /
     \ X X X X X X /
      \ X X X X X /
       -----------

O about to move...
O draws move 'A1/RightDown'...

#1 X - O: 14, X: 14
       -----------
      / . O O O O \
     / O O O O O O \
    / . . O O O . . \
   / . . . O . . . . \
  | . . . . . . . . . |
   \ . . . . . . . . /
    \ . . X X X . . /
     \ X X X X X X /
      \ X X X X X /
       -----------

X about to move...
Error in connect in Connection::sendString: Connection refused
Error in connect in Connection::sendString: Connection refused
Error in connect in Connection::sendString: Connection refused
Error in connect in Connection::sendString: Connection refused

#0 O - O: 14, X: 14
       -----------
      / O O O O O \
     / O O O O O O \
    / . . O O O . . \
   / . . . . . . . . \
  | . . . . . . . . . |
   \ . . . . . . . . /
    \ . . X X X . . /
     \ X X X X X X /
      \ X X X X X /
       -----------

O about to move...
WARNING: Got a board which is not reachable via a valid move !?

#2 O - O: 14, X: 14
       -----------
      / . O O O O \
     / O O O O O O \
    / . . O O O . . \
   / . . . O . . . . \
  | . . . . . . . . . |
   \ . . . . X . . . /
    \ . . X X X . . /
     \ X X X X X X /
      \ X X X X . /
       -----------

O about to move...
Error in connect in Connection::sendString: Connection refused
Error in connect in Connection::sendString: Connection refused
Using strategy 'Negamax' (depth 3) ...
NetworkDomain::startListening: Using Port 23412
Connection::start: localhost:23416
Connection::sendString: Cannot connect to localhost:23416
Connection::start: localhost:23415
Connection::sendString: Cannot connect to localhost:23415
Connection::start: localhost:23414
Connection::sendString: Cannot connect to localhost:23414
Connection::start: localhost:23413
Connection::sendString: Cannot connect to localhost:23413
 Reg of localhost:23413
NetworkDomain::newConnection: localhost:23413, now 1 active connections


==========================================

#0 O - O: 14, X: 14
       -----------
      / O O O O O \
     / O O O O O O \
    / . . O O O . . \
   / . . . . . . . . \
  | . . . . . . . . . |
   \ . . . . . . . . /
    \ . . X X X . . /
     \ X X X X X X /
      \ X X X X X /
       -----------

 Reg of localhost:23414
NetworkDomain::newConnection: localhost:23414, now 2 active connections


==========================================

#1 X - O: 14, X: 14
       -----------
      / . O O O O \
     / O O O O O O \
    / . . O O O . . \
   / . . . O . . . . \
  | . . . . . . . . . |
   \ . . . . . . . . /
    \ . . X X X . . /
     \ X X X X X X /
      \ X X X X X /
       -----------

 Search started ...
 EvalRate 666 k/s (6000 evals, 9 msecs)
 Search finished after 0.169 secs
  Found move 'I9/LeftUp'
  Leaves visited: 114206 (675 k/s) 
  Nodes visited: 2289 (49 leaves per node)
X draws 'I9/LeftUp' (after 0.169 secs)...

#2 O - O: 14, X: 14
       -----------
      / . O O O O \
     / O O O O O O \
    / . . O O O . . \
   / . . . O . . . . \
  | . . . . . . . . . |
   \ . . . . X . . . /
    \ . . X X X . . /
     \ X X X X X X /
      \ X X X X . /
       -----------

Terminating because given number of moves drawn.
Using strategy 'Negamax' (depth 4) ...
NetworkDomain::startListening: Port 23412 in use
NetworkDomain::startListening: Using Port 23413
Connection::start: localhost:23416
Connection::sendString: Cannot connect to localhost:23416
Connection::start: localhost:23415
Connection::sendString: Cannot connect to localhost:23415
Connection::start: localhost:23414
Connection::sendString: Cannot connect to localhost:23414
Connection::start: localhost:23412
NetworkDomain::newConnection: localhost:23412, now 1 active connections
 Reg of localhost:23414
NetworkDomain::newConnection: localhost:23414, now 2 active connections
 Reg of localhost:23415
NetworkDomain::newConnection: localhost:23415, now 3 active connections


==========================================

#0 O - O: 14, X: 14
       -----------
      / O O O O O \
     / O O O O O O \
    / . . O O O . . \
   / . . . . . . . . \
  | . . . . . . . . . |
   \ . . . . . . . . /
    \ . . X X X . . /
     \ X X X X X X /
      \ X X X X X /
       -----------



==========================================

#2 O - O: 14, X: 14
       -----------
      / . O O O O \
     / O O O O O O \
    / . . O O O . . \
   / . . . O . . . . \
  | . . . . . . . . . |
   \ . . . . X . . . /
    \ . . X X X . . /
     \ X X X X X X /
      \ X X X X . /
       -----------

Using strategy 'Negamax' (depth 4) ...
NetworkDomain::startListening: Port 23412 in use
NetworkDomain::startListening: Port 23413 in use
NetworkDomain::startListening: Port 23414 in use
NetworkDomain::startListening: Using Port 23415
Connection::start: localhost:23416
Connection::sendString: Cannot connect to localhost:23416
Connection::start: localhost:23414
NetworkDomain::newConnection: localhost:23414, now 1 active connections
Connection::start: localhost:23413
NetworkDomain::newConnection: localhost:23413, now 2 active connections
Connection::start: localhost:23412
NetworkDomain::newConnection: localhost:23412, now 3 active connections
 Reg of localhost:23414
NetworkDomain::newConnection: localhost:23414, now 3 active connections


==========================================

#0 O - O: 14, X: 14
       -----------
      / O O O O O \
     / O O O O O O \
    / . . O O O . . \
   / . . . . . . . . \
  | . . . . . . . . . |
   \ . . . . . . . . /
    \ . . X X X . . /
     \ X X X X X X /
      \ X X X X X /
       -----------

 Search started ...
 EvalRate 750 k/s (6000 evals, 8 msecs)
 EvalRate 709 k/s (156000 evals, 220 msecs)
 EvalRate 698 k/s (306000 evals, 438 msecs)
 EvalRate 690 k/s (456000 evals, 660 msecs)
 EvalRate 695 k/s (606000 evals, 871 msecs)
 EvalRate 695 k/s (756000 evals, 1087 msecs)
 EvalRate 692 k/s (906000 evals, 1308 msecs)
 EvalRate 693 k/s (1056000 evals, 1523 msecs)
 EvalRate 694 k/s (1206000 evals, 1736 msecs)
 EvalRate 696 k/s (1356000 evals, 1948 msecs)
 EvalRate 696 k/s (1506000 evals, 2163 msecs)
 EvalRate 698 k/s (1656000 evals, 2372 msecs)
 EvalRate 698 k/s (1806000 evals, 2585 msecs)
 EvalRate 699 k/s (1956000 evals, 2796 msecs)
 EvalRate 701 k/s (2106000 evals, 3004 msecs)
 EvalRate 703 k/s (2256000 evals, 3209 msecs)
 EvalRate 704 k/s (2406000 evals, 3416 msecs)
 EvalRate 703 k/s (2556000 evals, 3635 msecs)
 EvalRate 703 k/s (2706000 evals, 3848 msecs)
 EvalRate 703 k/s (2856000 evals, 4057 msecs)
 EvalRate 703 k/s (3006000 evals, 4274 msecs)
 EvalRate 703 k/s (3156000 evals, 4487 msecs)
 EvalRate 704 k/s (3306000 evals, 4696 msecs)
 EvalRate 704 k/s (3456000 evals, 4904 msecs)
 EvalRate 705 k/s (3606000 evals, 5113 msecs)
 EvalRate 705 k/s (3756000 evals, 5324 msecs)
 EvalRate 705 k/s (3906000 evals, 5533 msecs)
 EvalRate 705 k/s (4056000 evals, 5747 msecs)
 EvalRate 706 k/s (4206000 evals, 5956 msecs)
 EvalRate 706 k/s (4356000 evals, 6168 msecs)
 EvalRate 706 k/s (4506000 evals, 6377 msecs)
 EvalRate 706 k/s (4656000 evals, 6587 msecs)
 EvalRate 707 k/s (4806000 evals, 6795 msecs)
 EvalRate 707 k/s (4956000 evals, 7005 msecs)
 Search finished after 7.129 secs
  Found move 'A1/RightDown'
  Leaves visited: 5045110 (707 k/s) 
  Nodes visited: 100893 (50 leaves per node)
O draws 'A1/RightDown' (after 7.129 secs)...

#1 X - O: 14, X: 14
       -----------
      / . O O O O \
     / O O O O O O \
    / . . O O O . . \
   / . . . O . . . . \
  | . . . . . . . . . |
   \ . . . . . . . . /
    \ . . X X X . . /
     \ X X X X X X /
      \ X X X X X /
       -----------

Terminating because given number of moves drawn.
Error in connect in Connection::sendString: Connection refused
Error in connect in Connection::sendString: Connection refused
Using strategy 'Negamax' (depth 5) ...
NetworkDomain::startListening: Port 23412 in use
NetworkDomain::startListening: Port 23413 in use
NetworkDomain::startListening: Using Port 23414
Connection::start: localhost:23416
Connection::sendString: Cannot connect to localhost:23416
Connection::start: localhost:23415
Connection::sendString: Cannot connect to localhost:23415
Connection::start: localhost:23413
NetworkDomain::newConnection: localhost:23413, now 1 active connections
Connection::start: localhost:23412
NetworkDomain::newConnection: localhost:23412, now 2 active connections
UnReg of 127.0.0.1:23412
UnReg of 127.0.0.1:23413


==========================================

#1 X - O: 14, X: 14
       -----------
      / . O O O O \
     / O O O O O O \
    / . . O O O . . \
   / . . . O . . . . \
  | . . . . . . . . . |
   \ . . . . . . . . /
    \ . . X X X . . /
     \ X X X X X X /
      \ X X X X X /
       -----------

Error in connect in Connection::sendString: Connection refused

#0 O - O: 14, X: 14
       -----------
      / O O O O O \
     / O O O O O O \
    / . . O O O . . \
   / . . . . . . . . \
  | . . . . . . . . . |
   \ . . . . . . . . /
    \ . . X X X . . /
     \ X X X X X X /
      \ X X X X X /
       -----------

O about to move...
O draws move 'A1/RightDown'...

#1 X - O: 14, X: 14
       -----------
      / . O O O O \
     / O O O O O O \
    / . . O O O . . \
   / . . . O . . . . \
  | . . . . . . . . . |
   \ . . . . . . . . /
    \ . . X X X . . /
     \ X X X X X X /
      \ X X X X X /
       -----------

X about to move...
