Error in connect in Connection::sendString: Connection refused
Error in connect in Connection::sendString: Connection refused
Error in connect in Connection::sendString: Connection refused
Error in connect in Connection::sendString: Connection refused
Error in connect in Connection::sendString: Connection refused
Error in connect in Connection::sendString: Connection refused
Using strategy 'Negamax' (depth 3) ...
NetworkDomain::startListening: Port 23412 in use
NetworkDomain::startListening: Port 23413 in use
NetworkDomain::startListening: Using Port 23414
Connection::start: localhost:23416
Connection::sendString: Cannot connect to localhost:23416
Connection::start: localhost:23415
Connection::sendString: Cannot connect to localhost:23415
Connection::start: localhost:23413
NetworkDomain::newConnection: localhost:23413, now 1 active connections
Connection::start: localhost:23412
Connection::sendString: Cannot connect to localhost:23412
 Reg of localhost:23413
NetworkDomain::newConnection: localhost:23413, now 1 active connections
 Reg of localhost:23412
NetworkDomain::newConnection: localhost:23412, now 2 active connections


==========================================

#120 O - O: 14, X: 12
       -----------
      / . . . . . \
     / O O O O O . \
    / . O O X O . . \
   / . O X O O . . . \
  | . O O X X X . . . |
   \ . . O X X X . . /
    \ . . X . X . . /
     \ . X . X . . /
      \ . . . . . /
       -----------

 Search started ...
 EvalRate 666 k/s (6000 evals, 9 msecs)
 EvalRate 666 k/s (139200 evals, 209 msecs)
 Search finished after 0.396 secs
  Found move 'C2-E2/Left'
  Leaves visited: 263972 (666 k/s) 
  Nodes visited: 4104 (64 leaves per node)
O draws 'C2-E2/Left' (after 0.396 secs)...

#121 X - O: 14, X: 12
       -----------
      / . . . . . \
     / O O O O O . \
    / O . O X O . . \
   / O . X O O . . . \
  | O . O X X X . . . |
   \ . . O X X X . . /
    \ . . X . X . . /
     \ . X . X . . /
      \ . . . . . /
       -----------

Terminating because given number of moves drawn.

#120 O - O: 14, X: 12
       -----------
      / . . . . . \
     / O O O O O . \
    / . O O X O . . \
   / . O X O O . . . \
  | . O O X X X . . . |
   \ . . O X X X . . /
    \ . . X . X . . /
     \ . X . X . . /
      \ . . . . . /
       -----------

O about to move...
O draws move 'C2-E2/Left'...

#121 X - O: 14, X: 12
       -----------
      / . . . . . \
     / O O O O O . \
    / O . O X O . . \
   / O . X O O . . . \
  | O . O X X X . . . |
   \ . . O X X X . . /
    \ . . X . X . . /
     \ . X . X . . /
      \ . . . . . /
       -----------

X about to move...
