--------------------------------------------------------------------------------
CPU name:	Intel(R) Xeon(R) Platinum 8174 CPU @ 3.10GHz
CPU type:	Intel Skylake SP processor
CPU clock:	2.69 GHz
--------------------------------------------------------------------------------
Resolutions       : (500, 1500, ... 800)
Iterations        : 40
Algorithm         : 0 (Jacobi)
Num. Heat sources : 2
   1: (0.00, 0.00) 1.00 1.00 
   2: (1.00, 1.00) 1.00 0.50 
Resolution:   500Resolution:   500, Time: 0.096 (0.110 GFlop => 1146.98 MFlop/s, residual 0.079613, 40 iterations)
  500; 0.096; 1146.982
--------------------------------------------------------------------------------
Region Compute, Group 1: FLOPS_DP
+-------------------+------------+
|    Region Info    | HWThread 0 |
+-------------------+------------+
| RDTSC Runtime [s] |   0.098289 |
|     call count    |          1 |
+-------------------+------------+

+------------------------------------------+---------+------------+
|                   Event                  | Counter | HWThread 0 |
+------------------------------------------+---------+------------+
|             INSTR_RETIRED_ANY            |  FIXC0  |  250907500 |
|           CPU_CLK_UNHALTED_CORE          |  FIXC1  |  217191300 |
|           CPU_CLK_UNHALTED_REF           |  FIXC2  |  254964000 |
| FP_ARITH_INST_RETIRED_128B_PACKED_DOUBLE |   PMC0  |   54874080 |
|    FP_ARITH_INST_RETIRED_SCALAR_DOUBLE   |   PMC1  |     300110 |
| FP_ARITH_INST_RETIRED_256B_PACKED_DOUBLE |   PMC2  |          0 |
| FP_ARITH_INST_RETIRED_512B_PACKED_DOUBLE |   PMC3  |          0 |
+------------------------------------------+---------+------------+

+----------------------+------------+
|        Metric        | HWThread 0 |
+----------------------+------------+
|  Runtime (RDTSC) [s] |     0.0983 |
| Runtime unhalted [s] |     0.0806 |
|      Clock [MHz]     |  2294.5743 |
|          CPI         |     0.8656 |
|     DP [MFLOP/s]     |  1119.6362 |
|   AVX DP [MFLOP/s]   |          0 |
|  AVX512 DP [MFLOP/s] |          0 |
|   Packed [MUOPS/s]   |   558.2914 |
|   Scalar [MUOPS/s]   |     3.0533 |
|  Vectorization ratio |    99.4561 |
+----------------------+------------+

--------------------------------------------------------------------------------
CPU name:	Intel(R) Xeon(R) Platinum 8174 CPU @ 3.10GHz
CPU type:	Intel Skylake SP processor
CPU clock:	2.69 GHz
--------------------------------------------------------------------------------
Resolutions       : (1500, 2500, ... 1800)
Iterations        : 40
Algorithm         : 0 (Jacobi)
Num. Heat sources : 2
   1: (0.00, 0.00) 1.00 1.00 
   2: (1.00, 1.00) 1.00 0.50 
Resolution:  1500Resolution:  1500, Time: 1.017 (0.990 GFlop => 973.55 MFlop/s, residual 0.238673, 40 iterations)
 1500; 1.017; 973.545
--------------------------------------------------------------------------------
Region Compute, Group 1: FLOPS_DP
+-------------------+------------+
|    Region Info    | HWThread 0 |
+-------------------+------------+
| RDTSC Runtime [s] |   1.022144 |
|     call count    |          1 |
+-------------------+------------+

+------------------------------------------+---------+------------+
|                   Event                  | Counter | HWThread 0 |
+------------------------------------------+---------+------------+
|             INSTR_RETIRED_ANY            |  FIXC0  | 2237667000 |
|           CPU_CLK_UNHALTED_CORE          |  FIXC1  | 2311595000 |
|           CPU_CLK_UNHALTED_REF           |  FIXC2  | 2713612000 |
| FP_ARITH_INST_RETIRED_128B_PACKED_DOUBLE |   PMC0  |  494622100 |
|    FP_ARITH_INST_RETIRED_SCALAR_DOUBLE   |   PMC1  |     900110 |
| FP_ARITH_INST_RETIRED_256B_PACKED_DOUBLE |   PMC2  |          0 |
| FP_ARITH_INST_RETIRED_512B_PACKED_DOUBLE |   PMC3  |          0 |
+------------------------------------------+---------+------------+

+----------------------+------------+
|        Metric        | HWThread 0 |
+----------------------+------------+
|  Runtime (RDTSC) [s] |     1.0221 |
| Runtime unhalted [s] |     0.8582 |
|      Clock [MHz]     |  2294.5682 |
|          CPI         |     1.0330 |
|     DP [MFLOP/s]     |   968.6936 |
|   AVX DP [MFLOP/s]   |          0 |
|  AVX512 DP [MFLOP/s] |          0 |
|   Packed [MUOPS/s]   |   483.9065 |
|   Scalar [MUOPS/s]   |     0.8806 |
|  Vectorization ratio |    99.8184 |
+----------------------+------------+

--------------------------------------------------------------------------------
CPU name:	Intel(R) Xeon(R) Platinum 8174 CPU @ 3.10GHz
CPU type:	Intel Skylake SP processor
CPU clock:	2.69 GHz
--------------------------------------------------------------------------------
Resolutions       : (2500, 3500, ... 2800)
Iterations        : 40
Algorithm         : 0 (Jacobi)
Num. Heat sources : 2
   1: (0.00, 0.00) 1.00 1.00 
   2: (1.00, 1.00) 1.00 0.50 
Resolution:  2500Resolution:  2500, Time: 4.492 (2.750 GFlop => 612.16 MFlop/s, residual 0.397703, 40 iterations)
 2500; 4.492; 612.157
--------------------------------------------------------------------------------
Region Compute, Group 1: FLOPS_DP
+-------------------+------------+
|    Region Info    | HWThread 0 |
+-------------------+------------+
| RDTSC Runtime [s] |   4.506237 |
|     call count    |          1 |
+-------------------+------------+

+------------------------------------------+---------+-------------+
|                   Event                  | Counter |  HWThread 0 |
+------------------------------------------+---------+-------------+
|             INSTR_RETIRED_ANY            |  FIXC0  |  6204428000 |
|           CPU_CLK_UNHALTED_CORE          |  FIXC1  | 10234570000 |
|           CPU_CLK_UNHALTED_REF           |  FIXC2  | 12014490000 |
| FP_ARITH_INST_RETIRED_128B_PACKED_DOUBLE |   PMC0  |  1374370000 |
|    FP_ARITH_INST_RETIRED_SCALAR_DOUBLE   |   PMC1  |     1500110 |
| FP_ARITH_INST_RETIRED_256B_PACKED_DOUBLE |   PMC2  |           0 |
| FP_ARITH_INST_RETIRED_512B_PACKED_DOUBLE |   PMC3  |           0 |
+------------------------------------------+---------+-------------+

+----------------------+------------+
|        Metric        | HWThread 0 |
+----------------------+------------+
|  Runtime (RDTSC) [s] |     4.5062 |
| Runtime unhalted [s] |     3.7996 |
|      Clock [MHz]     |  2294.5464 |
|          CPI         |     1.6496 |
|     DP [MFLOP/s]     |   610.3186 |
|   AVX DP [MFLOP/s]   |          0 |
|  AVX512 DP [MFLOP/s] |          0 |
|   Packed [MUOPS/s]   |   304.9928 |
|   Scalar [MUOPS/s]   |     0.3329 |
|  Vectorization ratio |    99.8910 |
+----------------------+------------+

--------------------------------------------------------------------------------
CPU name:	Intel(R) Xeon(R) Platinum 8174 CPU @ 3.10GHz
CPU type:	Intel Skylake SP processor
CPU clock:	2.69 GHz
--------------------------------------------------------------------------------
Resolutions       : (3500, 4500, ... 3800)
Iterations        : 40
Algorithm         : 0 (Jacobi)
Num. Heat sources : 2
   1: (0.00, 0.00) 1.00 1.00 
   2: (1.00, 1.00) 1.00 0.50 
Resolution:  3500Resolution:  3500, Time: 9.358 (5.390 GFlop => 575.95 MFlop/s, residual 0.556728, 40 iterations)
 3500; 9.358; 575.952
--------------------------------------------------------------------------------
Region Compute, Group 1: FLOPS_DP
+-------------------+------------+
|    Region Info    | HWThread 0 |
+-------------------+------------+
| RDTSC Runtime [s] |   9.385315 |
|     call count    |          1 |
+-------------------+------------+

+------------------------------------------+---------+-------------+
|                   Event                  | Counter |  HWThread 0 |
+------------------------------------------+---------+-------------+
|             INSTR_RETIRED_ANY            |  FIXC0  | 12151190000 |
|           CPU_CLK_UNHALTED_CORE          |  FIXC1  | 21334680000 |
|           CPU_CLK_UNHALTED_REF           |  FIXC2  | 25045060000 |
| FP_ARITH_INST_RETIRED_128B_PACKED_DOUBLE |   PMC0  |  2694118000 |
|    FP_ARITH_INST_RETIRED_SCALAR_DOUBLE   |   PMC1  |     2100110 |
| FP_ARITH_INST_RETIRED_256B_PACKED_DOUBLE |   PMC2  |           0 |
| FP_ARITH_INST_RETIRED_512B_PACKED_DOUBLE |   PMC3  |           0 |
+------------------------------------------+---------+-------------+

+----------------------+------------+
|        Metric        | HWThread 0 |
+----------------------+------------+
|  Runtime (RDTSC) [s] |     9.3853 |
| Runtime unhalted [s] |     7.9205 |
|      Clock [MHz]     |  2294.5361 |
|          CPI         |     1.7558 |
|     DP [MFLOP/s]     |   574.3373 |
|   AVX DP [MFLOP/s]   |          0 |
|  AVX512 DP [MFLOP/s] |          0 |
|   Packed [MUOPS/s]   |   287.0567 |
|   Scalar [MUOPS/s]   |     0.2238 |
|  Vectorization ratio |    99.9221 |
+----------------------+------------+

--------------------------------------------------------------------------------
CPU name:	Intel(R) Xeon(R) Platinum 8174 CPU @ 3.10GHz
CPU type:	Intel Skylake SP processor
CPU clock:	2.69 GHz
--------------------------------------------------------------------------------
Resolutions       : (4500, 5500, ... 4800)
Iterations        : 40
Algorithm         : 0 (Jacobi)
Num. Heat sources : 2
   1: (0.00, 0.00) 1.00 1.00 
   2: (1.00, 1.00) 1.00 0.50 
Resolution:  4500Resolution:  4500, Time: 15.435 (8.910 GFlop => 577.25 MFlop/s, residual 0.715752, 40 iterations)
 4500; 15.435; 577.248
--------------------------------------------------------------------------------
Region Compute, Group 1: FLOPS_DP
+-------------------+------------+
|    Region Info    | HWThread 0 |
+-------------------+------------+
| RDTSC Runtime [s] |  15.479430 |
|     call count    |          1 |
+-------------------+------------+

+------------------------------------------+---------+-------------+
|                   Event                  | Counter |  HWThread 0 |
+------------------------------------------+---------+-------------+
|             INSTR_RETIRED_ANY            |  FIXC0  | 20077950000 |
|           CPU_CLK_UNHALTED_CORE          |  FIXC1  | 35193730000 |
|           CPU_CLK_UNHALTED_REF           |  FIXC2  | 41314380000 |
| FP_ARITH_INST_RETIRED_128B_PACKED_DOUBLE |   PMC0  |  4453866000 |
|    FP_ARITH_INST_RETIRED_SCALAR_DOUBLE   |   PMC1  |     2700110 |
| FP_ARITH_INST_RETIRED_256B_PACKED_DOUBLE |   PMC2  |           0 |
| FP_ARITH_INST_RETIRED_512B_PACKED_DOUBLE |   PMC3  |           0 |
+------------------------------------------+---------+-------------+

+----------------------+------------+
|        Metric        | HWThread 0 |
+----------------------+------------+
|  Runtime (RDTSC) [s] |    15.4794 |
| Runtime unhalted [s] |    13.0658 |
|      Clock [MHz]     |  2294.5355 |
|          CPI         |     1.7529 |
|     DP [MFLOP/s]     |   575.6305 |
|   AVX DP [MFLOP/s]   |          0 |
|  AVX512 DP [MFLOP/s] |          0 |
|   Packed [MUOPS/s]   |   287.7280 |
|   Scalar [MUOPS/s]   |     0.1744 |
|  Vectorization ratio |    99.9394 |
+----------------------+------------+

--------------------------------------------------------------------------------
CPU name:	Intel(R) Xeon(R) Platinum 8174 CPU @ 3.10GHz
CPU type:	Intel Skylake SP processor
CPU clock:	2.69 GHz
--------------------------------------------------------------------------------
Resolutions       : (500, 1500, ... 800)
Iterations        : 40
Algorithm         : 0 (Jacobi)
Num. Heat sources : 2
   1: (0.00, 0.00) 1.00 1.00 
   2: (1.00, 1.00) 1.00 0.50 
Resolution:   500Resolution:   500, Time: 0.095 (0.110 GFlop => 1160.19 MFlop/s, residual 0.079613, 40 iterations)
  500; 0.095; 1160.192
--------------------------------------------------------------------------------
Region Compute, Group 1: FLOPS_DP
+-------------------+------------+
|    Region Info    | HWThread 0 |
+-------------------+------------+
| RDTSC Runtime [s] |   0.097193 |
|     call count    |          1 |
+-------------------+------------+

+------------------------------------------+---------+------------+
|                   Event                  | Counter | HWThread 0 |
+------------------------------------------+---------+------------+
|             INSTR_RETIRED_ANY            |  FIXC0  |  250907500 |
|           CPU_CLK_UNHALTED_CORE          |  FIXC1  |  214669000 |
|           CPU_CLK_UNHALTED_REF           |  FIXC2  |  252002400 |
| FP_ARITH_INST_RETIRED_128B_PACKED_DOUBLE |   PMC0  |   54874080 |
|    FP_ARITH_INST_RETIRED_SCALAR_DOUBLE   |   PMC1  |     300110 |
| FP_ARITH_INST_RETIRED_256B_PACKED_DOUBLE |   PMC2  |          0 |
| FP_ARITH_INST_RETIRED_512B_PACKED_DOUBLE |   PMC3  |          0 |
+------------------------------------------+---------+------------+

+----------------------+------------+
|        Metric        | HWThread 0 |
+----------------------+------------+
|  Runtime (RDTSC) [s] |     0.0972 |
| Runtime unhalted [s] |     0.0797 |
|      Clock [MHz]     |  2294.5489 |
|          CPI         |     0.8556 |
|     DP [MFLOP/s]     |  1132.2702 |
|   AVX DP [MFLOP/s]   |          0 |
|  AVX512 DP [MFLOP/s] |          0 |
|   Packed [MUOPS/s]   |   564.5912 |
|   Scalar [MUOPS/s]   |     3.0878 |
|  Vectorization ratio |    99.4561 |
+----------------------+------------+

--------------------------------------------------------------------------------
CPU name:	Intel(R) Xeon(R) Platinum 8174 CPU @ 3.10GHz
CPU type:	Intel Skylake SP processor
CPU clock:	2.69 GHz
--------------------------------------------------------------------------------
Resolutions       : (1500, 2500, ... 1800)
Iterations        : 40
Algorithm         : 0 (Jacobi)
Num. Heat sources : 2
   1: (0.00, 0.00) 1.00 1.00 
   2: (1.00, 1.00) 1.00 0.50 
Resolution:  1500Resolution:  1500, Time: 1.040 (0.990 GFlop => 951.71 MFlop/s, residual 0.238673, 40 iterations)
 1500; 1.040; 951.710
--------------------------------------------------------------------------------
Region Compute, Group 1: FLOPS_DP
+-------------------+------------+
|    Region Info    | HWThread 0 |
+-------------------+------------+
| RDTSC Runtime [s] |   1.045913 |
|     call count    |          1 |
+-------------------+------------+

+------------------------------------------+---------+------------+
|                   Event                  | Counter | HWThread 0 |
+------------------------------------------+---------+------------+
|             INSTR_RETIRED_ANY            |  FIXC0  | 2237668000 |
|           CPU_CLK_UNHALTED_CORE          |  FIXC1  | 2361571000 |
|           CPU_CLK_UNHALTED_REF           |  FIXC2  | 2772284000 |
| FP_ARITH_INST_RETIRED_128B_PACKED_DOUBLE |   PMC0  |  494622100 |
|    FP_ARITH_INST_RETIRED_SCALAR_DOUBLE   |   PMC1  |     900110 |
| FP_ARITH_INST_RETIRED_256B_PACKED_DOUBLE |   PMC2  |          0 |
| FP_ARITH_INST_RETIRED_512B_PACKED_DOUBLE |   PMC3  |          0 |
+------------------------------------------+---------+------------+

+----------------------+------------+
|        Metric        | HWThread 0 |
+----------------------+------------+
|  Runtime (RDTSC) [s] |     1.0459 |
| Runtime unhalted [s] |     0.8767 |
|      Clock [MHz]     |  2294.5749 |
|          CPI         |     1.0554 |
|     DP [MFLOP/s]     |   946.6794 |
|   AVX DP [MFLOP/s]   |          0 |
|  AVX512 DP [MFLOP/s] |          0 |
|   Packed [MUOPS/s]   |   472.9094 |
|   Scalar [MUOPS/s]   |     0.8606 |
|  Vectorization ratio |    99.8184 |
+----------------------+------------+

--------------------------------------------------------------------------------
CPU name:	Intel(R) Xeon(R) Platinum 8174 CPU @ 3.10GHz
CPU type:	Intel Skylake SP processor
CPU clock:	2.69 GHz
--------------------------------------------------------------------------------
Resolutions       : (2500, 3500, ... 2800)
Iterations        : 40
Algorithm         : 0 (Jacobi)
Num. Heat sources : 2
   1: (0.00, 0.00) 1.00 1.00 
   2: (1.00, 1.00) 1.00 0.50 
Resolution:  2500Resolution:  2500, Time: 4.481 (2.750 GFlop => 613.72 MFlop/s, residual 0.397703, 40 iterations)
 2500; 4.481; 613.717
--------------------------------------------------------------------------------
Region Compute, Group 1: FLOPS_DP
+-------------------+------------+
|    Region Info    | HWThread 0 |
+-------------------+------------+
| RDTSC Runtime [s] |   4.495278 |
|     call count    |          1 |
+-------------------+------------+

+------------------------------------------+---------+-------------+
|                   Event                  | Counter |  HWThread 0 |
+------------------------------------------+---------+-------------+
|             INSTR_RETIRED_ANY            |  FIXC0  |  6204428000 |
|           CPU_CLK_UNHALTED_CORE          |  FIXC1  | 10209360000 |
|           CPU_CLK_UNHALTED_REF           |  FIXC2  | 11984890000 |
| FP_ARITH_INST_RETIRED_128B_PACKED_DOUBLE |   PMC0  |  1374370000 |
|    FP_ARITH_INST_RETIRED_SCALAR_DOUBLE   |   PMC1  |     1500110 |
| FP_ARITH_INST_RETIRED_256B_PACKED_DOUBLE |   PMC2  |           0 |
| FP_ARITH_INST_RETIRED_512B_PACKED_DOUBLE |   PMC3  |           0 |
+------------------------------------------+---------+-------------+

+----------------------+------------+
|        Metric        | HWThread 0 |
+----------------------+------------+
|  Runtime (RDTSC) [s] |     4.4953 |
| Runtime unhalted [s] |     3.7903 |
|      Clock [MHz]     |  2294.5239 |
|          CPI         |     1.6455 |
|     DP [MFLOP/s]     |   611.8065 |
|   AVX DP [MFLOP/s]   |          0 |
|  AVX512 DP [MFLOP/s] |          0 |
|   Packed [MUOPS/s]   |   305.7364 |
|   Scalar [MUOPS/s]   |     0.3337 |
|  Vectorization ratio |    99.8910 |
+----------------------+------------+

--------------------------------------------------------------------------------
CPU name:	Intel(R) Xeon(R) Platinum 8174 CPU @ 3.10GHz
CPU type:	Intel Skylake SP processor
CPU clock:	2.69 GHz
--------------------------------------------------------------------------------
Resolutions       : (3500, 4500, ... 3800)
Iterations        : 40
Algorithm         : 0 (Jacobi)
Num. Heat sources : 2
   1: (0.00, 0.00) 1.00 1.00 
   2: (1.00, 1.00) 1.00 0.50 
Resolution:  3500Resolution:  3500, Time: 9.361 (5.390 GFlop => 575.77 MFlop/s, residual 0.556728, 40 iterations)
 3500; 9.361; 575.769
--------------------------------------------------------------------------------
Region Compute, Group 1: FLOPS_DP
+-------------------+------------+
|    Region Info    | HWThread 0 |
+-------------------+------------+
| RDTSC Runtime [s] |   9.388270 |
|     call count    |          1 |
+-------------------+------------+

+------------------------------------------+---------+-------------+
|                   Event                  | Counter |  HWThread 0 |
+------------------------------------------+---------+-------------+
|             INSTR_RETIRED_ANY            |  FIXC0  | 12151190000 |
|           CPU_CLK_UNHALTED_CORE          |  FIXC1  | 21339720000 |
|           CPU_CLK_UNHALTED_REF           |  FIXC2  | 25050970000 |
| FP_ARITH_INST_RETIRED_128B_PACKED_DOUBLE |   PMC0  |  2694118000 |
|    FP_ARITH_INST_RETIRED_SCALAR_DOUBLE   |   PMC1  |     2100110 |
| FP_ARITH_INST_RETIRED_256B_PACKED_DOUBLE |   PMC2  |           0 |
| FP_ARITH_INST_RETIRED_512B_PACKED_DOUBLE |   PMC3  |           0 |
+------------------------------------------+---------+-------------+

+----------------------+------------+
|        Metric        | HWThread 0 |
+----------------------+------------+
|  Runtime (RDTSC) [s] |     9.3883 |
| Runtime unhalted [s] |     7.9223 |
|      Clock [MHz]     |  2294.5811 |
|          CPI         |     1.7562 |
|     DP [MFLOP/s]     |   574.1565 |
|   AVX DP [MFLOP/s]   |          0 |
|  AVX512 DP [MFLOP/s] |          0 |
|   Packed [MUOPS/s]   |   286.9664 |
|   Scalar [MUOPS/s]   |     0.2237 |
|  Vectorization ratio |    99.9221 |
+----------------------+------------+

--------------------------------------------------------------------------------
CPU name:	Intel(R) Xeon(R) Platinum 8174 CPU @ 3.10GHz
CPU type:	Intel Skylake SP processor
CPU clock:	2.69 GHz
--------------------------------------------------------------------------------
Resolutions       : (4500, 5500, ... 4800)
Iterations        : 40
Algorithm         : 0 (Jacobi)
Num. Heat sources : 2
   1: (0.00, 0.00) 1.00 1.00 
   2: (1.00, 1.00) 1.00 0.50 
Resolution:  4500Resolution:  4500, Time: 15.450 (8.910 GFlop => 576.72 MFlop/s, residual 0.715752, 40 iterations)
 4500; 15.450; 576.718
--------------------------------------------------------------------------------
Region Compute, Group 1: FLOPS_DP
+-------------------+------------+
|    Region Info    | HWThread 0 |
+-------------------+------------+
| RDTSC Runtime [s] |  15.494980 |
|     call count    |          1 |
+-------------------+------------+

+------------------------------------------+---------+-------------+
|                   Event                  | Counter |  HWThread 0 |
+------------------------------------------+---------+-------------+
|             INSTR_RETIRED_ANY            |  FIXC0  | 20077950000 |
|           CPU_CLK_UNHALTED_CORE          |  FIXC1  | 35212240000 |
|           CPU_CLK_UNHALTED_REF           |  FIXC2  | 41336110000 |
| FP_ARITH_INST_RETIRED_128B_PACKED_DOUBLE |   PMC0  |  4453866000 |
|    FP_ARITH_INST_RETIRED_SCALAR_DOUBLE   |   PMC1  |     2700110 |
| FP_ARITH_INST_RETIRED_256B_PACKED_DOUBLE |   PMC2  |           0 |
| FP_ARITH_INST_RETIRED_512B_PACKED_DOUBLE |   PMC3  |           0 |
+------------------------------------------+---------+-------------+

+----------------------+------------+
|        Metric        | HWThread 0 |
+----------------------+------------+
|  Runtime (RDTSC) [s] |    15.4950 |
| Runtime unhalted [s] |    13.0730 |
|      Clock [MHz]     |  2294.4653 |
|          CPI         |     1.7538 |
|     DP [MFLOP/s]     |   575.0528 |
|   AVX DP [MFLOP/s]   |          0 |
|  AVX512 DP [MFLOP/s] |          0 |
|   Packed [MUOPS/s]   |   287.4393 |
|   Scalar [MUOPS/s]   |     0.1743 |
|  Vectorization ratio |    99.9394 |
+----------------------+------------+

--------------------------------------------------------------------------------
CPU name:	Intel(R) Xeon(R) Platinum 8174 CPU @ 3.10GHz
CPU type:	Intel Skylake SP processor
CPU clock:	2.69 GHz
--------------------------------------------------------------------------------
Resolutions       : (500, 1500, ... 800)
Iterations        : 40
Algorithm         : 0 (Jacobi)
Num. Heat sources : 2
   1: (0.00, 0.00) 1.00 1.00 
   2: (1.00, 1.00) 1.00 0.50 
Resolution:   500Resolution:   500, Time: 0.095 (0.110 GFlop => 1159.59 MFlop/s, residual 0.079613, 40 iterations)
  500; 0.095; 1159.591
--------------------------------------------------------------------------------
Region Compute, Group 1: FLOPS_DP
+-------------------+------------+
|    Region Info    | HWThread 0 |
+-------------------+------------+
| RDTSC Runtime [s] |   0.097248 |
|     call count    |          1 |
+-------------------+------------+

+------------------------------------------+---------+------------+
|                   Event                  | Counter | HWThread 0 |
+------------------------------------------+---------+------------+
|             INSTR_RETIRED_ANY            |  FIXC0  |  250907500 |
|           CPU_CLK_UNHALTED_CORE          |  FIXC1  |  214713800 |
|           CPU_CLK_UNHALTED_REF           |  FIXC2  |  252056300 |
| FP_ARITH_INST_RETIRED_128B_PACKED_DOUBLE |   PMC0  |   54874080 |
|    FP_ARITH_INST_RETIRED_SCALAR_DOUBLE   |   PMC1  |     300110 |
| FP_ARITH_INST_RETIRED_256B_PACKED_DOUBLE |   PMC2  |          0 |
| FP_ARITH_INST_RETIRED_512B_PACKED_DOUBLE |   PMC3  |          0 |
+------------------------------------------+---------+------------+

+----------------------+------------+
|        Metric        | HWThread 0 |
+----------------------+------------+
|  Runtime (RDTSC) [s] |     0.0972 |
| Runtime unhalted [s] |     0.0797 |
|      Clock [MHz]     |  2294.4634 |
|          CPI         |     0.8557 |
|     DP [MFLOP/s]     |  1131.6242 |
|   AVX DP [MFLOP/s]   |          0 |
|  AVX512 DP [MFLOP/s] |          0 |
|   Packed [MUOPS/s]   |   564.2691 |
|   Scalar [MUOPS/s]   |     3.0860 |
|  Vectorization ratio |    99.4561 |
+----------------------+------------+

--------------------------------------------------------------------------------
CPU name:	Intel(R) Xeon(R) Platinum 8174 CPU @ 3.10GHz
CPU type:	Intel Skylake SP processor
CPU clock:	2.69 GHz
--------------------------------------------------------------------------------
Resolutions       : (1500, 2500, ... 1800)
Iterations        : 40
Algorithm         : 0 (Jacobi)
Num. Heat sources : 2
   1: (0.00, 0.00) 1.00 1.00 
   2: (1.00, 1.00) 1.00 0.50 
Resolution:  1500Resolution:  1500, Time: 1.172 (0.990 GFlop => 844.50 MFlop/s, residual 0.238673, 40 iterations)
 1500; 1.172; 844.499
--------------------------------------------------------------------------------
Region Compute, Group 1: FLOPS_DP
+-------------------+------------+
|    Region Info    | HWThread 0 |
+-------------------+------------+
| RDTSC Runtime [s] |   1.177792 |
|     call count    |          1 |
+-------------------+------------+

+------------------------------------------+---------+------------+
|                   Event                  | Counter | HWThread 0 |
+------------------------------------------+---------+------------+
|             INSTR_RETIRED_ANY            |  FIXC0  | 2237667000 |
|           CPU_CLK_UNHALTED_CORE          |  FIXC1  | 2664098000 |
|           CPU_CLK_UNHALTED_REF           |  FIXC2  | 3127420000 |
| FP_ARITH_INST_RETIRED_128B_PACKED_DOUBLE |   PMC0  |  494622100 |
|    FP_ARITH_INST_RETIRED_SCALAR_DOUBLE   |   PMC1  |     900110 |
| FP_ARITH_INST_RETIRED_256B_PACKED_DOUBLE |   PMC2  |          0 |
| FP_ARITH_INST_RETIRED_512B_PACKED_DOUBLE |   PMC3  |          0 |
+------------------------------------------+---------+------------+

+----------------------+------------+
|        Metric        | HWThread 0 |
+----------------------+------------+
|  Runtime (RDTSC) [s] |     1.1778 |
| Runtime unhalted [s] |     0.9890 |
|      Clock [MHz]     |  2294.5781 |
|          CPI         |     1.1906 |
|     DP [MFLOP/s]     |   840.6784 |
|   AVX DP [MFLOP/s]   |          0 |
|  AVX512 DP [MFLOP/s] |          0 |
|   Packed [MUOPS/s]   |   419.9571 |
|   Scalar [MUOPS/s]   |     0.7642 |
|  Vectorization ratio |    99.8184 |
+----------------------+------------+

--------------------------------------------------------------------------------
CPU name:	Intel(R) Xeon(R) Platinum 8174 CPU @ 3.10GHz
CPU type:	Intel Skylake SP processor
CPU clock:	2.69 GHz
--------------------------------------------------------------------------------
Resolutions       : (2500, 3500, ... 2800)
Iterations        : 40
Algorithm         : 0 (Jacobi)
Num. Heat sources : 2
   1: (0.00, 0.00) 1.00 1.00 
   2: (1.00, 1.00) 1.00 0.50 
Resolution:  2500Resolution:  2500, Time: 4.503 (2.750 GFlop => 610.73 MFlop/s, residual 0.397703, 40 iterations)
 2500; 4.503; 610.728
--------------------------------------------------------------------------------
Region Compute, Group 1: FLOPS_DP
+-------------------+------------+
|    Region Info    | HWThread 0 |
+-------------------+------------+
| RDTSC Runtime [s] |   4.516606 |
|     call count    |          1 |
+-------------------+------------+

+------------------------------------------+---------+-------------+
|                   Event                  | Counter |  HWThread 0 |
+------------------------------------------+---------+-------------+
|             INSTR_RETIRED_ANY            |  FIXC0  |  6204428000 |
|           CPU_CLK_UNHALTED_CORE          |  FIXC1  | 10255170000 |
|           CPU_CLK_UNHALTED_REF           |  FIXC2  | 12038670000 |
| FP_ARITH_INST_RETIRED_128B_PACKED_DOUBLE |   PMC0  |  1374370000 |
|    FP_ARITH_INST_RETIRED_SCALAR_DOUBLE   |   PMC1  |     1500110 |
| FP_ARITH_INST_RETIRED_256B_PACKED_DOUBLE |   PMC2  |           0 |
| FP_ARITH_INST_RETIRED_512B_PACKED_DOUBLE |   PMC3  |           0 |
+------------------------------------------+---------+-------------+

+----------------------+------------+
|        Metric        | HWThread 0 |
+----------------------+------------+
|  Runtime (RDTSC) [s] |     4.5166 |
| Runtime unhalted [s] |     3.8072 |
|      Clock [MHz]     |  2294.5810 |
|          CPI         |     1.6529 |
|     DP [MFLOP/s]     |   608.9174 |
|   AVX DP [MFLOP/s]   |          0 |
|  AVX512 DP [MFLOP/s] |          0 |
|   Packed [MUOPS/s]   |   304.2926 |
|   Scalar [MUOPS/s]   |     0.3321 |
|  Vectorization ratio |    99.8910 |
+----------------------+------------+

--------------------------------------------------------------------------------
CPU name:	Intel(R) Xeon(R) Platinum 8174 CPU @ 3.10GHz
CPU type:	Intel Skylake SP processor
CPU clock:	2.69 GHz
--------------------------------------------------------------------------------
Resolutions       : (3500, 4500, ... 3800)
Iterations        : 40
Algorithm         : 0 (Jacobi)
Num. Heat sources : 2
   1: (0.00, 0.00) 1.00 1.00 
   2: (1.00, 1.00) 1.00 0.50 
Resolution:  3500Resolution:  3500, Time: 9.380 (5.390 GFlop => 574.62 MFlop/s, residual 0.556728, 40 iterations)
 3500; 9.380; 574.621
--------------------------------------------------------------------------------
Region Compute, Group 1: FLOPS_DP
+-------------------+------------+
|    Region Info    | HWThread 0 |
+-------------------+------------+
| RDTSC Runtime [s] |   9.406993 |
|     call count    |          1 |
+-------------------+------------+

+------------------------------------------+---------+-------------+
|                   Event                  | Counter |  HWThread 0 |
+------------------------------------------+---------+-------------+
|             INSTR_RETIRED_ANY            |  FIXC0  | 12151190000 |
|           CPU_CLK_UNHALTED_CORE          |  FIXC1  | 21372330000 |
|           CPU_CLK_UNHALTED_REF           |  FIXC2  | 25089250000 |
| FP_ARITH_INST_RETIRED_128B_PACKED_DOUBLE |   PMC0  |  2694118000 |
|    FP_ARITH_INST_RETIRED_SCALAR_DOUBLE   |   PMC1  |     2100110 |
| FP_ARITH_INST_RETIRED_256B_PACKED_DOUBLE |   PMC2  |           0 |
| FP_ARITH_INST_RETIRED_512B_PACKED_DOUBLE |   PMC3  |           0 |
+------------------------------------------+---------+-------------+

+----------------------+------------+
|        Metric        | HWThread 0 |
+----------------------+------------+
|  Runtime (RDTSC) [s] |     9.4070 |
| Runtime unhalted [s] |     7.9346 |
|      Clock [MHz]     |  2294.5066 |
|          CPI         |     1.7589 |
|     DP [MFLOP/s]     |   573.0137 |
|   AVX DP [MFLOP/s]   |          0 |
|  AVX512 DP [MFLOP/s] |          0 |
|   Packed [MUOPS/s]   |   286.3952 |
|   Scalar [MUOPS/s]   |     0.2232 |
|  Vectorization ratio |    99.9221 |
+----------------------+------------+

--------------------------------------------------------------------------------
CPU name:	Intel(R) Xeon(R) Platinum 8174 CPU @ 3.10GHz
CPU type:	Intel Skylake SP processor
CPU clock:	2.69 GHz
--------------------------------------------------------------------------------
Resolutions       : (4500, 5500, ... 4800)
Iterations        : 40
Algorithm         : 0 (Jacobi)
Num. Heat sources : 2
   1: (0.00, 0.00) 1.00 1.00 
   2: (1.00, 1.00) 1.00 0.50 
Resolution:  4500Resolution:  4500, Time: 15.444 (8.910 GFlop => 576.93 MFlop/s, residual 0.715752, 40 iterations)
 4500; 15.444; 576.929
--------------------------------------------------------------------------------
Region Compute, Group 1: FLOPS_DP
+-------------------+------------+
|    Region Info    | HWThread 0 |
+-------------------+------------+
| RDTSC Runtime [s] |  15.487490 |
|     call count    |          1 |
+-------------------+------------+

+------------------------------------------+---------+-------------+
|                   Event                  | Counter |  HWThread 0 |
+------------------------------------------+---------+-------------+
|             INSTR_RETIRED_ANY            |  FIXC0  | 20077950000 |
|           CPU_CLK_UNHALTED_CORE          |  FIXC1  | 35200720000 |
|           CPU_CLK_UNHALTED_REF           |  FIXC2  | 41322580000 |
| FP_ARITH_INST_RETIRED_128B_PACKED_DOUBLE |   PMC0  |  4453866000 |
|    FP_ARITH_INST_RETIRED_SCALAR_DOUBLE   |   PMC1  |     2700110 |
| FP_ARITH_INST_RETIRED_256B_PACKED_DOUBLE |   PMC2  |           0 |
| FP_ARITH_INST_RETIRED_512B_PACKED_DOUBLE |   PMC3  |           0 |
+------------------------------------------+---------+-------------+

+----------------------+------------+
|        Metric        | HWThread 0 |
+----------------------+------------+
|  Runtime (RDTSC) [s] |    15.4875 |
| Runtime unhalted [s] |    13.0682 |
|      Clock [MHz]     |  2294.5657 |
|          CPI         |     1.7532 |
|     DP [MFLOP/s]     |   575.3309 |
|   AVX DP [MFLOP/s]   |          0 |
|  AVX512 DP [MFLOP/s] |          0 |
|   Packed [MUOPS/s]   |   287.5783 |
|   Scalar [MUOPS/s]   |     0.1743 |
|  Vectorization ratio |    99.9394 |
+----------------------+------------+

--------------------------------------------------------------------------------
CPU name:	Intel(R) Xeon(R) Platinum 8174 CPU @ 3.10GHz
CPU type:	Intel Skylake SP processor
CPU clock:	2.69 GHz
--------------------------------------------------------------------------------
Resolutions       : (500, 1500, ... 800)
Iterations        : 40
Algorithm         : 0 (Jacobi)
Num. Heat sources : 2
   1: (0.00, 0.00) 1.00 1.00 
   2: (1.00, 1.00) 1.00 0.50 
Resolution:   500Resolution:   500, Time: 0.095 (0.110 GFlop => 1153.19 MFlop/s, residual 0.079613, 40 iterations)
  500; 0.095; 1153.186
--------------------------------------------------------------------------------
Region Compute, Group 1: FLOPS_DP
+-------------------+------------+
|    Region Info    | HWThread 0 |
+-------------------+------------+
| RDTSC Runtime [s] |   0.097766 |
|     call count    |          1 |
+-------------------+------------+

+------------------------------------------+---------+------------+
|                   Event                  | Counter | HWThread 0 |
+------------------------------------------+---------+------------+
|             INSTR_RETIRED_ANY            |  FIXC0  |  250907500 |
|           CPU_CLK_UNHALTED_CORE          |  FIXC1  |  216090400 |
|           CPU_CLK_UNHALTED_REF           |  FIXC2  |  253670900 |
| FP_ARITH_INST_RETIRED_128B_PACKED_DOUBLE |   PMC0  |   54874080 |
|    FP_ARITH_INST_RETIRED_SCALAR_DOUBLE   |   PMC1  |     300110 |
| FP_ARITH_INST_RETIRED_256B_PACKED_DOUBLE |   PMC2  |          0 |
| FP_ARITH_INST_RETIRED_512B_PACKED_DOUBLE |   PMC3  |          0 |
+------------------------------------------+---------+------------+

+----------------------+------------+
|        Metric        | HWThread 0 |
+----------------------+------------+
|  Runtime (RDTSC) [s] |     0.0978 |
| Runtime unhalted [s] |     0.0802 |
|      Clock [MHz]     |  2294.5632 |
|          CPI         |     0.8612 |
|     DP [MFLOP/s]     |  1125.6328 |
|   AVX DP [MFLOP/s]   |          0 |
|  AVX512 DP [MFLOP/s] |          0 |
|   Packed [MUOPS/s]   |   561.2816 |
|   Scalar [MUOPS/s]   |     3.0697 |
|  Vectorization ratio |    99.4561 |
+----------------------+------------+

--------------------------------------------------------------------------------
CPU name:	Intel(R) Xeon(R) Platinum 8174 CPU @ 3.10GHz
CPU type:	Intel Skylake SP processor
CPU clock:	2.69 GHz
--------------------------------------------------------------------------------
Resolutions       : (1500, 2500, ... 1800)
Iterations        : 40
Algorithm         : 0 (Jacobi)
Num. Heat sources : 2
   1: (0.00, 0.00) 1.00 1.00 
   2: (1.00, 1.00) 1.00 0.50 
Resolution:  1500Resolution:  1500, Time: 1.112 (0.990 GFlop => 890.55 MFlop/s, residual 0.238673, 40 iterations)
 1500; 1.112; 890.549
--------------------------------------------------------------------------------
Region Compute, Group 1: FLOPS_DP
+-------------------+------------+
|    Region Info    | HWThread 0 |
+-------------------+------------+
| RDTSC Runtime [s] |   1.117130 |
|     call count    |          1 |
+-------------------+------------+

+------------------------------------------+---------+------------+
|                   Event                  | Counter | HWThread 0 |
+------------------------------------------+---------+------------+
|             INSTR_RETIRED_ANY            |  FIXC0  | 2237667000 |
|           CPU_CLK_UNHALTED_CORE          |  FIXC1  | 2525167000 |
|           CPU_CLK_UNHALTED_REF           |  FIXC2  | 2964329000 |
| FP_ARITH_INST_RETIRED_128B_PACKED_DOUBLE |   PMC0  |  494622100 |
|    FP_ARITH_INST_RETIRED_SCALAR_DOUBLE   |   PMC1  |     900110 |
| FP_ARITH_INST_RETIRED_256B_PACKED_DOUBLE |   PMC2  |          0 |
| FP_ARITH_INST_RETIRED_512B_PACKED_DOUBLE |   PMC3  |          0 |
+------------------------------------------+---------+------------+

+----------------------+------------+
|        Metric        | HWThread 0 |
+----------------------+------------+
|  Runtime (RDTSC) [s] |     1.1171 |
| Runtime unhalted [s] |     0.9375 |
|      Clock [MHz]     |  2294.5252 |
|          CPI         |     1.1285 |
|     DP [MFLOP/s]     |   886.3286 |
|   AVX DP [MFLOP/s]   |          0 |
|  AVX512 DP [MFLOP/s] |          0 |
|   Packed [MUOPS/s]   |   442.7615 |
|   Scalar [MUOPS/s]   |     0.8057 |
|  Vectorization ratio |    99.8184 |
+----------------------+------------+

--------------------------------------------------------------------------------
CPU name:	Intel(R) Xeon(R) Platinum 8174 CPU @ 3.10GHz
CPU type:	Intel Skylake SP processor
CPU clock:	2.69 GHz
--------------------------------------------------------------------------------
Resolutions       : (2500, 3500, ... 2800)
Iterations        : 40
Algorithm         : 0 (Jacobi)
Num. Heat sources : 2
   1: (0.00, 0.00) 1.00 1.00 
   2: (1.00, 1.00) 1.00 0.50 
Resolution:  2500Resolution:  2500, Time: 4.479 (2.750 GFlop => 613.95 MFlop/s, residual 0.397703, 40 iterations)
 2500; 4.479; 613.953
--------------------------------------------------------------------------------
Region Compute, Group 1: FLOPS_DP
+-------------------+------------+
|    Region Info    | HWThread 0 |
+-------------------+------------+
| RDTSC Runtime [s] |   4.493194 |
|     call count    |          1 |
+-------------------+------------+

+------------------------------------------+---------+-------------+
|                   Event                  | Counter |  HWThread 0 |
+------------------------------------------+---------+-------------+
|             INSTR_RETIRED_ANY            |  FIXC0  |  6204428000 |
|           CPU_CLK_UNHALTED_CORE          |  FIXC1  | 10203340000 |
|           CPU_CLK_UNHALTED_REF           |  FIXC2  | 11977830000 |
| FP_ARITH_INST_RETIRED_128B_PACKED_DOUBLE |   PMC0  |  1374370000 |
|    FP_ARITH_INST_RETIRED_SCALAR_DOUBLE   |   PMC1  |     1500110 |
| FP_ARITH_INST_RETIRED_256B_PACKED_DOUBLE |   PMC2  |           0 |
| FP_ARITH_INST_RETIRED_512B_PACKED_DOUBLE |   PMC3  |           0 |
+------------------------------------------+---------+-------------+

+----------------------+------------+
|        Metric        | HWThread 0 |
+----------------------+------------+
|  Runtime (RDTSC) [s] |     4.4932 |
| Runtime unhalted [s] |     3.7879 |
|      Clock [MHz]     |  2294.5773 |
|          CPI         |     1.6445 |
|     DP [MFLOP/s]     |   612.0902 |
|   AVX DP [MFLOP/s]   |          0 |
|  AVX512 DP [MFLOP/s] |          0 |
|   Packed [MUOPS/s]   |   305.8782 |
|   Scalar [MUOPS/s]   |     0.3339 |
|  Vectorization ratio |    99.8910 |
+----------------------+------------+

--------------------------------------------------------------------------------
CPU name:	Intel(R) Xeon(R) Platinum 8174 CPU @ 3.10GHz
CPU type:	Intel Skylake SP processor
CPU clock:	2.69 GHz
--------------------------------------------------------------------------------
Resolutions       : (3500, 4500, ... 3800)
Iterations        : 40
Algorithm         : 0 (Jacobi)
Num. Heat sources : 2
   1: (0.00, 0.00) 1.00 1.00 
   2: (1.00, 1.00) 1.00 0.50 
Resolution:  3500Resolution:  3500, Time: 9.360 (5.390 GFlop => 575.83 MFlop/s, residual 0.556728, 40 iterations)
 3500; 9.360; 575.832
--------------------------------------------------------------------------------
Region Compute, Group 1: FLOPS_DP
+-------------------+------------+
|    Region Info    | HWThread 0 |
+-------------------+------------+
| RDTSC Runtime [s] |   9.387008 |
|     call count    |          1 |
+-------------------+------------+

+------------------------------------------+---------+-------------+
|                   Event                  | Counter |  HWThread 0 |
+------------------------------------------+---------+-------------+
|             INSTR_RETIRED_ANY            |  FIXC0  | 12151190000 |
|           CPU_CLK_UNHALTED_CORE          |  FIXC1  | 21326690000 |
|           CPU_CLK_UNHALTED_REF           |  FIXC2  | 25035670000 |
| FP_ARITH_INST_RETIRED_128B_PACKED_DOUBLE |   PMC0  |  2694118000 |
|    FP_ARITH_INST_RETIRED_SCALAR_DOUBLE   |   PMC1  |     2100110 |
| FP_ARITH_INST_RETIRED_256B_PACKED_DOUBLE |   PMC2  |           0 |
| FP_ARITH_INST_RETIRED_512B_PACKED_DOUBLE |   PMC3  |           0 |
+------------------------------------------+---------+-------------+

+----------------------+------------+
|        Metric        | HWThread 0 |
+----------------------+------------+
|  Runtime (RDTSC) [s] |     9.3870 |
| Runtime unhalted [s] |     7.9184 |
|      Clock [MHz]     |  2294.2938 |
|          CPI         |     1.7551 |
|     DP [MFLOP/s]     |   574.2337 |
|   AVX DP [MFLOP/s]   |          0 |
|  AVX512 DP [MFLOP/s] |          0 |
|   Packed [MUOPS/s]   |   287.0050 |
|   Scalar [MUOPS/s]   |     0.2237 |
|  Vectorization ratio |    99.9221 |
+----------------------+------------+

--------------------------------------------------------------------------------
CPU name:	Intel(R) Xeon(R) Platinum 8174 CPU @ 3.10GHz
CPU type:	Intel Skylake SP processor
CPU clock:	2.69 GHz
--------------------------------------------------------------------------------
Resolutions       : (4500, 5500, ... 4800)
Iterations        : 40
Algorithm         : 0 (Jacobi)
Num. Heat sources : 2
   1: (0.00, 0.00) 1.00 1.00 
   2: (1.00, 1.00) 1.00 0.50 
Resolution:  4500Resolution:  4500, Time: 15.451 (8.910 GFlop => 576.65 MFlop/s, residual 0.715752, 40 iterations)
 4500; 15.451; 576.653
--------------------------------------------------------------------------------
Region Compute, Group 1: FLOPS_DP
+-------------------+------------+
|    Region Info    | HWThread 0 |
+-------------------+------------+
| RDTSC Runtime [s] |  15.496190 |
|     call count    |          1 |
+-------------------+------------+

+------------------------------------------+---------+-------------+
|                   Event                  | Counter |  HWThread 0 |
+------------------------------------------+---------+-------------+
|             INSTR_RETIRED_ANY            |  FIXC0  | 20077950000 |
|           CPU_CLK_UNHALTED_CORE          |  FIXC1  | 35210880000 |
|           CPU_CLK_UNHALTED_REF           |  FIXC2  | 41334510000 |
| FP_ARITH_INST_RETIRED_128B_PACKED_DOUBLE |   PMC0  |  4453866000 |
|    FP_ARITH_INST_RETIRED_SCALAR_DOUBLE   |   PMC1  |     2700110 |
| FP_ARITH_INST_RETIRED_256B_PACKED_DOUBLE |   PMC2  |           0 |
| FP_ARITH_INST_RETIRED_512B_PACKED_DOUBLE |   PMC3  |           0 |
+------------------------------------------+---------+-------------+

+----------------------+------------+
|        Metric        | HWThread 0 |
+----------------------+------------+
|  Runtime (RDTSC) [s] |    15.4962 |
| Runtime unhalted [s] |    13.0723 |
|      Clock [MHz]     |  2294.5038 |
|          CPI         |     1.7537 |
|     DP [MFLOP/s]     |   575.0079 |
|   AVX DP [MFLOP/s]   |          0 |
|  AVX512 DP [MFLOP/s] |          0 |
|   Packed [MUOPS/s]   |   287.4168 |
|   Scalar [MUOPS/s]   |     0.1742 |
|  Vectorization ratio |    99.9394 |
+----------------------+------------+

--------------------------------------------------------------------------------
CPU name:	Intel(R) Xeon(R) Platinum 8174 CPU @ 3.10GHz
CPU type:	Intel Skylake SP processor
CPU clock:	2.69 GHz
--------------------------------------------------------------------------------
Resolutions       : (500, 1500, ... 800)
Iterations        : 40
Algorithm         : 0 (Jacobi)
Num. Heat sources : 2
   1: (0.00, 0.00) 1.00 1.00 
   2: (1.00, 1.00) 1.00 0.50 
Resolution:   500Resolution:   500, Time: 0.095 (0.110 GFlop => 1163.20 MFlop/s, residual 0.079613, 40 iterations)
  500; 0.095; 1163.199
--------------------------------------------------------------------------------
Region Compute, Group 1: FLOPS_DP
+-------------------+------------+
|    Region Info    | HWThread 0 |
+-------------------+------------+
| RDTSC Runtime [s] |   0.096951 |
|     call count    |          1 |
+-------------------+------------+

+------------------------------------------+---------+------------+
|                   Event                  | Counter | HWThread 0 |
+------------------------------------------+---------+------------+
|             INSTR_RETIRED_ANY            |  FIXC0  |  250907500 |
|           CPU_CLK_UNHALTED_CORE          |  FIXC1  |  214511300 |
|           CPU_CLK_UNHALTED_REF           |  FIXC2  |  251815400 |
| FP_ARITH_INST_RETIRED_128B_PACKED_DOUBLE |   PMC0  |   54874080 |
|    FP_ARITH_INST_RETIRED_SCALAR_DOUBLE   |   PMC1  |     300110 |
| FP_ARITH_INST_RETIRED_256B_PACKED_DOUBLE |   PMC2  |          0 |
| FP_ARITH_INST_RETIRED_512B_PACKED_DOUBLE |   PMC3  |          0 |
+------------------------------------------+---------+------------+

+----------------------+------------+
|        Metric        | HWThread 0 |
+----------------------+------------+
|  Runtime (RDTSC) [s] |     0.0970 |
| Runtime unhalted [s] |     0.0796 |
|      Clock [MHz]     |  2294.5706 |
|          CPI         |     0.8549 |
|     DP [MFLOP/s]     |  1135.0908 |
|   AVX DP [MFLOP/s]   |          0 |
|  AVX512 DP [MFLOP/s] |          0 |
|   Packed [MUOPS/s]   |   565.9977 |
|   Scalar [MUOPS/s]   |     3.0955 |
|  Vectorization ratio |    99.4561 |
+----------------------+------------+

--------------------------------------------------------------------------------
CPU name:	Intel(R) Xeon(R) Platinum 8174 CPU @ 3.10GHz
CPU type:	Intel Skylake SP processor
CPU clock:	2.69 GHz
--------------------------------------------------------------------------------
Resolutions       : (1500, 2500, ... 1800)
Iterations        : 40
Algorithm         : 0 (Jacobi)
Num. Heat sources : 2
   1: (0.00, 0.00) 1.00 1.00 
   2: (1.00, 1.00) 1.00 0.50 
Resolution:  1500Resolution:  1500, Time: 1.054 (0.990 GFlop => 939.27 MFlop/s, residual 0.238673, 40 iterations)
 1500; 1.054; 939.272
--------------------------------------------------------------------------------
Region Compute, Group 1: FLOPS_DP
+-------------------+------------+
|    Region Info    | HWThread 0 |
+-------------------+------------+
| RDTSC Runtime [s] |   1.059181 |
|     call count    |          1 |
+-------------------+------------+

+------------------------------------------+---------+------------+
|                   Event                  | Counter | HWThread 0 |
+------------------------------------------+---------+------------+
|             INSTR_RETIRED_ANY            |  FIXC0  | 2237667000 |
|           CPU_CLK_UNHALTED_CORE          |  FIXC1  | 2392242000 |
|           CPU_CLK_UNHALTED_REF           |  FIXC2  | 2808284000 |
| FP_ARITH_INST_RETIRED_128B_PACKED_DOUBLE |   PMC0  |  494622100 |
|    FP_ARITH_INST_RETIRED_SCALAR_DOUBLE   |   PMC1  |     900110 |
| FP_ARITH_INST_RETIRED_256B_PACKED_DOUBLE |   PMC2  |          0 |
| FP_ARITH_INST_RETIRED_512B_PACKED_DOUBLE |   PMC3  |          0 |
+------------------------------------------+---------+------------+

+----------------------+------------+
|        Metric        | HWThread 0 |
+----------------------+------------+
|  Runtime (RDTSC) [s] |     1.0592 |
| Runtime unhalted [s] |     0.8881 |
|      Clock [MHz]     |  2294.5168 |
|          CPI         |     1.0691 |
|     DP [MFLOP/s]     |   934.8207 |
|   AVX DP [MFLOP/s]   |          0 |
|  AVX512 DP [MFLOP/s] |          0 |
|   Packed [MUOPS/s]   |   466.9854 |
|   Scalar [MUOPS/s]   |     0.8498 |
|  Vectorization ratio |    99.8184 |
+----------------------+------------+

--------------------------------------------------------------------------------
CPU name:	Intel(R) Xeon(R) Platinum 8174 CPU @ 3.10GHz
CPU type:	Intel Skylake SP processor
CPU clock:	2.69 GHz
--------------------------------------------------------------------------------
Resolutions       : (2500, 3500, ... 2800)
Iterations        : 40
Algorithm         : 0 (Jacobi)
Num. Heat sources : 2
   1: (0.00, 0.00) 1.00 1.00 
   2: (1.00, 1.00) 1.00 0.50 
Resolution:  2500Resolution:  2500, Time: 4.492 (2.750 GFlop => 612.25 MFlop/s, residual 0.397703, 40 iterations)
 2500; 4.492; 612.245
--------------------------------------------------------------------------------
Region Compute, Group 1: FLOPS_DP
+-------------------+------------+
|    Region Info    | HWThread 0 |
+-------------------+------------+
| RDTSC Runtime [s] |   4.505776 |
|     call count    |          1 |
+-------------------+------------+

+------------------------------------------+---------+-------------+
|                   Event                  | Counter |  HWThread 0 |
+------------------------------------------+---------+-------------+
|             INSTR_RETIRED_ANY            |  FIXC0  |  6204428000 |
|           CPU_CLK_UNHALTED_CORE          |  FIXC1  | 10228640000 |
|           CPU_CLK_UNHALTED_REF           |  FIXC2  | 12007520000 |
| FP_ARITH_INST_RETIRED_128B_PACKED_DOUBLE |   PMC0  |  1374370000 |
|    FP_ARITH_INST_RETIRED_SCALAR_DOUBLE   |   PMC1  |     1500110 |
| FP_ARITH_INST_RETIRED_256B_PACKED_DOUBLE |   PMC2  |           0 |
| FP_ARITH_INST_RETIRED_512B_PACKED_DOUBLE |   PMC3  |           0 |
+------------------------------------------+---------+-------------+

+----------------------+------------+
|        Metric        | HWThread 0 |
+----------------------+------------+
|  Runtime (RDTSC) [s] |     4.5058 |
| Runtime unhalted [s] |     3.7974 |
|      Clock [MHz]     |  2294.5709 |
|          CPI         |     1.6486 |
|     DP [MFLOP/s]     |   610.3810 |
|   AVX DP [MFLOP/s]   |          0 |
|  AVX512 DP [MFLOP/s] |          0 |
|   Packed [MUOPS/s]   |   305.0240 |
|   Scalar [MUOPS/s]   |     0.3329 |
|  Vectorization ratio |    99.8910 |
+----------------------+------------+

--------------------------------------------------------------------------------
CPU name:	Intel(R) Xeon(R) Platinum 8174 CPU @ 3.10GHz
CPU type:	Intel Skylake SP processor
CPU clock:	2.69 GHz
--------------------------------------------------------------------------------
Resolutions       : (3500, 4500, ... 3800)
Iterations        : 40
Algorithm         : 0 (Jacobi)
Num. Heat sources : 2
   1: (0.00, 0.00) 1.00 1.00 
   2: (1.00, 1.00) 1.00 0.50 
Resolution:  3500Resolution:  3500, Time: 9.372 (5.390 GFlop => 575.14 MFlop/s, residual 0.556728, 40 iterations)
 3500; 9.372; 575.140
--------------------------------------------------------------------------------
Region Compute, Group 1: FLOPS_DP
+-------------------+------------+
|    Region Info    | HWThread 0 |
+-------------------+------------+
| RDTSC Runtime [s] |   9.398543 |
|     call count    |          1 |
+-------------------+------------+

+------------------------------------------+---------+-------------+
|                   Event                  | Counter |  HWThread 0 |
+------------------------------------------+---------+-------------+
|             INSTR_RETIRED_ANY            |  FIXC0  | 12151190000 |
|           CPU_CLK_UNHALTED_CORE          |  FIXC1  | 21353070000 |
|           CPU_CLK_UNHALTED_REF           |  FIXC2  | 25066640000 |
| FP_ARITH_INST_RETIRED_128B_PACKED_DOUBLE |   PMC0  |  2694118000 |
|    FP_ARITH_INST_RETIRED_SCALAR_DOUBLE   |   PMC1  |     2100110 |
| FP_ARITH_INST_RETIRED_256B_PACKED_DOUBLE |   PMC2  |           0 |
| FP_ARITH_INST_RETIRED_512B_PACKED_DOUBLE |   PMC3  |           0 |
+------------------------------------------+---------+-------------+

+----------------------+------------+
|        Metric        | HWThread 0 |
+----------------------+------------+
|  Runtime (RDTSC) [s] |     9.3985 |
| Runtime unhalted [s] |     7.9272 |
|      Clock [MHz]     |  2294.5774 |
|          CPI         |     1.7573 |
|     DP [MFLOP/s]     |   573.5289 |
|   AVX DP [MFLOP/s]   |          0 |
|  AVX512 DP [MFLOP/s] |          0 |
|   Packed [MUOPS/s]   |   286.6527 |
|   Scalar [MUOPS/s]   |     0.2235 |
|  Vectorization ratio |    99.9221 |
+----------------------+------------+

--------------------------------------------------------------------------------
CPU name:	Intel(R) Xeon(R) Platinum 8174 CPU @ 3.10GHz
CPU type:	Intel Skylake SP processor
CPU clock:	2.69 GHz
--------------------------------------------------------------------------------
Resolutions       : (4500, 5500, ... 4800)
Iterations        : 40
Algorithm         : 0 (Jacobi)
Num. Heat sources : 2
   1: (0.00, 0.00) 1.00 1.00 
   2: (1.00, 1.00) 1.00 0.50 
Resolution:  4500Resolution:  4500, Time: 15.461 (8.910 GFlop => 576.29 MFlop/s, residual 0.715752, 40 iterations)
 4500; 15.461; 576.287
--------------------------------------------------------------------------------
Region Compute, Group 1: FLOPS_DP
+-------------------+------------+
|    Region Info    | HWThread 0 |
+-------------------+------------+
| RDTSC Runtime [s] |  15.505030 |
|     call count    |          1 |
+-------------------+------------+

+------------------------------------------+---------+-------------+
|                   Event                  | Counter |  HWThread 0 |
+------------------------------------------+---------+-------------+
|             INSTR_RETIRED_ANY            |  FIXC0  | 20077950000 |
|           CPU_CLK_UNHALTED_CORE          |  FIXC1  | 35233360000 |
|           CPU_CLK_UNHALTED_REF           |  FIXC2  | 41360900000 |
| FP_ARITH_INST_RETIRED_128B_PACKED_DOUBLE |   PMC0  |  4453866000 |
|    FP_ARITH_INST_RETIRED_SCALAR_DOUBLE   |   PMC1  |     2700110 |
| FP_ARITH_INST_RETIRED_256B_PACKED_DOUBLE |   PMC2  |           0 |
| FP_ARITH_INST_RETIRED_512B_PACKED_DOUBLE |   PMC3  |           0 |
+------------------------------------------+---------+-------------+

+----------------------+------------+
|        Metric        | HWThread 0 |
+----------------------+------------+
|  Runtime (RDTSC) [s] |    15.5050 |
| Runtime unhalted [s] |    13.0805 |
|      Clock [MHz]     |  2294.5379 |
|          CPI         |     1.7548 |
|     DP [MFLOP/s]     |   574.6801 |
|   AVX DP [MFLOP/s]   |          0 |
|  AVX512 DP [MFLOP/s] |          0 |
|   Packed [MUOPS/s]   |   287.2530 |
|   Scalar [MUOPS/s]   |     0.1741 |
|  Vectorization ratio |    99.9394 |
+----------------------+------------+

