--------------------------------------------------------------------------------
CPU name:	Intel(R) Xeon(R) Platinum 8174 CPU @ 3.10GHz
CPU type:	Intel Skylake SP processor
CPU clock:	2.69 GHz
--------------------------------------------------------------------------------
Resolutions       : (500, 1500, ... 800)
Iterations        : 40
Algorithm         : 0 (Jacobi)
Num. Heat sources : 2
   1: (0.00, 0.00) 1.00 1.00 
   2: (1.00, 1.00) 1.00 0.50 
Resolution:   500
Resolution:   500, Time: 1.411 (0.110 GFlop =>  77.96 MFlop/s, residual 0.079613, 40 iterations)
  500; 1.411; 77.962
--------------------------------------------------------------------------------
Region Compute, Group 1: FLOPS_DP
+-------------------+------------+
|    Region Info    | HWThread 0 |
+-------------------+------------+
| RDTSC Runtime [s] |   0.002034 |
|     call count    |          1 |
+-------------------+------------+

+------------------------------------------+---------+------------+
|                   Event                  | Counter | HWThread 0 |
+------------------------------------------+---------+------------+
|             INSTR_RETIRED_ANY            |  FIXC0  |    4454678 |
|           CPU_CLK_UNHALTED_CORE          |  FIXC1  |    4679754 |
|           CPU_CLK_UNHALTED_REF           |  FIXC2  |    5494176 |
| FP_ARITH_INST_RETIRED_128B_PACKED_DOUBLE |   PMC0  |     500000 |
|    FP_ARITH_INST_RETIRED_SCALAR_DOUBLE   |   PMC1  |         11 |
| FP_ARITH_INST_RETIRED_256B_PACKED_DOUBLE |   PMC2  |          0 |
| FP_ARITH_INST_RETIRED_512B_PACKED_DOUBLE |   PMC3  |          0 |
+------------------------------------------+---------+------------+

+----------------------+------------+
|        Metric        | HWThread 0 |
+----------------------+------------+
|  Runtime (RDTSC) [s] |     0.0020 |
| Runtime unhalted [s] |     0.0017 |
|      Clock [MHz]     |  2294.3250 |
|          CPI         |     1.0505 |
|     DP [MFLOP/s]     |   491.5479 |
|   AVX DP [MFLOP/s]   |          0 |
|  AVX512 DP [MFLOP/s] |          0 |
|   Packed [MUOPS/s]   |   245.7713 |
|   Scalar [MUOPS/s]   |     0.0054 |
|  Vectorization ratio |    99.9978 |
+----------------------+------------+

--------------------------------------------------------------------------------
CPU name:	Intel(R) Xeon(R) Platinum 8174 CPU @ 3.10GHz
CPU type:	Intel Skylake SP processor
CPU clock:	2.69 GHz
--------------------------------------------------------------------------------
Resolutions       : (1500, 2500, ... 1800)
Iterations        : 40
Algorithm         : 0 (Jacobi)
Num. Heat sources : 2
   1: (0.00, 0.00) 1.00 1.00 
   2: (1.00, 1.00) 1.00 0.50 
Resolution:  1500
Resolution:  1500, Time: 2.589 (0.990 GFlop => 382.41 MFlop/s, residual 0.238673, 40 iterations)
 1500; 2.589; 382.409
--------------------------------------------------------------------------------
Region Compute, Group 1: FLOPS_DP
+-------------------+------------+
|    Region Info    | HWThread 0 |
+-------------------+------------+
| RDTSC Runtime [s] |   0.027718 |
|     call count    |          1 |
+-------------------+------------+

+------------------------------------------+---------+------------+
|                   Event                  | Counter | HWThread 0 |
+------------------------------------------+---------+------------+
|             INSTR_RETIRED_ANY            |  FIXC0  |   39795180 |
|           CPU_CLK_UNHALTED_CORE          |  FIXC1  |   63390430 |
|           CPU_CLK_UNHALTED_REF           |  FIXC2  |   74414920 |
| FP_ARITH_INST_RETIRED_128B_PACKED_DOUBLE |   PMC0  |    4500000 |
|    FP_ARITH_INST_RETIRED_SCALAR_DOUBLE   |   PMC1  |         11 |
| FP_ARITH_INST_RETIRED_256B_PACKED_DOUBLE |   PMC2  |          0 |
| FP_ARITH_INST_RETIRED_512B_PACKED_DOUBLE |   PMC3  |          0 |
+------------------------------------------+---------+------------+

+----------------------+------------+
|        Metric        | HWThread 0 |
+----------------------+------------+
|  Runtime (RDTSC) [s] |     0.0277 |
| Runtime unhalted [s] |     0.0235 |
|      Clock [MHz]     |  2294.4605 |
|          CPI         |     1.5929 |
|     DP [MFLOP/s]     |   324.6958 |
|   AVX DP [MFLOP/s]   |          0 |
|  AVX512 DP [MFLOP/s] |          0 |
|   Packed [MUOPS/s]   |   162.3477 |
|   Scalar [MUOPS/s]   |     0.0004 |
|  Vectorization ratio |    99.9998 |
+----------------------+------------+

--------------------------------------------------------------------------------
CPU name:	Intel(R) Xeon(R) Platinum 8174 CPU @ 3.10GHz
CPU type:	Intel Skylake SP processor
CPU clock:	2.69 GHz
--------------------------------------------------------------------------------
Resolutions       : (2500, 3500, ... 2800)
Iterations        : 40
Algorithm         : 0 (Jacobi)
Num. Heat sources : 2
   1: (0.00, 0.00) 1.00 1.00 
   2: (1.00, 1.00) 1.00 0.50 
Resolution:  2500
Resolution:  2500, Time: 5.822 (2.750 GFlop => 472.32 MFlop/s, residual 0.397703, 40 iterations)
 2500; 5.822; 472.317
--------------------------------------------------------------------------------
Region Compute, Group 1: FLOPS_DP
+-------------------+------------+
|    Region Info    | HWThread 0 |
+-------------------+------------+
| RDTSC Runtime [s] |   0.102131 |
|     call count    |          1 |
+-------------------+------------+

+------------------------------------------+---------+------------+
|                   Event                  | Counter | HWThread 0 |
+------------------------------------------+---------+------------+
|             INSTR_RETIRED_ANY            |  FIXC0  |  110385700 |
|           CPU_CLK_UNHALTED_CORE          |  FIXC1  |  233690700 |
|           CPU_CLK_UNHALTED_REF           |  FIXC2  |  274332900 |
| FP_ARITH_INST_RETIRED_128B_PACKED_DOUBLE |   PMC0  |   12500000 |
|    FP_ARITH_INST_RETIRED_SCALAR_DOUBLE   |   PMC1  |         11 |
| FP_ARITH_INST_RETIRED_256B_PACKED_DOUBLE |   PMC2  |          0 |
| FP_ARITH_INST_RETIRED_512B_PACKED_DOUBLE |   PMC3  |          0 |
+------------------------------------------+---------+------------+

+----------------------+------------+
|        Metric        | HWThread 0 |
+----------------------+------------+
|  Runtime (RDTSC) [s] |     0.1021 |
| Runtime unhalted [s] |     0.0868 |
|      Clock [MHz]     |  2294.5410 |
|          CPI         |     2.1170 |
|     DP [MFLOP/s]     |   244.7845 |
|   AVX DP [MFLOP/s]   |          0 |
|  AVX512 DP [MFLOP/s] |          0 |
|   Packed [MUOPS/s]   |   122.3922 |
|   Scalar [MUOPS/s]   |     0.0001 |
|  Vectorization ratio |    99.9999 |
+----------------------+------------+

--------------------------------------------------------------------------------
CPU name:	Intel(R) Xeon(R) Platinum 8174 CPU @ 3.10GHz
CPU type:	Intel Skylake SP processor
CPU clock:	2.69 GHz
--------------------------------------------------------------------------------
Resolutions       : (3500, 4500, ... 3800)
Iterations        : 40
Algorithm         : 0 (Jacobi)
Num. Heat sources : 2
   1: (0.00, 0.00) 1.00 1.00 
   2: (1.00, 1.00) 1.00 0.50 
Resolution:  3500
Resolution:  3500, Time: 10.706 (5.390 GFlop => 503.44 MFlop/s, residual 0.556728, 40 iterations)
 3500; 10.706; 503.444
--------------------------------------------------------------------------------
Region Compute, Group 1: FLOPS_DP
+-------------------+------------+
|    Region Info    | HWThread 0 |
+-------------------+------------+
| RDTSC Runtime [s] |   0.215020 |
|     call count    |          1 |
+-------------------+------------+

+------------------------------------------+---------+------------+
|                   Event                  | Counter | HWThread 0 |
+------------------------------------------+---------+------------+
|             INSTR_RETIRED_ANY            |  FIXC0  |  216226200 |
|           CPU_CLK_UNHALTED_CORE          |  FIXC1  |  491468900 |
|           CPU_CLK_UNHALTED_REF           |  FIXC2  |  576942000 |
| FP_ARITH_INST_RETIRED_128B_PACKED_DOUBLE |   PMC0  |   24500000 |
|    FP_ARITH_INST_RETIRED_SCALAR_DOUBLE   |   PMC1  |         11 |
| FP_ARITH_INST_RETIRED_256B_PACKED_DOUBLE |   PMC2  |          0 |
| FP_ARITH_INST_RETIRED_512B_PACKED_DOUBLE |   PMC3  |          0 |
+------------------------------------------+---------+------------+

+----------------------+------------+
|        Metric        | HWThread 0 |
+----------------------+------------+
|  Runtime (RDTSC) [s] |     0.2150 |
| Runtime unhalted [s] |     0.1825 |
|      Clock [MHz]     |  2294.5247 |
|          CPI         |     2.2729 |
|     DP [MFLOP/s]     |   227.8861 |
|   AVX DP [MFLOP/s]   |          0 |
|  AVX512 DP [MFLOP/s] |          0 |
|   Packed [MUOPS/s]   |   113.9430 |
|   Scalar [MUOPS/s]   |     0.0001 |
|  Vectorization ratio |   100.0000 |
+----------------------+------------+

--------------------------------------------------------------------------------
CPU name:	Intel(R) Xeon(R) Platinum 8174 CPU @ 3.10GHz
CPU type:	Intel Skylake SP processor
CPU clock:	2.69 GHz
--------------------------------------------------------------------------------
Resolutions       : (4500, 5500, ... 4800)
Iterations        : 40
Algorithm         : 0 (Jacobi)
Num. Heat sources : 2
   1: (0.00, 0.00) 1.00 1.00 
   2: (1.00, 1.00) 1.00 0.50 
Resolution:  4500
Resolution:  4500, Time: 16.806 (8.910 GFlop => 530.18 MFlop/s, residual 0.715752, 40 iterations)
 4500; 16.806; 530.179
--------------------------------------------------------------------------------
Region Compute, Group 1: FLOPS_DP
+-------------------+------------+
|    Region Info    | HWThread 0 |
+-------------------+------------+
| RDTSC Runtime [s] |   0.354062 |
|     call count    |          1 |
+-------------------+------------+

+------------------------------------------+---------+------------+
|                   Event                  | Counter | HWThread 0 |
+------------------------------------------+---------+------------+
|             INSTR_RETIRED_ANY            |  FIXC0  |  357316800 |
|           CPU_CLK_UNHALTED_CORE          |  FIXC1  |  809780400 |
|           CPU_CLK_UNHALTED_REF           |  FIXC2  |  950611400 |
| FP_ARITH_INST_RETIRED_128B_PACKED_DOUBLE |   PMC0  |   40500000 |
|    FP_ARITH_INST_RETIRED_SCALAR_DOUBLE   |   PMC1  |         11 |
| FP_ARITH_INST_RETIRED_256B_PACKED_DOUBLE |   PMC2  |          0 |
| FP_ARITH_INST_RETIRED_512B_PACKED_DOUBLE |   PMC3  |          0 |
+------------------------------------------+---------+------------+

+----------------------+--------------+
|        Metric        |  HWThread 0  |
+----------------------+--------------+
|  Runtime (RDTSC) [s] |       0.3541 |
| Runtime unhalted [s] |       0.3006 |
|      Clock [MHz]     |    2294.5551 |
|          CPI         |       2.2663 |
|     DP [MFLOP/s]     |     228.7733 |
|   AVX DP [MFLOP/s]   |            0 |
|  AVX512 DP [MFLOP/s] |            0 |
|   Packed [MUOPS/s]   |     114.3866 |
|   Scalar [MUOPS/s]   | 3.106797e-05 |
|  Vectorization ratio |     100.0000 |
+----------------------+--------------+

--------------------------------------------------------------------------------
CPU name:	Intel(R) Xeon(R) Platinum 8174 CPU @ 3.10GHz
CPU type:	Intel Skylake SP processor
CPU clock:	2.69 GHz
--------------------------------------------------------------------------------
Resolutions       : (500, 1500, ... 800)
Iterations        : 40
Algorithm         : 0 (Jacobi)
Num. Heat sources : 2
   1: (0.00, 0.00) 1.00 1.00 
   2: (1.00, 1.00) 1.00 0.50 
Resolution:   500
Resolution:   500, Time: 1.406 (0.110 GFlop =>  78.24 MFlop/s, residual 0.079613, 40 iterations)
  500; 1.406; 78.243
--------------------------------------------------------------------------------
Region Compute, Group 1: FLOPS_DP
+-------------------+------------+
|    Region Info    | HWThread 0 |
+-------------------+------------+
| RDTSC Runtime [s] |   0.001960 |
|     call count    |          1 |
+-------------------+------------+

+------------------------------------------+---------+------------+
|                   Event                  | Counter | HWThread 0 |
+------------------------------------------+---------+------------+
|             INSTR_RETIRED_ANY            |  FIXC0  |    4454678 |
|           CPU_CLK_UNHALTED_CORE          |  FIXC1  |    4508886 |
|           CPU_CLK_UNHALTED_REF           |  FIXC2  |    5293188 |
| FP_ARITH_INST_RETIRED_128B_PACKED_DOUBLE |   PMC0  |     500000 |
|    FP_ARITH_INST_RETIRED_SCALAR_DOUBLE   |   PMC1  |         11 |
| FP_ARITH_INST_RETIRED_256B_PACKED_DOUBLE |   PMC2  |          0 |
| FP_ARITH_INST_RETIRED_512B_PACKED_DOUBLE |   PMC3  |          0 |
+------------------------------------------+---------+------------+

+----------------------+------------+
|        Metric        | HWThread 0 |
+----------------------+------------+
|  Runtime (RDTSC) [s] |     0.0020 |
| Runtime unhalted [s] |     0.0017 |
|      Clock [MHz]     |  2294.4685 |
|          CPI         |     1.0122 |
|     DP [MFLOP/s]     |   510.1678 |
|   AVX DP [MFLOP/s]   |          0 |
|  AVX512 DP [MFLOP/s] |          0 |
|   Packed [MUOPS/s]   |   255.0811 |
|   Scalar [MUOPS/s]   |     0.0056 |
|  Vectorization ratio |    99.9978 |
+----------------------+------------+

--------------------------------------------------------------------------------
CPU name:	Intel(R) Xeon(R) Platinum 8174 CPU @ 3.10GHz
CPU type:	Intel Skylake SP processor
CPU clock:	2.69 GHz
--------------------------------------------------------------------------------
Resolutions       : (1500, 2500, ... 1800)
Iterations        : 40
Algorithm         : 0 (Jacobi)
Num. Heat sources : 2
   1: (0.00, 0.00) 1.00 1.00 
   2: (1.00, 1.00) 1.00 0.50 
Resolution:  1500
Resolution:  1500, Time: 2.503 (0.990 GFlop => 395.50 MFlop/s, residual 0.238673, 40 iterations)
 1500; 2.503; 395.498
--------------------------------------------------------------------------------
Region Compute, Group 1: FLOPS_DP
+-------------------+------------+
|    Region Info    | HWThread 0 |
+-------------------+------------+
| RDTSC Runtime [s] |   0.025585 |
|     call count    |          1 |
+-------------------+------------+

+------------------------------------------+---------+------------+
|                   Event                  | Counter | HWThread 0 |
+------------------------------------------+---------+------------+
|             INSTR_RETIRED_ANY            |  FIXC0  |   39795180 |
|           CPU_CLK_UNHALTED_CORE          |  FIXC1  |   58470440 |
|           CPU_CLK_UNHALTED_REF           |  FIXC2  |   68639400 |
| FP_ARITH_INST_RETIRED_128B_PACKED_DOUBLE |   PMC0  |    4500000 |
|    FP_ARITH_INST_RETIRED_SCALAR_DOUBLE   |   PMC1  |         11 |
| FP_ARITH_INST_RETIRED_256B_PACKED_DOUBLE |   PMC2  |          0 |
| FP_ARITH_INST_RETIRED_512B_PACKED_DOUBLE |   PMC3  |          0 |
+------------------------------------------+---------+------------+

+----------------------+------------+
|        Metric        | HWThread 0 |
+----------------------+------------+
|  Runtime (RDTSC) [s] |     0.0256 |
| Runtime unhalted [s] |     0.0217 |
|      Clock [MHz]     |  2294.5572 |
|          CPI         |     1.4693 |
|     DP [MFLOP/s]     |   351.7653 |
|   AVX DP [MFLOP/s]   |          0 |
|  AVX512 DP [MFLOP/s] |          0 |
|   Packed [MUOPS/s]   |   175.8825 |
|   Scalar [MUOPS/s]   |     0.0004 |
|  Vectorization ratio |    99.9998 |
+----------------------+------------+

--------------------------------------------------------------------------------
CPU name:	Intel(R) Xeon(R) Platinum 8174 CPU @ 3.10GHz
CPU type:	Intel Skylake SP processor
CPU clock:	2.69 GHz
--------------------------------------------------------------------------------
Resolutions       : (2500, 3500, ... 2800)
Iterations        : 40
Algorithm         : 0 (Jacobi)
Num. Heat sources : 2
   1: (0.00, 0.00) 1.00 1.00 
   2: (1.00, 1.00) 1.00 0.50 
Resolution:  2500
Resolution:  2500, Time: 5.825 (2.750 GFlop => 472.13 MFlop/s, residual 0.397703, 40 iterations)
 2500; 5.825; 472.133
--------------------------------------------------------------------------------
Region Compute, Group 1: FLOPS_DP
+-------------------+------------+
|    Region Info    | HWThread 0 |
+-------------------+------------+
| RDTSC Runtime [s] |   0.102616 |
|     call count    |          1 |
+-------------------+------------+

+------------------------------------------+---------+------------+
|                   Event                  | Counter | HWThread 0 |
+------------------------------------------+---------+------------+
|             INSTR_RETIRED_ANY            |  FIXC0  |  110385700 |
|           CPU_CLK_UNHALTED_CORE          |  FIXC1  |  234839600 |
|           CPU_CLK_UNHALTED_REF           |  FIXC2  |  275681600 |
| FP_ARITH_INST_RETIRED_128B_PACKED_DOUBLE |   PMC0  |   12500000 |
|    FP_ARITH_INST_RETIRED_SCALAR_DOUBLE   |   PMC1  |         11 |
| FP_ARITH_INST_RETIRED_256B_PACKED_DOUBLE |   PMC2  |          0 |
| FP_ARITH_INST_RETIRED_512B_PACKED_DOUBLE |   PMC3  |          0 |
+------------------------------------------+---------+------------+

+----------------------+------------+
|        Metric        | HWThread 0 |
+----------------------+------------+
|  Runtime (RDTSC) [s] |     0.1026 |
| Runtime unhalted [s] |     0.0872 |
|      Clock [MHz]     |  2294.5456 |
|          CPI         |     2.1274 |
|     DP [MFLOP/s]     |   243.6273 |
|   AVX DP [MFLOP/s]   |          0 |
|  AVX512 DP [MFLOP/s] |          0 |
|   Packed [MUOPS/s]   |   121.8136 |
|   Scalar [MUOPS/s]   |     0.0001 |
|  Vectorization ratio |    99.9999 |
+----------------------+------------+

--------------------------------------------------------------------------------
CPU name:	Intel(R) Xeon(R) Platinum 8174 CPU @ 3.10GHz
CPU type:	Intel Skylake SP processor
CPU clock:	2.69 GHz
--------------------------------------------------------------------------------
Resolutions       : (3500, 4500, ... 3800)
Iterations        : 40
Algorithm         : 0 (Jacobi)
Num. Heat sources : 2
   1: (0.00, 0.00) 1.00 1.00 
   2: (1.00, 1.00) 1.00 0.50 
Resolution:  3500
Resolution:  3500, Time: 10.717 (5.390 GFlop => 502.94 MFlop/s, residual 0.556728, 40 iterations)
 3500; 10.717; 502.944
--------------------------------------------------------------------------------
Region Compute, Group 1: FLOPS_DP
+-------------------+------------+
|    Region Info    | HWThread 0 |
+-------------------+------------+
| RDTSC Runtime [s] |   0.215422 |
|     call count    |          1 |
+-------------------+------------+

+------------------------------------------+---------+------------+
|                   Event                  | Counter | HWThread 0 |
+------------------------------------------+---------+------------+
|             INSTR_RETIRED_ANY            |  FIXC0  |  216226200 |
|           CPU_CLK_UNHALTED_CORE          |  FIXC1  |  492216900 |
|           CPU_CLK_UNHALTED_REF           |  FIXC2  |  577820000 |
| FP_ARITH_INST_RETIRED_128B_PACKED_DOUBLE |   PMC0  |   24500000 |
|    FP_ARITH_INST_RETIRED_SCALAR_DOUBLE   |   PMC1  |         11 |
| FP_ARITH_INST_RETIRED_256B_PACKED_DOUBLE |   PMC2  |          0 |
| FP_ARITH_INST_RETIRED_512B_PACKED_DOUBLE |   PMC3  |          0 |
+------------------------------------------+---------+------------+

+----------------------+------------+
|        Metric        | HWThread 0 |
+----------------------+------------+
|  Runtime (RDTSC) [s] |     0.2154 |
| Runtime unhalted [s] |     0.1827 |
|      Clock [MHz]     |  2294.5727 |
|          CPI         |     2.2764 |
|     DP [MFLOP/s]     |   227.4609 |
|   AVX DP [MFLOP/s]   |          0 |
|  AVX512 DP [MFLOP/s] |          0 |
|   Packed [MUOPS/s]   |   113.7304 |
|   Scalar [MUOPS/s]   |     0.0001 |
|  Vectorization ratio |   100.0000 |
+----------------------+------------+

--------------------------------------------------------------------------------
CPU name:	Intel(R) Xeon(R) Platinum 8174 CPU @ 3.10GHz
CPU type:	Intel Skylake SP processor
CPU clock:	2.69 GHz
--------------------------------------------------------------------------------
Resolutions       : (4500, 5500, ... 4800)
Iterations        : 40
Algorithm         : 0 (Jacobi)
Num. Heat sources : 2
   1: (0.00, 0.00) 1.00 1.00 
   2: (1.00, 1.00) 1.00 0.50 
Resolution:  4500
Resolution:  4500, Time: 16.832 (8.910 GFlop => 529.36 MFlop/s, residual 0.715752, 40 iterations)
 4500; 16.832; 529.362
--------------------------------------------------------------------------------
Region Compute, Group 1: FLOPS_DP
+-------------------+------------+
|    Region Info    | HWThread 0 |
+-------------------+------------+
| RDTSC Runtime [s] |   0.355824 |
|     call count    |          1 |
+-------------------+------------+

+------------------------------------------+---------+------------+
|                   Event                  | Counter | HWThread 0 |
+------------------------------------------+---------+------------+
|             INSTR_RETIRED_ANY            |  FIXC0  |  357447600 |
|           CPU_CLK_UNHALTED_CORE          |  FIXC1  |  812928600 |
|           CPU_CLK_UNHALTED_REF           |  FIXC2  |  954307900 |
| FP_ARITH_INST_RETIRED_128B_PACKED_DOUBLE |   PMC0  |   40500000 |
|    FP_ARITH_INST_RETIRED_SCALAR_DOUBLE   |   PMC1  |         11 |
| FP_ARITH_INST_RETIRED_256B_PACKED_DOUBLE |   PMC2  |          0 |
| FP_ARITH_INST_RETIRED_512B_PACKED_DOUBLE |   PMC3  |          0 |
+------------------------------------------+---------+------------+

+----------------------+--------------+
|        Metric        |  HWThread 0  |
+----------------------+--------------+
|  Runtime (RDTSC) [s] |       0.3558 |
| Runtime unhalted [s] |       0.3018 |
|      Clock [MHz]     |    2294.5395 |
|          CPI         |       2.2743 |
|     DP [MFLOP/s]     |     227.6405 |
|   AVX DP [MFLOP/s]   |            0 |
|  AVX512 DP [MFLOP/s] |            0 |
|   Packed [MUOPS/s]   |     113.8202 |
|   Scalar [MUOPS/s]   | 3.091413e-05 |
|  Vectorization ratio |     100.0000 |
+----------------------+--------------+

--------------------------------------------------------------------------------
CPU name:	Intel(R) Xeon(R) Platinum 8174 CPU @ 3.10GHz
CPU type:	Intel Skylake SP processor
CPU clock:	2.69 GHz
--------------------------------------------------------------------------------
Resolutions       : (500, 1500, ... 800)
Iterations        : 40
Algorithm         : 0 (Jacobi)
Num. Heat sources : 2
   1: (0.00, 0.00) 1.00 1.00 
   2: (1.00, 1.00) 1.00 0.50 
Resolution:   500
Resolution:   500, Time: 1.411 (0.110 GFlop =>  77.97 MFlop/s, residual 0.079613, 40 iterations)
  500; 1.411; 77.966
--------------------------------------------------------------------------------
Region Compute, Group 1: FLOPS_DP
+-------------------+------------+
|    Region Info    | HWThread 0 |
+-------------------+------------+
| RDTSC Runtime [s] |   0.002002 |
|     call count    |          1 |
+-------------------+------------+

+------------------------------------------+---------+------------+
|                   Event                  | Counter | HWThread 0 |
+------------------------------------------+---------+------------+
|             INSTR_RETIRED_ANY            |  FIXC0  |    4454678 |
|           CPU_CLK_UNHALTED_CORE          |  FIXC1  |    4574818 |
|           CPU_CLK_UNHALTED_REF           |  FIXC2  |    5370624 |
| FP_ARITH_INST_RETIRED_128B_PACKED_DOUBLE |   PMC0  |     500000 |
|    FP_ARITH_INST_RETIRED_SCALAR_DOUBLE   |   PMC1  |         11 |
| FP_ARITH_INST_RETIRED_256B_PACKED_DOUBLE |   PMC2  |          0 |
| FP_ARITH_INST_RETIRED_512B_PACKED_DOUBLE |   PMC3  |          0 |
+------------------------------------------+---------+------------+

+----------------------+------------+
|        Metric        | HWThread 0 |
+----------------------+------------+
|  Runtime (RDTSC) [s] |     0.0020 |
| Runtime unhalted [s] |     0.0017 |
|      Clock [MHz]     |  2294.4798 |
|          CPI         |     1.0270 |
|     DP [MFLOP/s]     |   499.5903 |
|   AVX DP [MFLOP/s]   |          0 |
|  AVX512 DP [MFLOP/s] |          0 |
|   Packed [MUOPS/s]   |   249.7924 |
|   Scalar [MUOPS/s]   |     0.0055 |
|  Vectorization ratio |    99.9978 |
+----------------------+------------+

--------------------------------------------------------------------------------
CPU name:	Intel(R) Xeon(R) Platinum 8174 CPU @ 3.10GHz
CPU type:	Intel Skylake SP processor
CPU clock:	2.69 GHz
--------------------------------------------------------------------------------
Resolutions       : (1500, 2500, ... 1800)
Iterations        : 40
Algorithm         : 0 (Jacobi)
Num. Heat sources : 2
   1: (0.00, 0.00) 1.00 1.00 
   2: (1.00, 1.00) 1.00 0.50 
Resolution:  1500
Resolution:  1500, Time: 2.385 (0.990 GFlop => 415.16 MFlop/s, residual 0.238673, 40 iterations)
 1500; 2.385; 415.156
--------------------------------------------------------------------------------
Region Compute, Group 1: FLOPS_DP
+-------------------+------------+
|    Region Info    | HWThread 0 |
+-------------------+------------+
| RDTSC Runtime [s] |   0.022409 |
|     call count    |          1 |
+-------------------+------------+

+------------------------------------------+---------+------------+
|                   Event                  | Counter | HWThread 0 |
+------------------------------------------+---------+------------+
|             INSTR_RETIRED_ANY            |  FIXC0  |   39795180 |
|           CPU_CLK_UNHALTED_CORE          |  FIXC1  |   51221470 |
|           CPU_CLK_UNHALTED_REF           |  FIXC2  |   60129860 |
| FP_ARITH_INST_RETIRED_128B_PACKED_DOUBLE |   PMC0  |    4500000 |
|    FP_ARITH_INST_RETIRED_SCALAR_DOUBLE   |   PMC1  |         11 |
| FP_ARITH_INST_RETIRED_256B_PACKED_DOUBLE |   PMC2  |          0 |
| FP_ARITH_INST_RETIRED_512B_PACKED_DOUBLE |   PMC3  |          0 |
+------------------------------------------+---------+------------+

+----------------------+------------+
|        Metric        | HWThread 0 |
+----------------------+------------+
|  Runtime (RDTSC) [s] |     0.0224 |
| Runtime unhalted [s] |     0.0190 |
|      Clock [MHz]     |  2294.5219 |
|          CPI         |     1.2871 |
|     DP [MFLOP/s]     |   401.6213 |
|   AVX DP [MFLOP/s]   |          0 |
|  AVX512 DP [MFLOP/s] |          0 |
|   Packed [MUOPS/s]   |   200.8104 |
|   Scalar [MUOPS/s]   |     0.0005 |
|  Vectorization ratio |    99.9998 |
+----------------------+------------+

--------------------------------------------------------------------------------
CPU name:	Intel(R) Xeon(R) Platinum 8174 CPU @ 3.10GHz
CPU type:	Intel Skylake SP processor
CPU clock:	2.69 GHz
--------------------------------------------------------------------------------
Resolutions       : (2500, 3500, ... 2800)
Iterations        : 40
Algorithm         : 0 (Jacobi)
Num. Heat sources : 2
   1: (0.00, 0.00) 1.00 1.00 
   2: (1.00, 1.00) 1.00 0.50 
Resolution:  2500
Resolution:  2500, Time: 5.834 (2.750 GFlop => 471.36 MFlop/s, residual 0.397703, 40 iterations)
 2500; 5.834; 471.357
--------------------------------------------------------------------------------
Region Compute, Group 1: FLOPS_DP
+-------------------+------------+
|    Region Info    | HWThread 0 |
+-------------------+------------+
| RDTSC Runtime [s] |   0.102354 |
|     call count    |          1 |
+-------------------+------------+

+------------------------------------------+---------+------------+
|                   Event                  | Counter | HWThread 0 |
+------------------------------------------+---------+------------+
|             INSTR_RETIRED_ANY            |  FIXC0  |  110385700 |
|           CPU_CLK_UNHALTED_CORE          |  FIXC1  |  234220800 |
|           CPU_CLK_UNHALTED_REF           |  FIXC2  |  274955100 |
| FP_ARITH_INST_RETIRED_128B_PACKED_DOUBLE |   PMC0  |   12500000 |
|    FP_ARITH_INST_RETIRED_SCALAR_DOUBLE   |   PMC1  |         11 |
| FP_ARITH_INST_RETIRED_256B_PACKED_DOUBLE |   PMC2  |          0 |
| FP_ARITH_INST_RETIRED_512B_PACKED_DOUBLE |   PMC3  |          0 |
+------------------------------------------+---------+------------+

+----------------------+------------+
|        Metric        | HWThread 0 |
+----------------------+------------+
|  Runtime (RDTSC) [s] |     0.1024 |
| Runtime unhalted [s] |     0.0870 |
|      Clock [MHz]     |  2294.2801 |
|          CPI         |     2.1218 |
|     DP [MFLOP/s]     |   244.2505 |
|   AVX DP [MFLOP/s]   |          0 |
|  AVX512 DP [MFLOP/s] |          0 |
|   Packed [MUOPS/s]   |   122.1252 |
|   Scalar [MUOPS/s]   |     0.0001 |
|  Vectorization ratio |    99.9999 |
+----------------------+------------+

--------------------------------------------------------------------------------
CPU name:	Intel(R) Xeon(R) Platinum 8174 CPU @ 3.10GHz
CPU type:	Intel Skylake SP processor
CPU clock:	2.69 GHz
--------------------------------------------------------------------------------
Resolutions       : (3500, 4500, ... 3800)
Iterations        : 40
Algorithm         : 0 (Jacobi)
Num. Heat sources : 2
   1: (0.00, 0.00) 1.00 1.00 
   2: (1.00, 1.00) 1.00 0.50 
Resolution:  3500
Resolution:  3500, Time: 10.734 (5.390 GFlop => 502.15 MFlop/s, residual 0.556728, 40 iterations)
 3500; 10.734; 502.151
--------------------------------------------------------------------------------
Region Compute, Group 1: FLOPS_DP
+-------------------+------------+
|    Region Info    | HWThread 0 |
+-------------------+------------+
| RDTSC Runtime [s] |   0.215140 |
|     call count    |          1 |
+-------------------+------------+

+------------------------------------------+---------+------------+
|                   Event                  | Counter | HWThread 0 |
+------------------------------------------+---------+------------+
|             INSTR_RETIRED_ANY            |  FIXC0  |  216226200 |
|           CPU_CLK_UNHALTED_CORE          |  FIXC1  |  491597400 |
|           CPU_CLK_UNHALTED_REF           |  FIXC2  |  577092800 |
| FP_ARITH_INST_RETIRED_128B_PACKED_DOUBLE |   PMC0  |   24500000 |
|    FP_ARITH_INST_RETIRED_SCALAR_DOUBLE   |   PMC1  |         11 |
| FP_ARITH_INST_RETIRED_256B_PACKED_DOUBLE |   PMC2  |          0 |
| FP_ARITH_INST_RETIRED_512B_PACKED_DOUBLE |   PMC3  |          0 |
+------------------------------------------+---------+------------+

+----------------------+------------+
|        Metric        | HWThread 0 |
+----------------------+------------+
|  Runtime (RDTSC) [s] |     0.2151 |
| Runtime unhalted [s] |     0.1825 |
|      Clock [MHz]     |  2294.5740 |
|          CPI         |     2.2735 |
|     DP [MFLOP/s]     |   227.7588 |
|   AVX DP [MFLOP/s]   |          0 |
|  AVX512 DP [MFLOP/s] |          0 |
|   Packed [MUOPS/s]   |   113.8794 |
|   Scalar [MUOPS/s]   |     0.0001 |
|  Vectorization ratio |   100.0000 |
+----------------------+------------+

--------------------------------------------------------------------------------
CPU name:	Intel(R) Xeon(R) Platinum 8174 CPU @ 3.10GHz
CPU type:	Intel Skylake SP processor
CPU clock:	2.69 GHz
--------------------------------------------------------------------------------
Resolutions       : (4500, 5500, ... 4800)
Iterations        : 40
Algorithm         : 0 (Jacobi)
Num. Heat sources : 2
   1: (0.00, 0.00) 1.00 1.00 
   2: (1.00, 1.00) 1.00 0.50 
Resolution:  4500
Resolution:  4500, Time: 16.820 (8.910 GFlop => 529.73 MFlop/s, residual 0.715752, 40 iterations)
 4500; 16.820; 529.733
--------------------------------------------------------------------------------
Region Compute, Group 1: FLOPS_DP
+-------------------+------------+
|    Region Info    | HWThread 0 |
+-------------------+------------+
| RDTSC Runtime [s] |   0.354068 |
|     call count    |          1 |
+-------------------+------------+

+------------------------------------------+---------+------------+
|                   Event                  | Counter | HWThread 0 |
+------------------------------------------+---------+------------+
|             INSTR_RETIRED_ANY            |  FIXC0  |  357316800 |
|           CPU_CLK_UNHALTED_CORE          |  FIXC1  |  809263600 |
|           CPU_CLK_UNHALTED_REF           |  FIXC2  |  950005700 |
| FP_ARITH_INST_RETIRED_128B_PACKED_DOUBLE |   PMC0  |   40500000 |
|    FP_ARITH_INST_RETIRED_SCALAR_DOUBLE   |   PMC1  |         11 |
| FP_ARITH_INST_RETIRED_256B_PACKED_DOUBLE |   PMC2  |          0 |
| FP_ARITH_INST_RETIRED_512B_PACKED_DOUBLE |   PMC3  |          0 |
+------------------------------------------+---------+------------+

+----------------------+--------------+
|        Metric        |  HWThread 0  |
+----------------------+--------------+
|  Runtime (RDTSC) [s] |       0.3541 |
| Runtime unhalted [s] |       0.3004 |
|      Clock [MHz]     |    2294.5527 |
|          CPI         |       2.2648 |
|     DP [MFLOP/s]     |     228.7695 |
|   AVX DP [MFLOP/s]   |            0 |
|  AVX512 DP [MFLOP/s] |            0 |
|   Packed [MUOPS/s]   |     114.3847 |
|   Scalar [MUOPS/s]   | 3.106746e-05 |
|  Vectorization ratio |     100.0000 |
+----------------------+--------------+

--------------------------------------------------------------------------------
CPU name:	Intel(R) Xeon(R) Platinum 8174 CPU @ 3.10GHz
CPU type:	Intel Skylake SP processor
CPU clock:	2.69 GHz
--------------------------------------------------------------------------------
Resolutions       : (500, 1500, ... 800)
Iterations        : 40
Algorithm         : 0 (Jacobi)
Num. Heat sources : 2
   1: (0.00, 0.00) 1.00 1.00 
   2: (1.00, 1.00) 1.00 0.50 
Resolution:   500
Resolution:   500, Time: 1.406 (0.110 GFlop =>  78.24 MFlop/s, residual 0.079613, 40 iterations)
  500; 1.406; 78.244
--------------------------------------------------------------------------------
Region Compute, Group 1: FLOPS_DP
+-------------------+------------+
|    Region Info    | HWThread 0 |
+-------------------+------------+
| RDTSC Runtime [s] |   0.001952 |
|     call count    |          1 |
+-------------------+------------+

+------------------------------------------+---------+------------+
|                   Event                  | Counter | HWThread 0 |
+------------------------------------------+---------+------------+
|             INSTR_RETIRED_ANY            |  FIXC0  |    4454678 |
|           CPU_CLK_UNHALTED_CORE          |  FIXC1  |    4489028 |
|           CPU_CLK_UNHALTED_REF           |  FIXC2  |    5270184 |
| FP_ARITH_INST_RETIRED_128B_PACKED_DOUBLE |   PMC0  |     500000 |
|    FP_ARITH_INST_RETIRED_SCALAR_DOUBLE   |   PMC1  |         11 |
| FP_ARITH_INST_RETIRED_256B_PACKED_DOUBLE |   PMC2  |          0 |
| FP_ARITH_INST_RETIRED_512B_PACKED_DOUBLE |   PMC3  |          0 |
+------------------------------------------+---------+------------+

+----------------------+------------+
|        Metric        | HWThread 0 |
+----------------------+------------+
|  Runtime (RDTSC) [s] |     0.0020 |
| Runtime unhalted [s] |     0.0017 |
|      Clock [MHz]     |  2294.2606 |
|          CPI         |     1.0077 |
|     DP [MFLOP/s]     |   512.4094 |
|   AVX DP [MFLOP/s]   |          0 |
|  AVX512 DP [MFLOP/s] |          0 |
|   Packed [MUOPS/s]   |   256.2019 |
|   Scalar [MUOPS/s]   |     0.0056 |
|  Vectorization ratio |    99.9978 |
+----------------------+------------+

--------------------------------------------------------------------------------
CPU name:	Intel(R) Xeon(R) Platinum 8174 CPU @ 3.10GHz
CPU type:	Intel Skylake SP processor
CPU clock:	2.69 GHz
--------------------------------------------------------------------------------
Resolutions       : (1500, 2500, ... 1800)
Iterations        : 40
Algorithm         : 0 (Jacobi)
Num. Heat sources : 2
   1: (0.00, 0.00) 1.00 1.00 
   2: (1.00, 1.00) 1.00 0.50 
Resolution:  1500
Resolution:  1500, Time: 2.482 (0.990 GFlop => 398.92 MFlop/s, residual 0.238673, 40 iterations)
 1500; 2.482; 398.916
--------------------------------------------------------------------------------
Region Compute, Group 1: FLOPS_DP
+-------------------+------------+
|    Region Info    | HWThread 0 |
+-------------------+------------+
| RDTSC Runtime [s] |   0.024992 |
|     call count    |          1 |
+-------------------+------------+

+------------------------------------------+---------+------------+
|                   Event                  | Counter | HWThread 0 |
+------------------------------------------+---------+------------+
|             INSTR_RETIRED_ANY            |  FIXC0  |   39795190 |
|           CPU_CLK_UNHALTED_CORE          |  FIXC1  |   57000480 |
|           CPU_CLK_UNHALTED_REF           |  FIXC2  |   66914210 |
| FP_ARITH_INST_RETIRED_128B_PACKED_DOUBLE |   PMC0  |    4500000 |
|    FP_ARITH_INST_RETIRED_SCALAR_DOUBLE   |   PMC1  |         11 |
| FP_ARITH_INST_RETIRED_256B_PACKED_DOUBLE |   PMC2  |          0 |
| FP_ARITH_INST_RETIRED_512B_PACKED_DOUBLE |   PMC3  |          0 |
+------------------------------------------+---------+------------+

+----------------------+------------+
|        Metric        | HWThread 0 |
+----------------------+------------+
|  Runtime (RDTSC) [s] |     0.0250 |
| Runtime unhalted [s] |     0.0212 |
|      Clock [MHz]     |  2294.5516 |
|          CPI         |     1.4323 |
|     DP [MFLOP/s]     |   360.1106 |
|   AVX DP [MFLOP/s]   |          0 |
|  AVX512 DP [MFLOP/s] |          0 |
|   Packed [MUOPS/s]   |   180.0551 |
|   Scalar [MUOPS/s]   |     0.0004 |
|  Vectorization ratio |    99.9998 |
+----------------------+------------+

--------------------------------------------------------------------------------
CPU name:	Intel(R) Xeon(R) Platinum 8174 CPU @ 3.10GHz
CPU type:	Intel Skylake SP processor
CPU clock:	2.69 GHz
--------------------------------------------------------------------------------
Resolutions       : (2500, 3500, ... 2800)
Iterations        : 40
Algorithm         : 0 (Jacobi)
Num. Heat sources : 2
   1: (0.00, 0.00) 1.00 1.00 
   2: (1.00, 1.00) 1.00 0.50 
Resolution:  2500
Resolution:  2500, Time: 5.843 (2.750 GFlop => 470.69 MFlop/s, residual 0.397703, 40 iterations)
 2500; 5.843; 470.686
--------------------------------------------------------------------------------
Region Compute, Group 1: FLOPS_DP
+-------------------+------------+
|    Region Info    | HWThread 0 |
+-------------------+------------+
| RDTSC Runtime [s] |   0.102454 |
|     call count    |          1 |
+-------------------+------------+

+------------------------------------------+---------+------------+
|                   Event                  | Counter | HWThread 0 |
+------------------------------------------+---------+------------+
|             INSTR_RETIRED_ANY            |  FIXC0  |  110385700 |
|           CPU_CLK_UNHALTED_CORE          |  FIXC1  |  234153800 |
|           CPU_CLK_UNHALTED_REF           |  FIXC2  |  274876100 |
| FP_ARITH_INST_RETIRED_128B_PACKED_DOUBLE |   PMC0  |   12500000 |
|    FP_ARITH_INST_RETIRED_SCALAR_DOUBLE   |   PMC1  |         11 |
| FP_ARITH_INST_RETIRED_256B_PACKED_DOUBLE |   PMC2  |          0 |
| FP_ARITH_INST_RETIRED_512B_PACKED_DOUBLE |   PMC3  |          0 |
+------------------------------------------+---------+------------+

+----------------------+------------+
|        Metric        | HWThread 0 |
+----------------------+------------+
|  Runtime (RDTSC) [s] |     0.1025 |
| Runtime unhalted [s] |     0.0869 |
|      Clock [MHz]     |  2294.5764 |
|          CPI         |     2.1212 |
|     DP [MFLOP/s]     |   244.0123 |
|   AVX DP [MFLOP/s]   |          0 |
|  AVX512 DP [MFLOP/s] |          0 |
|   Packed [MUOPS/s]   |   122.0061 |
|   Scalar [MUOPS/s]   |     0.0001 |
|  Vectorization ratio |    99.9999 |
+----------------------+------------+

--------------------------------------------------------------------------------
CPU name:	Intel(R) Xeon(R) Platinum 8174 CPU @ 3.10GHz
CPU type:	Intel Skylake SP processor
CPU clock:	2.69 GHz
--------------------------------------------------------------------------------
Resolutions       : (3500, 4500, ... 3800)
Iterations        : 40
Algorithm         : 0 (Jacobi)
Num. Heat sources : 2
   1: (0.00, 0.00) 1.00 1.00 
   2: (1.00, 1.00) 1.00 0.50 
Resolution:  3500
Resolution:  3500, Time: 10.733 (5.390 GFlop => 502.20 MFlop/s, residual 0.556728, 40 iterations)
 3500; 10.733; 502.198
--------------------------------------------------------------------------------
Region Compute, Group 1: FLOPS_DP
+-------------------+------------+
|    Region Info    | HWThread 0 |
+-------------------+------------+
| RDTSC Runtime [s] |   0.216854 |
|     call count    |          1 |
+-------------------+------------+

+------------------------------------------+---------+------------+
|                   Event                  | Counter | HWThread 0 |
+------------------------------------------+---------+------------+
|             INSTR_RETIRED_ANY            |  FIXC0  |  216226400 |
|           CPU_CLK_UNHALTED_CORE          |  FIXC1  |  493635700 |
|           CPU_CLK_UNHALTED_REF           |  FIXC2  |  579486300 |
| FP_ARITH_INST_RETIRED_128B_PACKED_DOUBLE |   PMC0  |   24500000 |
|    FP_ARITH_INST_RETIRED_SCALAR_DOUBLE   |   PMC1  |         11 |
| FP_ARITH_INST_RETIRED_256B_PACKED_DOUBLE |   PMC2  |          0 |
| FP_ARITH_INST_RETIRED_512B_PACKED_DOUBLE |   PMC3  |          0 |
+------------------------------------------+---------+------------+

+----------------------+------------+
|        Metric        | HWThread 0 |
+----------------------+------------+
|  Runtime (RDTSC) [s] |     0.2169 |
| Runtime unhalted [s] |     0.1833 |
|      Clock [MHz]     |  2294.4949 |
|          CPI         |     2.2830 |
|     DP [MFLOP/s]     |   225.9582 |
|   AVX DP [MFLOP/s]   |          0 |
|  AVX512 DP [MFLOP/s] |          0 |
|   Packed [MUOPS/s]   |   112.9791 |
|   Scalar [MUOPS/s]   |     0.0001 |
|  Vectorization ratio |   100.0000 |
+----------------------+------------+

--------------------------------------------------------------------------------
CPU name:	Intel(R) Xeon(R) Platinum 8174 CPU @ 3.10GHz
CPU type:	Intel Skylake SP processor
CPU clock:	2.69 GHz
--------------------------------------------------------------------------------
Resolutions       : (4500, 5500, ... 4800)
Iterations        : 40
Algorithm         : 0 (Jacobi)
Num. Heat sources : 2
   1: (0.00, 0.00) 1.00 1.00 
   2: (1.00, 1.00) 1.00 0.50 
Resolution:  4500
Resolution:  4500, Time: 16.803 (8.910 GFlop => 530.28 MFlop/s, residual 0.715752, 40 iterations)
 4500; 16.803; 530.277
--------------------------------------------------------------------------------
Region Compute, Group 1: FLOPS_DP
+-------------------+------------+
|    Region Info    | HWThread 0 |
+-------------------+------------+
| RDTSC Runtime [s] |   0.355093 |
|     call count    |          1 |
+-------------------+------------+

+------------------------------------------+---------+------------+
|                   Event                  | Counter | HWThread 0 |
+------------------------------------------+---------+------------+
|             INSTR_RETIRED_ANY            |  FIXC0  |  357316800 |
|           CPU_CLK_UNHALTED_CORE          |  FIXC1  |  811587600 |
|           CPU_CLK_UNHALTED_REF           |  FIXC2  |  952733700 |
| FP_ARITH_INST_RETIRED_128B_PACKED_DOUBLE |   PMC0  |   40500000 |
|    FP_ARITH_INST_RETIRED_SCALAR_DOUBLE   |   PMC1  |         11 |
| FP_ARITH_INST_RETIRED_256B_PACKED_DOUBLE |   PMC2  |          0 |
| FP_ARITH_INST_RETIRED_512B_PACKED_DOUBLE |   PMC3  |          0 |
+------------------------------------------+---------+------------+

+----------------------+--------------+
|        Metric        |  HWThread 0  |
+----------------------+--------------+
|  Runtime (RDTSC) [s] |       0.3551 |
| Runtime unhalted [s] |       0.3013 |
|      Clock [MHz]     |    2294.4601 |
|          CPI         |       2.2713 |
|     DP [MFLOP/s]     |     228.1091 |
|   AVX DP [MFLOP/s]   |            0 |
|  AVX512 DP [MFLOP/s] |            0 |
|   Packed [MUOPS/s]   |     114.0545 |
|   Scalar [MUOPS/s]   | 3.097777e-05 |
|  Vectorization ratio |     100.0000 |
+----------------------+--------------+

--------------------------------------------------------------------------------
CPU name:	Intel(R) Xeon(R) Platinum 8174 CPU @ 3.10GHz
CPU type:	Intel Skylake SP processor
CPU clock:	2.69 GHz
--------------------------------------------------------------------------------
Resolutions       : (500, 1500, ... 800)
Iterations        : 40
Algorithm         : 0 (Jacobi)
Num. Heat sources : 2
   1: (0.00, 0.00) 1.00 1.00 
   2: (1.00, 1.00) 1.00 0.50 
Resolution:   500
Resolution:   500, Time: 1.405 (0.110 GFlop =>  78.27 MFlop/s, residual 0.079613, 40 iterations)
  500; 1.405; 78.271
--------------------------------------------------------------------------------
Region Compute, Group 1: FLOPS_DP
+-------------------+------------+
|    Region Info    | HWThread 0 |
+-------------------+------------+
| RDTSC Runtime [s] |   0.001962 |
|     call count    |          1 |
+-------------------+------------+

+------------------------------------------+---------+------------+
|                   Event                  | Counter | HWThread 0 |
+------------------------------------------+---------+------------+
|             INSTR_RETIRED_ANY            |  FIXC0  |    4454678 |
|           CPU_CLK_UNHALTED_CORE          |  FIXC1  |    4512623 |
|           CPU_CLK_UNHALTED_REF           |  FIXC2  |    5297508 |
| FP_ARITH_INST_RETIRED_128B_PACKED_DOUBLE |   PMC0  |     500000 |
|    FP_ARITH_INST_RETIRED_SCALAR_DOUBLE   |   PMC1  |         11 |
| FP_ARITH_INST_RETIRED_256B_PACKED_DOUBLE |   PMC2  |          0 |
| FP_ARITH_INST_RETIRED_512B_PACKED_DOUBLE |   PMC3  |          0 |
+------------------------------------------+---------+------------+

+----------------------+------------+
|        Metric        | HWThread 0 |
+----------------------+------------+
|  Runtime (RDTSC) [s] |     0.0020 |
| Runtime unhalted [s] |     0.0017 |
|      Clock [MHz]     |  2294.4389 |
|          CPI         |     1.0130 |
|     DP [MFLOP/s]     |   509.6745 |
|   AVX DP [MFLOP/s]   |          0 |
|  AVX512 DP [MFLOP/s] |          0 |
|   Packed [MUOPS/s]   |   254.8345 |
|   Scalar [MUOPS/s]   |     0.0056 |
|  Vectorization ratio |    99.9978 |
+----------------------+------------+

--------------------------------------------------------------------------------
CPU name:	Intel(R) Xeon(R) Platinum 8174 CPU @ 3.10GHz
CPU type:	Intel Skylake SP processor
CPU clock:	2.69 GHz
--------------------------------------------------------------------------------
Resolutions       : (1500, 2500, ... 1800)
Iterations        : 40
Algorithm         : 0 (Jacobi)
Num. Heat sources : 2
   1: (0.00, 0.00) 1.00 1.00 
   2: (1.00, 1.00) 1.00 0.50 
Resolution:  1500
Resolution:  1500, Time: 2.387 (0.990 GFlop => 414.77 MFlop/s, residual 0.238673, 40 iterations)
 1500; 2.387; 414.773
--------------------------------------------------------------------------------
Region Compute, Group 1: FLOPS_DP
+-------------------+------------+
|    Region Info    | HWThread 0 |
+-------------------+------------+
| RDTSC Runtime [s] |   0.022553 |
|     call count    |          1 |
+-------------------+------------+

+------------------------------------------+---------+------------+
|                   Event                  | Counter | HWThread 0 |
+------------------------------------------+---------+------------+
|             INSTR_RETIRED_ANY            |  FIXC0  |   39795180 |
|           CPU_CLK_UNHALTED_CORE          |  FIXC1  |   51600300 |
|           CPU_CLK_UNHALTED_REF           |  FIXC2  |   60573960 |
| FP_ARITH_INST_RETIRED_128B_PACKED_DOUBLE |   PMC0  |    4500000 |
|    FP_ARITH_INST_RETIRED_SCALAR_DOUBLE   |   PMC1  |         11 |
| FP_ARITH_INST_RETIRED_256B_PACKED_DOUBLE |   PMC2  |          0 |
| FP_ARITH_INST_RETIRED_512B_PACKED_DOUBLE |   PMC3  |          0 |
+------------------------------------------+---------+------------+

+----------------------+------------+
|        Metric        | HWThread 0 |
+----------------------+------------+
|  Runtime (RDTSC) [s] |     0.0226 |
| Runtime unhalted [s] |     0.0192 |
|      Clock [MHz]     |  2294.5811 |
|          CPI         |     1.2966 |
|     DP [MFLOP/s]     |   399.0587 |
|   AVX DP [MFLOP/s]   |          0 |
|  AVX512 DP [MFLOP/s] |          0 |
|   Packed [MUOPS/s]   |   199.5291 |
|   Scalar [MUOPS/s]   |     0.0005 |
|  Vectorization ratio |    99.9998 |
+----------------------+------------+

--------------------------------------------------------------------------------
CPU name:	Intel(R) Xeon(R) Platinum 8174 CPU @ 3.10GHz
CPU type:	Intel Skylake SP processor
CPU clock:	2.69 GHz
--------------------------------------------------------------------------------
Resolutions       : (2500, 3500, ... 2800)
Iterations        : 40
Algorithm         : 0 (Jacobi)
Num. Heat sources : 2
   1: (0.00, 0.00) 1.00 1.00 
   2: (1.00, 1.00) 1.00 0.50 
Resolution:  2500
Resolution:  2500, Time: 5.809 (2.750 GFlop => 473.40 MFlop/s, residual 0.397703, 40 iterations)
 2500; 5.809; 473.402
--------------------------------------------------------------------------------
Region Compute, Group 1: FLOPS_DP
+-------------------+------------+
|    Region Info    | HWThread 0 |
+-------------------+------------+
| RDTSC Runtime [s] |   0.101915 |
|     call count    |          1 |
+-------------------+------------+

+------------------------------------------+---------+------------+
|                   Event                  | Counter | HWThread 0 |
+------------------------------------------+---------+------------+
|             INSTR_RETIRED_ANY            |  FIXC0  |  110385700 |
|           CPU_CLK_UNHALTED_CORE          |  FIXC1  |  232580500 |
|           CPU_CLK_UNHALTED_REF           |  FIXC2  |  273029200 |
| FP_ARITH_INST_RETIRED_128B_PACKED_DOUBLE |   PMC0  |   12500000 |
|    FP_ARITH_INST_RETIRED_SCALAR_DOUBLE   |   PMC1  |         11 |
| FP_ARITH_INST_RETIRED_256B_PACKED_DOUBLE |   PMC2  |          0 |
| FP_ARITH_INST_RETIRED_512B_PACKED_DOUBLE |   PMC3  |          0 |
+------------------------------------------+---------+------------+

+----------------------+------------+
|        Metric        | HWThread 0 |
+----------------------+------------+
|  Runtime (RDTSC) [s] |     0.1019 |
| Runtime unhalted [s] |     0.0864 |
|      Clock [MHz]     |  2294.2241 |
|          CPI         |     2.1070 |
|     DP [MFLOP/s]     |   245.3028 |
|   AVX DP [MFLOP/s]   |          0 |
|  AVX512 DP [MFLOP/s] |          0 |
|   Packed [MUOPS/s]   |   122.6513 |
|   Scalar [MUOPS/s]   |     0.0001 |
|  Vectorization ratio |    99.9999 |
+----------------------+------------+

--------------------------------------------------------------------------------
CPU name:	Intel(R) Xeon(R) Platinum 8174 CPU @ 3.10GHz
CPU type:	Intel Skylake SP processor
CPU clock:	2.69 GHz
--------------------------------------------------------------------------------
Resolutions       : (3500, 4500, ... 3800)
Iterations        : 40
Algorithm         : 0 (Jacobi)
Num. Heat sources : 2
   1: (0.00, 0.00) 1.00 1.00 
   2: (1.00, 1.00) 1.00 0.50 
Resolution:  3500
Resolution:  3500, Time: 10.722 (5.390 GFlop => 502.72 MFlop/s, residual 0.556728, 40 iterations)
 3500; 10.722; 502.718
--------------------------------------------------------------------------------
Region Compute, Group 1: FLOPS_DP
+-------------------+------------+
|    Region Info    | HWThread 0 |
+-------------------+------------+
| RDTSC Runtime [s] |   0.215863 |
|     call count    |          1 |
+-------------------+------------+

+------------------------------------------+---------+------------+
|                   Event                  | Counter | HWThread 0 |
+------------------------------------------+---------+------------+
|             INSTR_RETIRED_ANY            |  FIXC0  |  216226200 |
|           CPU_CLK_UNHALTED_CORE          |  FIXC1  |  493442000 |
|           CPU_CLK_UNHALTED_REF           |  FIXC2  |  579259200 |
| FP_ARITH_INST_RETIRED_128B_PACKED_DOUBLE |   PMC0  |   24500000 |
|    FP_ARITH_INST_RETIRED_SCALAR_DOUBLE   |   PMC1  |         11 |
| FP_ARITH_INST_RETIRED_256B_PACKED_DOUBLE |   PMC2  |          0 |
| FP_ARITH_INST_RETIRED_512B_PACKED_DOUBLE |   PMC3  |          0 |
+------------------------------------------+---------+------------+

+----------------------+------------+
|        Metric        | HWThread 0 |
+----------------------+------------+
|  Runtime (RDTSC) [s] |     0.2159 |
| Runtime unhalted [s] |     0.1832 |
|      Clock [MHz]     |  2294.5099 |
|          CPI         |     2.2821 |
|     DP [MFLOP/s]     |   226.9959 |
|   AVX DP [MFLOP/s]   |          0 |
|  AVX512 DP [MFLOP/s] |          0 |
|   Packed [MUOPS/s]   |   113.4979 |
|   Scalar [MUOPS/s]   |     0.0001 |
|  Vectorization ratio |   100.0000 |
+----------------------+------------+

--------------------------------------------------------------------------------
CPU name:	Intel(R) Xeon(R) Platinum 8174 CPU @ 3.10GHz
CPU type:	Intel Skylake SP processor
CPU clock:	2.69 GHz
--------------------------------------------------------------------------------
Resolutions       : (4500, 5500, ... 4800)
Iterations        : 40
Algorithm         : 0 (Jacobi)
Num. Heat sources : 2
   1: (0.00, 0.00) 1.00 1.00 
   2: (1.00, 1.00) 1.00 0.50 
Resolution:  4500
Resolution:  4500, Time: 16.804 (8.910 GFlop => 530.23 MFlop/s, residual 0.715752, 40 iterations)
 4500; 16.804; 530.228
--------------------------------------------------------------------------------
Region Compute, Group 1: FLOPS_DP
+-------------------+------------+
|    Region Info    | HWThread 0 |
+-------------------+------------+
| RDTSC Runtime [s] |   0.354254 |
|     call count    |          1 |
+-------------------+------------+

+------------------------------------------+---------+------------+
|                   Event                  | Counter | HWThread 0 |
+------------------------------------------+---------+------------+
|             INSTR_RETIRED_ANY            |  FIXC0  |  357316800 |
|           CPU_CLK_UNHALTED_CORE          |  FIXC1  |  809607500 |
|           CPU_CLK_UNHALTED_REF           |  FIXC2  |  950410000 |
| FP_ARITH_INST_RETIRED_128B_PACKED_DOUBLE |   PMC0  |   40500000 |
|    FP_ARITH_INST_RETIRED_SCALAR_DOUBLE   |   PMC1  |         11 |
| FP_ARITH_INST_RETIRED_256B_PACKED_DOUBLE |   PMC2  |          0 |
| FP_ARITH_INST_RETIRED_512B_PACKED_DOUBLE |   PMC3  |          0 |
+------------------------------------------+---------+------------+

+----------------------+--------------+
|        Metric        |  HWThread 0  |
+----------------------+--------------+
|  Runtime (RDTSC) [s] |       0.3543 |
| Runtime unhalted [s] |       0.3006 |
|      Clock [MHz]     |    2294.5297 |
|          CPI         |       2.2658 |
|     DP [MFLOP/s]     |     228.6498 |
|   AVX DP [MFLOP/s]   |            0 |
|  AVX512 DP [MFLOP/s] |            0 |
|   Packed [MUOPS/s]   |     114.3249 |
|   Scalar [MUOPS/s]   | 3.105120e-05 |
|  Vectorization ratio |     100.0000 |
+----------------------+--------------+