--------------------------------------------------------------------------------
CPU name:	Intel(R) Xeon(R) Platinum 8174 CPU @ 3.10GHz
CPU type:	Intel Skylake SP processor
CPU clock:	2.69 GHz
--------------------------------------------------------------------------------
Resolutions       : (500, 1500, ... 800)
Iterations        : 40
Algorithm         : 0 (Jacobi)
Num. Heat sources : 2
   1: (0.00, 0.00) 1.00 1.00 
   2: (1.00, 1.00) 1.00 0.50 
Resolution:   500Resolution:   500, Time: 0.029 (0.110 GFlop => 3766.62 MFlop/s, residual 0.079613, 40 iterations)
  500; 0.029; 3766.621
--------------------------------------------------------------------------------
Region Compute, Group 1: FLOPS_DP
+-------------------+------------+
|    Region Info    | HWThread 0 |
+-------------------+------------+
| RDTSC Runtime [s] |   0.031645 |
|     call count    |          1 |
+-------------------+------------+

+------------------------------------------+---------+------------+
|                   Event                  | Counter | HWThread 0 |
+------------------------------------------+---------+------------+
|             INSTR_RETIRED_ANY            |  FIXC0  |   73223410 |
|           CPU_CLK_UNHALTED_CORE          |  FIXC1  |   64763530 |
|           CPU_CLK_UNHALTED_REF           |  FIXC2  |   76027030 |
| FP_ARITH_INST_RETIRED_128B_PACKED_DOUBLE |   PMC0  |         40 |
|    FP_ARITH_INST_RETIRED_SCALAR_DOUBLE   |   PMC1  |     320070 |
| FP_ARITH_INST_RETIRED_256B_PACKED_DOUBLE |   PMC2  |   27569070 |
| FP_ARITH_INST_RETIRED_512B_PACKED_DOUBLE |   PMC3  |          0 |
+------------------------------------------+---------+------------+

+----------------------+------------+
|        Metric        | HWThread 0 |
+----------------------+------------+
|  Runtime (RDTSC) [s] |     0.0316 |
| Runtime unhalted [s] |     0.0240 |
|      Clock [MHz]     |  2294.4362 |
|          CPI         |     0.8845 |
|     DP [MFLOP/s]     |  3494.9454 |
|   AVX DP [MFLOP/s]   |  3484.8284 |
|  AVX512 DP [MFLOP/s] |          0 |
|   Packed [MUOPS/s]   |   871.2084 |
|   Scalar [MUOPS/s]   |    10.1145 |
|  Vectorization ratio |    98.8524 |
+----------------------+------------+

--------------------------------------------------------------------------------
CPU name:	Intel(R) Xeon(R) Platinum 8174 CPU @ 3.10GHz
CPU type:	Intel Skylake SP processor
CPU clock:	2.69 GHz
--------------------------------------------------------------------------------
Resolutions       : (1500, 2500, ... 1800)
Iterations        : 40
Algorithm         : 0 (Jacobi)
Num. Heat sources : 2
   1: (0.00, 0.00) 1.00 1.00 
   2: (1.00, 1.00) 1.00 0.50 
Resolution:  1500Resolution:  1500, Time: 0.222 (0.990 GFlop => 4461.37 MFlop/s, residual 0.238673, 40 iterations)
 1500; 0.222; 4461.369
--------------------------------------------------------------------------------
Region Compute, Group 1: FLOPS_DP
+-------------------+------------+
|    Region Info    | HWThread 0 |
+-------------------+------------+
| RDTSC Runtime [s] |   0.227388 |
|     call count    |          1 |
+-------------------+------------+

+------------------------------------------+---------+------------+
|                   Event                  | Counter | HWThread 0 |
+------------------------------------------+---------+------------+
|             INSTR_RETIRED_ANY            |  FIXC0  |  628218800 |
|           CPU_CLK_UNHALTED_CORE          |  FIXC1  |  488194600 |
|           CPU_CLK_UNHALTED_REF           |  FIXC2  |  573103800 |
| FP_ARITH_INST_RETIRED_128B_PACKED_DOUBLE |   PMC0  |         40 |
|    FP_ARITH_INST_RETIRED_SCALAR_DOUBLE   |   PMC1  |     960070 |
| FP_ARITH_INST_RETIRED_256B_PACKED_DOUBLE |   PMC2  |  247707100 |
| FP_ARITH_INST_RETIRED_512B_PACKED_DOUBLE |   PMC3  |          0 |
+------------------------------------------+---------+------------+

+----------------------+------------+
|        Metric        | HWThread 0 |
+----------------------+------------+
|  Runtime (RDTSC) [s] |     0.2274 |
| Runtime unhalted [s] |     0.1812 |
|      Clock [MHz]     |  2294.5138 |
|          CPI         |     0.7771 |
|     DP [MFLOP/s]     |  4361.6651 |
|   AVX DP [MFLOP/s]   |  4357.4425 |
|  AVX512 DP [MFLOP/s] |          0 |
|   Packed [MUOPS/s]   |  1089.3608 |
|   Scalar [MUOPS/s]   |     4.2222 |
|  Vectorization ratio |    99.6139 |
+----------------------+------------+

--------------------------------------------------------------------------------
CPU name:	Intel(R) Xeon(R) Platinum 8174 CPU @ 3.10GHz
CPU type:	Intel Skylake SP processor
CPU clock:	2.69 GHz
--------------------------------------------------------------------------------
Resolutions       : (2500, 3500, ... 2800)
Iterations        : 40
Algorithm         : 0 (Jacobi)
Num. Heat sources : 2
   1: (0.00, 0.00) 1.00 1.00 
   2: (1.00, 1.00) 1.00 0.50 
Resolution:  2500Resolution:  2500, Time: 0.879 (2.750 GFlop => 3128.85 MFlop/s, residual 0.397703, 40 iterations)
 2500; 0.879; 3128.850
--------------------------------------------------------------------------------
Region Compute, Group 1: FLOPS_DP
+-------------------+------------+
|    Region Info    | HWThread 0 |
+-------------------+------------+
| RDTSC Runtime [s] |   0.892732 |
|     call count    |          1 |
+-------------------+------------+

+------------------------------------------+---------+------------+
|                   Event                  | Counter | HWThread 0 |
+------------------------------------------+---------+------------+
|             INSTR_RETIRED_ANY            |  FIXC0  | 1557213000 |
|           CPU_CLK_UNHALTED_CORE          |  FIXC1  | 1973394000 |
|           CPU_CLK_UNHALTED_REF           |  FIXC2  | 2316597000 |
| FP_ARITH_INST_RETIRED_128B_PACKED_DOUBLE |   PMC0  |         40 |
|    FP_ARITH_INST_RETIRED_SCALAR_DOUBLE   |   PMC1  |    1600070 |
| FP_ARITH_INST_RETIRED_256B_PACKED_DOUBLE |   PMC2  |  687845100 |
| FP_ARITH_INST_RETIRED_512B_PACKED_DOUBLE |   PMC3  |          0 |
+------------------------------------------+---------+------------+

+----------------------+------------+
|        Metric        | HWThread 0 |
+----------------------+------------+
|  Runtime (RDTSC) [s] |     0.8927 |
| Runtime unhalted [s] |     0.7326 |
|      Clock [MHz]     |  2294.5415 |
|          CPI         |     1.2673 |
|     DP [MFLOP/s]     |  3083.7722 |
|   AVX DP [MFLOP/s]   |  3081.9797 |
|  AVX512 DP [MFLOP/s] |          0 |
|   Packed [MUOPS/s]   |   770.4950 |
|   Scalar [MUOPS/s]   |     1.7923 |
|  Vectorization ratio |    99.7679 |
+----------------------+------------+

--------------------------------------------------------------------------------
CPU name:	Intel(R) Xeon(R) Platinum 8174 CPU @ 3.10GHz
CPU type:	Intel Skylake SP processor
CPU clock:	2.69 GHz
--------------------------------------------------------------------------------
Resolutions       : (3500, 4500, ... 3800)
Iterations        : 40
Algorithm         : 0 (Jacobi)
Num. Heat sources : 2
   1: (0.00, 0.00) 1.00 1.00 
   2: (1.00, 1.00) 1.00 0.50 
Resolution:  3500Resolution:  3500, Time: 1.880 (5.390 GFlop => 2866.96 MFlop/s, residual 0.556728, 40 iterations)
 3500; 1.880; 2866.963
--------------------------------------------------------------------------------
Region Compute, Group 1: FLOPS_DP
+-------------------+------------+
|    Region Info    | HWThread 0 |
+-------------------+------------+
| RDTSC Runtime [s] |   1.906701 |
|     call count    |          1 |
+-------------------+------------+

+------------------------------------------+---------+------------+
|                   Event                  | Counter | HWThread 0 |
+------------------------------------------+---------+------------+
|             INSTR_RETIRED_ANY            |  FIXC0  | 3041788000 |
|           CPU_CLK_UNHALTED_CORE          |  FIXC1  | 4236254000 |
|           CPU_CLK_UNHALTED_REF           |  FIXC2  | 4972999000 |
| FP_ARITH_INST_RETIRED_128B_PACKED_DOUBLE |   PMC0  |         40 |
|    FP_ARITH_INST_RETIRED_SCALAR_DOUBLE   |   PMC1  |    2240070 |
| FP_ARITH_INST_RETIRED_256B_PACKED_DOUBLE |   PMC2  | 1347983000 |
| FP_ARITH_INST_RETIRED_512B_PACKED_DOUBLE |   PMC3  |          0 |
+------------------------------------------+---------+------------+

+----------------------+------------+
|        Metric        | HWThread 0 |
+----------------------+------------+
|  Runtime (RDTSC) [s] |     1.9067 |
| Runtime unhalted [s] |     1.5727 |
|      Clock [MHz]     |  2294.5281 |
|          CPI         |     1.3927 |
|     DP [MFLOP/s]     |  2829.0603 |
|   AVX DP [MFLOP/s]   |  2827.8854 |
|  AVX512 DP [MFLOP/s] |          0 |
|   Packed [MUOPS/s]   |   706.9714 |
|   Scalar [MUOPS/s]   |     1.1748 |
|  Vectorization ratio |    99.8341 |
+----------------------+------------+

--------------------------------------------------------------------------------
CPU name:	Intel(R) Xeon(R) Platinum 8174 CPU @ 3.10GHz
CPU type:	Intel Skylake SP processor
CPU clock:	2.69 GHz
--------------------------------------------------------------------------------
Resolutions       : (4500, 5500, ... 4800)
Iterations        : 40
Algorithm         : 0 (Jacobi)
Num. Heat sources : 2
   1: (0.00, 0.00) 1.00 1.00 
   2: (1.00, 1.00) 1.00 0.50 
Resolution:  4500Resolution:  4500, Time: 3.120 (8.910 GFlop => 2856.18 MFlop/s, residual 0.715752, 40 iterations)
 4500; 3.120; 2856.184
--------------------------------------------------------------------------------
Region Compute, Group 1: FLOPS_DP
+-------------------+------------+
|    Region Info    | HWThread 0 |
+-------------------+------------+
| RDTSC Runtime [s] |   3.163440 |
|     call count    |          1 |
+-------------------+------------+

+------------------------------------------+---------+------------+
|                   Event                  | Counter | HWThread 0 |
+------------------------------------------+---------+------------+
|             INSTR_RETIRED_ANY            |  FIXC0  | 5007964000 |
|           CPU_CLK_UNHALTED_CORE          |  FIXC1  | 7033828000 |
|           CPU_CLK_UNHALTED_REF           |  FIXC2  | 8257105000 |
| FP_ARITH_INST_RETIRED_128B_PACKED_DOUBLE |   PMC0  |         40 |
|    FP_ARITH_INST_RETIRED_SCALAR_DOUBLE   |   PMC1  |    2880070 |
| FP_ARITH_INST_RETIRED_256B_PACKED_DOUBLE |   PMC2  | 2228121000 |
| FP_ARITH_INST_RETIRED_512B_PACKED_DOUBLE |   PMC3  |          0 |
+------------------------------------------+---------+------------+

+----------------------+------------+
|        Metric        | HWThread 0 |
+----------------------+------------+
|  Runtime (RDTSC) [s] |     3.1634 |
| Runtime unhalted [s] |     2.6114 |
|      Clock [MHz]     |  2294.4644 |
|          CPI         |     1.4045 |
|     DP [MFLOP/s]     |  2818.2498 |
|   AVX DP [MFLOP/s]   |  2817.3394 |
|  AVX512 DP [MFLOP/s] |          0 |
|   Packed [MUOPS/s]   |   704.3349 |
|   Scalar [MUOPS/s]   |     0.9104 |
|  Vectorization ratio |    99.8709 |
+----------------------+------------+

--------------------------------------------------------------------------------
CPU name:	Intel(R) Xeon(R) Platinum 8174 CPU @ 3.10GHz
CPU type:	Intel Skylake SP processor
CPU clock:	2.69 GHz
--------------------------------------------------------------------------------
Resolutions       : (500, 1500, ... 800)
Iterations        : 40
Algorithm         : 0 (Jacobi)
Num. Heat sources : 2
   1: (0.00, 0.00) 1.00 1.00 
   2: (1.00, 1.00) 1.00 0.50 
Resolution:   500Resolution:   500, Time: 0.029 (0.110 GFlop => 3812.15 MFlop/s, residual 0.079613, 40 iterations)
  500; 0.029; 3812.153
--------------------------------------------------------------------------------
Region Compute, Group 1: FLOPS_DP
+-------------------+------------+
|    Region Info    | HWThread 0 |
+-------------------+------------+
| RDTSC Runtime [s] |   0.031328 |
|     call count    |          1 |
+-------------------+------------+

+------------------------------------------+---------+------------+
|                   Event                  | Counter | HWThread 0 |
+------------------------------------------+---------+------------+
|             INSTR_RETIRED_ANY            |  FIXC0  |   73223430 |
|           CPU_CLK_UNHALTED_CORE          |  FIXC1  |   63776450 |
|           CPU_CLK_UNHALTED_REF           |  FIXC2  |   74870570 |
| FP_ARITH_INST_RETIRED_128B_PACKED_DOUBLE |   PMC0  |         40 |
|    FP_ARITH_INST_RETIRED_SCALAR_DOUBLE   |   PMC1  |     320070 |
| FP_ARITH_INST_RETIRED_256B_PACKED_DOUBLE |   PMC2  |   27569070 |
| FP_ARITH_INST_RETIRED_512B_PACKED_DOUBLE |   PMC3  |          0 |
+------------------------------------------+---------+------------+

+----------------------+------------+
|        Metric        | HWThread 0 |
+----------------------+------------+
|  Runtime (RDTSC) [s] |     0.0313 |
| Runtime unhalted [s] |     0.0237 |
|      Clock [MHz]     |  2294.2381 |
|          CPI         |     0.8710 |
|     DP [MFLOP/s]     |  3530.2753 |
|   AVX DP [MFLOP/s]   |  3520.0560 |
|  AVX512 DP [MFLOP/s] |          0 |
|   Packed [MUOPS/s]   |   880.0153 |
|   Scalar [MUOPS/s]   |    10.2167 |
|  Vectorization ratio |    98.8524 |
+----------------------+------------+

--------------------------------------------------------------------------------
CPU name:	Intel(R) Xeon(R) Platinum 8174 CPU @ 3.10GHz
CPU type:	Intel Skylake SP processor
CPU clock:	2.69 GHz
--------------------------------------------------------------------------------
Resolutions       : (1500, 2500, ... 1800)
Iterations        : 40
Algorithm         : 0 (Jacobi)
Num. Heat sources : 2
   1: (0.00, 0.00) 1.00 1.00 
   2: (1.00, 1.00) 1.00 0.50 
Resolution:  1500Resolution:  1500, Time: 0.231 (0.990 GFlop => 4280.43 MFlop/s, residual 0.238673, 40 iterations)
 1500; 0.231; 4280.431
--------------------------------------------------------------------------------
Region Compute, Group 1: FLOPS_DP
+-------------------+------------+
|    Region Info    | HWThread 0 |
+-------------------+------------+
| RDTSC Runtime [s] |   0.236664 |
|     call count    |          1 |
+-------------------+------------+

+------------------------------------------+---------+------------+
|                   Event                  | Counter | HWThread 0 |
+------------------------------------------+---------+------------+
|             INSTR_RETIRED_ANY            |  FIXC0  |  628218700 |
|           CPU_CLK_UNHALTED_CORE          |  FIXC1  |  510317500 |
|           CPU_CLK_UNHALTED_REF           |  FIXC2  |  599071600 |
| FP_ARITH_INST_RETIRED_128B_PACKED_DOUBLE |   PMC0  |         40 |
|    FP_ARITH_INST_RETIRED_SCALAR_DOUBLE   |   PMC1  |     960070 |
| FP_ARITH_INST_RETIRED_256B_PACKED_DOUBLE |   PMC2  |  247707100 |
| FP_ARITH_INST_RETIRED_512B_PACKED_DOUBLE |   PMC3  |          0 |
+------------------------------------------+---------+------------+

+----------------------+------------+
|        Metric        | HWThread 0 |
+----------------------+------------+
|  Runtime (RDTSC) [s] |     0.2367 |
| Runtime unhalted [s] |     0.1895 |
|      Clock [MHz]     |  2294.5604 |
|          CPI         |     0.8123 |
|     DP [MFLOP/s]     |  4190.7013 |
|   AVX DP [MFLOP/s]   |  4186.6443 |
|  AVX512 DP [MFLOP/s] |          0 |
|   Packed [MUOPS/s]   |  1046.6612 |
|   Scalar [MUOPS/s]   |     4.0567 |
|  Vectorization ratio |    99.6139 |
+----------------------+------------+

--------------------------------------------------------------------------------
CPU name:	Intel(R) Xeon(R) Platinum 8174 CPU @ 3.10GHz
CPU type:	Intel Skylake SP processor
CPU clock:	2.69 GHz
--------------------------------------------------------------------------------
Resolutions       : (2500, 3500, ... 2800)
Iterations        : 40
Algorithm         : 0 (Jacobi)
Num. Heat sources : 2
   1: (0.00, 0.00) 1.00 1.00 
   2: (1.00, 1.00) 1.00 0.50 
Resolution:  2500Resolution:  2500, Time: 0.885 (2.750 GFlop => 3107.14 MFlop/s, residual 0.397703, 40 iterations)
 2500; 0.885; 3107.145
--------------------------------------------------------------------------------
Region Compute, Group 1: FLOPS_DP
+-------------------+------------+
|    Region Info    | HWThread 0 |
+-------------------+------------+
| RDTSC Runtime [s] |   0.898830 |
|     call count    |          1 |
+-------------------+------------+

+------------------------------------------+---------+------------+
|                   Event                  | Counter | HWThread 0 |
+------------------------------------------+---------+------------+
|             INSTR_RETIRED_ANY            |  FIXC0  | 1557214000 |
|           CPU_CLK_UNHALTED_CORE          |  FIXC1  | 1984124000 |
|           CPU_CLK_UNHALTED_REF           |  FIXC2  | 2329191000 |
| FP_ARITH_INST_RETIRED_128B_PACKED_DOUBLE |   PMC0  |         40 |
|    FP_ARITH_INST_RETIRED_SCALAR_DOUBLE   |   PMC1  |    1600070 |
| FP_ARITH_INST_RETIRED_256B_PACKED_DOUBLE |   PMC2  |  687845100 |
| FP_ARITH_INST_RETIRED_512B_PACKED_DOUBLE |   PMC3  |          0 |
+------------------------------------------+---------+------------+

+----------------------+------------+
|        Metric        | HWThread 0 |
+----------------------+------------+
|  Runtime (RDTSC) [s] |     0.8988 |
| Runtime unhalted [s] |     0.7366 |
|      Clock [MHz]     |  2294.5267 |
|          CPI         |     1.2741 |
|     DP [MFLOP/s]     |  3062.8480 |
|   AVX DP [MFLOP/s]   |  3061.0677 |
|  AVX512 DP [MFLOP/s] |          0 |
|   Packed [MUOPS/s]   |   765.2670 |
|   Scalar [MUOPS/s]   |     1.7802 |
|  Vectorization ratio |    99.7679 |
+----------------------+------------+

--------------------------------------------------------------------------------
CPU name:	Intel(R) Xeon(R) Platinum 8174 CPU @ 3.10GHz
CPU type:	Intel Skylake SP processor
CPU clock:	2.69 GHz
--------------------------------------------------------------------------------
Resolutions       : (3500, 4500, ... 3800)
Iterations        : 40
Algorithm         : 0 (Jacobi)
Num. Heat sources : 2
   1: (0.00, 0.00) 1.00 1.00 
   2: (1.00, 1.00) 1.00 0.50 
Resolution:  3500Resolution:  3500, Time: 1.872 (5.390 GFlop => 2879.00 MFlop/s, residual 0.556728, 40 iterations)
 3500; 1.872; 2879.004
--------------------------------------------------------------------------------
Region Compute, Group 1: FLOPS_DP
+-------------------+------------+
|    Region Info    | HWThread 0 |
+-------------------+------------+
| RDTSC Runtime [s] |   1.897664 |
|     call count    |          1 |
+-------------------+------------+

+------------------------------------------+---------+------------+
|                   Event                  | Counter | HWThread 0 |
+------------------------------------------+---------+------------+
|             INSTR_RETIRED_ANY            |  FIXC0  | 3041788000 |
|           CPU_CLK_UNHALTED_CORE          |  FIXC1  | 4218936000 |
|           CPU_CLK_UNHALTED_REF           |  FIXC2  | 4952667000 |
| FP_ARITH_INST_RETIRED_128B_PACKED_DOUBLE |   PMC0  |         40 |
|    FP_ARITH_INST_RETIRED_SCALAR_DOUBLE   |   PMC1  |    2240070 |
| FP_ARITH_INST_RETIRED_256B_PACKED_DOUBLE |   PMC2  | 1347983000 |
| FP_ARITH_INST_RETIRED_512B_PACKED_DOUBLE |   PMC3  |          0 |
+------------------------------------------+---------+------------+

+----------------------+------------+
|        Metric        | HWThread 0 |
+----------------------+------------+
|  Runtime (RDTSC) [s] |     1.8977 |
| Runtime unhalted [s] |     1.5664 |
|      Clock [MHz]     |  2294.3491 |
|          CPI         |     1.3870 |
|     DP [MFLOP/s]     |  2842.5328 |
|   AVX DP [MFLOP/s]   |  2841.3523 |
|  AVX512 DP [MFLOP/s] |          0 |
|   Packed [MUOPS/s]   |   710.3381 |
|   Scalar [MUOPS/s]   |     1.1804 |
|  Vectorization ratio |    99.8341 |
+----------------------+------------+

--------------------------------------------------------------------------------
CPU name:	Intel(R) Xeon(R) Platinum 8174 CPU @ 3.10GHz
CPU type:	Intel Skylake SP processor
CPU clock:	2.69 GHz
--------------------------------------------------------------------------------
Resolutions       : (4500, 5500, ... 4800)
Iterations        : 40
Algorithm         : 0 (Jacobi)
Num. Heat sources : 2
   1: (0.00, 0.00) 1.00 1.00 
   2: (1.00, 1.00) 1.00 0.50 
Resolution:  4500Resolution:  4500, Time: 3.114 (8.910 GFlop => 2861.05 MFlop/s, residual 0.715752, 40 iterations)
 4500; 3.114; 2861.050
--------------------------------------------------------------------------------
Region Compute, Group 1: FLOPS_DP
+-------------------+------------+
|    Region Info    | HWThread 0 |
+-------------------+------------+
| RDTSC Runtime [s] |   3.158299 |
|     call count    |          1 |
+-------------------+------------+

+------------------------------------------+---------+------------+
|                   Event                  | Counter | HWThread 0 |
+------------------------------------------+---------+------------+
|             INSTR_RETIRED_ANY            |  FIXC0  | 5007964000 |
|           CPU_CLK_UNHALTED_CORE          |  FIXC1  | 7022895000 |
|           CPU_CLK_UNHALTED_REF           |  FIXC2  | 8244272000 |
| FP_ARITH_INST_RETIRED_128B_PACKED_DOUBLE |   PMC0  |         40 |
|    FP_ARITH_INST_RETIRED_SCALAR_DOUBLE   |   PMC1  |    2880070 |
| FP_ARITH_INST_RETIRED_256B_PACKED_DOUBLE |   PMC2  | 2228121000 |
| FP_ARITH_INST_RETIRED_512B_PACKED_DOUBLE |   PMC3  |          0 |
+------------------------------------------+---------+------------+

+----------------------+------------+
|        Metric        | HWThread 0 |
+----------------------+------------+
|  Runtime (RDTSC) [s] |     3.1583 |
| Runtime unhalted [s] |     2.6072 |
|      Clock [MHz]     |  2294.5524 |
|          CPI         |     1.4023 |
|     DP [MFLOP/s]     |  2822.8373 |
|   AVX DP [MFLOP/s]   |  2821.9253 |
|  AVX512 DP [MFLOP/s] |          0 |
|   Packed [MUOPS/s]   |   705.4813 |
|   Scalar [MUOPS/s]   |     0.9119 |
|  Vectorization ratio |    99.8709 |
+----------------------+------------+

--------------------------------------------------------------------------------
CPU name:	Intel(R) Xeon(R) Platinum 8174 CPU @ 3.10GHz
CPU type:	Intel Skylake SP processor
CPU clock:	2.69 GHz
--------------------------------------------------------------------------------
Resolutions       : (500, 1500, ... 800)
Iterations        : 40
Algorithm         : 0 (Jacobi)
Num. Heat sources : 2
   1: (0.00, 0.00) 1.00 1.00 
   2: (1.00, 1.00) 1.00 0.50 
Resolution:   500Resolution:   500, Time: 0.029 (0.110 GFlop => 3821.69 MFlop/s, residual 0.079613, 40 iterations)
  500; 0.029; 3821.689
--------------------------------------------------------------------------------
Region Compute, Group 1: FLOPS_DP
+-------------------+------------+
|    Region Info    | HWThread 0 |
+-------------------+------------+
| RDTSC Runtime [s] |   0.031117 |
|     call count    |          1 |
+-------------------+------------+

+------------------------------------------+---------+------------+
|                   Event                  | Counter | HWThread 0 |
+------------------------------------------+---------+------------+
|             INSTR_RETIRED_ANY            |  FIXC0  |   73223450 |
|           CPU_CLK_UNHALTED_CORE          |  FIXC1  |   63927390 |
|           CPU_CLK_UNHALTED_REF           |  FIXC2  |   75047040 |
| FP_ARITH_INST_RETIRED_128B_PACKED_DOUBLE |   PMC0  |         40 |
|    FP_ARITH_INST_RETIRED_SCALAR_DOUBLE   |   PMC1  |     320070 |
| FP_ARITH_INST_RETIRED_256B_PACKED_DOUBLE |   PMC2  |   27569070 |
| FP_ARITH_INST_RETIRED_512B_PACKED_DOUBLE |   PMC3  |          0 |
+------------------------------------------+---------+------------+

+----------------------+------------+
|        Metric        | HWThread 0 |
+----------------------+------------+
|  Runtime (RDTSC) [s] |     0.0311 |
| Runtime unhalted [s] |     0.0237 |
|      Clock [MHz]     |  2294.2538 |
|          CPI         |     0.8730 |
|     DP [MFLOP/s]     |  3554.1954 |
|   AVX DP [MFLOP/s]   |  3543.9068 |
|  AVX512 DP [MFLOP/s] |          0 |
|   Packed [MUOPS/s]   |   885.9780 |
|   Scalar [MUOPS/s]   |    10.2860 |
|  Vectorization ratio |    98.8524 |
+----------------------+------------+

--------------------------------------------------------------------------------
CPU name:	Intel(R) Xeon(R) Platinum 8174 CPU @ 3.10GHz
CPU type:	Intel Skylake SP processor
CPU clock:	2.69 GHz
--------------------------------------------------------------------------------
Resolutions       : (1500, 2500, ... 1800)
Iterations        : 40
Algorithm         : 0 (Jacobi)
Num. Heat sources : 2
   1: (0.00, 0.00) 1.00 1.00 
   2: (1.00, 1.00) 1.00 0.50 
Resolution:  1500Resolution:  1500, Time: 0.236 (0.990 GFlop => 4197.26 MFlop/s, residual 0.238673, 40 iterations)
 1500; 0.236; 4197.263
--------------------------------------------------------------------------------
Region Compute, Group 1: FLOPS_DP
+-------------------+------------+
|    Region Info    | HWThread 0 |
+-------------------+------------+
| RDTSC Runtime [s] |   0.241092 |
|     call count    |          1 |
+-------------------+------------+

+------------------------------------------+---------+------------+
|                   Event                  | Counter | HWThread 0 |
+------------------------------------------+---------+------------+
|             INSTR_RETIRED_ANY            |  FIXC0  |  628218200 |
|           CPU_CLK_UNHALTED_CORE          |  FIXC1  |  522102800 |
|           CPU_CLK_UNHALTED_REF           |  FIXC2  |  612904600 |
| FP_ARITH_INST_RETIRED_128B_PACKED_DOUBLE |   PMC0  |         40 |
|    FP_ARITH_INST_RETIRED_SCALAR_DOUBLE   |   PMC1  |     960070 |
| FP_ARITH_INST_RETIRED_256B_PACKED_DOUBLE |   PMC2  |  247707100 |
| FP_ARITH_INST_RETIRED_512B_PACKED_DOUBLE |   PMC3  |          0 |
+------------------------------------------+---------+------------+

+----------------------+------------+
|        Metric        | HWThread 0 |
+----------------------+------------+
|  Runtime (RDTSC) [s] |     0.2411 |
| Runtime unhalted [s] |     0.1939 |
|      Clock [MHz]     |  2294.3024 |
|          CPI         |     0.8311 |
|     DP [MFLOP/s]     |  4113.7331 |
|   AVX DP [MFLOP/s]   |  4109.7506 |
|  AVX512 DP [MFLOP/s] |          0 |
|   Packed [MUOPS/s]   |  1027.4378 |
|   Scalar [MUOPS/s]   |     3.9822 |
|  Vectorization ratio |    99.6139 |
+----------------------+------------+

--------------------------------------------------------------------------------
CPU name:	Intel(R) Xeon(R) Platinum 8174 CPU @ 3.10GHz
CPU type:	Intel Skylake SP processor
CPU clock:	2.69 GHz
--------------------------------------------------------------------------------
Resolutions       : (2500, 3500, ... 2800)
Iterations        : 40
Algorithm         : 0 (Jacobi)
Num. Heat sources : 2
   1: (0.00, 0.00) 1.00 1.00 
   2: (1.00, 1.00) 1.00 0.50 
Resolution:  2500Resolution:  2500, Time: 0.879 (2.750 GFlop => 3129.51 MFlop/s, residual 0.397703, 40 iterations)
 2500; 0.879; 3129.506
--------------------------------------------------------------------------------
Region Compute, Group 1: FLOPS_DP
+-------------------+------------+
|    Region Info    | HWThread 0 |
+-------------------+------------+
| RDTSC Runtime [s] |   0.892304 |
|     call count    |          1 |
+-------------------+------------+

+------------------------------------------+---------+------------+
|                   Event                  | Counter | HWThread 0 |
+------------------------------------------+---------+------------+
|             INSTR_RETIRED_ANY            |  FIXC0  | 1557214000 |
|           CPU_CLK_UNHALTED_CORE          |  FIXC1  | 1970212000 |
|           CPU_CLK_UNHALTED_REF           |  FIXC2  | 2312857000 |
| FP_ARITH_INST_RETIRED_128B_PACKED_DOUBLE |   PMC0  |         40 |
|    FP_ARITH_INST_RETIRED_SCALAR_DOUBLE   |   PMC1  |    1600070 |
| FP_ARITH_INST_RETIRED_256B_PACKED_DOUBLE |   PMC2  |  687845100 |
| FP_ARITH_INST_RETIRED_512B_PACKED_DOUBLE |   PMC3  |          0 |
+------------------------------------------+---------+------------+

+----------------------+------------+
|        Metric        | HWThread 0 |
+----------------------+------------+
|  Runtime (RDTSC) [s] |     0.8923 |
| Runtime unhalted [s] |     0.7315 |
|      Clock [MHz]     |  2294.2888 |
|          CPI         |     1.2652 |
|     DP [MFLOP/s]     |  3085.2513 |
|   AVX DP [MFLOP/s]   |  3083.4580 |
|  AVX512 DP [MFLOP/s] |          0 |
|   Packed [MUOPS/s]   |   770.8646 |
|   Scalar [MUOPS/s]   |     1.7932 |
|  Vectorization ratio |    99.7679 |
+----------------------+------------+

--------------------------------------------------------------------------------
CPU name:	Intel(R) Xeon(R) Platinum 8174 CPU @ 3.10GHz
CPU type:	Intel Skylake SP processor
CPU clock:	2.69 GHz
--------------------------------------------------------------------------------
Resolutions       : (3500, 4500, ... 3800)
Iterations        : 40
Algorithm         : 0 (Jacobi)
Num. Heat sources : 2
   1: (0.00, 0.00) 1.00 1.00 
   2: (1.00, 1.00) 1.00 0.50 
Resolution:  3500Resolution:  3500, Time: 1.882 (5.390 GFlop => 2864.13 MFlop/s, residual 0.556728, 40 iterations)
 3500; 1.882; 2864.134
--------------------------------------------------------------------------------
Region Compute, Group 1: FLOPS_DP
+-------------------+------------+
|    Region Info    | HWThread 0 |
+-------------------+------------+
| RDTSC Runtime [s] |   1.908348 |
|     call count    |          1 |
+-------------------+------------+

+------------------------------------------+---------+------------+
|                   Event                  | Counter | HWThread 0 |
+------------------------------------------+---------+------------+
|             INSTR_RETIRED_ANY            |  FIXC0  | 3041789000 |
|           CPU_CLK_UNHALTED_CORE          |  FIXC1  | 4240245000 |
|           CPU_CLK_UNHALTED_REF           |  FIXC2  | 4977678000 |
| FP_ARITH_INST_RETIRED_128B_PACKED_DOUBLE |   PMC0  |         40 |
|    FP_ARITH_INST_RETIRED_SCALAR_DOUBLE   |   PMC1  |    2240070 |
| FP_ARITH_INST_RETIRED_256B_PACKED_DOUBLE |   PMC2  | 1347983000 |
| FP_ARITH_INST_RETIRED_512B_PACKED_DOUBLE |   PMC3  |          0 |
+------------------------------------------+---------+------------+

+----------------------+------------+
|        Metric        | HWThread 0 |
+----------------------+------------+
|  Runtime (RDTSC) [s] |     1.9083 |
| Runtime unhalted [s] |     1.5742 |
|      Clock [MHz]     |  2294.5780 |
|          CPI         |     1.3940 |
|     DP [MFLOP/s]     |  2826.6187 |
|   AVX DP [MFLOP/s]   |  2825.4448 |
|  AVX512 DP [MFLOP/s] |          0 |
|   Packed [MUOPS/s]   |   706.3612 |
|   Scalar [MUOPS/s]   |     1.1738 |
|  Vectorization ratio |    99.8341 |
+----------------------+------------+

--------------------------------------------------------------------------------
CPU name:	Intel(R) Xeon(R) Platinum 8174 CPU @ 3.10GHz
CPU type:	Intel Skylake SP processor
CPU clock:	2.69 GHz
--------------------------------------------------------------------------------
Resolutions       : (4500, 5500, ... 4800)
Iterations        : 40
Algorithm         : 0 (Jacobi)
Num. Heat sources : 2
   1: (0.00, 0.00) 1.00 1.00 
   2: (1.00, 1.00) 1.00 0.50 
Resolution:  4500Resolution:  4500, Time: 3.124 (8.910 GFlop => 2851.77 MFlop/s, residual 0.715752, 40 iterations)
 4500; 3.124; 2851.766
--------------------------------------------------------------------------------
Region Compute, Group 1: FLOPS_DP
+-------------------+------------+
|    Region Info    | HWThread 0 |
+-------------------+------------+
| RDTSC Runtime [s] |   3.167737 |
|     call count    |          1 |
+-------------------+------------+

+------------------------------------------+---------+------------+
|                   Event                  | Counter | HWThread 0 |
+------------------------------------------+---------+------------+
|             INSTR_RETIRED_ANY            |  FIXC0  | 5007965000 |
|           CPU_CLK_UNHALTED_CORE          |  FIXC1  | 7045256000 |
|           CPU_CLK_UNHALTED_REF           |  FIXC2  | 8270519000 |
| FP_ARITH_INST_RETIRED_128B_PACKED_DOUBLE |   PMC0  |         40 |
|    FP_ARITH_INST_RETIRED_SCALAR_DOUBLE   |   PMC1  |    2880070 |
| FP_ARITH_INST_RETIRED_256B_PACKED_DOUBLE |   PMC2  | 2228121000 |
| FP_ARITH_INST_RETIRED_512B_PACKED_DOUBLE |   PMC3  |          0 |
+------------------------------------------+---------+------------+

+----------------------+------------+
|        Metric        | HWThread 0 |
+----------------------+------------+
|  Runtime (RDTSC) [s] |     3.1677 |
| Runtime unhalted [s] |     2.6158 |
|      Clock [MHz]     |  2294.2987 |
|          CPI         |     1.4068 |
|     DP [MFLOP/s]     |  2814.4269 |
|   AVX DP [MFLOP/s]   |  2813.5177 |
|  AVX512 DP [MFLOP/s] |          0 |
|   Packed [MUOPS/s]   |   703.3794 |
|   Scalar [MUOPS/s]   |     0.9092 |
|  Vectorization ratio |    99.8709 |
+----------------------+------------+

--------------------------------------------------------------------------------
CPU name:	Intel(R) Xeon(R) Platinum 8174 CPU @ 3.10GHz
CPU type:	Intel Skylake SP processor
CPU clock:	2.69 GHz
--------------------------------------------------------------------------------
Resolutions       : (500, 1500, ... 800)
Iterations        : 40
Algorithm         : 0 (Jacobi)
Num. Heat sources : 2
   1: (0.00, 0.00) 1.00 1.00 
   2: (1.00, 1.00) 1.00 0.50 
Resolution:   500Resolution:   500, Time: 0.029 (0.110 GFlop => 3830.89 MFlop/s, residual 0.079613, 40 iterations)
  500; 0.029; 3830.892
--------------------------------------------------------------------------------
Region Compute, Group 1: FLOPS_DP
+-------------------+------------+
|    Region Info    | HWThread 0 |
+-------------------+------------+
| RDTSC Runtime [s] |   0.031166 |
|     call count    |          1 |
+-------------------+------------+

+------------------------------------------+---------+------------+
|                   Event                  | Counter | HWThread 0 |
+------------------------------------------+---------+------------+
|             INSTR_RETIRED_ANY            |  FIXC0  |   73223420 |
|           CPU_CLK_UNHALTED_CORE          |  FIXC1  |   63727010 |
|           CPU_CLK_UNHALTED_REF           |  FIXC2  |   74812570 |
| FP_ARITH_INST_RETIRED_128B_PACKED_DOUBLE |   PMC0  |         40 |
|    FP_ARITH_INST_RETIRED_SCALAR_DOUBLE   |   PMC1  |     320070 |
| FP_ARITH_INST_RETIRED_256B_PACKED_DOUBLE |   PMC2  |   27569070 |
| FP_ARITH_INST_RETIRED_512B_PACKED_DOUBLE |   PMC3  |          0 |
+------------------------------------------+---------+------------+

+----------------------+------------+
|        Metric        | HWThread 0 |
+----------------------+------------+
|  Runtime (RDTSC) [s] |     0.0312 |
| Runtime unhalted [s] |     0.0237 |
|      Clock [MHz]     |  2294.4211 |
|          CPI         |     0.8703 |
|     DP [MFLOP/s]     |  3548.6746 |
|   AVX DP [MFLOP/s]   |  3538.4020 |
|  AVX512 DP [MFLOP/s] |          0 |
|   Packed [MUOPS/s]   |   884.6018 |
|   Scalar [MUOPS/s]   |    10.2700 |
|  Vectorization ratio |    98.8524 |
+----------------------+------------+

--------------------------------------------------------------------------------
CPU name:	Intel(R) Xeon(R) Platinum 8174 CPU @ 3.10GHz
CPU type:	Intel Skylake SP processor
CPU clock:	2.69 GHz
--------------------------------------------------------------------------------
Resolutions       : (1500, 2500, ... 1800)
Iterations        : 40
Algorithm         : 0 (Jacobi)
Num. Heat sources : 2
   1: (0.00, 0.00) 1.00 1.00 
   2: (1.00, 1.00) 1.00 0.50 
Resolution:  1500Resolution:  1500, Time: 0.226 (0.990 GFlop => 4386.53 MFlop/s, residual 0.238673, 40 iterations)
 1500; 0.226; 4386.532
--------------------------------------------------------------------------------
Region Compute, Group 1: FLOPS_DP
+-------------------+------------+
|    Region Info    | HWThread 0 |
+-------------------+------------+
| RDTSC Runtime [s] |   0.230963 |
|     call count    |          1 |
+-------------------+------------+

+------------------------------------------+---------+------------+
|                   Event                  | Counter | HWThread 0 |
+------------------------------------------+---------+------------+
|             INSTR_RETIRED_ANY            |  FIXC0  |  628217800 |
|           CPU_CLK_UNHALTED_CORE          |  FIXC1  |  498987300 |
|           CPU_CLK_UNHALTED_REF           |  FIXC2  |  585770000 |
| FP_ARITH_INST_RETIRED_128B_PACKED_DOUBLE |   PMC0  |         40 |
|    FP_ARITH_INST_RETIRED_SCALAR_DOUBLE   |   PMC1  |     960070 |
| FP_ARITH_INST_RETIRED_256B_PACKED_DOUBLE |   PMC2  |  247707100 |
| FP_ARITH_INST_RETIRED_512B_PACKED_DOUBLE |   PMC3  |          0 |
+------------------------------------------+---------+------------+

+----------------------+------------+
|        Metric        | HWThread 0 |
+----------------------+------------+
|  Runtime (RDTSC) [s] |     0.2310 |
| Runtime unhalted [s] |     0.1852 |
|      Clock [MHz]     |  2294.5666 |
|          CPI         |     0.7943 |
|     DP [MFLOP/s]     |  4294.1392 |
|   AVX DP [MFLOP/s]   |  4289.9820 |
|  AVX512 DP [MFLOP/s] |          0 |
|   Packed [MUOPS/s]   |  1072.4957 |
|   Scalar [MUOPS/s]   |     4.1568 |
|  Vectorization ratio |    99.6139 |
+----------------------+------------+

--------------------------------------------------------------------------------
CPU name:	Intel(R) Xeon(R) Platinum 8174 CPU @ 3.10GHz
CPU type:	Intel Skylake SP processor
CPU clock:	2.69 GHz
--------------------------------------------------------------------------------
Resolutions       : (2500, 3500, ... 2800)
Iterations        : 40
Algorithm         : 0 (Jacobi)
Num. Heat sources : 2
   1: (0.00, 0.00) 1.00 1.00 
   2: (1.00, 1.00) 1.00 0.50 
Resolution:  2500Resolution:  2500, Time: 0.883 (2.750 GFlop => 3114.55 MFlop/s, residual 0.397703, 40 iterations)
 2500; 0.883; 3114.549
--------------------------------------------------------------------------------
Region Compute, Group 1: FLOPS_DP
+-------------------+------------+
|    Region Info    | HWThread 0 |
+-------------------+------------+
| RDTSC Runtime [s] |   0.896692 |
|     call count    |          1 |
+-------------------+------------+

+------------------------------------------+---------+------------+
|                   Event                  | Counter | HWThread 0 |
+------------------------------------------+---------+------------+
|             INSTR_RETIRED_ANY            |  FIXC0  | 1557214000 |
|           CPU_CLK_UNHALTED_CORE          |  FIXC1  | 1981635000 |
|           CPU_CLK_UNHALTED_REF           |  FIXC2  | 2326272000 |
| FP_ARITH_INST_RETIRED_128B_PACKED_DOUBLE |   PMC0  |         40 |
|    FP_ARITH_INST_RETIRED_SCALAR_DOUBLE   |   PMC1  |    1600070 |
| FP_ARITH_INST_RETIRED_256B_PACKED_DOUBLE |   PMC2  |  687845100 |
| FP_ARITH_INST_RETIRED_512B_PACKED_DOUBLE |   PMC3  |          0 |
+------------------------------------------+---------+------------+

+----------------------+------------+
|        Metric        | HWThread 0 |
+----------------------+------------+
|  Runtime (RDTSC) [s] |     0.8967 |
| Runtime unhalted [s] |     0.7358 |
|      Clock [MHz]     |  2294.2886 |
|          CPI         |     1.2726 |
|     DP [MFLOP/s]     |  3070.1511 |
|   AVX DP [MFLOP/s]   |  3068.3666 |
|  AVX512 DP [MFLOP/s] |          0 |
|   Packed [MUOPS/s]   |   767.0917 |
|   Scalar [MUOPS/s]   |     1.7844 |
|  Vectorization ratio |    99.7679 |
+----------------------+------------+

--------------------------------------------------------------------------------
CPU name:	Intel(R) Xeon(R) Platinum 8174 CPU @ 3.10GHz
CPU type:	Intel Skylake SP processor
CPU clock:	2.69 GHz
--------------------------------------------------------------------------------
Resolutions       : (3500, 4500, ... 3800)
Iterations        : 40
Algorithm         : 0 (Jacobi)
Num. Heat sources : 2
   1: (0.00, 0.00) 1.00 1.00 
   2: (1.00, 1.00) 1.00 0.50 
Resolution:  3500Resolution:  3500, Time: 1.879 (5.390 GFlop => 2868.72 MFlop/s, residual 0.556728, 40 iterations)
 3500; 1.879; 2868.723
--------------------------------------------------------------------------------
Region Compute, Group 1: FLOPS_DP
+-------------------+------------+
|    Region Info    | HWThread 0 |
+-------------------+------------+
| RDTSC Runtime [s] |   1.905418 |
|     call count    |          1 |
+-------------------+------------+

+------------------------------------------+---------+------------+
|                   Event                  | Counter | HWThread 0 |
+------------------------------------------+---------+------------+
|             INSTR_RETIRED_ANY            |  FIXC0  | 3041788000 |
|           CPU_CLK_UNHALTED_CORE          |  FIXC1  | 4235318000 |
|           CPU_CLK_UNHALTED_REF           |  FIXC2  | 4971899000 |
| FP_ARITH_INST_RETIRED_128B_PACKED_DOUBLE |   PMC0  |         40 |
|    FP_ARITH_INST_RETIRED_SCALAR_DOUBLE   |   PMC1  |    2240070 |
| FP_ARITH_INST_RETIRED_256B_PACKED_DOUBLE |   PMC2  | 1347983000 |
| FP_ARITH_INST_RETIRED_512B_PACKED_DOUBLE |   PMC3  |          0 |
+------------------------------------------+---------+------------+

+----------------------+------------+
|        Metric        | HWThread 0 |
+----------------------+------------+
|  Runtime (RDTSC) [s] |     1.9054 |
| Runtime unhalted [s] |     1.5726 |
|      Clock [MHz]     |  2294.2215 |
|          CPI         |     1.3924 |
|     DP [MFLOP/s]     |  2830.9653 |
|   AVX DP [MFLOP/s]   |  2829.7896 |
|  AVX512 DP [MFLOP/s] |          0 |
|   Packed [MUOPS/s]   |   707.4474 |
|   Scalar [MUOPS/s]   |     1.1756 |
|  Vectorization ratio |    99.8341 |
+----------------------+------------+

--------------------------------------------------------------------------------
CPU name:	Intel(R) Xeon(R) Platinum 8174 CPU @ 3.10GHz
CPU type:	Intel Skylake SP processor
CPU clock:	2.69 GHz
--------------------------------------------------------------------------------
Resolutions       : (4500, 5500, ... 4800)
Iterations        : 40
Algorithm         : 0 (Jacobi)
Num. Heat sources : 2
   1: (0.00, 0.00) 1.00 1.00 
   2: (1.00, 1.00) 1.00 0.50 
Resolution:  4500Resolution:  4500, Time: 3.110 (8.910 GFlop => 2864.62 MFlop/s, residual 0.715752, 40 iterations)
 4500; 3.110; 2864.623
--------------------------------------------------------------------------------
Region Compute, Group 1: FLOPS_DP
+-------------------+------------+
|    Region Info    | HWThread 0 |
+-------------------+------------+
| RDTSC Runtime [s] |   3.153924 |
|     call count    |          1 |
+-------------------+------------+

+------------------------------------------+---------+------------+
|                   Event                  | Counter | HWThread 0 |
+------------------------------------------+---------+------------+
|             INSTR_RETIRED_ANY            |  FIXC0  | 5007965000 |
|           CPU_CLK_UNHALTED_CORE          |  FIXC1  | 7013594000 |
|           CPU_CLK_UNHALTED_REF           |  FIXC2  | 8233359000 |
| FP_ARITH_INST_RETIRED_128B_PACKED_DOUBLE |   PMC0  |         40 |
|    FP_ARITH_INST_RETIRED_SCALAR_DOUBLE   |   PMC1  |    2880070 |
| FP_ARITH_INST_RETIRED_256B_PACKED_DOUBLE |   PMC2  | 2228121000 |
| FP_ARITH_INST_RETIRED_512B_PACKED_DOUBLE |   PMC3  |          0 |
+------------------------------------------+---------+------------+

+----------------------+------------+
|        Metric        | HWThread 0 |
+----------------------+------------+
|  Runtime (RDTSC) [s] |     3.1539 |
| Runtime unhalted [s] |     2.6039 |
|      Clock [MHz]     |  2294.4644 |
|          CPI         |     1.4005 |
|     DP [MFLOP/s]     |  2826.7530 |
|   AVX DP [MFLOP/s]   |  2825.8398 |
|  AVX512 DP [MFLOP/s] |          0 |
|   Packed [MUOPS/s]   |   706.4600 |
|   Scalar [MUOPS/s]   |     0.9132 |
|  Vectorization ratio |    99.8709 |
+----------------------+------------+

--------------------------------------------------------------------------------
CPU name:	Intel(R) Xeon(R) Platinum 8174 CPU @ 3.10GHz
CPU type:	Intel Skylake SP processor
CPU clock:	2.69 GHz
--------------------------------------------------------------------------------
Resolutions       : (500, 1500, ... 800)
Iterations        : 40
Algorithm         : 0 (Jacobi)
Num. Heat sources : 2
   1: (0.00, 0.00) 1.00 1.00 
   2: (1.00, 1.00) 1.00 0.50 
Resolution:   500Resolution:   500, Time: 0.029 (0.110 GFlop => 3829.97 MFlop/s, residual 0.079613, 40 iterations)
  500; 0.029; 3829.969
--------------------------------------------------------------------------------
Region Compute, Group 1: FLOPS_DP
+-------------------+------------+
|    Region Info    | HWThread 0 |
+-------------------+------------+
| RDTSC Runtime [s] |   0.031133 |
|     call count    |          1 |
+-------------------+------------+

+------------------------------------------+---------+------------+
|                   Event                  | Counter | HWThread 0 |
+------------------------------------------+---------+------------+
|             INSTR_RETIRED_ANY            |  FIXC0  |   73223450 |
|           CPU_CLK_UNHALTED_CORE          |  FIXC1  |   63769860 |
|           CPU_CLK_UNHALTED_REF           |  FIXC2  |   74857180 |
| FP_ARITH_INST_RETIRED_128B_PACKED_DOUBLE |   PMC0  |         40 |
|    FP_ARITH_INST_RETIRED_SCALAR_DOUBLE   |   PMC1  |     320070 |
| FP_ARITH_INST_RETIRED_256B_PACKED_DOUBLE |   PMC2  |   27569070 |
| FP_ARITH_INST_RETIRED_512B_PACKED_DOUBLE |   PMC3  |          0 |
+------------------------------------------+---------+------------+

+----------------------+------------+
|        Metric        | HWThread 0 |
+----------------------+------------+
|  Runtime (RDTSC) [s] |     0.0311 |
| Runtime unhalted [s] |     0.0237 |
|      Clock [MHz]     |  2294.6710 |
|          CPI         |     0.8709 |
|     DP [MFLOP/s]     |  3552.4110 |
|   AVX DP [MFLOP/s]   |  3542.1276 |
|  AVX512 DP [MFLOP/s] |          0 |
|   Packed [MUOPS/s]   |   885.5332 |
|   Scalar [MUOPS/s]   |    10.2808 |
|  Vectorization ratio |    98.8524 |
+----------------------+------------+

--------------------------------------------------------------------------------
CPU name:	Intel(R) Xeon(R) Platinum 8174 CPU @ 3.10GHz
CPU type:	Intel Skylake SP processor
CPU clock:	2.69 GHz
--------------------------------------------------------------------------------
Resolutions       : (1500, 2500, ... 1800)
Iterations        : 40
Algorithm         : 0 (Jacobi)
Num. Heat sources : 2
   1: (0.00, 0.00) 1.00 1.00 
   2: (1.00, 1.00) 1.00 0.50 
Resolution:  1500Resolution:  1500, Time: 0.239 (0.990 GFlop => 4149.36 MFlop/s, residual 0.238673, 40 iterations)
 1500; 0.239; 4149.357
--------------------------------------------------------------------------------
Region Compute, Group 1: FLOPS_DP
+-------------------+------------+
|    Region Info    | HWThread 0 |
+-------------------+------------+
| RDTSC Runtime [s] |   0.243973 |
|     call count    |          1 |
+-------------------+------------+

+------------------------------------------+---------+------------+
|                   Event                  | Counter | HWThread 0 |
+------------------------------------------+---------+------------+
|             INSTR_RETIRED_ANY            |  FIXC0  |  628218300 |
|           CPU_CLK_UNHALTED_CORE          |  FIXC1  |  528485700 |
|           CPU_CLK_UNHALTED_REF           |  FIXC2  |  620396900 |
| FP_ARITH_INST_RETIRED_128B_PACKED_DOUBLE |   PMC0  |         40 |
|    FP_ARITH_INST_RETIRED_SCALAR_DOUBLE   |   PMC1  |     960070 |
| FP_ARITH_INST_RETIRED_256B_PACKED_DOUBLE |   PMC2  |  247707100 |
| FP_ARITH_INST_RETIRED_512B_PACKED_DOUBLE |   PMC3  |          0 |
+------------------------------------------+---------+------------+

+----------------------+------------+
|        Metric        | HWThread 0 |
+----------------------+------------+
|  Runtime (RDTSC) [s] |     0.2440 |
| Runtime unhalted [s] |     0.1962 |
|      Clock [MHz]     |  2294.5585 |
|          CPI         |     0.8412 |
|     DP [MFLOP/s]     |  4065.1620 |
|   AVX DP [MFLOP/s]   |  4061.2265 |
|  AVX512 DP [MFLOP/s] |          0 |
|   Packed [MUOPS/s]   |  1015.3068 |
|   Scalar [MUOPS/s]   |     3.9352 |
|  Vectorization ratio |    99.6139 |
+----------------------+------------+

--------------------------------------------------------------------------------
CPU name:	Intel(R) Xeon(R) Platinum 8174 CPU @ 3.10GHz
CPU type:	Intel Skylake SP processor
CPU clock:	2.69 GHz
--------------------------------------------------------------------------------
Resolutions       : (2500, 3500, ... 2800)
Iterations        : 40
Algorithm         : 0 (Jacobi)
Num. Heat sources : 2
   1: (0.00, 0.00) 1.00 1.00 
   2: (1.00, 1.00) 1.00 0.50 
Resolution:  2500Resolution:  2500, Time: 0.872 (2.750 GFlop => 3152.83 MFlop/s, residual 0.397703, 40 iterations)
 2500; 0.872; 3152.834
--------------------------------------------------------------------------------
Region Compute, Group 1: FLOPS_DP
+-------------------+------------+
|    Region Info    | HWThread 0 |
+-------------------+------------+
| RDTSC Runtime [s] |   0.885911 |
|     call count    |          1 |
+-------------------+------------+

+------------------------------------------+---------+------------+
|                   Event                  | Counter | HWThread 0 |
+------------------------------------------+---------+------------+
|             INSTR_RETIRED_ANY            |  FIXC0  | 1557213000 |
|           CPU_CLK_UNHALTED_CORE          |  FIXC1  | 1958490000 |
|           CPU_CLK_UNHALTED_REF           |  FIXC2  | 2299101000 |
| FP_ARITH_INST_RETIRED_128B_PACKED_DOUBLE |   PMC0  |         40 |
|    FP_ARITH_INST_RETIRED_SCALAR_DOUBLE   |   PMC1  |    1600070 |
| FP_ARITH_INST_RETIRED_256B_PACKED_DOUBLE |   PMC2  |  687845100 |
| FP_ARITH_INST_RETIRED_512B_PACKED_DOUBLE |   PMC3  |          0 |
+------------------------------------------+---------+------------+

+----------------------+------------+
|        Metric        | HWThread 0 |
+----------------------+------------+
|  Runtime (RDTSC) [s] |     0.8859 |
| Runtime unhalted [s] |     0.7271 |
|      Clock [MHz]     |  2294.5746 |
|          CPI         |     1.2577 |
|     DP [MFLOP/s]     |  3107.5140 |
|   AVX DP [MFLOP/s]   |  3105.7078 |
|  AVX512 DP [MFLOP/s] |          0 |
|   Packed [MUOPS/s]   |   776.4270 |
|   Scalar [MUOPS/s]   |     1.8061 |
|  Vectorization ratio |    99.7679 |
+----------------------+------------+

--------------------------------------------------------------------------------
CPU name:	Intel(R) Xeon(R) Platinum 8174 CPU @ 3.10GHz
CPU type:	Intel Skylake SP processor
CPU clock:	2.69 GHz
--------------------------------------------------------------------------------
Resolutions       : (3500, 4500, ... 3800)
Iterations        : 40
Algorithm         : 0 (Jacobi)
Num. Heat sources : 2
   1: (0.00, 0.00) 1.00 1.00 
   2: (1.00, 1.00) 1.00 0.50 
Resolution:  3500Resolution:  3500, Time: 1.880 (5.390 GFlop => 2866.95 MFlop/s, residual 0.556728, 40 iterations)
 3500; 1.880; 2866.953
--------------------------------------------------------------------------------
Region Compute, Group 1: FLOPS_DP
+-------------------+------------+
|    Region Info    | HWThread 0 |
+-------------------+------------+
| RDTSC Runtime [s] |   1.906595 |
|     call count    |          1 |
+-------------------+------------+

+------------------------------------------+---------+------------+
|                   Event                  | Counter | HWThread 0 |
+------------------------------------------+---------+------------+
|             INSTR_RETIRED_ANY            |  FIXC0  | 3041788000 |
|           CPU_CLK_UNHALTED_CORE          |  FIXC1  | 4234655000 |
|           CPU_CLK_UNHALTED_REF           |  FIXC2  | 4971123000 |
| FP_ARITH_INST_RETIRED_128B_PACKED_DOUBLE |   PMC0  |         40 |
|    FP_ARITH_INST_RETIRED_SCALAR_DOUBLE   |   PMC1  |    2240070 |
| FP_ARITH_INST_RETIRED_256B_PACKED_DOUBLE |   PMC2  | 1347983000 |
| FP_ARITH_INST_RETIRED_512B_PACKED_DOUBLE |   PMC3  |          0 |
+------------------------------------------+---------+------------+

+----------------------+------------+
|        Metric        | HWThread 0 |
+----------------------+------------+
|  Runtime (RDTSC) [s] |     1.9066 |
| Runtime unhalted [s] |     1.5723 |
|      Clock [MHz]     |  2294.2934 |
|          CPI         |     1.3922 |
|     DP [MFLOP/s]     |  2829.2176 |
|   AVX DP [MFLOP/s]   |  2828.0427 |
|  AVX512 DP [MFLOP/s] |          0 |
|   Packed [MUOPS/s]   |   707.0107 |
|   Scalar [MUOPS/s]   |     1.1749 |
|  Vectorization ratio |    99.8341 |
+----------------------+------------+

--------------------------------------------------------------------------------
CPU name:	Intel(R) Xeon(R) Platinum 8174 CPU @ 3.10GHz
CPU type:	Intel Skylake SP processor
CPU clock:	2.69 GHz
--------------------------------------------------------------------------------
Resolutions       : (4500, 5500, ... 4800)
Iterations        : 40
Algorithm         : 0 (Jacobi)
Num. Heat sources : 2
   1: (0.00, 0.00) 1.00 1.00 
   2: (1.00, 1.00) 1.00 0.50 
Resolution:  4500Resolution:  4500, Time: 3.112 (8.910 GFlop => 2863.25 MFlop/s, residual 0.715752, 40 iterations)
 4500; 3.112; 2863.249
--------------------------------------------------------------------------------
Region Compute, Group 1: FLOPS_DP
+-------------------+------------+
|    Region Info    | HWThread 0 |
+-------------------+------------+
| RDTSC Runtime [s] |   3.155778 |
|     call count    |          1 |
+-------------------+------------+

+------------------------------------------+---------+------------+
|                   Event                  | Counter | HWThread 0 |
+------------------------------------------+---------+------------+
|             INSTR_RETIRED_ANY            |  FIXC0  | 5007964000 |
|           CPU_CLK_UNHALTED_CORE          |  FIXC1  | 7019560000 |
|           CPU_CLK_UNHALTED_REF           |  FIXC2  | 8240359000 |
| FP_ARITH_INST_RETIRED_128B_PACKED_DOUBLE |   PMC0  |         40 |
|    FP_ARITH_INST_RETIRED_SCALAR_DOUBLE   |   PMC1  |    2880070 |
| FP_ARITH_INST_RETIRED_256B_PACKED_DOUBLE |   PMC2  | 2228121000 |
| FP_ARITH_INST_RETIRED_512B_PACKED_DOUBLE |   PMC3  |          0 |
+------------------------------------------+---------+------------+

+----------------------+------------+
|        Metric        | HWThread 0 |
+----------------------+------------+
|  Runtime (RDTSC) [s] |     3.1558 |
| Runtime unhalted [s] |     2.6060 |
|      Clock [MHz]     |  2294.5350 |
|          CPI         |     1.4017 |
|     DP [MFLOP/s]     |  2825.0923 |
|   AVX DP [MFLOP/s]   |  2824.1796 |
|  AVX512 DP [MFLOP/s] |          0 |
|   Packed [MUOPS/s]   |   706.0449 |
|   Scalar [MUOPS/s]   |     0.9126 |
|  Vectorization ratio |    99.8709 |
+----------------------+------------+

