
2517351 : 0x1822cc4a95826a : 1 : spill_jit_data :  Jit agent is not initialized
2517351 : 0x1822cc4a97c3ee : 2 : ittapi_config_mask_get :  --itt-config mask to be applied: 55
2517351 : 0x1822cc4a97da98 : 2 : ittapi_config_apply_per_lib :  ITTAPI function instrumented: __itt_domain_create
2517351 : 0x1822cc4a97e657 : 2 : ittapi_config_apply_per_lib :  ITTAPI function instrumented: __itt_string_handle_create
2517351 : 0x1822cc4a97ef80 : 2 : ittapi_config_apply_per_lib :  ITTAPI function instrumented: __itt_counter_create
2517351 : 0x1822cc4a97f867 : 2 : ittapi_config_apply_per_lib :  ITTAPI function instrumented: __itt_counter_create_typed
2517351 : 0x1822cc4a980227 : 2 : ittapi_config_apply_per_lib :  ITTAPI function instrumented: __itt_pause
2517351 : 0x1822cc4a980d0f : 2 : ittapi_config_apply_per_lib :  ITTAPI function instrumented: __itt_resume
2517351 : 0x1822cc4a9815e6 : 2 : ittapi_config_apply_per_lib :  ITTAPI function instrumented: __itt_thread_set_name
2517351 : 0x1822cc4a981ef5 : 2 : ittapi_config_apply_per_lib :  ITTAPI function instrumented: __itt_thread_ignore
2517351 : 0x1822cc4aa553d4 : 2 : ittapi_config_apply_per_lib :  ITTAPI function instrumented: __itt_thr_name_set
2517351 : 0x1822cc4aa5616a : 2 : ittapi_config_apply_per_lib :  ITTAPI function instrumented: __itt_thr_ignore
2517351 : 0x1822cc4aa580ca : 2 : ittapi_config_apply_per_lib :  ITTAPI function not implemented: __itt_enable_attach
2517351 : 0x1822cc4aa58be1 : 2 : ittapi_config_apply_per_lib :  ITTAPI function instrumented: __itt_detach
2517351 : 0x1822cc4aa59381 : 2 : ittapi_config_apply_per_lib :  ITTAPI function NOT instrumented (not matched by --itt-config option): __itt_sync_create

2517351 : 0x1822cc4aa59c0a : 2 : ittapi_config_apply_per_lib :  ITTAPI function NOT instrumented (not matched by --itt-config option): __itt_sync_rename

2517351 : 0x1822cc4aa5a367 : 2 : ittapi_config_apply_per_lib :  ITTAPI function NOT instrumented (not matched by --itt-config option): __itt_sync_destroy

2517351 : 0x1822cc4aa5ab72 : 2 : ittapi_config_apply_per_lib :  ITTAPI function NOT instrumented (not matched by --itt-config option): __itt_sync_prepare

2517351 : 0x1822cc4aa5b306 : 2 : ittapi_config_apply_per_lib :  ITTAPI function NOT instrumented (not matched by --itt-config option): __itt_sync_cancel

2517351 : 0x1822cc4aa5b9e0 : 2 : ittapi_config_apply_per_lib :  ITTAPI function NOT instrumented (not matched by --itt-config option): __itt_sync_acquired

2517351 : 0x1822cc4aa63efb : 2 : ittapi_config_apply_per_lib :  ITTAPI function NOT instrumented (not matched by --itt-config option): __itt_sync_releasing

2517351 : 0x1822cc4aa64c27 : 2 : ittapi_config_apply_per_lib :  ITTAPI function not implemented: __itt_suppress_push
2517351 : 0x1822cc4aa656db : 2 : ittapi_config_apply_per_lib :  ITTAPI function not implemented: __itt_suppress_pop
2517351 : 0x1822cc4aa66249 : 2 : ittapi_config_apply_per_lib :  ITTAPI function not implemented: __itt_suppress_mark_range
2517351 : 0x1822cc4aa66c28 : 2 : ittapi_config_apply_per_lib :  ITTAPI function not implemented: __itt_suppress_clear_range
2517351 : 0x1822cc4aa6735f : 2 : ittapi_config_apply_per_lib :  ITTAPI function NOT instrumented (not matched by --itt-config option): __itt_sync_prepare

2517351 : 0x1822cc4aa67a8e : 2 : ittapi_config_apply_per_lib :  ITTAPI function NOT instrumented (not matched by --itt-config option): __itt_sync_cancel

2517351 : 0x1822cc4aa68177 : 2 : ittapi_config_apply_per_lib :  ITTAPI function NOT instrumented (not matched by --itt-config option): __itt_sync_acquired

2517351 : 0x1822cc4aa688c4 : 2 : ittapi_config_apply_per_lib :  ITTAPI function NOT instrumented (not matched by --itt-config option): __itt_sync_releasing

2517351 : 0x1822cc4aa6902d : 2 : ittapi_config_apply_per_lib :  ITTAPI function NOT instrumented (not matched by --itt-config option): __itt_model_site_begin

2517351 : 0x1822cc4aa6fa8d : 2 : ittapi_config_apply_per_lib :  ITTAPI function NOT instrumented (not matched by --itt-config option): __itt_model_site_end

2517351 : 0x1822cc4aa70395 : 2 : ittapi_config_apply_per_lib :  ITTAPI function NOT instrumented (not matched by --itt-config option): __itt_model_task_begin

2517351 : 0x1822cc4aa70b08 : 2 : ittapi_config_apply_per_lib :  ITTAPI function NOT instrumented (not matched by --itt-config option): __itt_model_task_end

2517351 : 0x1822cc4aa71241 : 2 : ittapi_config_apply_per_lib :  ITTAPI function NOT instrumented (not matched by --itt-config option): __itt_model_lock_acquire

2517351 : 0x1822cc4aa719e9 : 2 : ittapi_config_apply_per_lib :  ITTAPI function NOT instrumented (not matched by --itt-config option): __itt_model_lock_release

2517351 : 0x1822cc4aa72156 : 2 : ittapi_config_apply_per_lib :  ITTAPI function NOT instrumented (not matched by --itt-config option): __itt_model_record_allocation

2517351 : 0x1822cc4aa7289d : 2 : ittapi_config_apply_per_lib :  ITTAPI function NOT instrumented (not matched by --itt-config option): __itt_model_record_deallocation

2517351 : 0x1822cc4aa73006 : 2 : ittapi_config_apply_per_lib :  ITTAPI function NOT instrumented (not matched by --itt-config option): __itt_model_induction_uses

2517351 : 0x1822cc4aa7374f : 2 : ittapi_config_apply_per_lib :  ITTAPI function NOT instrumented (not matched by --itt-config option): __itt_model_reduction_uses

2517351 : 0x1822cc4aa73ec1 : 2 : ittapi_config_apply_per_lib :  ITTAPI function NOT instrumented (not matched by --itt-config option): __itt_model_observe_uses

2517351 : 0x1822cc4ab91d94 : 2 : ittapi_config_apply_per_lib :  ITTAPI function NOT instrumented (not matched by --itt-config option): __itt_model_clear_uses

2517351 : 0x1822cc4ab9281d : 2 : ittapi_config_apply_per_lib :  ITTAPI function NOT instrumented (not matched by --itt-config option): __itt_model_site_beginA

2517351 : 0x1822cc4ab92f9a : 2 : ittapi_config_apply_per_lib :  ITTAPI function NOT instrumented (not matched by --itt-config option): __itt_model_site_beginAL

2517351 : 0x1822cc4ab93708 : 2 : ittapi_config_apply_per_lib :  ITTAPI function NOT instrumented (not matched by --itt-config option): __itt_model_task_beginA

2517351 : 0x1822cc4ab93e43 : 2 : ittapi_config_apply_per_lib :  ITTAPI function NOT instrumented (not matched by --itt-config option): __itt_model_task_beginAL

2517351 : 0x1822cc4ab945ff : 2 : ittapi_config_apply_per_lib :  ITTAPI function NOT instrumented (not matched by --itt-config option): __itt_model_iteration_taskA

2517351 : 0x1822cc4ab94d88 : 2 : ittapi_config_apply_per_lib :  ITTAPI function NOT instrumented (not matched by --itt-config option): __itt_model_iteration_taskAL

2517351 : 0x1822cc4ab954d1 : 2 : ittapi_config_apply_per_lib :  ITTAPI function NOT instrumented (not matched by --itt-config option): __itt_model_site_end_2

2517351 : 0x1822cc4ab95c03 : 2 : ittapi_config_apply_per_lib :  ITTAPI function NOT instrumented (not matched by --itt-config option): __itt_model_task_end_2

2517351 : 0x1822cc4ab96367 : 2 : ittapi_config_apply_per_lib :  ITTAPI function NOT instrumented (not matched by --itt-config option): __itt_model_lock_acquire_2

2517351 : 0x1822cc4ab9df53 : 2 : ittapi_config_apply_per_lib :  ITTAPI function NOT instrumented (not matched by --itt-config option): __itt_model_lock_release_2

2517351 : 0x1822cc4ab9e854 : 2 : ittapi_config_apply_per_lib :  ITTAPI function NOT instrumented (not matched by --itt-config option): __itt_model_aggregate_task

2517351 : 0x1822cc4ab9efe7 : 2 : ittapi_config_apply_per_lib :  ITTAPI function NOT instrumented (not matched by --itt-config option): __itt_model_disable_push

2517351 : 0x1822cc4ab9f71a : 2 : ittapi_config_apply_per_lib :  ITTAPI function NOT instrumented (not matched by --itt-config option): __itt_model_disable_pop

2517351 : 0x1822cc4aba0196 : 2 : ittapi_config_apply_per_lib :  ITTAPI function instrumented: __itt_heap_function_create
2517351 : 0x1822cc4aba0b7c : 2 : ittapi_config_apply_per_lib :  ITTAPI function instrumented: __itt_heap_allocate_begin
2517351 : 0x1822cc4aba1489 : 2 : ittapi_config_apply_per_lib :  ITTAPI function instrumented: __itt_heap_allocate_end
2517351 : 0x1822cc4aba1dd2 : 2 : ittapi_config_apply_per_lib :  ITTAPI function instrumented: __itt_heap_free_begin
2517351 : 0x1822cc4aba2650 : 2 : ittapi_config_apply_per_lib :  ITTAPI function instrumented: __itt_heap_free_end
2517351 : 0x1822cc4aba2ee1 : 2 : ittapi_config_apply_per_lib :  ITTAPI function instrumented: __itt_heap_reallocate_begin
2517351 : 0x1822cc4acbcf2c : 2 : ittapi_config_apply_per_lib :  ITTAPI function instrumented: __itt_heap_reallocate_end
2517351 : 0x1822cc4acbdce3 : 2 : ittapi_config_apply_per_lib :  ITTAPI function not implemented: __itt_heap_internal_access_begin
2517351 : 0x1822cc4acbe698 : 2 : ittapi_config_apply_per_lib :  ITTAPI function not implemented: __itt_heap_internal_access_end
2517351 : 0x1822cc4acbf0a9 : 2 : ittapi_config_apply_per_lib :  ITTAPI function not implemented: __itt_heap_record_memory_growth_begin
2517351 : 0x1822cc4acbfa04 : 2 : ittapi_config_apply_per_lib :  ITTAPI function not implemented: __itt_heap_record_memory_growth_end
2517351 : 0x1822cc4acc0316 : 2 : ittapi_config_apply_per_lib :  ITTAPI function not implemented: __itt_heap_reset_detection
2517351 : 0x1822cc4acc0d4d : 2 : ittapi_config_apply_per_lib :  ITTAPI function not implemented: __itt_heap_record
2517351 : 0x1822cc4acc178a : 2 : ittapi_config_apply_per_lib :  ITTAPI function not implemented: __itt_id_create
2517351 : 0x1822cc4acc210e : 2 : ittapi_config_apply_per_lib :  ITTAPI function not implemented: __itt_id_destroy
2517351 : 0x1822cc4acc2a46 : 2 : ittapi_config_apply_per_lib :  ITTAPI function instrumented: __itt_get_timestamp
2517351 : 0x1822cc4accb074 : 2 : ittapi_config_apply_per_lib :  ITTAPI function not implemented: __itt_region_begin
2517351 : 0x1822cc4accbb71 : 2 : ittapi_config_apply_per_lib :  ITTAPI function not implemented: __itt_region_end
2517351 : 0x1822cc4accc459 : 2 : ittapi_config_apply_per_lib :  ITTAPI function instrumented: __itt_frame_begin_v3
2517351 : 0x1822cc4acccd53 : 2 : ittapi_config_apply_per_lib :  ITTAPI function instrumented: __itt_frame_end_v3
2517351 : 0x1822cc4accd6b8 : 2 : ittapi_config_apply_per_lib :  ITTAPI function instrumented: __itt_frame_submit_v3
2517351 : 0x1822cc4acce123 : 2 : ittapi_config_apply_per_lib :  ITTAPI function not implemented: __itt_task_group
2517351 : 0x1822cc4accea6b : 2 : ittapi_config_apply_per_lib :  ITTAPI function instrumented: __itt_task_begin
2517351 : 0x1822cc4accf350 : 2 : ittapi_config_apply_per_lib :  ITTAPI function instrumented: __itt_task_begin_fn
2517351 : 0x1822cc4accfbc9 : 2 : ittapi_config_apply_per_lib :  ITTAPI function instrumented: __itt_task_end
2517351 : 0x1822cc4acd04dd : 2 : ittapi_config_apply_per_lib :  ITTAPI function not implemented: __itt_counter_inc_v3
2517351 : 0x1822cc4acd6611 : 2 : ittapi_config_apply_per_lib :  ITTAPI function not implemented: __itt_counter_inc_delta_v3
2517351 : 0x1822cc4acd7156 : 2 : ittapi_config_apply_per_lib :  ITTAPI function not implemented: __itt_counter_dec_v3
2517351 : 0x1822cc4acd7b23 : 2 : ittapi_config_apply_per_lib :  ITTAPI function not implemented: __itt_counter_dec_delta_v3
2517351 : 0x1822cc4acd8526 : 2 : ittapi_config_apply_per_lib :  ITTAPI function not implemented: __itt_marker
2517351 : 0x1822cc4acd9f51 : 2 : ittapi_config_apply_per_lib :  ITTAPI function instrumented: __itt_metadata_add
2517351 : 0x1822cc4acda9f7 : 2 : ittapi_config_apply_per_lib :  ITTAPI function not implemented: __itt_metadata_str_add
2517351 : 0x1822cc4acdb34c : 2 : ittapi_config_apply_per_lib :  ITTAPI function not implemented: __itt_relation_add_to_current
2517351 : 0x1822cc4acdbca5 : 2 : ittapi_config_apply_per_lib :  ITTAPI function not implemented: __itt_relation_add
2517351 : 0x1822cc4acdc50a : 2 : ittapi_config_apply_per_lib :  ITTAPI function instrumented: __itt_event_create
2517351 : 0x1822cc4acdcdd8 : 2 : ittapi_config_apply_per_lib :  ITTAPI function instrumented: __itt_event_start
2517351 : 0x1822cc4ace2dc3 : 2 : ittapi_config_apply_per_lib :  ITTAPI function instrumented: __itt_event_end
2517351 : 0x1822cc4ace3679 : 2 : ittapi_config_apply_per_lib :  ITTAPI function NOT instrumented (not matched by --itt-config option): __itt_sync_set_name

2517351 : 0x1822cc4ace3e69 : 2 : ittapi_config_apply_per_lib :  ITTAPI function NOT instrumented (not matched by --itt-config option): __itt_notify_sync_name

2517351 : 0x1822cc4ace45e9 : 2 : ittapi_config_apply_per_lib :  ITTAPI function NOT instrumented (not matched by --itt-config option): __itt_notify_sync_prepare

2517351 : 0x1822cc4ace4d9e : 2 : ittapi_config_apply_per_lib :  ITTAPI function NOT instrumented (not matched by --itt-config option): __itt_notify_sync_cancel

2517351 : 0x1822cc4ace552f : 2 : ittapi_config_apply_per_lib :  ITTAPI function NOT instrumented (not matched by --itt-config option): __itt_notify_sync_acquired

2517351 : 0x1822cc4ace5c53 : 2 : ittapi_config_apply_per_lib :  ITTAPI function NOT instrumented (not matched by --itt-config option): __itt_notify_sync_releasing

2517351 : 0x1822cc4ace663c : 2 : ittapi_config_apply_per_lib :  ITTAPI function not implemented: __itt_memory_read
2517351 : 0x1822cc4ace6faf : 2 : ittapi_config_apply_per_lib :  ITTAPI function not implemented: __itt_memory_write
2517351 : 0x1822cc4ace7911 : 2 : ittapi_config_apply_per_lib :  ITTAPI function not implemented: __itt_memory_update
2517351 : 0x1822cc4acedd08 : 2 : ittapi_config_apply_per_lib :  ITTAPI function not implemented: __itt_state_get
2517351 : 0x1822cc4acee78a : 2 : ittapi_config_apply_per_lib :  ITTAPI function not implemented: __itt_state_set
2517351 : 0x1822cc4acef08e : 2 : ittapi_config_apply_per_lib :  ITTAPI function not implemented: __itt_obj_mode_set
2517351 : 0x1822cc4acef9b5 : 2 : ittapi_config_apply_per_lib :  ITTAPI function not implemented: __itt_thr_mode_set
2517351 : 0x1822cc4acf028b : 2 : ittapi_config_apply_per_lib :  ITTAPI function instrumented: __itt_frame_create
2517351 : 0x1822cc4acf0b71 : 2 : ittapi_config_apply_per_lib :  ITTAPI function instrumented: __itt_frame_begin
2517351 : 0x1822cc4acf1418 : 2 : ittapi_config_apply_per_lib :  ITTAPI function instrumented: __itt_frame_end
2517351 : 0x1822cc4acf1d88 : 2 : ittapi_config_apply_per_lib :  ITTAPI function not implemented: __itt_counter_destroy
2517351 : 0x1822cc4acf268b : 2 : ittapi_config_apply_per_lib :  ITTAPI function instrumented: __itt_counter_inc
2517351 : 0x1822cc4acf2f60 : 2 : ittapi_config_apply_per_lib :  ITTAPI function instrumented: __itt_counter_inc_delta
2517351 : 0x1822cc4acf8ce9 : 2 : ittapi_config_apply_per_lib :  ITTAPI function instrumented: __itt_counter_dec
2517351 : 0x1822cc4acf9718 : 2 : ittapi_config_apply_per_lib :  ITTAPI function instrumented: __itt_counter_dec_delta
2517351 : 0x1822cc4acf9fa1 : 2 : ittapi_config_apply_per_lib :  ITTAPI function instrumented: __itt_counter_set_value
2517351 : 0x1822cc4acfa8ec : 2 : ittapi_config_apply_per_lib :  ITTAPI function not implemented: __itt_counter_set_value_ex
2517351 : 0x1822cc4acfb1e3 : 2 : ittapi_config_apply_per_lib :  ITTAPI function not implemented: __itt_mark_create
2517351 : 0x1822cc4acfbb08 : 2 : ittapi_config_apply_per_lib :  ITTAPI function not implemented: __itt_mark
2517351 : 0x1822cc4acfc465 : 2 : ittapi_config_apply_per_lib :  ITTAPI function not implemented: __itt_mark_off
2517351 : 0x1822cc4acfcd71 : 2 : ittapi_config_apply_per_lib :  ITTAPI function not implemented: __itt_mark_global
2517351 : 0x1822cc4acfd65a : 2 : ittapi_config_apply_per_lib :  ITTAPI function not implemented: __itt_mark_global_off
2517351 : 0x1822cc4acfdfda : 2 : ittapi_config_apply_per_lib :  ITTAPI function instrumented: __itt_stack_caller_create
2517351 : 0x1822cc4ad03be3 : 2 : ittapi_config_apply_per_lib :  ITTAPI function instrumented: __itt_stack_caller_destroy
2517351 : 0x1822cc4ad045d7 : 2 : ittapi_config_apply_per_lib :  ITTAPI function instrumented: __itt_stack_callee_enter
2517351 : 0x1822cc4ad04ed9 : 2 : ittapi_config_apply_per_lib :  ITTAPI function instrumented: __itt_stack_callee_leave
2517351 : 0x1822cc4ad058dc : 2 : ittapi_config_apply_per_lib :  ITTAPI function not implemented: __itt_clock_domain_create
2517351 : 0x1822cc4ad06321 : 2 : ittapi_config_apply_per_lib :  ITTAPI function not implemented: __itt_clock_domain_reset
2517351 : 0x1822cc4ad06ca4 : 2 : ittapi_config_apply_per_lib :  ITTAPI function not implemented: __itt_id_create_ex
2517351 : 0x1822cc4ad075a3 : 2 : ittapi_config_apply_per_lib :  ITTAPI function not implemented: __itt_id_destroy_ex
2517351 : 0x1822cc4ad07f7a : 2 : ittapi_config_apply_per_lib :  ITTAPI function not implemented: __itt_task_begin_ex
2517351 : 0x1822cc4ad0892e : 2 : ittapi_config_apply_per_lib :  ITTAPI function not implemented: __itt_task_begin_fn_ex
2517351 : 0x1822cc4ad09254 : 2 : ittapi_config_apply_per_lib :  ITTAPI function not implemented: __itt_task_end_ex
2517351 : 0x1822cc4ae21d8f : 2 : ittapi_config_apply_per_lib :  ITTAPI function instrumented: __itt_task_begin_overlapped
2517351 : 0x1822cc4ae22aad : 2 : ittapi_config_apply_per_lib :  ITTAPI function not implemented: __itt_task_begin_overlapped_ex
2517351 : 0x1822cc4ae233cb : 2 : ittapi_config_apply_per_lib :  ITTAPI function instrumented: __itt_task_end_overlapped
2517351 : 0x1822cc4ae23d14 : 2 : ittapi_config_apply_per_lib :  ITTAPI function not implemented: __itt_task_end_overlapped_ex
2517351 : 0x1822cc4ae24604 : 2 : ittapi_config_apply_per_lib :  ITTAPI function not implemented: __itt_marker_ex
2517351 : 0x1822cc4ae24f05 : 2 : ittapi_config_apply_per_lib :  ITTAPI function not implemented: __itt_metadata_add_with_scope
2517351 : 0x1822cc4ae2585b : 2 : ittapi_config_apply_per_lib :  ITTAPI function not implemented: __itt_metadata_str_add_with_scope
2517351 : 0x1822cc4ae261b0 : 2 : ittapi_config_apply_per_lib :  ITTAPI function not implemented: __itt_relation_add_to_current_ex
2517351 : 0x1822cc4ae26b77 : 2 : ittapi_config_apply_per_lib :  ITTAPI function not implemented: __itt_relation_add_ex
2517351 : 0x1822cc4ae274b4 : 2 : ittapi_config_apply_per_lib :  ITTAPI function not implemented: __itt_track_group_create
2517351 : 0x1822cc4ae2effc : 2 : ittapi_config_apply_per_lib :  ITTAPI function not implemented: __itt_track_create
2517351 : 0x1822cc4ae2face : 2 : ittapi_config_apply_per_lib :  ITTAPI function not implemented: __itt_set_track
2517351 : 0x1822cc4ae3038b : 2 : ittapi_config_apply_per_lib :  ITTAPI function instrumented: __itt_api_version
2517351 : 0x1822cc4ae30c38 : 2 : ittapi_config_apply_per_lib :  ITTAPI function not implemented: __itt_av_save
2517351 : 0x1822cc4ae3147c : 2 : ittapi_config_apply_per_lib :  ITTAPI function instrumented: __itt_module_load
2517351 : 0x1822cc4aebf826 : 2 : ittapi_config_mask_get :  --itt-config mask to be applied: 55
2517351 : 0x1822cc4aec07f0 : 2 : ittapi_config_apply_per_lib :  ITTAPI function instrumented: __itt_domain_create
2517351 : 0x1822cc4aec132b : 2 : ittapi_config_apply_per_lib :  ITTAPI function instrumented: __itt_string_handle_create
2517351 : 0x1822cc4aec1d9a : 2 : ittapi_config_apply_per_lib :  ITTAPI function instrumented: __itt_pause
2517351 : 0x1822cc4aec2827 : 2 : ittapi_config_apply_per_lib :  ITTAPI function instrumented: __itt_resume
2517351 : 0x1822cc4aecbd95 : 2 : ittapi_config_apply_per_lib :  ITTAPI function instrumented: __itt_thread_set_name
2517351 : 0x1822cc4aecc961 : 2 : ittapi_config_apply_per_lib :  ITTAPI function instrumented: __itt_thread_ignore
2517351 : 0x1822cc4aecd257 : 2 : ittapi_config_apply_per_lib :  ITTAPI function instrumented: __itt_thr_name_set
2517351 : 0x1822cc4aecdbdf : 2 : ittapi_config_apply_per_lib :  ITTAPI function instrumented: __itt_thr_ignore
2517351 : 0x1822cc4aece7f9 : 2 : ittapi_config_apply_per_lib :  ITTAPI function not implemented: __itt_enable_attach
2517351 : 0x1822cc4aecf1e5 : 2 : ittapi_config_apply_per_lib :  ITTAPI function instrumented: __itt_detach
2517351 : 0x1822cc4aecfa53 : 2 : ittapi_config_apply_per_lib :  ITTAPI function NOT instrumented (not matched by --itt-config option): __itt_sync_create

2517351 : 0x1822cc4aed029d : 2 : ittapi_config_apply_per_lib :  ITTAPI function NOT instrumented (not matched by --itt-config option): __itt_sync_rename

2517351 : 0x1822cc4aed0ad7 : 2 : ittapi_config_apply_per_lib :  ITTAPI function NOT instrumented (not matched by --itt-config option): __itt_sync_destroy

2517351 : 0x1822cc4aed12c8 : 2 : ittapi_config_apply_per_lib :  ITTAPI function NOT instrumented (not matched by --itt-config option): __itt_sync_prepare

2517351 : 0x1822cc4aed7878 : 2 : ittapi_config_apply_per_lib :  ITTAPI function NOT instrumented (not matched by --itt-config option): __itt_sync_cancel

2517351 : 0x1822cc4aed81dc : 2 : ittapi_config_apply_per_lib :  ITTAPI function NOT instrumented (not matched by --itt-config option): __itt_sync_acquired

2517351 : 0x1822cc4aed89d4 : 2 : ittapi_config_apply_per_lib :  ITTAPI function NOT instrumented (not matched by --itt-config option): __itt_sync_releasing

2517351 : 0x1822cc4aed9543 : 2 : ittapi_config_apply_per_lib :  ITTAPI function not implemented: __itt_suppress_push
2517351 : 0x1822cc4aeda0a4 : 2 : ittapi_config_apply_per_lib :  ITTAPI function not implemented: __itt_suppress_pop
2517351 : 0x1822cc4aedabcf : 2 : ittapi_config_apply_per_lib :  ITTAPI function not implemented: __itt_suppress_mark_range
2517351 : 0x1822cc4aedb648 : 2 : ittapi_config_apply_per_lib :  ITTAPI function not implemented: __itt_suppress_clear_range
2517351 : 0x1822cc4aedbe11 : 2 : ittapi_config_apply_per_lib :  ITTAPI function NOT instrumented (not matched by --itt-config option): __itt_sync_prepare

2517351 : 0x1822cc4aedc60c : 2 : ittapi_config_apply_per_lib :  ITTAPI function NOT instrumented (not matched by --itt-config option): __itt_sync_cancel

2517351 : 0x1822cc4aedcdfe : 2 : ittapi_config_apply_per_lib :  ITTAPI function NOT instrumented (not matched by --itt-config option): __itt_sync_acquired

2517351 : 0x1822cc4aee2d01 : 2 : ittapi_config_apply_per_lib :  ITTAPI function NOT instrumented (not matched by --itt-config option): __itt_sync_releasing

2517351 : 0x1822cc4aee367c : 2 : ittapi_config_apply_per_lib :  ITTAPI function NOT instrumented (not matched by --itt-config option): __itt_model_site_begin

2517351 : 0x1822cc4aee3ed8 : 2 : ittapi_config_apply_per_lib :  ITTAPI function NOT instrumented (not matched by --itt-config option): __itt_model_site_end

2517351 : 0x1822cc4aee46cd : 2 : ittapi_config_apply_per_lib :  ITTAPI function NOT instrumented (not matched by --itt-config option): __itt_model_task_begin

2517351 : 0x1822cc4aee4ec3 : 2 : ittapi_config_apply_per_lib :  ITTAPI function NOT instrumented (not matched by --itt-config option): __itt_model_task_end

2517351 : 0x1822cc4aee566e : 2 : ittapi_config_apply_per_lib :  ITTAPI function NOT instrumented (not matched by --itt-config option): __itt_model_lock_acquire

2517351 : 0x1822cc4aee5ecc : 2 : ittapi_config_apply_per_lib :  ITTAPI function NOT instrumented (not matched by --itt-config option): __itt_model_lock_release

2517351 : 0x1822cc4aee66aa : 2 : ittapi_config_apply_per_lib :  ITTAPI function NOT instrumented (not matched by --itt-config option): __itt_model_record_allocation

2517351 : 0x1822cc4aee6eb9 : 2 : ittapi_config_apply_per_lib :  ITTAPI function NOT instrumented (not matched by --itt-config option): __itt_model_record_deallocation

2517351 : 0x1822cc4aee7695 : 2 : ittapi_config_apply_per_lib :  ITTAPI function NOT instrumented (not matched by --itt-config option): __itt_model_induction_uses

2517351 : 0x1822cc4aeed653 : 2 : ittapi_config_apply_per_lib :  ITTAPI function NOT instrumented (not matched by --itt-config option): __itt_model_reduction_uses

2517351 : 0x1822cc4aeedf86 : 2 : ittapi_config_apply_per_lib :  ITTAPI function NOT instrumented (not matched by --itt-config option): __itt_model_observe_uses

2517351 : 0x1822cc4aeee7bb : 2 : ittapi_config_apply_per_lib :  ITTAPI function NOT instrumented (not matched by --itt-config option): __itt_model_clear_uses

2517351 : 0x1822cc4aeef07c : 2 : ittapi_config_apply_per_lib :  ITTAPI function NOT instrumented (not matched by --itt-config option): __itt_model_site_beginA

2517351 : 0x1822cc4aeef86f : 2 : ittapi_config_apply_per_lib :  ITTAPI function NOT instrumented (not matched by --itt-config option): __itt_model_site_beginAL

2517351 : 0x1822cc4aeeffe8 : 2 : ittapi_config_apply_per_lib :  ITTAPI function NOT instrumented (not matched by --itt-config option): __itt_model_task_beginA

2517351 : 0x1822cc4aef079a : 2 : ittapi_config_apply_per_lib :  ITTAPI function NOT instrumented (not matched by --itt-config option): __itt_model_task_beginAL

2517351 : 0x1822cc4aef0f36 : 2 : ittapi_config_apply_per_lib :  ITTAPI function NOT instrumented (not matched by --itt-config option): __itt_model_iteration_taskA

2517351 : 0x1822cc4aef170e : 2 : ittapi_config_apply_per_lib :  ITTAPI function NOT instrumented (not matched by --itt-config option): __itt_model_iteration_taskAL

2517351 : 0x1822cc4aef1ee3 : 2 : ittapi_config_apply_per_lib :  ITTAPI function NOT instrumented (not matched by --itt-config option): __itt_model_site_end_2

2517351 : 0x1822cc4af73a2f : 2 : ittapi_config_apply_per_lib :  ITTAPI function NOT instrumented (not matched by --itt-config option): __itt_model_task_end_2

2517351 : 0x1822cc4af74e99 : 2 : ittapi_config_apply_per_lib :  ITTAPI function NOT instrumented (not matched by --itt-config option): __itt_model_lock_acquire_2

2517351 : 0x1822cc4af75c2b : 2 : ittapi_config_apply_per_lib :  ITTAPI function NOT instrumented (not matched by --itt-config option): __itt_model_lock_release_2

2517351 : 0x1822cc4af76a15 : 2 : ittapi_config_apply_per_lib :  ITTAPI function NOT instrumented (not matched by --itt-config option): __itt_model_aggregate_task

2517351 : 0x1822cc4af77791 : 2 : ittapi_config_apply_per_lib :  ITTAPI function NOT instrumented (not matched by --itt-config option): __itt_model_disable_push

2517351 : 0x1822cc4af78515 : 2 : ittapi_config_apply_per_lib :  ITTAPI function NOT instrumented (not matched by --itt-config option): __itt_model_disable_pop

2517351 : 0x1822cc4af79838 : 2 : ittapi_config_apply_per_lib :  ITTAPI function instrumented: __itt_heap_function_create
2517351 : 0x1822cc4af7a9a5 : 2 : ittapi_config_apply_per_lib :  ITTAPI function instrumented: __itt_heap_allocate_begin
2517351 : 0x1822cc4af7b9f6 : 2 : ittapi_config_apply_per_lib :  ITTAPI function instrumented: __itt_heap_allocate_end
2517351 : 0x1822cc4af7ca67 : 2 : ittapi_config_apply_per_lib :  ITTAPI function instrumented: __itt_heap_free_begin
2517351 : 0x1822cc4af898ab : 2 : ittapi_config_apply_per_lib :  ITTAPI function instrumented: __itt_heap_free_end
2517351 : 0x1822cc4af8ac21 : 2 : ittapi_config_apply_per_lib :  ITTAPI function instrumented: __itt_heap_reallocate_begin
2517351 : 0x1822cc4af8bb76 : 2 : ittapi_config_apply_per_lib :  ITTAPI function instrumented: __itt_heap_reallocate_end
2517351 : 0x1822cc4af8ce8f : 2 : ittapi_config_apply_per_lib :  ITTAPI function not implemented: __itt_heap_internal_access_begin
2517351 : 0x1822cc4af8e0f9 : 2 : ittapi_config_apply_per_lib :  ITTAPI function not implemented: __itt_heap_internal_access_end
2517351 : 0x1822cc4af8f3c8 : 2 : ittapi_config_apply_per_lib :  ITTAPI function not implemented: __itt_heap_record_memory_growth_begin
2517351 : 0x1822cc4af90562 : 2 : ittapi_config_apply_per_lib :  ITTAPI function not implemented: __itt_heap_record_memory_growth_end
2517351 : 0x1822cc4af91722 : 2 : ittapi_config_apply_per_lib :  ITTAPI function not implemented: __itt_heap_reset_detection
2517351 : 0x1822cc4af92991 : 2 : ittapi_config_apply_per_lib :  ITTAPI function not implemented: __itt_heap_record
2517351 : 0x1822cc4af93b2f : 2 : ittapi_config_apply_per_lib :  ITTAPI function not implemented: __itt_id_create
2517351 : 0x1822cc4afa02f0 : 2 : ittapi_config_apply_per_lib :  ITTAPI function not implemented: __itt_id_destroy
2517351 : 0x1822cc4afa1738 : 2 : ittapi_config_apply_per_lib :  ITTAPI function instrumented: __itt_get_timestamp
2517351 : 0x1822cc4afa287d : 2 : ittapi_config_apply_per_lib :  ITTAPI function not implemented: __itt_region_begin
2517351 : 0x1822cc4afa390c : 2 : ittapi_config_apply_per_lib :  ITTAPI function not implemented: __itt_region_end
2517351 : 0x1822cc4afa4902 : 2 : ittapi_config_apply_per_lib :  ITTAPI function instrumented: __itt_frame_begin_v3
2517351 : 0x1822cc4afa5a14 : 2 : ittapi_config_apply_per_lib :  ITTAPI function instrumented: __itt_frame_end_v3
2517351 : 0x1822cc4afa6a5b : 2 : ittapi_config_apply_per_lib :  ITTAPI function instrumented: __itt_frame_submit_v3
2517351 : 0x1822cc4afa7c00 : 2 : ittapi_config_apply_per_lib :  ITTAPI function not implemented: __itt_task_group
2517351 : 0x1822cc4afa8c2f : 2 : ittapi_config_apply_per_lib :  ITTAPI function instrumented: __itt_task_begin
2517351 : 0x1822cc4afa9c8d : 2 : ittapi_config_apply_per_lib :  ITTAPI function instrumented: __itt_task_begin_fn
2517351 : 0x1822cc4afb6d46 : 2 : ittapi_config_apply_per_lib :  ITTAPI function instrumented: __itt_task_end
2517351 : 0x1822cc4afb785e : 2 : ittapi_config_apply_per_lib :  ITTAPI function not implemented: __itt_counter_inc_v3
2517351 : 0x1822cc4afb8226 : 2 : ittapi_config_apply_per_lib :  ITTAPI function not implemented: __itt_counter_inc_delta_v3
2517351 : 0x1822cc4afb8c82 : 2 : ittapi_config_apply_per_lib :  ITTAPI function not implemented: __itt_marker
2517351 : 0x1822cc4afb95ea : 2 : ittapi_config_apply_per_lib :  ITTAPI function instrumented: __itt_metadata_add
2517351 : 0x1822cc4afb9fca : 2 : ittapi_config_apply_per_lib :  ITTAPI function not implemented: __itt_metadata_str_add
2517351 : 0x1822cc4afba92a : 2 : ittapi_config_apply_per_lib :  ITTAPI function not implemented: __itt_relation_add_to_current
2517351 : 0x1822cc4afbb27e : 2 : ittapi_config_apply_per_lib :  ITTAPI function not implemented: __itt_relation_add
2517351 : 0x1822cc4afbbb11 : 2 : ittapi_config_apply_per_lib :  ITTAPI function instrumented: __itt_event_create
2517351 : 0x1822cc4afbc39b : 2 : ittapi_config_apply_per_lib :  ITTAPI function instrumented: __itt_event_start
2517351 : 0x1822cc4afc2099 : 2 : ittapi_config_apply_per_lib :  ITTAPI function instrumented: __itt_event_end
2517351 : 0x1822cc4afc28f7 : 2 : ittapi_config_apply_per_lib :  ITTAPI function NOT instrumented (not matched by --itt-config option): __itt_sync_set_name

2517351 : 0x1822cc4afc30ae : 2 : ittapi_config_apply_per_lib :  ITTAPI function NOT instrumented (not matched by --itt-config option): __itt_notify_sync_name

2517351 : 0x1822cc4afc3828 : 2 : ittapi_config_apply_per_lib :  ITTAPI function NOT instrumented (not matched by --itt-config option): __itt_notify_sync_prepare

2517351 : 0x1822cc4afc3f6e : 2 : ittapi_config_apply_per_lib :  ITTAPI function NOT instrumented (not matched by --itt-config option): __itt_notify_sync_cancel

2517351 : 0x1822cc4afc468e : 2 : ittapi_config_apply_per_lib :  ITTAPI function NOT instrumented (not matched by --itt-config option): __itt_notify_sync_acquired

2517351 : 0x1822cc4afc4db3 : 2 : ittapi_config_apply_per_lib :  ITTAPI function NOT instrumented (not matched by --itt-config option): __itt_notify_sync_releasing

2517351 : 0x1822cc4afc572a : 2 : ittapi_config_apply_per_lib :  ITTAPI function not implemented: __itt_memory_read
2517351 : 0x1822cc4afc602a : 2 : ittapi_config_apply_per_lib :  ITTAPI function not implemented: __itt_memory_write
2517351 : 0x1822cc4afc6983 : 2 : ittapi_config_apply_per_lib :  ITTAPI function not implemented: __itt_memory_update
2517351 : 0x1822cc4afcc939 : 2 : ittapi_config_apply_per_lib :  ITTAPI function not implemented: __itt_state_get
2517351 : 0x1822cc4afcd3bd : 2 : ittapi_config_apply_per_lib :  ITTAPI function not implemented: __itt_state_set
2517351 : 0x1822cc4afcdd1f : 2 : ittapi_config_apply_per_lib :  ITTAPI function not implemented: __itt_obj_mode_set
2517351 : 0x1822cc4afce5db : 2 : ittapi_config_apply_per_lib :  ITTAPI function not implemented: __itt_thr_mode_set
2517351 : 0x1822cc4afcee46 : 2 : ittapi_config_apply_per_lib :  ITTAPI function instrumented: __itt_frame_create
2517351 : 0x1822cc4afcf726 : 2 : ittapi_config_apply_per_lib :  ITTAPI function instrumented: __itt_frame_begin
2517351 : 0x1822cc4afcffd5 : 2 : ittapi_config_apply_per_lib :  ITTAPI function instrumented: __itt_frame_end
2517351 : 0x1822cc4afd0811 : 2 : ittapi_config_apply_per_lib :  ITTAPI function instrumented: __itt_counter_create
2517351 : 0x1822cc4afd118d : 2 : ittapi_config_apply_per_lib :  ITTAPI function not implemented: __itt_counter_destroy
2517351 : 0x1822cc4afd1a87 : 2 : ittapi_config_apply_per_lib :  ITTAPI function instrumented: __itt_counter_inc
2517351 : 0x1822cc4afd78bc : 2 : ittapi_config_apply_per_lib :  ITTAPI function instrumented: __itt_counter_inc_delta
2517351 : 0x1822cc4afd8370 : 2 : ittapi_config_apply_per_lib :  ITTAPI function not implemented: __itt_mark_create
2517351 : 0x1822cc4afd8c6a : 2 : ittapi_config_apply_per_lib :  ITTAPI function not implemented: __itt_mark
2517351 : 0x1822cc4afd95eb : 2 : ittapi_config_apply_per_lib :  ITTAPI function not implemented: __itt_mark_off
2517351 : 0x1822cc4afd9ed9 : 2 : ittapi_config_apply_per_lib :  ITTAPI function not implemented: __itt_mark_global
2517351 : 0x1822cc4afda7a0 : 2 : ittapi_config_apply_per_lib :  ITTAPI function not implemented: __itt_mark_global_off
2517351 : 0x1822cc4afdb0b1 : 2 : ittapi_config_apply_per_lib :  ITTAPI function instrumented: __itt_stack_caller_create
2517351 : 0x1822cc4afdb9b9 : 2 : ittapi_config_apply_per_lib :  ITTAPI function instrumented: __itt_stack_caller_destroy
2517351 : 0x1822cc4afdc216 : 2 : ittapi_config_apply_per_lib :  ITTAPI function instrumented: __itt_stack_callee_enter
2517351 : 0x1822cc4afdcabd : 2 : ittapi_config_apply_per_lib :  ITTAPI function instrumented: __itt_stack_callee_leave
2517351 : 0x1822cc4b051e95 : 2 : ittapi_config_apply_per_lib :  ITTAPI function not implemented: __itt_clock_domain_create
2517351 : 0x1822cc4b052b9a : 2 : ittapi_config_apply_per_lib :  ITTAPI function not implemented: __itt_clock_domain_reset
2517351 : 0x1822cc4b05349e : 2 : ittapi_config_apply_per_lib :  ITTAPI function not implemented: __itt_id_create_ex
2517351 : 0x1822cc4b053dea : 2 : ittapi_config_apply_per_lib :  ITTAPI function not implemented: __itt_id_destroy_ex
2517351 : 0x1822cc4b054787 : 2 : ittapi_config_apply_per_lib :  ITTAPI function not implemented: __itt_task_begin_ex
2517351 : 0x1822cc4b0550ed : 2 : ittapi_config_apply_per_lib :  ITTAPI function not implemented: __itt_task_begin_fn_ex
2517351 : 0x1822cc4b055a08 : 2 : ittapi_config_apply_per_lib :  ITTAPI function not implemented: __itt_task_end_ex
2517351 : 0x1822cc4b0562c0 : 2 : ittapi_config_apply_per_lib :  ITTAPI function instrumented: __itt_task_begin_overlapped
2517351 : 0x1822cc4b056c29 : 2 : ittapi_config_apply_per_lib :  ITTAPI function not implemented: __itt_task_begin_overlapped_ex
2517351 : 0x1822cc4b0574c1 : 2 : ittapi_config_apply_per_lib :  ITTAPI function instrumented: __itt_task_end_overlapped
2517351 : 0x1822cc4b05ef9b : 2 : ittapi_config_apply_per_lib :  ITTAPI function not implemented: __itt_task_end_overlapped_ex
2517351 : 0x1822cc4b05fa03 : 2 : ittapi_config_apply_per_lib :  ITTAPI function not implemented: __itt_marker_ex
2517351 : 0x1822cc4b06037b : 2 : ittapi_config_apply_per_lib :  ITTAPI function not implemented: __itt_metadata_add_with_scope
2517351 : 0x1822cc4b060cb2 : 2 : ittapi_config_apply_per_lib :  ITTAPI function not implemented: __itt_metadata_str_add_with_scope
2517351 : 0x1822cc4b0615fd : 2 : ittapi_config_apply_per_lib :  ITTAPI function not implemented: __itt_relation_add_to_current_ex
2517351 : 0x1822cc4b061f06 : 2 : ittapi_config_apply_per_lib :  ITTAPI function not implemented: __itt_relation_add_ex
2517351 : 0x1822cc4b062820 : 2 : ittapi_config_apply_per_lib :  ITTAPI function not implemented: __itt_track_group_create
2517351 : 0x1822cc4b0630ae : 2 : ittapi_config_apply_per_lib :  ITTAPI function not implemented: __itt_track_create
2517351 : 0x1822cc4b063942 : 2 : ittapi_config_apply_per_lib :  ITTAPI function not implemented: __itt_set_track
2517351 : 0x1822cc4b0641e3 : 2 : ittapi_config_apply_per_lib :  ITTAPI function instrumented: __itt_api_version
2517351 : 0x1822cc4b069ed8 : 2 : ittapi_config_apply_per_lib :  ITTAPI function not implemented: __itt_av_save