
1563876 : 0x207b401392b9eb : 1 : spill_jit_data :  Jit agent is not initialized
1563876 : 0x207b40139512f4 : 2 : ittapi_config_mask_get :  --itt-config mask to be applied: 55
1563876 : 0x207b40139528bf : 2 : ittapi_config_apply_per_lib :  ITTAPI function instrumented: __itt_domain_create
1563876 : 0x207b401395346d : 2 : ittapi_config_apply_per_lib :  ITTAPI function instrumented: __itt_string_handle_create
1563876 : 0x207b4013953e0b : 2 : ittapi_config_apply_per_lib :  ITTAPI function instrumented: __itt_counter_create
1563876 : 0x207b40139546be : 2 : ittapi_config_apply_per_lib :  ITTAPI function instrumented: __itt_counter_create_typed
1563876 : 0x207b40139550b0 : 2 : ittapi_config_apply_per_lib :  ITTAPI function instrumented: __itt_pause
1563876 : 0x207b4013955b53 : 2 : ittapi_config_apply_per_lib :  ITTAPI function instrumented: __itt_resume
1563876 : 0x207b40139563e9 : 2 : ittapi_config_apply_per_lib :  ITTAPI function instrumented: __itt_thread_set_name
1563876 : 0x207b4013956ce7 : 2 : ittapi_config_apply_per_lib :  ITTAPI function instrumented: __itt_thread_ignore
1563876 : 0x207b4013a429d8 : 2 : ittapi_config_apply_per_lib :  ITTAPI function instrumented: __itt_thr_name_set
1563876 : 0x207b4013a436fe : 2 : ittapi_config_apply_per_lib :  ITTAPI function instrumented: __itt_thr_ignore
1563876 : 0x207b4013a457ca : 2 : ittapi_config_apply_per_lib :  ITTAPI function not implemented: __itt_enable_attach
1563876 : 0x207b4013a462cf : 2 : ittapi_config_apply_per_lib :  ITTAPI function instrumented: __itt_detach
1563876 : 0x207b4013a46ad6 : 2 : ittapi_config_apply_per_lib :  ITTAPI function NOT instrumented (not matched by --itt-config option): __itt_sync_create

1563876 : 0x207b4013a47370 : 2 : ittapi_config_apply_per_lib :  ITTAPI function NOT instrumented (not matched by --itt-config option): __itt_sync_rename

1563876 : 0x207b4013a47ada : 2 : ittapi_config_apply_per_lib :  ITTAPI function NOT instrumented (not matched by --itt-config option): __itt_sync_destroy

1563876 : 0x207b4013a48289 : 2 : ittapi_config_apply_per_lib :  ITTAPI function NOT instrumented (not matched by --itt-config option): __itt_sync_prepare

1563876 : 0x207b4013a489ea : 2 : ittapi_config_apply_per_lib :  ITTAPI function NOT instrumented (not matched by --itt-config option): __itt_sync_cancel

1563876 : 0x207b4013a490d4 : 2 : ittapi_config_apply_per_lib :  ITTAPI function NOT instrumented (not matched by --itt-config option): __itt_sync_acquired

1563876 : 0x207b4013a510c3 : 2 : ittapi_config_apply_per_lib :  ITTAPI function NOT instrumented (not matched by --itt-config option): __itt_sync_releasing

1563876 : 0x207b4013a51e5e : 2 : ittapi_config_apply_per_lib :  ITTAPI function not implemented: __itt_suppress_push
1563876 : 0x207b4013a52931 : 2 : ittapi_config_apply_per_lib :  ITTAPI function not implemented: __itt_suppress_pop
1563876 : 0x207b4013a53429 : 2 : ittapi_config_apply_per_lib :  ITTAPI function not implemented: __itt_suppress_mark_range
1563876 : 0x207b4013a53e3d : 2 : ittapi_config_apply_per_lib :  ITTAPI function not implemented: __itt_suppress_clear_range
1563876 : 0x207b4013a5456a : 2 : ittapi_config_apply_per_lib :  ITTAPI function NOT instrumented (not matched by --itt-config option): __itt_sync_prepare

1563876 : 0x207b4013a54d34 : 2 : ittapi_config_apply_per_lib :  ITTAPI function NOT instrumented (not matched by --itt-config option): __itt_sync_cancel

1563876 : 0x207b4013a55455 : 2 : ittapi_config_apply_per_lib :  ITTAPI function NOT instrumented (not matched by --itt-config option): __itt_sync_acquired

1563876 : 0x207b4013a55b9d : 2 : ittapi_config_apply_per_lib :  ITTAPI function NOT instrumented (not matched by --itt-config option): __itt_sync_releasing

1563876 : 0x207b4013a56335 : 2 : ittapi_config_apply_per_lib :  ITTAPI function NOT instrumented (not matched by --itt-config option): __itt_model_site_begin

1563876 : 0x207b4013a5cd33 : 2 : ittapi_config_apply_per_lib :  ITTAPI function NOT instrumented (not matched by --itt-config option): __itt_model_site_end

1563876 : 0x207b4013a5d5ab : 2 : ittapi_config_apply_per_lib :  ITTAPI function NOT instrumented (not matched by --itt-config option): __itt_model_task_begin

1563876 : 0x207b4013a5dd83 : 2 : ittapi_config_apply_per_lib :  ITTAPI function NOT instrumented (not matched by --itt-config option): __itt_model_task_end

1563876 : 0x207b4013a5e4cd : 2 : ittapi_config_apply_per_lib :  ITTAPI function NOT instrumented (not matched by --itt-config option): __itt_model_lock_acquire

1563876 : 0x207b4013a5ecaa : 2 : ittapi_config_apply_per_lib :  ITTAPI function NOT instrumented (not matched by --itt-config option): __itt_model_lock_release

1563876 : 0x207b4013a5f3f3 : 2 : ittapi_config_apply_per_lib :  ITTAPI function NOT instrumented (not matched by --itt-config option): __itt_model_record_allocation

1563876 : 0x207b4013a5fb23 : 2 : ittapi_config_apply_per_lib :  ITTAPI function NOT instrumented (not matched by --itt-config option): __itt_model_record_deallocation

1563876 : 0x207b4013a6027e : 2 : ittapi_config_apply_per_lib :  ITTAPI function NOT instrumented (not matched by --itt-config option): __itt_model_induction_uses

1563876 : 0x207b4013a609b7 : 2 : ittapi_config_apply_per_lib :  ITTAPI function NOT instrumented (not matched by --itt-config option): __itt_model_reduction_uses

1563876 : 0x207b4013a610f3 : 2 : ittapi_config_apply_per_lib :  ITTAPI function NOT instrumented (not matched by --itt-config option): __itt_model_observe_uses

1563876 : 0x207b4013b8f360 : 2 : ittapi_config_apply_per_lib :  ITTAPI function NOT instrumented (not matched by --itt-config option): __itt_model_clear_uses

1563876 : 0x207b4013b8fe46 : 2 : ittapi_config_apply_per_lib :  ITTAPI function NOT instrumented (not matched by --itt-config option): __itt_model_site_beginA

1563876 : 0x207b4013b905d1 : 2 : ittapi_config_apply_per_lib :  ITTAPI function NOT instrumented (not matched by --itt-config option): __itt_model_site_beginAL

1563876 : 0x207b4013b90d33 : 2 : ittapi_config_apply_per_lib :  ITTAPI function NOT instrumented (not matched by --itt-config option): __itt_model_task_beginA

1563876 : 0x207b4013b9146b : 2 : ittapi_config_apply_per_lib :  ITTAPI function NOT instrumented (not matched by --itt-config option): __itt_model_task_beginAL

1563876 : 0x207b4013b91b8d : 2 : ittapi_config_apply_per_lib :  ITTAPI function NOT instrumented (not matched by --itt-config option): __itt_model_iteration_taskA

1563876 : 0x207b4013b92309 : 2 : ittapi_config_apply_per_lib :  ITTAPI function NOT instrumented (not matched by --itt-config option): __itt_model_iteration_taskAL

1563876 : 0x207b4013b92a43 : 2 : ittapi_config_apply_per_lib :  ITTAPI function NOT instrumented (not matched by --itt-config option): __itt_model_site_end_2

1563876 : 0x207b4013b93190 : 2 : ittapi_config_apply_per_lib :  ITTAPI function NOT instrumented (not matched by --itt-config option): __itt_model_task_end_2

1563876 : 0x207b4013b938a1 : 2 : ittapi_config_apply_per_lib :  ITTAPI function NOT instrumented (not matched by --itt-config option): __itt_model_lock_acquire_2

1563876 : 0x207b4013b9b83b : 2 : ittapi_config_apply_per_lib :  ITTAPI function NOT instrumented (not matched by --itt-config option): __itt_model_lock_release_2

1563876 : 0x207b4013b9c091 : 2 : ittapi_config_apply_per_lib :  ITTAPI function NOT instrumented (not matched by --itt-config option): __itt_model_aggregate_task

1563876 : 0x207b4013b9c7e2 : 2 : ittapi_config_apply_per_lib :  ITTAPI function NOT instrumented (not matched by --itt-config option): __itt_model_disable_push

1563876 : 0x207b4013b9cf49 : 2 : ittapi_config_apply_per_lib :  ITTAPI function NOT instrumented (not matched by --itt-config option): __itt_model_disable_pop

1563876 : 0x207b4013b9d9ed : 2 : ittapi_config_apply_per_lib :  ITTAPI function instrumented: __itt_heap_function_create
1563876 : 0x207b4013b9e3b0 : 2 : ittapi_config_apply_per_lib :  ITTAPI function instrumented: __itt_heap_allocate_begin
1563876 : 0x207b4013b9ed02 : 2 : ittapi_config_apply_per_lib :  ITTAPI function instrumented: __itt_heap_allocate_end
1563876 : 0x207b4013b9f583 : 2 : ittapi_config_apply_per_lib :  ITTAPI function instrumented: __itt_heap_free_begin
1563876 : 0x207b4013b9fdde : 2 : ittapi_config_apply_per_lib :  ITTAPI function instrumented: __itt_heap_free_end
1563876 : 0x207b4013ba0626 : 2 : ittapi_config_apply_per_lib :  ITTAPI function instrumented: __itt_heap_reallocate_begin
1563876 : 0x207b4013cae6a9 : 2 : ittapi_config_apply_per_lib :  ITTAPI function instrumented: __itt_heap_reallocate_end
1563876 : 0x207b4013caffe7 : 2 : ittapi_config_apply_per_lib :  ITTAPI function not implemented: __itt_heap_internal_access_begin
1563876 : 0x207b4013cb1226 : 2 : ittapi_config_apply_per_lib :  ITTAPI function not implemented: __itt_heap_internal_access_end
1563876 : 0x207b4013cb53dd : 2 : ittapi_config_apply_per_lib :  ITTAPI function not implemented: __itt_heap_record_memory_growth_begin
1563876 : 0x207b4013cb5d51 : 2 : ittapi_config_apply_per_lib :  ITTAPI function not implemented: __itt_heap_record_memory_growth_end
1563876 : 0x207b4013cb66c8 : 2 : ittapi_config_apply_per_lib :  ITTAPI function not implemented: __itt_heap_reset_detection
1563876 : 0x207b4013cb709a : 2 : ittapi_config_apply_per_lib :  ITTAPI function not implemented: __itt_heap_record
1563876 : 0x207b4013cb7a78 : 2 : ittapi_config_apply_per_lib :  ITTAPI function not implemented: __itt_id_create
1563876 : 0x207b4013cb83b1 : 2 : ittapi_config_apply_per_lib :  ITTAPI function not implemented: __itt_id_destroy
1563876 : 0x207b4013cb8cf5 : 2 : ittapi_config_apply_per_lib :  ITTAPI function instrumented: __itt_get_timestamp
1563876 : 0x207b4013cc0ca8 : 2 : ittapi_config_apply_per_lib :  ITTAPI function not implemented: __itt_region_begin
1563876 : 0x207b4013cc16fc : 2 : ittapi_config_apply_per_lib :  ITTAPI function not implemented: __itt_region_end
1563876 : 0x207b4013cc1fec : 2 : ittapi_config_apply_per_lib :  ITTAPI function instrumented: __itt_frame_begin_v3
1563876 : 0x207b4013cc2940 : 2 : ittapi_config_apply_per_lib :  ITTAPI function instrumented: __itt_frame_end_v3
1563876 : 0x207b4013cc3254 : 2 : ittapi_config_apply_per_lib :  ITTAPI function instrumented: __itt_frame_submit_v3
1563876 : 0x207b4013cc3c4a : 2 : ittapi_config_apply_per_lib :  ITTAPI function not implemented: __itt_task_group
1563876 : 0x207b4013cc4563 : 2 : ittapi_config_apply_per_lib :  ITTAPI function instrumented: __itt_task_begin
1563876 : 0x207b4013cc4e5a : 2 : ittapi_config_apply_per_lib :  ITTAPI function instrumented: __itt_task_begin_fn
1563876 : 0x207b4013cc56ac : 2 : ittapi_config_apply_per_lib :  ITTAPI function instrumented: __itt_task_end
1563876 : 0x207b4013cc5f7d : 2 : ittapi_config_apply_per_lib :  ITTAPI function not implemented: __itt_counter_inc_v3
1563876 : 0x207b4013ccbf25 : 2 : ittapi_config_apply_per_lib :  ITTAPI function not implemented: __itt_counter_inc_delta_v3
1563876 : 0x207b4013ccc9b7 : 2 : ittapi_config_apply_per_lib :  ITTAPI function not implemented: __itt_counter_dec_v3
1563876 : 0x207b4013ccd345 : 2 : ittapi_config_apply_per_lib :  ITTAPI function not implemented: __itt_counter_dec_delta_v3
1563876 : 0x207b4013ccdd35 : 2 : ittapi_config_apply_per_lib :  ITTAPI function not implemented: __itt_marker
1563876 : 0x207b4013ccf68e : 2 : ittapi_config_apply_per_lib :  ITTAPI function instrumented: __itt_metadata_add
1563876 : 0x207b4013cd00c5 : 2 : ittapi_config_apply_per_lib :  ITTAPI function not implemented: __itt_metadata_str_add
1563876 : 0x207b4013cd0a27 : 2 : ittapi_config_apply_per_lib :  ITTAPI function not implemented: __itt_relation_add_to_current
1563876 : 0x207b4013cd13a3 : 2 : ittapi_config_apply_per_lib :  ITTAPI function not implemented: __itt_relation_add
1563876 : 0x207b4013cd1c87 : 2 : ittapi_config_apply_per_lib :  ITTAPI function instrumented: __itt_event_create
1563876 : 0x207b4013cd2567 : 2 : ittapi_config_apply_per_lib :  ITTAPI function instrumented: __itt_event_start
1563876 : 0x207b4013cd8467 : 2 : ittapi_config_apply_per_lib :  ITTAPI function instrumented: __itt_event_end
1563876 : 0x207b4013cd8cbe : 2 : ittapi_config_apply_per_lib :  ITTAPI function NOT instrumented (not matched by --itt-config option): __itt_sync_set_name

1563876 : 0x207b4013cd94a7 : 2 : ittapi_config_apply_per_lib :  ITTAPI function NOT instrumented (not matched by --itt-config option): __itt_notify_sync_name

1563876 : 0x207b4013cd9c1a : 2 : ittapi_config_apply_per_lib :  ITTAPI function NOT instrumented (not matched by --itt-config option): __itt_notify_sync_prepare

1563876 : 0x207b4013cda3bc : 2 : ittapi_config_apply_per_lib :  ITTAPI function NOT instrumented (not matched by --itt-config option): __itt_notify_sync_cancel

1563876 : 0x207b4013cdab24 : 2 : ittapi_config_apply_per_lib :  ITTAPI function NOT instrumented (not matched by --itt-config option): __itt_notify_sync_acquired

1563876 : 0x207b4013cdb231 : 2 : ittapi_config_apply_per_lib :  ITTAPI function NOT instrumented (not matched by --itt-config option): __itt_notify_sync_releasing

1563876 : 0x207b4013cdbbcc : 2 : ittapi_config_apply_per_lib :  ITTAPI function not implemented: __itt_memory_read
1563876 : 0x207b4013cdc4f7 : 2 : ittapi_config_apply_per_lib :  ITTAPI function not implemented: __itt_memory_write
1563876 : 0x207b4013cdce5d : 2 : ittapi_config_apply_per_lib :  ITTAPI function not implemented: __itt_memory_update
1563876 : 0x207b4013ce2fe9 : 2 : ittapi_config_apply_per_lib :  ITTAPI function not implemented: __itt_state_get
1563876 : 0x207b4013ce39f8 : 2 : ittapi_config_apply_per_lib :  ITTAPI function not implemented: __itt_state_set
1563876 : 0x207b4013ce4347 : 2 : ittapi_config_apply_per_lib :  ITTAPI function not implemented: __itt_obj_mode_set
1563876 : 0x207b4013ce4c55 : 2 : ittapi_config_apply_per_lib :  ITTAPI function not implemented: __itt_thr_mode_set
1563876 : 0x207b4013ce54ca : 2 : ittapi_config_apply_per_lib :  ITTAPI function instrumented: __itt_frame_create
1563876 : 0x207b4013ce5d90 : 2 : ittapi_config_apply_per_lib :  ITTAPI function instrumented: __itt_frame_begin
1563876 : 0x207b4013ce6656 : 2 : ittapi_config_apply_per_lib :  ITTAPI function instrumented: __itt_frame_end
1563876 : 0x207b4013ce704c : 2 : ittapi_config_apply_per_lib :  ITTAPI function not implemented: __itt_counter_destroy
1563876 : 0x207b4013ce7923 : 2 : ittapi_config_apply_per_lib :  ITTAPI function instrumented: __itt_counter_inc
1563876 : 0x207b4013ce8377 : 2 : ittapi_config_apply_per_lib :  ITTAPI function instrumented: __itt_counter_inc_delta
1563876 : 0x207b4013cee3b0 : 2 : ittapi_config_apply_per_lib :  ITTAPI function instrumented: __itt_counter_dec
1563876 : 0x207b4013ceed71 : 2 : ittapi_config_apply_per_lib :  ITTAPI function instrumented: __itt_counter_dec_delta
1563876 : 0x207b4013cef64b : 2 : ittapi_config_apply_per_lib :  ITTAPI function instrumented: __itt_counter_set_value
1563876 : 0x207b4013ceff74 : 2 : ittapi_config_apply_per_lib :  ITTAPI function not implemented: __itt_counter_set_value_ex
1563876 : 0x207b4013cf2aac : 2 : ittapi_config_apply_per_lib :  ITTAPI function not implemented: __itt_mark_create
1563876 : 0x207b4013cf33e6 : 2 : ittapi_config_apply_per_lib :  ITTAPI function not implemented: __itt_mark
1563876 : 0x207b4013cf3d57 : 2 : ittapi_config_apply_per_lib :  ITTAPI function not implemented: __itt_mark_off
1563876 : 0x207b4013cf466a : 2 : ittapi_config_apply_per_lib :  ITTAPI function not implemented: __itt_mark_global
1563876 : 0x207b4013cf4f87 : 2 : ittapi_config_apply_per_lib :  ITTAPI function not implemented: __itt_mark_global_off
1563876 : 0x207b4013cf588f : 2 : ittapi_config_apply_per_lib :  ITTAPI function instrumented: __itt_stack_caller_create
1563876 : 0x207b4013cfb856 : 2 : ittapi_config_apply_per_lib :  ITTAPI function instrumented: __itt_stack_caller_destroy
1563876 : 0x207b4013cfc20e : 2 : ittapi_config_apply_per_lib :  ITTAPI function instrumented: __itt_stack_callee_enter
1563876 : 0x207b4013cfcadf : 2 : ittapi_config_apply_per_lib :  ITTAPI function instrumented: __itt_stack_callee_leave
1563876 : 0x207b4013cfd4e0 : 2 : ittapi_config_apply_per_lib :  ITTAPI function not implemented: __itt_clock_domain_create
1563876 : 0x207b4013cfde78 : 2 : ittapi_config_apply_per_lib :  ITTAPI function not implemented: __itt_clock_domain_reset
1563876 : 0x207b4013cfe7b5 : 2 : ittapi_config_apply_per_lib :  ITTAPI function not implemented: __itt_id_create_ex
1563876 : 0x207b4013cff13c : 2 : ittapi_config_apply_per_lib :  ITTAPI function not implemented: __itt_id_destroy_ex
1563876 : 0x207b4013cffa79 : 2 : ittapi_config_apply_per_lib :  ITTAPI function not implemented: __itt_task_begin_ex
1563876 : 0x207b4013d00433 : 2 : ittapi_config_apply_per_lib :  ITTAPI function not implemented: __itt_task_begin_fn_ex
1563876 : 0x207b4013d00d8f : 2 : ittapi_config_apply_per_lib :  ITTAPI function not implemented: __itt_task_end_ex
1563876 : 0x207b4013e1b355 : 2 : ittapi_config_apply_per_lib :  ITTAPI function instrumented: __itt_task_begin_overlapped
1563876 : 0x207b4013e1c06b : 2 : ittapi_config_apply_per_lib :  ITTAPI function not implemented: __itt_task_begin_overlapped_ex
1563876 : 0x207b4013e1c9b4 : 2 : ittapi_config_apply_per_lib :  ITTAPI function instrumented: __itt_task_end_overlapped
1563876 : 0x207b4013e1d2ed : 2 : ittapi_config_apply_per_lib :  ITTAPI function not implemented: __itt_task_end_overlapped_ex
1563876 : 0x207b4013e1db9c : 2 : ittapi_config_apply_per_lib :  ITTAPI function not implemented: __itt_marker_ex
1563876 : 0x207b4013e1e4bf : 2 : ittapi_config_apply_per_lib :  ITTAPI function not implemented: __itt_metadata_add_with_scope
1563876 : 0x207b4013e1ee5d : 2 : ittapi_config_apply_per_lib :  ITTAPI function not implemented: __itt_metadata_str_add_with_scope
1563876 : 0x207b4013e1f7cd : 2 : ittapi_config_apply_per_lib :  ITTAPI function not implemented: __itt_relation_add_to_current_ex
1563876 : 0x207b4013e200e5 : 2 : ittapi_config_apply_per_lib :  ITTAPI function not implemented: __itt_relation_add_ex
1563876 : 0x207b4013e20a26 : 2 : ittapi_config_apply_per_lib :  ITTAPI function not implemented: __itt_track_group_create
1563876 : 0x207b4013e28263 : 2 : ittapi_config_apply_per_lib :  ITTAPI function not implemented: __itt_track_create
1563876 : 0x207b4013e28caf : 2 : ittapi_config_apply_per_lib :  ITTAPI function not implemented: __itt_set_track
1563876 : 0x207b4013e295c4 : 2 : ittapi_config_apply_per_lib :  ITTAPI function instrumented: __itt_api_version
1563876 : 0x207b4013e29ea8 : 2 : ittapi_config_apply_per_lib :  ITTAPI function not implemented: __itt_av_save
1563876 : 0x207b4013e2a6fa : 2 : ittapi_config_apply_per_lib :  ITTAPI function instrumented: __itt_module_load
1563876 : 0x207b4013eb81e7 : 2 : ittapi_config_mask_get :  --itt-config mask to be applied: 55
1563876 : 0x207b4013eb8f98 : 2 : ittapi_config_apply_per_lib :  ITTAPI function instrumented: __itt_domain_create
1563876 : 0x207b4013eb98bc : 2 : ittapi_config_apply_per_lib :  ITTAPI function instrumented: __itt_string_handle_create
1563876 : 0x207b4013eba1f8 : 2 : ittapi_config_apply_per_lib :  ITTAPI function instrumented: __itt_pause
1563876 : 0x207b4013ebab6f : 2 : ittapi_config_apply_per_lib :  ITTAPI function instrumented: __itt_resume
1563876 : 0x207b4013ec61da : 2 : ittapi_config_apply_per_lib :  ITTAPI function instrumented: __itt_thread_set_name
1563876 : 0x207b4013ec6c4f : 2 : ittapi_config_apply_per_lib :  ITTAPI function instrumented: __itt_thread_ignore
1563876 : 0x207b4013ec74c6 : 2 : ittapi_config_apply_per_lib :  ITTAPI function instrumented: __itt_thr_name_set
1563876 : 0x207b4013ec7daa : 2 : ittapi_config_apply_per_lib :  ITTAPI function instrumented: __itt_thr_ignore
1563876 : 0x207b4013ec89bd : 2 : ittapi_config_apply_per_lib :  ITTAPI function not implemented: __itt_enable_attach
1563876 : 0x207b4013ec92ed : 2 : ittapi_config_apply_per_lib :  ITTAPI function instrumented: __itt_detach
1563876 : 0x207b4013ec9aea : 2 : ittapi_config_apply_per_lib :  ITTAPI function NOT instrumented (not matched by --itt-config option): __itt_sync_create

1563876 : 0x207b4013eca280 : 2 : ittapi_config_apply_per_lib :  ITTAPI function NOT instrumented (not matched by --itt-config option): __itt_sync_rename

1563876 : 0x207b4013ecaa7c : 2 : ittapi_config_apply_per_lib :  ITTAPI function NOT instrumented (not matched by --itt-config option): __itt_sync_destroy

1563876 : 0x207b4013ecb226 : 2 : ittapi_config_apply_per_lib :  ITTAPI function NOT instrumented (not matched by --itt-config option): __itt_sync_prepare

1563876 : 0x207b4013ed1370 : 2 : ittapi_config_apply_per_lib :  ITTAPI function NOT instrumented (not matched by --itt-config option): __itt_sync_cancel

1563876 : 0x207b4013ed1c24 : 2 : ittapi_config_apply_per_lib :  ITTAPI function NOT instrumented (not matched by --itt-config option): __itt_sync_acquired

1563876 : 0x207b4013ed2391 : 2 : ittapi_config_apply_per_lib :  ITTAPI function NOT instrumented (not matched by --itt-config option): __itt_sync_releasing

1563876 : 0x207b4013ed2e63 : 2 : ittapi_config_apply_per_lib :  ITTAPI function not implemented: __itt_suppress_push
1563876 : 0x207b4013ed385f : 2 : ittapi_config_apply_per_lib :  ITTAPI function not implemented: __itt_suppress_pop
1563876 : 0x207b4013ed4237 : 2 : ittapi_config_apply_per_lib :  ITTAPI function not implemented: __itt_suppress_mark_range
1563876 : 0x207b4013ed4bd9 : 2 : ittapi_config_apply_per_lib :  ITTAPI function not implemented: __itt_suppress_clear_range
1563876 : 0x207b4013ed52fc : 2 : ittapi_config_apply_per_lib :  ITTAPI function NOT instrumented (not matched by --itt-config option): __itt_sync_prepare

1563876 : 0x207b4013ed5a1d : 2 : ittapi_config_apply_per_lib :  ITTAPI function NOT instrumented (not matched by --itt-config option): __itt_sync_cancel

1563876 : 0x207b4013ed613c : 2 : ittapi_config_apply_per_lib :  ITTAPI function NOT instrumented (not matched by --itt-config option): __itt_sync_acquired

1563876 : 0x207b4013edbd04 : 2 : ittapi_config_apply_per_lib :  ITTAPI function NOT instrumented (not matched by --itt-config option): __itt_sync_releasing

1563876 : 0x207b4013edc565 : 2 : ittapi_config_apply_per_lib :  ITTAPI function NOT instrumented (not matched by --itt-config option): __itt_model_site_begin

1563876 : 0x207b4013edcd89 : 2 : ittapi_config_apply_per_lib :  ITTAPI function NOT instrumented (not matched by --itt-config option): __itt_model_site_end

1563876 : 0x207b4013edd4b4 : 2 : ittapi_config_apply_per_lib :  ITTAPI function NOT instrumented (not matched by --itt-config option): __itt_model_task_begin

1563876 : 0x207b4013eddbef : 2 : ittapi_config_apply_per_lib :  ITTAPI function NOT instrumented (not matched by --itt-config option): __itt_model_task_end

1563876 : 0x207b4013ede36a : 2 : ittapi_config_apply_per_lib :  ITTAPI function NOT instrumented (not matched by --itt-config option): __itt_model_lock_acquire

1563876 : 0x207b4013edeafb : 2 : ittapi_config_apply_per_lib :  ITTAPI function NOT instrumented (not matched by --itt-config option): __itt_model_lock_release

1563876 : 0x207b4013edf264 : 2 : ittapi_config_apply_per_lib :  ITTAPI function NOT instrumented (not matched by --itt-config option): __itt_model_record_allocation

1563876 : 0x207b4013edf9ba : 2 : ittapi_config_apply_per_lib :  ITTAPI function NOT instrumented (not matched by --itt-config option): __itt_model_record_deallocation

1563876 : 0x207b4013ee010e : 2 : ittapi_config_apply_per_lib :  ITTAPI function NOT instrumented (not matched by --itt-config option): __itt_model_induction_uses

1563876 : 0x207b4013ee5b1f : 2 : ittapi_config_apply_per_lib :  ITTAPI function NOT instrumented (not matched by --itt-config option): __itt_model_reduction_uses

1563876 : 0x207b4013ee6399 : 2 : ittapi_config_apply_per_lib :  ITTAPI function NOT instrumented (not matched by --itt-config option): __itt_model_observe_uses

1563876 : 0x207b4013ee6afc : 2 : ittapi_config_apply_per_lib :  ITTAPI function NOT instrumented (not matched by --itt-config option): __itt_model_clear_uses

1563876 : 0x207b4013ee7247 : 2 : ittapi_config_apply_per_lib :  ITTAPI function NOT instrumented (not matched by --itt-config option): __itt_model_site_beginA

1563876 : 0x207b4013ee796a : 2 : ittapi_config_apply_per_lib :  ITTAPI function NOT instrumented (not matched by --itt-config option): __itt_model_site_beginAL

1563876 : 0x207b4013ee809e : 2 : ittapi_config_apply_per_lib :  ITTAPI function NOT instrumented (not matched by --itt-config option): __itt_model_task_beginA

1563876 : 0x207b4013ee87ed : 2 : ittapi_config_apply_per_lib :  ITTAPI function NOT instrumented (not matched by --itt-config option): __itt_model_task_beginAL

1563876 : 0x207b4013ee8f1c : 2 : ittapi_config_apply_per_lib :  ITTAPI function NOT instrumented (not matched by --itt-config option): __itt_model_iteration_taskA

1563876 : 0x207b4013ee9653 : 2 : ittapi_config_apply_per_lib :  ITTAPI function NOT instrumented (not matched by --itt-config option): __itt_model_iteration_taskAL

1563876 : 0x207b4013ee9d86 : 2 : ittapi_config_apply_per_lib :  ITTAPI function NOT instrumented (not matched by --itt-config option): __itt_model_site_end_2

1563876 : 0x207b4013f64a42 : 2 : ittapi_config_apply_per_lib :  ITTAPI function NOT instrumented (not matched by --itt-config option): __itt_model_task_end_2

1563876 : 0x207b4013f65de7 : 2 : ittapi_config_apply_per_lib :  ITTAPI function NOT instrumented (not matched by --itt-config option): __itt_model_lock_acquire_2

1563876 : 0x207b4013f66b79 : 2 : ittapi_config_apply_per_lib :  ITTAPI function NOT instrumented (not matched by --itt-config option): __itt_model_lock_release_2

1563876 : 0x207b4013f678ff : 2 : ittapi_config_apply_per_lib :  ITTAPI function NOT instrumented (not matched by --itt-config option): __itt_model_aggregate_task

1563876 : 0x207b4013f6867a : 2 : ittapi_config_apply_per_lib :  ITTAPI function NOT instrumented (not matched by --itt-config option): __itt_model_disable_push

1563876 : 0x207b4013f693d7 : 2 : ittapi_config_apply_per_lib :  ITTAPI function NOT instrumented (not matched by --itt-config option): __itt_model_disable_pop

1563876 : 0x207b4013f6a678 : 2 : ittapi_config_apply_per_lib :  ITTAPI function instrumented: __itt_heap_function_create
1563876 : 0x207b4013f6b820 : 2 : ittapi_config_apply_per_lib :  ITTAPI function instrumented: __itt_heap_allocate_begin
1563876 : 0x207b4013f6c894 : 2 : ittapi_config_apply_per_lib :  ITTAPI function instrumented: __itt_heap_allocate_end
1563876 : 0x207b4013f6d8b7 : 2 : ittapi_config_apply_per_lib :  ITTAPI function instrumented: __itt_heap_free_begin
1563876 : 0x207b4013f7a9b5 : 2 : ittapi_config_apply_per_lib :  ITTAPI function instrumented: __itt_heap_free_end
1563876 : 0x207b4013f7bc62 : 2 : ittapi_config_apply_per_lib :  ITTAPI function instrumented: __itt_heap_reallocate_begin
1563876 : 0x207b4013f7cc0c : 2 : ittapi_config_apply_per_lib :  ITTAPI function instrumented: __itt_heap_reallocate_end
1563876 : 0x207b4013f7dfdf : 2 : ittapi_config_apply_per_lib :  ITTAPI function not implemented: __itt_heap_internal_access_begin
1563876 : 0x207b4013f7f1ba : 2 : ittapi_config_apply_per_lib :  ITTAPI function not implemented: __itt_heap_internal_access_end
1563876 : 0x207b4013f80496 : 2 : ittapi_config_apply_per_lib :  ITTAPI function not implemented: __itt_heap_record_memory_growth_begin
1563876 : 0x207b4013f81684 : 2 : ittapi_config_apply_per_lib :  ITTAPI function not implemented: __itt_heap_record_memory_growth_end
1563876 : 0x207b4013f82884 : 2 : ittapi_config_apply_per_lib :  ITTAPI function not implemented: __itt_heap_reset_detection
1563876 : 0x207b4013f83b7b : 2 : ittapi_config_apply_per_lib :  ITTAPI function not implemented: __itt_heap_record
1563876 : 0x207b4013f84cdd : 2 : ittapi_config_apply_per_lib :  ITTAPI function not implemented: __itt_id_create
1563876 : 0x207b4013f8fb7b : 2 : ittapi_config_apply_per_lib :  ITTAPI function not implemented: __itt_id_destroy
1563876 : 0x207b4013f90ec5 : 2 : ittapi_config_apply_per_lib :  ITTAPI function instrumented: __itt_get_timestamp
1563876 : 0x207b4013f92010 : 2 : ittapi_config_apply_per_lib :  ITTAPI function not implemented: __itt_region_begin
1563876 : 0x207b4013f93106 : 2 : ittapi_config_apply_per_lib :  ITTAPI function not implemented: __itt_region_end
1563876 : 0x207b4013f941b2 : 2 : ittapi_config_apply_per_lib :  ITTAPI function instrumented: __itt_frame_begin_v3
1563876 : 0x207b4013f95252 : 2 : ittapi_config_apply_per_lib :  ITTAPI function instrumented: __itt_frame_end_v3
1563876 : 0x207b4013f9628f : 2 : ittapi_config_apply_per_lib :  ITTAPI function instrumented: __itt_frame_submit_v3
1563876 : 0x207b4013f974f3 : 2 : ittapi_config_apply_per_lib :  ITTAPI function not implemented: __itt_task_group
1563876 : 0x207b4013f985c6 : 2 : ittapi_config_apply_per_lib :  ITTAPI function instrumented: __itt_task_begin
1563876 : 0x207b4013f9962a : 2 : ittapi_config_apply_per_lib :  ITTAPI function instrumented: __itt_task_begin_fn
1563876 : 0x207b4013fa44b0 : 2 : ittapi_config_apply_per_lib :  ITTAPI function instrumented: __itt_task_end
1563876 : 0x207b4013fa585b : 2 : ittapi_config_apply_per_lib :  ITTAPI function not implemented: __itt_counter_inc_v3
1563876 : 0x207b4013fa6aae : 2 : ittapi_config_apply_per_lib :  ITTAPI function not implemented: __itt_counter_inc_delta_v3
1563876 : 0x207b4013fa7dc0 : 2 : ittapi_config_apply_per_lib :  ITTAPI function not implemented: __itt_marker
1563876 : 0x207b4013fa8f3c : 2 : ittapi_config_apply_per_lib :  ITTAPI function instrumented: __itt_metadata_add
1563876 : 0x207b4013faa1ed : 2 : ittapi_config_apply_per_lib :  ITTAPI function not implemented: __itt_metadata_str_add
1563876 : 0x207b4013fab35d : 2 : ittapi_config_apply_per_lib :  ITTAPI function not implemented: __itt_relation_add_to_current
1563876 : 0x207b4013fac537 : 2 : ittapi_config_apply_per_lib :  ITTAPI function not implemented: __itt_relation_add
1563876 : 0x207b4013fad4b3 : 2 : ittapi_config_apply_per_lib :  ITTAPI function instrumented: __itt_event_create
1563876 : 0x207b4013fae549 : 2 : ittapi_config_apply_per_lib :  ITTAPI function instrumented: __itt_event_start
1563876 : 0x207b4013fb8612 : 2 : ittapi_config_apply_per_lib :  ITTAPI function instrumented: __itt_event_end
1563876 : 0x207b4013fb8e52 : 2 : ittapi_config_apply_per_lib :  ITTAPI function NOT instrumented (not matched by --itt-config option): __itt_sync_set_name

1563876 : 0x207b4013fb95f7 : 2 : ittapi_config_apply_per_lib :  ITTAPI function NOT instrumented (not matched by --itt-config option): __itt_notify_sync_name

1563876 : 0x207b4013fb9d58 : 2 : ittapi_config_apply_per_lib :  ITTAPI function NOT instrumented (not matched by --itt-config option): __itt_notify_sync_prepare

1563876 : 0x207b4013fba487 : 2 : ittapi_config_apply_per_lib :  ITTAPI function NOT instrumented (not matched by --itt-config option): __itt_notify_sync_cancel

1563876 : 0x207b4013fbabae : 2 : ittapi_config_apply_per_lib :  ITTAPI function NOT instrumented (not matched by --itt-config option): __itt_notify_sync_acquired

1563876 : 0x207b4013fbb2bc : 2 : ittapi_config_apply_per_lib :  ITTAPI function NOT instrumented (not matched by --itt-config option): __itt_notify_sync_releasing

1563876 : 0x207b4013fbbc23 : 2 : ittapi_config_apply_per_lib :  ITTAPI function not implemented: __itt_memory_read
1563876 : 0x207b4013fbc51b : 2 : ittapi_config_apply_per_lib :  ITTAPI function not implemented: __itt_memory_write
1563876 : 0x207b4013fbceae : 2 : ittapi_config_apply_per_lib :  ITTAPI function not implemented: __itt_memory_update
1563876 : 0x207b4013fc301b : 2 : ittapi_config_apply_per_lib :  ITTAPI function not implemented: __itt_state_get
1563876 : 0x207b4013fc3ab7 : 2 : ittapi_config_apply_per_lib :  ITTAPI function not implemented: __itt_state_set
1563876 : 0x207b4013fc43e7 : 2 : ittapi_config_apply_per_lib :  ITTAPI function not implemented: __itt_obj_mode_set
1563876 : 0x207b4013fc4d02 : 2 : ittapi_config_apply_per_lib :  ITTAPI function not implemented: __itt_thr_mode_set
1563876 : 0x207b4013fc554b : 2 : ittapi_config_apply_per_lib :  ITTAPI function instrumented: __itt_frame_create
1563876 : 0x207b4013fc5e2b : 2 : ittapi_config_apply_per_lib :  ITTAPI function instrumented: __itt_frame_begin
1563876 : 0x207b4013fc6782 : 2 : ittapi_config_apply_per_lib :  ITTAPI function instrumented: __itt_frame_end
1563876 : 0x207b4013fc6fbe : 2 : ittapi_config_apply_per_lib :  ITTAPI function instrumented: __itt_counter_create
1563876 : 0x207b4013fc790f : 2 : ittapi_config_apply_per_lib :  ITTAPI function not implemented: __itt_counter_destroy
1563876 : 0x207b4013fc81e3 : 2 : ittapi_config_apply_per_lib :  ITTAPI function instrumented: __itt_counter_inc
1563876 : 0x207b4013fce0b6 : 2 : ittapi_config_apply_per_lib :  ITTAPI function instrumented: __itt_counter_inc_delta
1563876 : 0x207b4013fceae2 : 2 : ittapi_config_apply_per_lib :  ITTAPI function not implemented: __itt_mark_create
1563876 : 0x207b4013fcf3e5 : 2 : ittapi_config_apply_per_lib :  ITTAPI function not implemented: __itt_mark
1563876 : 0x207b4013fcfd5d : 2 : ittapi_config_apply_per_lib :  ITTAPI function not implemented: __itt_mark_off
1563876 : 0x207b4013fd0652 : 2 : ittapi_config_apply_per_lib :  ITTAPI function not implemented: __itt_mark_global
1563876 : 0x207b4013fd0efe : 2 : ittapi_config_apply_per_lib :  ITTAPI function not implemented: __itt_mark_global_off
1563876 : 0x207b4013fd1831 : 2 : ittapi_config_apply_per_lib :  ITTAPI function instrumented: __itt_stack_caller_create
1563876 : 0x207b4013fd20f4 : 2 : ittapi_config_apply_per_lib :  ITTAPI function instrumented: __itt_stack_caller_destroy
1563876 : 0x207b4013fd2964 : 2 : ittapi_config_apply_per_lib :  ITTAPI function instrumented: __itt_stack_callee_enter
1563876 : 0x207b4013fd31fa : 2 : ittapi_config_apply_per_lib :  ITTAPI function instrumented: __itt_stack_callee_leave
1563876 : 0x207b401406072f : 2 : ittapi_config_apply_per_lib :  ITTAPI function not implemented: __itt_clock_domain_create
1563876 : 0x207b4014061f24 : 2 : ittapi_config_apply_per_lib :  ITTAPI function not implemented: __itt_clock_domain_reset
1563876 : 0x207b40140630fc : 2 : ittapi_config_apply_per_lib :  ITTAPI function not implemented: __itt_id_create_ex
1563876 : 0x207b401406420d : 2 : ittapi_config_apply_per_lib :  ITTAPI function not implemented: __itt_id_destroy_ex
1563876 : 0x207b401406534d : 2 : ittapi_config_apply_per_lib :  ITTAPI function not implemented: __itt_task_begin_ex
1563876 : 0x207b401406653b : 2 : ittapi_config_apply_per_lib :  ITTAPI function not implemented: __itt_task_begin_fn_ex
1563876 : 0x207b40140676ae : 2 : ittapi_config_apply_per_lib :  ITTAPI function not implemented: __itt_task_end_ex
1563876 : 0x207b401406875f : 2 : ittapi_config_apply_per_lib :  ITTAPI function instrumented: __itt_task_begin_overlapped
1563876 : 0x207b4014069929 : 2 : ittapi_config_apply_per_lib :  ITTAPI function not implemented: __itt_task_begin_overlapped_ex
1563876 : 0x207b401406a9a2 : 2 : ittapi_config_apply_per_lib :  ITTAPI function instrumented: __itt_task_end_overlapped
1563876 : 0x207b4014077836 : 2 : ittapi_config_apply_per_lib :  ITTAPI function not implemented: __itt_task_end_overlapped_ex
1563876 : 0x207b4014078b55 : 2 : ittapi_config_apply_per_lib :  ITTAPI function not implemented: __itt_marker_ex
1563876 : 0x207b4014079cf5 : 2 : ittapi_config_apply_per_lib :  ITTAPI function not implemented: __itt_metadata_add_with_scope
1563876 : 0x207b401407aea6 : 2 : ittapi_config_apply_per_lib :  ITTAPI function not implemented: __itt_metadata_str_add_with_scope
1563876 : 0x207b401407bff4 : 2 : ittapi_config_apply_per_lib :  ITTAPI function not implemented: __itt_relation_add_to_current_ex
1563876 : 0x207b401407d0d4 : 2 : ittapi_config_apply_per_lib :  ITTAPI function not implemented: __itt_relation_add_ex
1563876 : 0x207b401407e266 : 2 : ittapi_config_apply_per_lib :  ITTAPI function not implemented: __itt_track_group_create
1563876 : 0x207b401407f273 : 2 : ittapi_config_apply_per_lib :  ITTAPI function not implemented: __itt_track_create
1563876 : 0x207b40140802d1 : 2 : ittapi_config_apply_per_lib :  ITTAPI function not implemented: __itt_set_track
1563876 : 0x207b401408136e : 2 : ittapi_config_apply_per_lib :  ITTAPI function instrumented: __itt_api_version
1563876 : 0x207b401408bf58 : 2 : ittapi_config_apply_per_lib :  ITTAPI function not implemented: __itt_av_save