Resolutions       : (2000, 6000, ... 6500)
Iterations        : 50
Num. Heat sources : 2
   1: (0.00, 0.00) 1.00 1.00 
   2: (1.00, 1.00) 1.00 0.50 


Resolution: 2000
===================
Execution time: 0.007911
Residual: 0.236068

megaflops:  176964.2
  flop instructions (M):  1400.000


Resolution: 6000
===================
Execution time: 0.145918
Residual: 0.708006

megaflops:  86349.8
  flop instructions (M):  12600.000
Resolutions       : (2000, 6000, ... 6500)
Iterations        : 50
Num. Heat sources : 2
   1: (0.00, 0.00) 1.00 1.00 
   2: (1.00, 1.00) 1.00 0.50 


Resolution: 2000
===================
Execution time: 0.008784
Residual: 0.236068

megaflops:  159379.7
  flop instructions (M):  1400.000


Resolution: 6000
===================
Execution time: 0.200189
Residual: 0.708009

megaflops:  62940.5
  flop instructions (M):  12600.000
Resolutions       : (2000, 6000, ... 6500)
Iterations        : 50
Num. Heat sources : 2
   1: (0.00, 0.00) 1.00 1.00 
   2: (1.00, 1.00) 1.00 0.50 


Resolution: 2000
===================
Execution time: 0.007522
Residual: 0.236068

megaflops:  186118.1
  flop instructions (M):  1400.000


Resolution: 6000
===================
Execution time: 0.165419
Residual: 0.708006

megaflops:  76170.2
  flop instructions (M):  12600.000
Resolutions       : (2000, 6000, ... 6500)
Iterations        : 50
Num. Heat sources : 2
   1: (0.00, 0.00) 1.00 1.00 
   2: (1.00, 1.00) 1.00 0.50 


Resolution: 2000
===================
Execution time: 0.008609
Residual: 0.236068

megaflops:  162619.4
  flop instructions (M):  1400.000


Resolution: 6000
===================
Execution time: 0.166982
Residual: 0.708017

megaflops:  75457.3
  flop instructions (M):  12600.000
Resolutions       : (2000, 6000, ... 6500)
Iterations        : 50
Num. Heat sources : 2
   1: (0.00, 0.00) 1.00 1.00 
   2: (1.00, 1.00) 1.00 0.50 


Resolution: 2000
===================
Execution time: 0.007530
Residual: 0.236068

megaflops:  185923.6
  flop instructions (M):  1400.000


Resolution: 6000
===================
Execution time: 0.184198
Residual: 0.708007

megaflops:  68404.7
  flop instructions (M):  12600.000
