Resolutions       : (2000, 6000, ... 6500)
Iterations        : 50
Num. Heat sources : 2
   1: (0.00, 0.00) 1.00 1.00 
   2: (1.00, 1.00) 1.00 0.50 


Resolution: 2000
===================
Execution time: 0.007551
Residual: 0.236061

megaflops:  185407.0
  flop instructions (M):  1400.000


Resolution: 6000
===================
Execution time: 0.051277
Residual: 0.708001

megaflops:  245724.6
  flop instructions (M):  12600.000
Resolutions       : (2000, 6000, ... 6500)
Iterations        : 50
Num. Heat sources : 2
   1: (0.00, 0.00) 1.00 1.00 
   2: (1.00, 1.00) 1.00 0.50 


Resolution: 2000
===================
Execution time: 0.007705
Residual: 0.236062

megaflops:  181700.8
  flop instructions (M):  1400.000


Resolution: 6000
===================
Execution time: 0.053348
Residual: 0.708000

megaflops:  236184.8
  flop instructions (M):  12600.000
Resolutions       : (2000, 6000, ... 6500)
Iterations        : 50
Num. Heat sources : 2
   1: (0.00, 0.00) 1.00 1.00 
   2: (1.00, 1.00) 1.00 0.50 


Resolution: 2000
===================
Execution time: 0.007889
Residual: 0.236061

megaflops:  177461.6
  flop instructions (M):  1400.000


Resolution: 6000
===================
Execution time: 0.056980
Residual: 0.708001

megaflops:  221130.6
  flop instructions (M):  12600.000
Resolutions       : (2000, 6000, ... 6500)
Iterations        : 50
Num. Heat sources : 2
   1: (0.00, 0.00) 1.00 1.00 
   2: (1.00, 1.00) 1.00 0.50 


Resolution: 2000
===================
Execution time: 0.008258
Residual: 0.236061

megaflops:  169535.3
  flop instructions (M):  1400.000


Resolution: 6000
===================
Execution time: 0.053490
Residual: 0.708001

megaflops:  235558.4
  flop instructions (M):  12600.000
Resolutions       : (2000, 6000, ... 6500)
Iterations        : 50
Num. Heat sources : 2
   1: (0.00, 0.00) 1.00 1.00 
   2: (1.00, 1.00) 1.00 0.50 


Resolution: 2000
===================
Execution time: 0.007398
Residual: 0.236062

megaflops:  189237.0
  flop instructions (M):  1400.000


Resolution: 6000
===================
Execution time: 0.055873
Residual: 0.708003

megaflops:  225511.8
  flop instructions (M):  12600.000
