Resolutions       : (2000, 6000, ... 6500)
Iterations        : 50
Num. Heat sources : 2
   1: (0.00, 0.00) 1.00 1.00 
   2: (1.00, 1.00) 1.00 0.50 


Resolution: 2000
===================
Execution time: 0.009068
Residual: 0.236076

megaflops:  154388.9
  flop instructions (M):  1400.000


Resolution: 6000
===================
Execution time: 0.064489
Residual: 0.708015

megaflops:  195382.5
  flop instructions (M):  12600.000
Resolutions       : (2000, 6000, ... 6500)
Iterations        : 50
Num. Heat sources : 2
   1: (0.00, 0.00) 1.00 1.00 
   2: (1.00, 1.00) 1.00 0.50 


Resolution: 2000
===================
Execution time: 0.009834
Residual: 0.236076

megaflops:  142362.5
  flop instructions (M):  1400.000


Resolution: 6000
===================
Execution time: 0.062754
Residual: 0.708015

megaflops:  200784.3
  flop instructions (M):  12600.000
Resolutions       : (2000, 6000, ... 6500)
Iterations        : 50
Num. Heat sources : 2
   1: (0.00, 0.00) 1.00 1.00 
   2: (1.00, 1.00) 1.00 0.50 


Resolution: 2000
===================
Execution time: 0.008329
Residual: 0.236076

megaflops:  168084.3
  flop instructions (M):  1400.000


Resolution: 6000
===================
Execution time: 0.063983
Residual: 0.708015

megaflops:  196927.4
  flop instructions (M):  12600.000
Resolutions       : (2000, 6000, ... 6500)
Iterations        : 50
Num. Heat sources : 2
   1: (0.00, 0.00) 1.00 1.00 
   2: (1.00, 1.00) 1.00 0.50 


Resolution: 2000
===================
Execution time: 0.008383
Residual: 0.236076

megaflops:  167003.9
  flop instructions (M):  1400.000


Resolution: 6000
===================
Execution time: 0.064262
Residual: 0.708015

megaflops:  196071.9
  flop instructions (M):  12600.000
Resolutions       : (2000, 6000, ... 6500)
Iterations        : 50
Num. Heat sources : 2
   1: (0.00, 0.00) 1.00 1.00 
   2: (1.00, 1.00) 1.00 0.50 


Resolution: 2000
===================
Execution time: 0.009226
Residual: 0.236076

megaflops:  151743.7
  flop instructions (M):  1400.000


Resolution: 6000
===================
Execution time: 0.063894
Residual: 0.708015

megaflops:  197201.5
  flop instructions (M):  12600.000
