[0] MPI startup(): Intel(R) MPI Library, Version 2019 Update 12  Build 20210429 (id: e380127cb)
[0] MPI startup(): Copyright (C) 2003-2021 Intel Corporation.  All rights reserved.
[0] MPI startup(): library kind: release
[0] MPI startup(): libfabric version: 1.11.0-impi
[0] MPI startup(): libfabric provider: psm2
[0] MPI startup(): Rank    Pid      Node name     Pin cpu
[0] MPI startup(): 0       3519635  i01r01c01s05  {0,1,2,3,48,49,50,51}
[0] MPI startup(): 1       3519636  i01r01c01s05  {4,5,6,7,52,53,54,55}
[0] MPI startup(): 2       3519637  i01r01c01s05  {8,9,10,11,56,57,58,59}
[0] MPI startup(): 3       3519638  i01r01c01s05  {12,13,14,15,60,61,62,63}
[0] MPI startup(): 4       3519639  i01r01c01s05  {16,17,18,19,64,65,66,67}
[0] MPI startup(): 5       3519640  i01r01c01s05  {20,21,22,23,68,69,70,71}
[0] MPI startup(): 6       3519641  i01r01c01s05  {24,25,26,27,72,73,74,75}
[0] MPI startup(): 7       3519642  i01r01c01s05  {28,29,30,31,76,77,78,79}
[0] MPI startup(): 8       3519643  i01r01c01s05  {32,33,34,35,80,81,82,83}
[0] MPI startup(): 9       3519644  i01r01c01s05  {36,37,38,39,84,85,86,87}
[0] MPI startup(): 10      3519645  i01r01c01s05  {40,41,42,43,88,89,90,91}
[0] MPI startup(): 11      3519646  i01r01c01s05  {44,45,46,47,92,93,94,95}
[0] MPI startup(): I_MPI_ROOT=/dss/lrzsys/sys/spack/release/22.2.1/opt/x86_64/intel-mpi/2019.12.320-gcc-wx7cjlg/compilers_and_libraries_2020.4.320/linux/mpi
[0] MPI startup(): I_MPI_HYDRA_PMI_CONNECT=lazy-cache
[0] MPI startup(): I_MPI_HYDRA_TOPOLIB=hwloc
[0] MPI startup(): I_MPI_HYDRA_IFACE=ib0
[0] MPI startup(): I_MPI_HYDRA_BRANCH_COUNT=128
[0] MPI startup(): I_MPI_HYDRA_BOOTSTRAP=slurm
[0] MPI startup(): I_MPI_PIN=1
[0] MPI startup(): I_MPI_PIN_RESPECT_CPUSET=0
[0] MPI startup(): I_MPI_INTERNAL_MEM_POLICY=default
[0] MPI startup(): I_MPI_EXTRA_FILESYSTEM=on
[0] MPI startup(): I_MPI_FABRICS=shm:ofi
[0] MPI startup(): I_MPI_PLATFORM=skx
[0] MPI startup(): I_MPI_DEBUG=5
Resolutions       : (2000, 6000, ... 6500)
Iterations        : 50
Num. Heat sources : 2
   1: (0.00, 0.00) 1.00 1.00 
   2: (1.00, 1.00) 1.00 0.50 


Resolution: 2000
===================
Execution time: 0.076176
Residual: 0.236070

megaflops:  18378.5
  flop instructions (M):  1400.000


Resolution: 6000
===================
Execution time: 0.629234
Residual: 0.708009

megaflops:  20024.3
  flop instructions (M):  12600.000
