188 [139747622418304] INFO perfrun.launcher <> - Launcher main begin
190 [139747622418304] INFO perfrun.launcher <> - MessageCatalogInit finished
190 [139747622418304] INFO perfrun.launcher <> - Launcher instance created
190 [139747622418304] INFO perfrun.launcher <> - argc = 6; cmdline = /dss/lrzsys/sys/spack/release/22.2.1/opt/x86_64/intel-oneapi-vtune/2021.7.1-gcc-ihh6yuf/vtune/2021.7.1/bin64/amplxe-runss -dump-vdso -r /dss/dsshome1/04/di68goj/Multicore-Lab/3/3/VtuneData/MemoryAccess512 --tmp-dir /hppfs/scratch/04/di68goj/tmp/amplxe-tmp-di68goj 
284 [139747622418304] INFO perfrun.launcher <> - create msngr2::ICliToolContext
284 [139747622418304] INFO perfrun.launcher <> - create file finder object
304 [139747489101568] INFO perfrun.launcher <> - plugin [remoteplug] was disabled because it doesn't support the given collection type.
304 [139747489101568] INFO perfrun.launcher <> - plugin [system] was disabled because it doesn't support the given collection type.
304 [139747489101568] INFO perfrun.vdso <> - dumping [vdso] pseudomodule
314 [139747489101568] INFO perfrun.launcher <> - plugin [itt] was disabled because it doesn't support the given collection type.
314 [139747489101568] INFO perfrun.launcher <> - plugin [ptracecollector] was disabled because it doesn't support the given collection type.
314 [139747489101568] INFO perfrun.launcher <> - plugin [gpu] was disabled because it doesn't support the given collection type.
314 [139747489101568] INFO perfrun.launcher <> - plugin [] was disabled because it doesn't support the given collection type.
314 [139747489101568] INFO perfrun.launcher <> - plugin [] was disabled because it doesn't support the given collection type.
314 [139747489101568] INFO perfrun.launcher <> - plugin [] was disabled because it doesn't support the given collection type.
314 [139747489101568] INFO perfrun.launcher <> - plugin [mrte] was disabled because it doesn't support the given collection type.
314 [139747489101568] INFO perfrun.launcher <> - plugin [emon] was disabled because it doesn't support the given collection type.
314 [139747489101568] INFO perfrun.launcher <> - plugin [cuscol] was disabled because it doesn't support the given collection type.
314 [139747489101568] INFO perfrun.launcher <> - plugin [stdsrc] was disabled because it doesn't support the given collection type.
314 [139747489101568] INFO perfrun.launcher <> - plugin [sep] was disabled because it doesn't support the given collection type.
315 [139747489101568] INFO perfrun.launcher <> - plugin [vtsspp] was disabled because it doesn't support the given collection type.
315 [139747489101568] INFO perfrun.launcher <> - plugin [perf] was disabled because it doesn't support the given collection type.
315 [139747489101568] INFO perfrun.launcher <> - plugin [aoclprofile] was disabled because it doesn't support the given collection type.
315 [139747489101568] INFO perfrun.launcher <> - plugin [tpss] was disabled because it doesn't support the given collection type.
315 [139747489101568] INFO perfrun.launcher <> - plugin [exprof] was disabled because it doesn't support the given collection type.
315 [139747489101568] INFO perfrun.launcher <> - plugin [media] was disabled because it doesn't support the given collection type.
315 [139747489101568] INFO perfrun.launcher <> - plugin [] was disabled because it doesn't support the given collection type.
315 [139747489101568] INFO perfrun.launcher <> - plugin [] was disabled because it doesn't support the given collection type.
315 [139747489101568] INFO perfrun.launcher <> - plugin [parallelfs] was disabled because it doesn't support the given collection type.
315 [139747489101568] INFO perfrun.launcher <> - plugin [power] was disabled because it doesn't support the given collection type.
315 [139747489101568] INFO perfrun.launcher <> - plugin [hwloc] was disabled because it doesn't support the given collection type.
315 [139747489101568] INFO perfrun.launcher <> - plugin [ipmwatch] was disabled because it doesn't support the given collection type.
316 [139747489101568] INFO perfrun.launcher <> - plugin [os_counters] was disabled because it doesn't support the given collection type.
316 [139747622418304] INFO perfrun.launcher <> - Application exit code: 0
316 [139747622418304] INFO perfrun.launcher <> - Exit code: 0
