Error in connect in Connection::sendString: Connection refused
Error in connect in Connection::sendString: Connection refused
Error in connect in Connection::sendString: Connection refused
Error in connect in Connection::sendString: Connection refused
Error in connect in Connection::sendString: Connection refused
Error in connect in Connection::sendString: Connection refused
Using strategy 'AB' (depth 2) ...
NetworkDomain::startListening: Port 23412 in use
NetworkDomain::startListening: Using Port 23413
Connection::start: localhost:23416
Connection::sendString: Cannot connect to localhost:23416
Connection::start: localhost:23415
Connection::sendString: Cannot connect to localhost:23415
Connection::start: localhost:23414
Connection::sendString: Cannot connect to localhost:23414
Connection::start: localhost:23412
NetworkDomain::newConnection: localhost:23412, now 1 active connections
 Reg of localhost:23412
NetworkDomain::newConnection: localhost:23412, now 1 active connections
 Reg of localhost:23414
NetworkDomain::newConnection: localhost:23414, now 2 active connections


==========================================

#120 O - O: 14, X: 12
       -----------
      / . . . . . \
     / O O O O O . \
    / . O O X O . . \
   / . O X O O . . . \
  | . O O X X X . . . |
   \ . . O X X X . . /
    \ . . X . X . . /
     \ . X . X . . /
      \ . . . . . /
       -----------

 Search started ...
 Subsearch Alpha/Beta [-15000;15000] with max depth 0 ...
 Search finished after 0.001 secs
  Found move 'B1/RightUp'
  Leaves visited: 319 (319 k/s) 
  Nodes visited: 68 (4 leaves per node)
O draws 'B1/RightUp' (after 0.001 secs)...

#121 X - O: 14, X: 12
       -----------
      / O . . . . \
     / . O O O O . \
    / . O O X O . . \
   / . O X O O . . . \
  | . O O X X X . . . |
   \ . . O X X X . . /
    \ . . X . X . . /
     \ . X . X . . /
      \ . . . . . /
       -----------

Terminating because given number of moves drawn.

#120 O - O: 14, X: 12
       -----------
      / . . . . . \
     / O O O O O . \
    / . O O X O . . \
   / . O X O O . . . \
  | . O O X X X . . . |
   \ . . O X X X . . /
    \ . . X . X . . /
     \ . X . X . . /
      \ . . . . . /
       -----------

O about to move...
O draws move 'B1/RightUp'...

#121 X - O: 14, X: 12
       -----------
      / O . . . . \
     / . O O O O . \
    / . O O X O . . \
   / . O X O O . . . \
  | . O O X X X . . . |
   \ . . O X X X . . /
    \ . . X . X . . /
     \ . X . X . . /
      \ . . . . . /
       -----------

X about to move...
Error in connect in Connection::sendString: Connection refused
Error in connect in Connection::sendString: Connection refused
Using strategy 'AB' (depth 2) ...
NetworkDomain::startListening: Using Port 23412
Connection::start: localhost:23416
Connection::sendString: Cannot connect to localhost:23416
Connection::start: localhost:23415
Connection::sendString: Cannot connect to localhost:23415
Connection::start: localhost:23414
Connection::sendString: Cannot connect to localhost:23414
Connection::start: localhost:23413
NetworkDomain::newConnection: localhost:23413, now 1 active connections
 Reg of localhost:23413
NetworkDomain::newConnection: localhost:23413, now 1 active connections
 Reg of localhost:23414
NetworkDomain::newConnection: localhost:23414, now 2 active connections


==========================================

#120 O - O: 14, X: 12
       -----------
      / . . . . . \
     / O O O O O . \
    / . O O X O . . \
   / . O X O O . . . \
  | . O O X X X . . . |
   \ . . O X X X . . /
    \ . . X . X . . /
     \ . X . X . . /
      \ . . . . . /
       -----------



==========================================

#121 X - O: 14, X: 12
       -----------
      / O . . . . \
     / . O O O O . \
    / . O O X O . . \
   / . O X O O . . . \
  | . O O X X X . . . |
   \ . . O X X X . . /
    \ . . X . X . . /
     \ . X . X . . /
      \ . . . . . /
       -----------

 Search started ...
 Subsearch Alpha/Beta [-15000;15000] with max depth 0 ...
 Search finished after 0.001 secs
  Found move 'E6/Left/Push'
  Leaves visited: 167 (167 k/s) 
  Nodes visited: 60 (2 leaves per node)
X draws 'E6/Left/Push' (after 0.001 secs)...

#122 O - O: 14, X: 12
       -----------
      / O . . . . \
     / . O O O O . \
    / . O O X O . . \
   / . O X O O . . . \
  | O O X X X . . . . |
   \ . . O X X X . . /
    \ . . X . X . . /
     \ . X . X . . /
      \ . . . . . /
       -----------

Connection::sendString: Cannot connect to localhost:23414
Connection::sendString: Cannot connect to localhost:23413
Terminating because given number of moves drawn.
Error in connect in Connection::sendString: Connection refused
Error in connect in Connection::sendString: Connection refused
Error in connect in Connection::sendString: Connection refused
Error in connect in Connection::sendString: Connection refused
Error in connect in Connection::sendString: Connection refused
Error in connect in Connection::sendString: Connection refused
Error in connect in Connection::sendString: Connection refused
Using strategy 'AB' (depth 3) ...
NetworkDomain::startListening: Port 23412 in use
NetworkDomain::startListening: Using Port 23413
Connection::start: localhost:23416
Connection::sendString: Cannot connect to localhost:23416
Connection::start: localhost:23415
Connection::sendString: Cannot connect to localhost:23415
Connection::start: localhost:23414
Connection::sendString: Cannot connect to localhost:23414
Connection::start: localhost:23412
NetworkDomain::newConnection: localhost:23412, now 1 active connections
 Reg of localhost:23414
NetworkDomain::newConnection: localhost:23414, now 2 active connections


==========================================

#120 O - O: 14, X: 12
       -----------
      / . . . . . \
     / O O O O O . \
    / . O O X O . . \
   / . O X O O . . . \
  | . O O X X X . . . |
   \ . . O X X X . . /
    \ . . X . X . . /
     \ . X . X . . /
      \ . . . . . /
       -----------

 Search started ...
 Subsearch Alpha/Beta [-15000;15000] with max depth 0 ...
 Search finished after 0.006 secs
  Found move 'C2-E2/Left'
  Leaves visited: 4253 (708 k/s) 
  Nodes visited: 313 (13 leaves per node)
O draws 'C2-E2/Left' (after 0.006 secs)...

#121 X - O: 14, X: 12
       -----------
      / . . . . . \
     / O O O O O . \
    / O . O X O . . \
   / O . X O O . . . \
  | O . O X X X . . . |
   \ . . O X X X . . /
    \ . . X . X . . /
     \ . X . X . . /
      \ . . . . . /
       -----------

Terminating because given number of moves drawn.

#120 O - O: 14, X: 12
       -----------
      / . . . . . \
     / O O O O O . \
    / . O O X O . . \
   / . O X O O . . . \
  | . O O X X X . . . |
   \ . . O X X X . . /
    \ . . X . X . . /
     \ . X . X . . /
      \ . . . . . /
       -----------

O about to move...
O draws move 'C2-E2/Left'...

#121 X - O: 14, X: 12
       -----------
      / . . . . . \
     / O O O O O . \
    / O . O X O . . \
   / O . X O O . . . \
  | O . O X X X . . . |
   \ . . O X X X . . /
    \ . . X . X . . /
     \ . X . X . . /
      \ . . . . . /
       -----------

X about to move...
Error in connect in Connection::sendString: Connection refused
Error in connect in Connection::sendString: Connection refused
Using strategy 'AB' (depth 3) ...
NetworkDomain::startListening: Using Port 23412
Connection::start: localhost:23416
Connection::sendString: Cannot connect to localhost:23416
Connection::start: localhost:23415
Connection::sendString: Cannot connect to localhost:23415
Connection::start: localhost:23414
Connection::sendString: Cannot connect to localhost:23414
Connection::start: localhost:23413
Connection::sendString: Cannot connect to localhost:23413
 Reg of localhost:23413
NetworkDomain::newConnection: localhost:23413, now 1 active connections
 Reg of localhost:23414
NetworkDomain::newConnection: localhost:23414, now 2 active connections


==========================================

#120 O - O: 14, X: 12
       -----------
      / . . . . . \
     / O O O O O . \
    / . O O X O . . \
   / . O X O O . . . \
  | . O O X X X . . . |
   \ . . O X X X . . /
    \ . . X . X . . /
     \ . X . X . . /
      \ . . . . . /
       -----------



==========================================

#121 X - O: 14, X: 12
       -----------
      / . . . . . \
     / O O O O O . \
    / O . O X O . . \
   / O . X O O . . . \
  | O . O X X X . . . |
   \ . . O X X X . . /
    \ . . X . X . . /
     \ . X . X . . /
      \ . . . . . /
       -----------

 Search started ...
 Subsearch Alpha/Beta [-15000;15000] with max depth 0 ...
 Search finished after 0.009 secs
  Found move 'F7/Left/Push'
  Leaves visited: 5488 (609 k/s) 
  Nodes visited: 293 (18 leaves per node)
X draws 'F7/Left/Push' (after 0.009 secs)...

#122 O - O: 14, X: 12
       -----------
      / . . . . . \
     / O O O O O . \
    / O . O X O . . \
   / O . X O O . . . \
  | O . O X X X . . . |
   \ . O X X X . . . /
    \ . . X . X . . /
     \ . X . X . . /
      \ . . . . . /
       -----------

Connection::sendString: Cannot connect to localhost:23414
Connection::sendString: Cannot connect to localhost:23413
Terminating because given number of moves drawn.
Error in connect in Connection::sendString: Connection refused
Error in connect in Connection::sendString: Connection refused
Error in connect in Connection::sendString: Connection refused
Error in connect in Connection::sendString: Connection refused
Error in connect in Connection::sendString: Connection refused
Error in connect in Connection::sendString: Connection refused
Using strategy 'AB' (depth 4) ...
NetworkDomain::startListening: Port 23412 in use
NetworkDomain::startListening: Port 23413 in use
NetworkDomain::startListening: Using Port 23414
Connection::start: localhost:23416
Connection::sendString: Cannot connect to localhost:23416
Connection::start: localhost:23415
Connection::sendString: Cannot connect to localhost:23415
Connection::start: localhost:23413
NetworkDomain::newConnection: localhost:23413, now 1 active connections
Connection::start: localhost:23412
NetworkDomain::newConnection: localhost:23412, now 2 active connections


==========================================

#120 O - O: 14, X: 12
       -----------
      / . . . . . \
     / O O O O O . \
    / . O O X O . . \
   / . O X O O . . . \
  | . O O X X X . . . |
   \ . . O X X X . . /
    \ . . X . X . . /
     \ . X . X . . /
      \ . . . . . /
       -----------

 Search started ...
 Subsearch Alpha/Beta [-15000;15000] with max depth 0 ...
 EvalRate 545 k/s (6000 evals, 11 msecs)
 Search finished after 0.046 secs
  Found move 'B1/LeftDown'
  Leaves visited: 24529 (533 k/s) 
  Nodes visited: 5316 (4 leaves per node)
O draws 'B1/LeftDown' (after 0.046 secs)...

#121 X - O: 14, X: 12
       -----------
      / . . . . . \
     / . O O O O . \
    / O O O X O . . \
   / . O X O O . . . \
  | . O O X X X . . . |
   \ . . O X X X . . /
    \ . . X . X . . /
     \ . X . X . . /
      \ . . . . . /
       -----------

Terminating because given number of moves drawn.

#120 O - O: 14, X: 12
       -----------
      / . . . . . \
     / O O O O O . \
    / . O O X O . . \
   / . O X O O . . . \
  | . O O X X X . . . |
   \ . . O X X X . . /
    \ . . X . X . . /
     \ . X . X . . /
      \ . . . . . /
       -----------

O about to move...
O draws move 'B1/LeftDown'...

#121 X - O: 14, X: 12
       -----------
      / . . . . . \
     / . O O O O . \
    / O O O X O . . \
   / . O X O O . . . \
  | . O O X X X . . . |
   \ . . O X X X . . /
    \ . . X . X . . /
     \ . X . X . . /
      \ . . . . . /
       -----------

X about to move...
Error in connect in Connection::sendString: Connection refused
Error in connect in Connection::sendString: Connection refused
Using strategy 'AB' (depth 4) ...
NetworkDomain::startListening: Using Port 23412
Connection::start: localhost:23416
Connection::sendString: Cannot connect to localhost:23416
Connection::start: localhost:23415
Connection::sendString: Cannot connect to localhost:23415
Connection::start: localhost:23414
Connection::sendString: Cannot connect to localhost:23414
Connection::start: localhost:23413
Connection::sendString: Cannot connect to localhost:23413
 Reg of localhost:23413
NetworkDomain::newConnection: localhost:23413, now 1 active connections


==========================================

#120 O - O: 14, X: 12
       -----------
      / . . . . . \
     / O O O O O . \
    / . O O X O . . \
   / . O X O O . . . \
  | . O O X X X . . . |
   \ . . O X X X . . /
    \ . . X . X . . /
     \ . X . X . . /
      \ . . . . . /
       -----------

 Reg of localhost:23414
NetworkDomain::newConnection: localhost:23414, now 2 active connections


==========================================

#121 X - O: 14, X: 12
       -----------
      / . . . . . \
     / . O O O O . \
    / O O O X O . . \
   / . O X O O . . . \
  | . O O X X X . . . |
   \ . . O X X X . . /
    \ . . X . X . . /
     \ . X . X . . /
      \ . . . . . /
       -----------

 Search started ...
 Subsearch Alpha/Beta [-15000;15000] with max depth 0 ...
 EvalRate 500 k/s (6000 evals, 12 msecs)
 Search finished after 0.018 secs
  Found move 'E6/Left/Push'
  Leaves visited: 7891 (438 k/s) 
  Nodes visited: 3839 (2 leaves per node)
X draws 'E6/Left/Push' (after 0.018 secs)...

#122 O - O: 14, X: 12
       -----------
      / . . . . . \
     / . O O O O . \
    / O O O X O . . \
   / . O X O O . . . \
  | O O X X X . . . . |
   \ . . O X X X . . /
    \ . . X . X . . /
     \ . X . X . . /
      \ . . . . . /
       -----------

Connection::sendString: Cannot connect to localhost:23414
Connection::sendString: Cannot connect to localhost:23413
Terminating because given number of moves drawn.
Error in connect in Connection::sendString: Connection refused
Error in connect in Connection::sendString: Connection refused
Error in connect in Connection::sendString: Connection refused
Error in connect in Connection::sendString: Connection refused
Error in connect in Connection::sendString: Connection refused
Error in connect in Connection::sendString: Connection refused
Using strategy 'AB' (depth 5) ...
NetworkDomain::startListening: Using Port 23412
Connection::start: localhost:23416
Connection::sendString: Cannot connect to localhost:23416
Connection::start: localhost:23415
Connection::sendString: Cannot connect to localhost:23415
Connection::start: localhost:23414
NetworkDomain::newConnection: localhost:23414, now 1 active connections
Connection::start: localhost:23413
NetworkDomain::newConnection: localhost:23413, now 2 active connections


==========================================

#120 O - O: 14, X: 12
       -----------
      / . . . . . \
     / O O O O O . \
    / . O O X O . . \
   / . O X O O . . . \
  | . O O X X X . . . |
   \ . . O X X X . . /
    \ . . X . X . . /
     \ . X . X . . /
      \ . . . . . /
       -----------

 Search started ...
 Subsearch Alpha/Beta [-15000;15000] with max depth 0 ...
 EvalRate 666 k/s (6000 evals, 9 msecs)
 EvalRate 629 k/s (139200 evals, 221 msecs)
 EvalRate 672 k/s (272400 evals, 405 msecs)
 Search finished after 0.460 secs
  Found move 'C2-D2/Left'
  Leaves visited: 314107 (682 k/s) 
  Nodes visited: 28964 (10 leaves per node)
O draws 'C2-D2/Left' (after 0.460 secs)...

#121 X - O: 14, X: 12
       -----------
      / . . . . . \
     / O O O O O . \
    / O . O X O . . \
   / O . X O O . . . \
  | . O O X X X . . . |
   \ . . O X X X . . /
    \ . . X . X . . /
     \ . X . X . . /
      \ . . . . . /
       -----------

Terminating because given number of moves drawn.

#120 O - O: 14, X: 12
       -----------
      / . . . . . \
     / O O O O O . \
    / . O O X O . . \
   / . O X O O . . . \
  | . O O X X X . . . |
   \ . . O X X X . . /
    \ . . X . X . . /
     \ . X . X . . /
      \ . . . . . /
       -----------

O about to move...
O draws move 'C2-D2/Left'...

#121 X - O: 14, X: 12
       -----------
      / . . . . . \
     / O O O O O . \
    / O . O X O . . \
   / O . X O O . . . \
  | . O O X X X . . . |
   \ . . O X X X . . /
    \ . . X . X . . /
     \ . X . X . . /
      \ . . . . . /
       -----------

X about to move...
Error in connect in Connection::sendString: Connection refused
Error in connect in Connection::sendString: Connection refused
Error in connect in Connection::sendString: Connection refused
Error in connect in Connection::sendString: Connection refused
Using strategy 'AB' (depth 5) ...
NetworkDomain::startListening: Port 23412 in use
NetworkDomain::startListening: Using Port 23413
Connection::start: localhost:23416
Connection::sendString: Cannot connect to localhost:23416
Connection::start: localhost:23415
Connection::sendString: Cannot connect to localhost:23415
Connection::start: localhost:23414
Connection::sendString: Cannot connect to localhost:23414
Connection::start: localhost:23412
Connection::sendString: Cannot connect to localhost:23412
 Reg of localhost:23414
NetworkDomain::newConnection: localhost:23414, now 1 active connections


==========================================

#120 O - O: 14, X: 12
       -----------
      / . . . . . \
     / O O O O O . \
    / . O O X O . . \
   / . O X O O . . . \
  | . O O X X X . . . |
   \ . . O X X X . . /
    \ . . X . X . . /
     \ . X . X . . /
      \ . . . . . /
       -----------

 Reg of localhost:23412
NetworkDomain::newConnection: localhost:23412, now 2 active connections


==========================================

#121 X - O: 14, X: 12
       -----------
      / . . . . . \
     / O O O O O . \
    / O . O X O . . \
   / O . X O O . . . \
  | . O O X X X . . . |
   \ . . O X X X . . /
    \ . . X . X . . /
     \ . X . X . . /
      \ . . . . . /
       -----------

 Search started ...
 Subsearch Alpha/Beta [-15000;15000] with max depth 0 ...
 EvalRate 600 k/s (6000 evals, 10 msecs)
 EvalRate 560 k/s (126000 evals, 225 msecs)
 EvalRate 592 k/s (246000 evals, 415 msecs)
 Search finished after 0.604 secs
  Found move 'F7/Left/Push'
  Leaves visited: 361414 (598 k/s) 
  Nodes visited: 23779 (15 leaves per node)
X draws 'F7/Left/Push' (after 0.604 secs)...

#122 O - O: 14, X: 12
       -----------
      / . . . . . \
     / O O O O O . \
    / O . O X O . . \
   / O . X O O . . . \
  | . O O X X X . . . |
   \ . O X X X . . . /
    \ . . X . X . . /
     \ . X . X . . /
      \ . . . . . /
       -----------

Terminating because given number of moves drawn.
Error in connect in Connection::sendString: Connection refused
Using strategy 'AB' (depth 6) ...
NetworkDomain::startListening: Using Port 23412
Connection::start: localhost:23416
Connection::sendString: Cannot connect to localhost:23416
Connection::start: localhost:23415
Connection::sendString: Cannot connect to localhost:23415
Connection::start: localhost:23414
Connection::sendString: Cannot connect to localhost:23414
Connection::start: localhost:23413
NetworkDomain::newConnection: localhost:23413, now 1 active connections
 Reg of localhost:23414
NetworkDomain::newConnection: localhost:23414, now 2 active connections
 Reg of localhost:23415
NetworkDomain::newConnection: localhost:23415, now 3 active connections


==========================================

#122 O - O: 14, X: 12
       -----------
      / . . . . . \
     / O O O O O . \
    / O . O X O . . \
   / O . X O O . . . \
  | . O O X X X . . . |
   \ . O X X X . . . /
    \ . . X . X . . /
     \ . X . X . . /
      \ . . . . . /
       -----------

Connection::sendString: Cannot connect to localhost:23413
Error in connect in Connection::sendString: Connection refused
Error in connect in Connection::sendString: Connection refused
Using strategy 'AB' (depth 6) ...
NetworkDomain::startListening: Port 23412 in use
NetworkDomain::startListening: Port 23413 in use
NetworkDomain::startListening: Using Port 23414
Connection::start: localhost:23416
Connection::sendString: Cannot connect to localhost:23416
Connection::start: localhost:23415
NetworkDomain::newConnection: localhost:23415, now 1 active connections
Connection::start: localhost:23413
NetworkDomain::newConnection: localhost:23413, now 2 active connections
Connection::start: localhost:23412
NetworkDomain::newConnection: localhost:23412, now 3 active connections
 Reg of localhost:23415
NetworkDomain::newConnection: localhost:23415, now 3 active connections
 Reg of remote connection localhost:23413
NetworkDomain::addConnection: localhost:23413 already existing


==========================================

#120 O - O: 14, X: 12
       -----------
      / . . . . . \
     / O O O O O . \
    / . O O X O . . \
   / . O X O O . . . \
  | . O O X X X . . . |
   \ . . O X X X . . /
    \ . . X . X . . /
     \ . X . X . . /
      \ . . . . . /
       -----------

 Search started ...
 Subsearch Alpha/Beta [-15000;15000] with max depth 0 ...
 EvalRate 600 k/s (6000 evals, 10 msecs)
 EvalRate 630 k/s (126000 evals, 200 msecs)
 EvalRate 591 k/s (252000 evals, 426 msecs)
 EvalRate 585 k/s (378000 evals, 646 msecs)
 EvalRate 595 k/s (504000 evals, 847 msecs)
 EvalRate 564 k/s (630000 evals, 1117 msecs)
 EvalRate 540 k/s (756000 evals, 1398 msecs)
 EvalRate 531 k/s (882000 evals, 1659 msecs)
 EvalRate 542 k/s (1008000 evals, 1858 msecs)
 Search finished after 2.004 secs
  Found move 'C2/Left'
  Leaves visited: 1072477 (535 k/s) 
  Nodes visited: 316920 (3 leaves per node)
O draws 'C2/Left' (after 2.004 secs)...

#121 X - O: 14, X: 12
       -----------
      / . . . . . \
     / O O O O O . \
    / O . O X O . . \
   / . O X O O . . . \
  | . O O X X X . . . |
   \ . . O X X X . . /
    \ . . X . X . . /
     \ . X . X . . /
      \ . . . . . /
       -----------

Connection::sendString: Cannot connect to localhost:23413
Connection::sendString: Cannot connect to localhost:23412
Terminating because given number of moves drawn.

#120 O - O: 14, X: 12
       -----------
      / . . . . . \
     / O O O O O . \
    / . O O X O . . \
   / . O X O O . . . \
  | . O O X X X . . . |
   \ . . O X X X . . /
    \ . . X . X . . /
     \ . X . X . . /
      \ . . . . . /
       -----------

O about to move...
O draws move 'C2/Left'...

#121 X - O: 14, X: 12
       -----------
      / . . . . . \
     / O O O O O . \
    / O . O X O . . \
   / . O X O O . . . \
  | . O O X X X . . . |
   \ . . O X X X . . /
    \ . . X . X . . /
     \ . X . X . . /
      \ . . . . . /
       -----------

X about to move...
