Error in connect in Connection::sendString: Connection refused
Error in connect in Connection::sendString: Connection refused
Error in connect in Connection::sendString: Connection refused
Error in connect in Connection::sendString: Connection refused
Error in connect in Connection::sendString: Connection refused
Error in connect in Connection::sendString: Connection refused
Using strategy 'AB' (depth 2) ...
NetworkDomain::startListening: Using Port 23412
Connection::start: localhost:23416
Connection::sendString: Cannot connect to localhost:23416
Connection::start: localhost:23415
Connection::sendString: Cannot connect to localhost:23415
Connection::start: localhost:23414
Connection::sendString: Cannot connect to localhost:23414
Connection::start: localhost:23413
NetworkDomain::newConnection: localhost:23413, now 1 active connections
 Reg of localhost:23413
NetworkDomain::newConnection: localhost:23413, now 1 active connections
 Reg of localhost:23414
NetworkDomain::newConnection: localhost:23414, now 2 active connections


==========================================

#69 X - O: 14, X: 10
       -----------
      / . . . . . \
     / . O . . . . \
    / . . O . . . . \
   / . . X . O . . . \
  | . X X O O O O . . |
   \ . X . O O O . . /
    \ . O O O O . . /
     \ . X X X X . /
      \ . . X . X /
       -----------

 Search started ...
 Subsearch Alpha/Beta [-15000;15000] with max depth 0 ...
 Search finished after 0.001 secs
  Found move 'I7/LeftUp/Push'
  Leaves visited: 185 (185 k/s) 
  Nodes visited: 42 (4 leaves per node)
X draws 'I7/LeftUp/Push' (after 0.001 secs)...

#70 O - O: 14, X: 10
       -----------
      / . . . . . \
     / . O . . . . \
    / . . O . . . . \
   / . . X . O . . . \
  | . X X O O O O . . |
   \ . X O O O O . . /
    \ . O X O O . . /
     \ . X X X X . /
      \ . . . . X /
       -----------

Terminating because given number of moves drawn.

#69 X - O: 14, X: 10
       -----------
      / . . . . . \
     / . O . . . . \
    / . . O . . . . \
   / . . X . O . . . \
  | . X X O O O O . . |
   \ . X . O O O . . /
    \ . O O O O . . /
     \ . X X X X . /
      \ . . X . X /
       -----------

X about to move...
X draws move 'I7/LeftUp/Push'...

#70 O - O: 14, X: 10
       -----------
      / . . . . . \
     / . O . . . . \
    / . . O . . . . \
   / . . X . O . . . \
  | . X X O O O O . . |
   \ . X O O O O . . /
    \ . O X O O . . /
     \ . X X X X . /
      \ . . . . X /
       -----------

O about to move...
Error in connect in Connection::sendString: Connection refused
Error in connect in Connection::sendString: Connection refused
Using strategy 'AB' (depth 2) ...
NetworkDomain::startListening: Port 23412 in use
NetworkDomain::startListening: Using Port 23413
Connection::start: localhost:23416
Connection::sendString: Cannot connect to localhost:23416
Connection::start: localhost:23415
Connection::sendString: Cannot connect to localhost:23415
Connection::start: localhost:23414
Connection::sendString: Cannot connect to localhost:23414
Connection::start: localhost:23412
NetworkDomain::newConnection: localhost:23412, now 1 active connections
 Reg of localhost:23412
NetworkDomain::newConnection: localhost:23412, now 1 active connections
 Reg of localhost:23414
NetworkDomain::newConnection: localhost:23414, now 2 active connections


==========================================

#69 X - O: 14, X: 10
       -----------
      / . . . . . \
     / . O . . . . \
    / . . O . . . . \
   / . . X . O . . . \
  | . X X O O O O . . |
   \ . X . O O O . . /
    \ . O O O O . . /
     \ . X X X X . /
      \ . . X . X /
       -----------



==========================================

#70 O - O: 14, X: 10
       -----------
      / . . . . . \
     / . O . . . . \
    / . . O . . . . \
   / . . X . O . . . \
  | . X X O O O O . . |
   \ . X O O O O . . /
    \ . O X O O . . /
     \ . X X X X . /
      \ . . . . X /
       -----------

 Search started ...
 Subsearch Alpha/Beta [-15000;15000] with max depth 0 ...
 Search finished after 0.001 secs
  Found move 'E5/RightDown/Out'
  Leaves visited: 113 (113 k/s) 
  Nodes visited: 72 (1 leaves per node)
O draws 'E5/RightDown/Out' (after 0.001 secs)...

#71 X - O: 14, X: 9
       -----------
      / . . . . . \
     / . O . . . . \
    / . . O . . . . \
   / . . X . O . . . \
  | . X X O . O O . . |
   \ . X O O O O . . /
    \ . O X O O . . /
     \ . X X X O . /
      \ . . . . X /
       -----------

Connection::sendString: Cannot connect to localhost:23414
Connection::sendString: Cannot connect to localhost:23412
Terminating because given number of moves drawn.
Error in connect in Connection::sendString: Connection refused
Error in connect in Connection::sendString: Connection refused
Error in connect in Connection::sendString: Connection refused
Error in connect in Connection::sendString: Connection refused
Error in connect in Connection::sendString: Connection refused
Error in connect in Connection::sendString: Connection refused
Using strategy 'AB' (depth 3) ...
NetworkDomain::startListening: Using Port 23412
Connection::start: localhost:23416
Connection::sendString: Cannot connect to localhost:23416
Connection::start: localhost:23415
Connection::sendString: Cannot connect to localhost:23415
Connection::start: localhost:23414
Connection::sendString: Cannot connect to localhost:23414
Connection::start: localhost:23413
Connection::sendString: Cannot connect to localhost:23413
 Reg of localhost:23413
NetworkDomain::newConnection: localhost:23413, now 1 active connections
 Reg of localhost:23414
NetworkDomain::newConnection: localhost:23414, now 2 active connections


==========================================

#69 X - O: 14, X: 10
       -----------
      / . . . . . \
     / . O . . . . \
    / . . O . . . . \
   / . . X . O . . . \
  | . X X O O O O . . |
   \ . X . O O O . . /
    \ . O O O O . . /
     \ . X X X X . /
      \ . . X . X /
       -----------

 Search started ...
 Subsearch Alpha/Beta [-15000;15000] with max depth 0 ...
 Search finished after 0.003 secs
  Found move 'I7/LeftUp/Push'
  Leaves visited: 1796 (598 k/s) 
  Nodes visited: 227 (7 leaves per node)
X draws 'I7/LeftUp/Push' (after 0.003 secs)...

#70 O - O: 14, X: 10
       -----------
      / . . . . . \
     / . O . . . . \
    / . . O . . . . \
   / . . X . O . . . \
  | . X X O O O O . . |
   \ . X O O O O . . /
    \ . O X O O . . /
     \ . X X X X . /
      \ . . . . X /
       -----------

Terminating because given number of moves drawn.

#69 X - O: 14, X: 10
       -----------
      / . . . . . \
     / . O . . . . \
    / . . O . . . . \
   / . . X . O . . . \
  | . X X O O O O . . |
   \ . X . O O O . . /
    \ . O O O O . . /
     \ . X X X X . /
      \ . . X . X /
       -----------

X about to move...
X draws move 'I7/LeftUp/Push'...

#70 O - O: 14, X: 10
       -----------
      / . . . . . \
     / . O . . . . \
    / . . O . . . . \
   / . . X . O . . . \
  | . X X O O O O . . |
   \ . X O O O O . . /
    \ . O X O O . . /
     \ . X X X X . /
      \ . . . . X /
       -----------

O about to move...
Error in connect in Connection::sendString: Connection refused
Error in connect in Connection::sendString: Connection refused
Using strategy 'AB' (depth 3) ...
NetworkDomain::startListening: Port 23412 in use
NetworkDomain::startListening: Using Port 23413
Connection::start: localhost:23416
Connection::sendString: Cannot connect to localhost:23416
Connection::start: localhost:23415
Connection::sendString: Cannot connect to localhost:23415
Connection::start: localhost:23414
NetworkDomain::newConnection: localhost:23414, now 1 active connections
Connection::start: localhost:23412
NetworkDomain::newConnection: localhost:23412, now 2 active connections
 Reg of localhost:23414
NetworkDomain::newConnection: localhost:23414, now 2 active connections


==========================================

#69 X - O: 14, X: 10
       -----------
      / . . . . . \
     / . O . . . . \
    / . . O . . . . \
   / . . X . O . . . \
  | . X X O O O O . . |
   \ . X . O O O . . /
    \ . O O O O . . /
     \ . X X X X . /
      \ . . X . X /
       -----------



==========================================

#69 X - O: 14, X: 10
       -----------
      / . . . . . \
     / . O . . . . \
    / . . O . . . . \
   / . . X . O . . . \
  | . X X O O O O . . |
   \ . X . O O O . . /
    \ . O O O O . . /
     \ . X X X X . /
      \ . . X . X /
       -----------

 Reg of remote connection localhost:23412
NetworkDomain::addConnection: localhost:23412 already existing


==========================================

#70 O - O: 14, X: 10
       -----------
      / . . . . . \
     / . O . . . . \
    / . . O . . . . \
   / . . X . O . . . \
  | . X X O O O O . . |
   \ . X O O O O . . /
    \ . O X O O . . /
     \ . X X X X . /
      \ . . . . X /
       -----------

 Search started ...
 Subsearch Alpha/Beta [-15000;15000] with max depth 0 ...
 Search finished after 0.010 secs
  Found move 'D5/LeftDown/Push'
  Leaves visited: 5920 (592 k/s) 
  Nodes visited: 247 (23 leaves per node)
O draws 'D5/LeftDown/Push' (after 0.010 secs)...

#71 X - O: 14, X: 10
       -----------
      / . . . . . \
     / . O . . . . \
    / . . O . . . . \
   / . . X . . . . . \
  | . X X O O O O . . |
   \ . X O O O O . . /
    \ . O O O O . . /
     \ . X X X X . /
      \ X . . . X /
       -----------

Connection::sendString: Cannot connect to localhost:23414
Connection::sendString: Cannot connect to localhost:23412
Terminating because given number of moves drawn.
Error in connect in Connection::sendString: Connection refused
Error in connect in Connection::sendString: Connection refused
Error in connect in Connection::sendString: Connection refused
Error in connect in Connection::sendString: Connection refused
Error in connect in Connection::sendString: Connection refused
Error in connect in Connection::sendString: Connection refused
Using strategy 'AB' (depth 4) ...
NetworkDomain::startListening: Using Port 23412
Connection::start: localhost:23416
Connection::sendString: Cannot connect to localhost:23416
Connection::start: localhost:23415
Connection::sendString: Cannot connect to localhost:23415
Connection::start: localhost:23414
Connection::sendString: Cannot connect to localhost:23414
Connection::start: localhost:23413
Connection::sendString: Cannot connect to localhost:23413
 Reg of localhost:23414
NetworkDomain::newConnection: localhost:23414, now 1 active connections
 Reg of localhost:23413
NetworkDomain::newConnection: localhost:23413, now 2 active connections


==========================================

#69 X - O: 14, X: 10
       -----------
      / . . . . . \
     / . O . . . . \
    / . . O . . . . \
   / . . X . O . . . \
  | . X X O O O O . . |
   \ . X . O O O . . /
    \ . O O O O . . /
     \ . X X X X . /
      \ . . X . X /
       -----------

 Search started ...
 Subsearch Alpha/Beta [-15000;15000] with max depth 0 ...
 EvalRate 600 k/s (6000 evals, 10 msecs)
 Search finished after 0.021 secs
  Found move 'I7/LeftUp/Push'
  Leaves visited: 12893 (613 k/s) 
  Nodes visited: 2044 (6 leaves per node)
X draws 'I7/LeftUp/Push' (after 0.021 secs)...

#70 O - O: 14, X: 10
       -----------
      / . . . . . \
     / . O . . . . \
    / . . O . . . . \
   / . . X . O . . . \
  | . X X O O O O . . |
   \ . X O O O O . . /
    \ . O X O O . . /
     \ . X X X X . /
      \ . . . . X /
       -----------

Terminating because given number of moves drawn.

#69 X - O: 14, X: 10
       -----------
      / . . . . . \
     / . O . . . . \
    / . . O . . . . \
   / . . X . O . . . \
  | . X X O O O O . . |
   \ . X . O O O . . /
    \ . O O O O . . /
     \ . X X X X . /
      \ . . X . X /
       -----------

X about to move...
X draws move 'I7/LeftUp/Push'...

#70 O - O: 14, X: 10
       -----------
      / . . . . . \
     / . O . . . . \
    / . . O . . . . \
   / . . X . O . . . \
  | . X X O O O O . . |
   \ . X O O O O . . /
    \ . O X O O . . /
     \ . X X X X . /
      \ . . . . X /
       -----------

O about to move...
Error in connect in Connection::sendString: Connection refused
Error in connect in Connection::sendString: Connection refused
Using strategy 'AB' (depth 4) ...
NetworkDomain::startListening: Port 23412 in use
NetworkDomain::startListening: Port 23413 in use
NetworkDomain::startListening: Using Port 23414
Connection::start: localhost:23416
Connection::sendString: Cannot connect to localhost:23416
Connection::start: localhost:23415
Connection::sendString: Cannot connect to localhost:23415
Connection::start: localhost:23413
NetworkDomain::newConnection: localhost:23413, now 1 active connections
Connection::start: localhost:23412
NetworkDomain::newConnection: localhost:23412, now 2 active connections
 Reg of localhost:23413
NetworkDomain::newConnection: localhost:23413, now 2 active connections


==========================================

#69 X - O: 14, X: 10
       -----------
      / . . . . . \
     / . O . . . . \
    / . . O . . . . \
   / . . X . O . . . \
  | . X X O O O O . . |
   \ . X . O O O . . /
    \ . O O O O . . /
     \ . X X X X . /
      \ . . X . X /
       -----------



==========================================

#69 X - O: 14, X: 10
       -----------
      / . . . . . \
     / . O . . . . \
    / . . O . . . . \
   / . . X . O . . . \
  | . X X O O O O . . |
   \ . X . O O O . . /
    \ . O O O O . . /
     \ . X X X X . /
      \ . . X . X /
       -----------

 Reg of remote connection localhost:23412
NetworkDomain::addConnection: localhost:23412 already existing


==========================================

#70 O - O: 14, X: 10
       -----------
      / . . . . . \
     / . O . . . . \
    / . . O . . . . \
   / . . X . O . . . \
  | . X X O O O O . . |
   \ . X O O O O . . /
    \ . O X O O . . /
     \ . X X X X . /
      \ . . . . X /
       -----------

 Search started ...
 Subsearch Alpha/Beta [-15000;15000] with max depth 0 ...
 EvalRate 666 k/s (6000 evals, 9 msecs)
 Search finished after 0.020 secs
  Found move 'D5/LeftDown/Push'
  Leaves visited: 10070 (503 k/s) 
  Nodes visited: 6225 (1 leaves per node)
O draws 'D5/LeftDown/Push' (after 0.020 secs)...

#71 X - O: 14, X: 10
       -----------
      / . . . . . \
     / . O . . . . \
    / . . O . . . . \
   / . . X . . . . . \
  | . X X O O O O . . |
   \ . X O O O O . . /
    \ . O O O O . . /
     \ . X X X X . /
      \ X . . . X /
       -----------

Connection::sendString: Cannot connect to localhost:23413
Connection::sendString: Cannot connect to localhost:23412
Terminating because given number of moves drawn.
Error in connect in Connection::sendString: Connection refused
Error in connect in Connection::sendString: Connection refused
Error in connect in Connection::sendString: Connection refused
Error in connect in Connection::sendString: Connection refused
Error in connect in Connection::sendString: Connection refused
Error in connect in Connection::sendString: Connection refused
Error in connect in Connection::sendString: Connection refused
Using strategy 'AB' (depth 5) ...
NetworkDomain::startListening: Using Port 23412
Connection::start: localhost:23416
Connection::sendString: Cannot connect to localhost:23416
Connection::start: localhost:23415
Connection::sendString: Cannot connect to localhost:23415
Connection::start: localhost:23414
Connection::sendString: Cannot connect to localhost:23414
Connection::start: localhost:23413
Connection::sendString: Cannot connect to localhost:23413
 Reg of localhost:23413
NetworkDomain::newConnection: localhost:23413, now 1 active connections
 Reg of localhost:23415
NetworkDomain::newConnection: localhost:23415, now 2 active connections


==========================================

#69 X - O: 14, X: 10
       -----------
      / . . . . . \
     / . O . . . . \
    / . . O . . . . \
   / . . X . O . . . \
  | . X X O O O O . . |
   \ . X . O O O . . /
    \ . O O O O . . /
     \ . X X X X . /
      \ . . X . X /
       -----------

 Search started ...
 Subsearch Alpha/Beta [-15000;15000] with max depth 0 ...
 EvalRate 545 k/s (6000 evals, 11 msecs)
 Search finished after 0.040 secs
  Found move 'I7/LeftUp/Push'
  Leaves visited: 68612 (1715 k/s) 
  Nodes visited: 15022 (4 leaves per node)
X draws 'I7/LeftUp/Push' (after 0.040 secs)...

#70 O - O: 14, X: 10
       -----------
      / . . . . . \
     / . O . . . . \
    / . . O . . . . \
   / . . X . O . . . \
  | . X X O O O O . . |
   \ . X O O O O . . /
    \ . O X O O . . /
     \ . X X X X . /
      \ . . . . X /
       -----------

Terminating because given number of moves drawn.

#69 X - O: 14, X: 10
       -----------
      / . . . . . \
     / . O . . . . \
    / . . O . . . . \
   / . . X . O . . . \
  | . X X O O O O . . |
   \ . X . O O O . . /
    \ . O O O O . . /
     \ . X X X X . /
      \ . . X . X /
       -----------

X about to move...
X draws move 'I7/LeftUp/Push'...

#70 O - O: 14, X: 10
       -----------
      / . . . . . \
     / . O . . . . \
    / . . O . . . . \
   / . . X . O . . . \
  | . X X O O O O . . |
   \ . X O O O O . . /
    \ . O X O O . . /
     \ . X X X X . /
      \ . . . . X /
       -----------

O about to move...
Error in connect in Connection::sendString: Connection refused
Error in connect in Connection::sendString: Connection refused
Error in connect in Connection::sendString: Connection refused
Error in connect in Connection::sendString: Connection refused
Error in connect in Connection::sendString: Connection refused

#69 X - O: 14, X: 10
       -----------
      / . . . . . \
     / . O . . . . \
    / . . O . . . . \
   / . . X . O . . . \
  | . X X O O O O . . |
   \ . X . O O O . . /
    \ . O O O O . . /
     \ . X X X X . /
      \ . . X . X /
       -----------

X about to move...
WARNING: Got a board which is not reachable via a valid move !?

#71 X - O: 14, X: 9
       -----------
      / . . . . . \
     / . O . . . . \
    / . . O . . . . \
   / . . X . O . . . \
  | . X X O . O O . . |
   \ . X O O O O . . /
    \ . O X O O . . /
     \ . X X X O . /
      \ . . . . X /
       -----------

X about to move...
