Error in connect in Connection::sendString: Connection refused
Error in connect in Connection::sendString: Connection refused
Error in connect in Connection::sendString: Connection refused
Error in connect in Connection::sendString: Connection refused
Using strategy 'ABParallel' (depth 5) ...
NetworkDomain::startListening: Port 23412 in use
NetworkDomain::startListening: Using Port 23413
Connection::start: localhost:23416
Connection::sendString: Cannot connect to localhost:23416
Connection::start: localhost:23415
Connection::sendString: Cannot connect to localhost:23415
Connection::start: localhost:23414
NetworkDomain::newConnection: localhost:23414, now 1 active connections
Connection::start: localhost:23412
NetworkDomain::newConnection: localhost:23412, now 2 active connections
 Reg of localhost:23414
NetworkDomain::newConnection: localhost:23414, now 2 active connections
 Reg of remote connection localhost:23412
NetworkDomain::addConnection: localhost:23412 already existing


==========================================

#0 O - O: 14, X: 14
       -----------
      / O O O O O \
     / O O O O O O \
    / . . O O O . . \
   / . . . . . . . . \
  | . . . . . . . . . |
   \ . . . . . . . . /
    \ . . X X X . . /
     \ X X X X X X /
      \ X X X X X /
       -----------

 Search started ...
    Calculated time for move: 1000000ms
    Time for move: 1253ms
    Max depth searched: 5
    Remaining time: 99998747ms
Using strategy 'ABParallel' (depth 5) ...
NetworkDomain::startListening: Port 23412 in use
NetworkDomain::startListening: Port 23413 in use
NetworkDomain::startListening: Using Port 23414
Connection::start: localhost:23416
Connection::sendString: Cannot connect to localhost:23416
Connection::start: localhost:23415
Connection::sendString: Cannot connect to localhost:23415
Connection::start: localhost:23413
NetworkDomain::newConnection: localhost:23413, now 1 active connections
Connection::start: localhost:23412
NetworkDomain::newConnection: localhost:23412, now 2 active connections
 Reg of localhost:23413
NetworkDomain::newConnection: localhost:23413, now 2 active connections
 Reg of remote connection localhost:23412
NetworkDomain::addConnection: localhost:23412 already existing


==========================================

#0 O - O: 14, X: 14
       -----------
      / O O O O O \
     / O O O O O O \
    / . . O O O . . \
   / . . . . . . . . \
  | . . . . . . . . . |
   \ . . . . . . . . /
    \ . . X X X . . /
     \ X X X X X X /
      \ X X X X X /
       -----------

 Reg of remote connection localhost:23413
NetworkDomain::addConnection: localhost:23413 already existing


==========================================

#1 X - O: 14, X: 14
       -----------
      / . O O O O \
     / O O O O O O \
    / . . O O O . . \
   / . . . O . . . . \
  | . . . . . . . . . |
   \ . . . . . . . . /
    \ . . X X X . . /
     \ X X X X X X /
      \ X X X X X /
       -----------

 Search started ...
    Calculated time for move: 1000000ms
    Time for move: 2255ms
    Max depth searched: 5
    Remaining time: 99997745ms
 Search finished after 1.255 secs
  Found move 'A1/RightDown'
  Leaves visited: 0 (0 k/s) 
  Nodes visited: 1 (0 leaves per node)
O draws 'A1/RightDown' (after 1.255 secs)...

#1 X - O: 14, X: 14
       -----------
      / . O O O O \
     / O O O O O O \
    / . . O O O . . \
   / . . . O . . . . \
  | . . . . . . . . . |
   \ . . . . . . . . /
    \ . . X X X . . /
     \ X X X X X X /
      \ X X X X X /
       -----------



==========================================

#2 O - O: 14, X: 14
       -----------
      / . O O O O \
     / O O O O O O \
    / . . O O O . . \
   / . . . O . . . . \
  | . . . . . . . . . |
   \ . . X . . . . . /
    \ . . X X X . . /
     \ X X X X X X /
      \ X X . X X /
       -----------

 Search started ...
    Calculated time for move: 1000000ms
    Time for move: 2485ms
    Max depth searched: 5
    Remaining time: 99996262ms
 Search finished after 2.257 secs
  Found move 'I7/LeftUp'
  Leaves visited: 0 (0 k/s) 
  Nodes visited: 1 (0 leaves per node)
X draws 'I7/LeftUp' (after 2.257 secs)...

#2 O - O: 14, X: 14
       -----------
      / . O O O O \
     / O O O O O O \
    / . . O O O . . \
   / . . . O . . . . \
  | . . . . . . . . . |
   \ . . X . . . . . /
    \ . . X X X . . /
     \ X X X X X X /
      \ X X . X X /
       -----------



==========================================

#3 X - O: 14, X: 14
       -----------
      / . . O O O \
     / O O O O O O \
    / . . O O O . . \
   / . . . O O . . . \
  | . . . . . . . . . |
   \ . . X . . . . . /
    \ . . X X X . . /
     \ X X X X X X /
      \ X X . X X /
       -----------

 Search started ...
    Calculated time for move: 1000000ms
 Search finished after 2.486 secs
  Found move 'A2/RightDown'
  Leaves visited: 0 (0 k/s) 
  Nodes visited: 1 (0 leaves per node)
O draws 'A2/RightDown' (after 2.486 secs)...

#3 X - O: 14, X: 14
       -----------
      / . . O O O \
     / O O O O O O \
    / . . O O O . . \
   / . . . O O . . . \
  | . . . . . . . . . |
   \ . . X . . . . . /
    \ . . X X X . . /
     \ X X X X X X /
      \ X X . X X /
       -----------

Terminating because given number of moves drawn.

#0 O - O: 14, X: 14
       -----------
      / O O O O O \
     / O O O O O O \
    / . . O O O . . \
   / . . . . . . . . \
  | . . . . . . . . . |
   \ . . . . . . . . /
    \ . . X X X . . /
     \ X X X X X X /
      \ X X X X X /
       -----------

O about to move...
O draws move 'A1/RightDown'...

#1 X - O: 14, X: 14
       -----------
      / . O O O O \
     / O O O O O O \
    / . . O O O . . \
   / . . . O . . . . \
  | . . . . . . . . . |
   \ . . . . . . . . /
    \ . . X X X . . /
     \ X X X X X X /
      \ X X X X X /
       -----------

X about to move...
X draws move 'I7/LeftUp'...

#2 O - O: 14, X: 14
       -----------
      / . O O O O \
     / O O O O O O \
    / . . O O O . . \
   / . . . O . . . . \
  | . . . . . . . . . |
   \ . . X . . . . . /
    \ . . X X X . . /
     \ X X X X X X /
      \ X X . X X /
       -----------

O about to move...
O draws move 'A2/RightDown'...

#3 X - O: 14, X: 14
       -----------
      / . . O O O \
     / O O O O O O \
    / . . O O O . . \
   / . . . O O . . . \
  | . . . . . . . . . |
   \ . . X . . . . . /
    \ . . X X X . . /
     \ X X X X X X /
      \ X X . X X /
       -----------

X about to move...
