Error in connect in Connection::sendString: Connection refused
Error in connect in Connection::sendString: Connection refused
Error in connect in Connection::sendString: Connection refused
Error in connect in Connection::sendString: Connection refused
Using strategy 'ABParallel' (depth 5) ...
NetworkDomain::startListening: Port 23412 in use
NetworkDomain::startListening: Using Port 23413
Connection::start: localhost:23416
Connection::sendString: Cannot connect to localhost:23416
Connection::start: localhost:23415
Connection::sendString: Cannot connect to localhost:23415
Connection::start: localhost:23414
NetworkDomain::newConnection: localhost:23414, now 1 active connections
Connection::start: localhost:23412
NetworkDomain::newConnection: localhost:23412, now 2 active connections
 Reg of localhost:23412
NetworkDomain::newConnection: localhost:23412, now 2 active connections


==========================================

#120 O - O: 14, X: 12
       -----------
      / . . . . . \
     / O O O O O . \
    / . O O X O . . \
   / . O X O O . . . \
  | . O O X X X . . . |
   \ . . O X X X . . /
    \ . . X . X . . /
     \ . X . X . . /
      \ . . . . . /
       -----------

 Search started ...
    Calculated time for move: 1000000ms
    Time for move: 501ms
    Max depth searched: 5
    Remaining time: 99999499ms
Using strategy 'ABParallel' (depth 5) ...
NetworkDomain::startListening: Port 23412 in use
NetworkDomain::startListening: Port 23413 in use
NetworkDomain::startListening: Using Port 23414
Connection::start: localhost:23416
Connection::sendString: Cannot connect to localhost:23416
Connection::start: localhost:23415
Connection::sendString: Cannot connect to localhost:23415
Connection::start: localhost:23413
NetworkDomain::newConnection: localhost:23413, now 1 active connections
Connection::start: localhost:23412
NetworkDomain::newConnection: localhost:23412, now 2 active connections
 Reg of localhost:23412
NetworkDomain::newConnection: localhost:23412, now 2 active connections


==========================================

#120 O - O: 14, X: 12
       -----------
      / . . . . . \
     / O O O O O . \
    / . O O X O . . \
   / . O X O O . . . \
  | . O O X X X . . . |
   \ . . O X X X . . /
    \ . . X . X . . /
     \ . X . X . . /
      \ . . . . . /
       -----------

 Reg of localhost:23413
NetworkDomain::newConnection: localhost:23413, now 2 active connections


==========================================

#120 O - O: 14, X: 12
       -----------
      / . . . . . \
     / O O O O O . \
    / . O O X O . . \
   / . O X O O . . . \
  | . O O X X X . . . |
   \ . . O X X X . . /
    \ . . X . X . . /
     \ . X . X . . /
      \ . . . . . /
       -----------

 Reg of remote connection localhost:23413
NetworkDomain::addConnection: localhost:23413 already existing


==========================================

#121 X - O: 14, X: 12
       -----------
      / . . . . . \
     / O O O O O . \
    / O . O X O . . \
   / O . X O O . . . \
  | . O O X X X . . . |
   \ . . O X X X . . /
    \ . . X . X . . /
     \ . X . X . . /
      \ . . . . . /
       -----------

 Search started ...
    Calculated time for move: 1000000ms
 Search finished after 0.502 secs
  Found move 'C2-D2/Left'
  Leaves visited: 0 (0 k/s) 
  Nodes visited: 1 (0 leaves per node)
O draws 'C2-D2/Left' (after 0.502 secs)...

#121 X - O: 14, X: 12
       -----------
      / . . . . . \
     / O O O O O . \
    / O . O X O . . \
   / O . X O O . . . \
  | . O O X X X . . . |
   \ . . O X X X . . /
    \ . . X . X . . /
     \ . X . X . . /
      \ . . . . . /
       -----------

 Reg of localhost:23414
NetworkDomain::newConnection: localhost:23414, now 2 active connections


==========================================

#120 O - O: 14, X: 12
       -----------
      / . . . . . \
     / O O O O O . \
    / . O O X O . . \
   / . O X O O . . . \
  | . O O X X X . . . |
   \ . . O X X X . . /
    \ . . X . X . . /
     \ . X . X . . /
      \ . . . . . /
       -----------

 Search started ...
    Calculated time for move: 1000000ms
    Time for move: 503ms
    Max depth searched: 5
    Remaining time: 99998996ms
 Search finished after 0.504 secs
  Found move 'C2-D2/Left'
  Leaves visited: 0 (0 k/s) 
  Nodes visited: 1 (0 leaves per node)
O draws 'C2-D2/Left' (after 0.504 secs)...

#121 X - O: 14, X: 12
       -----------
      / . . . . . \
     / O O O O O . \
    / O . O X O . . \
   / O . X O O . . . \
  | . O O X X X . . . |
   \ . . O X X X . . /
    \ . . X . X . . /
     \ . X . X . . /
      \ . . . . . /
       -----------

Terminating because given number of moves drawn.

#120 O - O: 14, X: 12
       -----------
      / . . . . . \
     / O O O O O . \
    / . O O X O . . \
   / . O X O O . . . \
  | . O O X X X . . . |
   \ . . O X X X . . /
    \ . . X . X . . /
     \ . X . X . . /
      \ . . . . . /
       -----------

O about to move...
O draws move 'C2-D2/Left'...

#121 X - O: 14, X: 12
       -----------
      / . . . . . \
     / O O O O O . \
    / O . O X O . . \
   / O . X O O . . . \
  | . O O X X X . . . |
   \ . . O X X X . . /
    \ . . X . X . . /
     \ . X . X . . /
      \ . . . . . /
       -----------

X about to move...
WARNING: Got a board which is not reachable via a valid move !?

#121 X - O: 14, X: 12
       -----------
      / . . . . . \
     / O O O O O . \
    / O . O X O . . \
   / O . X O O . . . \
  | . O O X X X . . . |
   \ . . O X X X . . /
    \ . . X . X . . /
     \ . X . X . . /
      \ . . . . . /
       -----------

X about to move...
