!!!!!!!!!!!!!!!!!!!omp num threads: 1
Error in connect in Connection::sendString: Connection refused
Error in connect in Connection::sendString: Connection refused
Error in connect in Connection::sendString: Connection refused
Error in connect in Connection::sendString: Connection refused
Error in connect in Connection::sendString: Connection refused
Using strategy 'ABParallel' (depth 5) ...
NetworkDomain::startListening: Port 23412 in use
NetworkDomain::startListening: Port 23413 in use
NetworkDomain::startListening: Using Port 23414
Connection::start: localhost:23416
Connection::sendString: Cannot connect to localhost:23416
Connection::start: localhost:23415
Connection::sendString: Cannot connect to localhost:23415
Connection::start: localhost:23413
NetworkDomain::newConnection: localhost:23413, now 1 active connections
Connection::start: localhost:23412
NetworkDomain::newConnection: localhost:23412, now 2 active connections
 Reg of remote connection localhost:23412
NetworkDomain::addConnection: localhost:23412 already existing


==========================================

#29 X - O: 14, X: 14
       -----------
      / . . . . . \
     / . O O O O . \
    / . O O . O . . \
   / . . O O O . . . \
  | . . O O O . . . . |
   \ . X O X X X . . /
    \ . X X X X X . /
     \ X X X X X . /
      \ . . . . . /
       -----------

 Search started ...
    Calculated time for move: 1000000ms
    Time for move: 2104ms
    Max depth searched: 5
    Remaining time: 99997896ms
Using strategy 'ABParallel' (depth 5) ...
NetworkDomain::startListening: Port 23412 in use
NetworkDomain::startListening: Using Port 23413
Connection::start: localhost:23416
Connection::sendString: Cannot connect to localhost:23416
Connection::start: localhost:23415
Connection::sendString: Cannot connect to localhost:23415
Connection::start: localhost:23414
Connection::sendString: Cannot connect to localhost:23414
Connection::start: localhost:23412
NetworkDomain::newConnection: localhost:23412, now 1 active connections


==========================================

#29 X - O: 14, X: 14
       -----------
      / . . . . . \
     / . O O O O . \
    / . O O . O . . \
   / . . O O O . . . \
  | . . O O O . . . . |
   \ . X O X X X . . /
    \ . X X X X X . /
     \ X X X X X . /
      \ . . . . . /
       -----------

 Reg of localhost:23414
NetworkDomain::newConnection: localhost:23414, now 2 active connections


==========================================

#30 O - O: 14, X: 14
       -----------
      / . . . . . \
     / . O O O O . \
    / . O O . O . . \
   / . . O O O . . . \
  | . . O O O . . . . |
   \ . X O X X X . . /
    \ . X X X X X . /
     \ . X X X X . /
      \ X . . . . /
       -----------

 Search started ...
    Calculated time for move: 1000000ms
    Time for move: 4760ms
    Max depth searched: 5
    Remaining time: 99995240ms
 Search finished after 2.107 secs
  Found move 'H4/RightDown'
  Leaves visited: 0 (0 k/s) 
  Nodes visited: 1 (0 leaves per node)
X draws 'H4/RightDown' (after 2.107 secs)...

#30 O - O: 14, X: 14
       -----------
      / . . . . . \
     / . O O O O . \
    / . O O . O . . \
   / . . O O O . . . \
  | . . O O O . . . . |
   \ . X O X X X . . /
    \ . X X X X X . /
     \ . X X X X . /
      \ X . . . . /
       -----------

 Reg of remote connection localhost:23413
NetworkDomain::addConnection: localhost:23413 already existing


==========================================

#31 X - O: 14, X: 14
       -----------
      / . . . . . \
     / . . O O O . \
    / . O O . O . . \
   / . O O O O . . . \
  | . . O O O . . . . |
   \ . X O X X X . . /
    \ . X X X X X . /
     \ . X X X X . /
      \ X . . . . /
       -----------

 Search started ...
    Calculated time for move: 1000000ms
    Time for move: 1482ms
    Max depth searched: 5
    Remaining time: 99996414ms
 Search finished after 4.762 secs
  Found move 'B2/LeftDown'
  Leaves visited: 0 (0 k/s) 
  Nodes visited: 1 (0 leaves per node)
O draws 'B2/LeftDown' (after 4.762 secs)...

#31 X - O: 14, X: 14
       -----------
      / . . . . . \
     / . . O O O . \
    / . O O . O . . \
   / . O O O O . . . \
  | . . O O O . . . . |
   \ . X O X X X . . /
    \ . X X X X X . /
     \ . X X X X . /
      \ X . . . . /
       -----------



==========================================

#32 O - O: 14, X: 14
       -----------
      / . . . . . \
     / . . O O O . \
    / . O O . O . . \
   / . O O O O . . . \
  | . . O O O X . . . |
   \ . X O X X X . . /
    \ . X X X X X . /
     \ . X . X X . /
      \ X . . . . /
       -----------

 Search started ...
    Calculated time for move: 1000000ms
 Search finished after 1.483 secs
  Found move 'H6/RightUp'
  Leaves visited: 0 (0 k/s) 
  Nodes visited: 1 (0 leaves per node)
X draws 'H6/RightUp' (after 1.483 secs)...

#32 O - O: 14, X: 14
       -----------
      / . . . . . \
     / . . O O O . \
    / . O O . O . . \
   / . O O O O . . . \
  | . . O O O X . . . |
   \ . X O X X X . . /
    \ . X X X X X . /
     \ . X . X X . /
      \ X . . . . /
       -----------

Terminating because given number of moves drawn.

#29 X - O: 14, X: 14
       -----------
      / . . . . . \
     / . O O O O . \
    / . O O . O . . \
   / . . O O O . . . \
  | . . O O O . . . . |
   \ . X O X X X . . /
    \ . X X X X X . /
     \ X X X X X . /
      \ . . . . . /
       -----------

X about to move...
X draws move 'H4/RightDown'...

#30 O - O: 14, X: 14
       -----------
      / . . . . . \
     / . O O O O . \
    / . O O . O . . \
   / . . O O O . . . \
  | . . O O O . . . . |
   \ . X O X X X . . /
    \ . X X X X X . /
     \ . X X X X . /
      \ X . . . . /
       -----------

O about to move...
O draws move 'B2/LeftDown'...

#31 X - O: 14, X: 14
       -----------
      / . . . . . \
     / . . O O O . \
    / . O O . O . . \
   / . O O O O . . . \
  | . . O O O . . . . |
   \ . X O X X X . . /
    \ . X X X X X . /
     \ . X X X X . /
      \ X . . . . /
       -----------

X about to move...
X draws move 'H6/RightUp'...

#32 O - O: 14, X: 14
       -----------
      / . . . . . \
     / . . O O O . \
    / . O O . O . . \
   / . O O O O . . . \
  | . . O O O X . . . |
   \ . X O X X X . . /
    \ . X X X X X . /
     \ . X . X X . /
      \ X . . . . /
       -----------

O about to move...
!!!!!!!!!!!!!!!!!!!omp num threads: 2
Error in connect in Connection::sendString: Connection refused
Error in connect in Connection::sendString: Connection refused
Error in connect in Connection::sendString: Connection refused
Error in connect in Connection::sendString: Connection refused
Using strategy 'ABParallel' (depth 5) ...
NetworkDomain::startListening: Using Port 23412
Connection::start: localhost:23416
Connection::sendString: Cannot connect to localhost:23416
Connection::start: localhost:23415
Connection::sendString: Cannot connect to localhost:23415
Connection::start: localhost:23414
Connection::sendString: Cannot connect to localhost:23414
Connection::start: localhost:23413
NetworkDomain::newConnection: localhost:23413, now 1 active connections
 Reg of localhost:23415
NetworkDomain::newConnection: localhost:23415, now 2 active connections


==========================================

#29 X - O: 14, X: 14
       -----------
      / . . . . . \
     / . O O O O . \
    / . O O . O . . \
   / . . O O O . . . \
  | . . O O O . . . . |
   \ . X O X X X . . /
    \ . X X X X X . /
     \ X X X X X . /
      \ . . . . . /
       -----------

 Search started ...
    Calculated time for move: 1000000ms
    Time for move: 2155ms
    Max depth searched: 5
    Remaining time: 99997845ms
    Time for move: 4086ms
    Max depth searched: 5
    Remaining time: 99991154ms
 Search finished after 4.086 secs
  Found move 'B4/LeftDown'
  Leaves visited: 0 (0 k/s) 
  Nodes visited: 1 (0 leaves per node)
O draws 'B4/LeftDown' (after 4.086 secs)...

#33 X - O: 14, X: 14
       -----------
      / . . . . . \
     / . . O . O . \
    / . O O O O . . \
   / . O O O O . . . \
  | . . O O O X . . . |
   \ . X O X X X . . /
    \ . X X X X X . /
     \ . X . X X . /
      \ X . . . . /
       -----------

Terminating because given number of moves drawn.
Error in connect in Connection::sendString: Connection refused
Using strategy 'ABParallel' (depth 5) ...
NetworkDomain::startListening: Port 23412 in use
NetworkDomain::startListening: Port 23413 in use
NetworkDomain::startListening: Using Port 23414
Connection::start: localhost:23416
Connection::sendString: Cannot connect to localhost:23416
Connection::start: localhost:23415
NetworkDomain::newConnection: localhost:23415, now 1 active connections
Connection::start: localhost:23413
NetworkDomain::newConnection: localhost:23413, now 2 active connections
Connection::start: localhost:23412
NetworkDomain::newConnection: localhost:23412, now 3 active connections


==========================================

#29 X - O: 14, X: 14
       -----------
      / . . . . . \
     / . O O O O . \
    / . O O . O . . \
   / . . O O O . . . \
  | . . O O O . . . . |
   \ . X O X X X . . /
    \ . X X X X X . /
     \ X X X X X . /
      \ . . . . . /
       -----------

 Reg of remote connection localhost:23413
NetworkDomain::addConnection: localhost:23413 already existing
 Reg of remote connection localhost:23412
NetworkDomain::addConnection: localhost:23412 already existing


==========================================

#33 X - O: 14, X: 14
       -----------
      / . . . . . \
     / . . O . O . \
    / . O O O O . . \
   / . O O O O . . . \
  | . . O O O X . . . |
   \ . X O X X X . . /
    \ . X X X X X . /
     \ . X . X X . /
      \ X . . . . /
       -----------

Connection::sendString: Cannot connect to localhost:23413
Error in connect in Connection::sendString: Connection refused
Error in connect in Connection::sendString: Connection refused
 Search finished after 2.157 secs
  Found move 'H4/RightDown'
  Leaves visited: 0 (0 k/s) 
  Nodes visited: 1 (0 leaves per node)
X draws 'H4/RightDown' (after 2.157 secs)...

#30 O - O: 14, X: 14
       -----------
      / . . . . . \
     / . O O O O . \
    / . O O . O . . \
   / . . O O O . . . \
  | . . O O O . . . . |
   \ . X O X X X . . /
    \ . X X X X X . /
     \ . X X X X . /
      \ X . . . . /
       -----------

Connection::sendString: Cannot connect to localhost:23413
 Reg of localhost:23414
NetworkDomain::newConnection: localhost:23414, now 2 active connections
Connection::sendString: Cannot connect to localhost:23414


==========================================

#33 X - O: 14, X: 14
       -----------
      / . . . . . \
     / . . O . O . \
    / . O O O O . . \
   / . O O O O . . . \
  | . . O O O X . . . |
   \ . X O X X X . . /
    \ . X X X X X . /
     \ . X . X X . /
      \ X . . . . /
       -----------

 Search started ...
    Calculated time for move: 1000000ms
    Time for move: 1779ms
    Max depth searched: 5
    Remaining time: 99996066ms
 Search finished after 1.780 secs
  Found move 'F3/RightDown'
  Leaves visited: 0 (0 k/s) 
  Nodes visited: 1 (0 leaves per node)
X draws 'F3/RightDown' (after 1.780 secs)...

#34 O - O: 14, X: 14
       -----------
      / . . . . . \
     / . . O . O . \
    / . O O O O . . \
   / . O O O O . . . \
  | . . O O O X . . . |
   \ . . O X X X . . /
    \ . X X X X X . /
     \ . X . X X . /
      \ X X . . . /
       -----------

Terminating because given number of moves drawn.

#29 X - O: 14, X: 14
       -----------
      / . . . . . \
     / . O O O O . \
    / . O O . O . . \
   / . . O O O . . . \
  | . . O O O . . . . |
   \ . X O X X X . . /
    \ . X X X X X . /
     \ X X X X X . /
      \ . . . . . /
       -----------

X about to move...
X draws move 'H4/RightDown'...

#30 O - O: 14, X: 14
       -----------
      / . . . . . \
     / . O O O O . \
    / . O O . O . . \
   / . . O O O . . . \
  | . . O O O . . . . |
   \ . X O X X X . . /
    \ . X X X X X . /
     \ . X X X X . /
      \ X . . . . /
       -----------

O about to move...
WARNING: Got a board which is not reachable via a valid move !?

#34 O - O: 14, X: 14
       -----------
      / . . . . . \
     / . . O . O . \
    / . O O O O . . \
   / . O O O O . . . \
  | . . O O O X . . . |
   \ . . O X X X . . /
    \ . X X X X X . /
     \ . X . X X . /
      \ X X . . . /
       -----------

O about to move...
!!!!!!!!!!!!!!!!!!!omp num threads: 4
Error in connect in Connection::sendString: Connection refused
Error in connect in Connection::sendString: Connection refused
Error in connect in Connection::sendString: Connection refused
Error in connect in Connection::sendString: Connection refused
Error in connect in Connection::sendString: Connection refused
Error in connect in Connection::sendString: Connection refused
Using strategy 'ABParallel' (depth 5) ...
NetworkDomain::startListening: Using Port 23412
Connection::start: localhost:23416
Connection::sendString: Cannot connect to localhost:23416
Connection::start: localhost:23415
Connection::sendString: Cannot connect to localhost:23415
Connection::start: localhost:23414
NetworkDomain::newConnection: localhost:23414, now 1 active connections
Connection::start: localhost:23413
NetworkDomain::newConnection: localhost:23413, now 2 active connections


==========================================

#29 X - O: 14, X: 14
       -----------
      / . . . . . \
     / . O O O O . \
    / . O O . O . . \
   / . . O O O . . . \
  | . . O O O . . . . |
   \ . X O X X X . . /
    \ . X X X X X . /
     \ X X X X X . /
      \ . . . . . /
       -----------

 Search started ...
    Calculated time for move: 1000000ms
    Time for move: 952ms
    Max depth searched: 5
    Remaining time: 99999048ms
Using strategy 'ABParallel' (depth 5) ...
NetworkDomain::startListening: Port 23412 in use
NetworkDomain::startListening: Using Port 23413
Connection::start: localhost:23416
Connection::sendString: Cannot connect to localhost:23416
Connection::start: localhost:23415
Connection::sendString: Cannot connect to localhost:23415
Connection::start: localhost:23414
Connection::sendString: Cannot connect to localhost:23414
Connection::start: localhost:23412
Connection::sendString: Cannot connect to localhost:23412
 Reg of localhost:23414
NetworkDomain::newConnection: localhost:23414, now 1 active connections


==========================================

#29 X - O: 14, X: 14
       -----------
      / . . . . . \
     / . O O O O . \
    / . O O . O . . \
   / . . O O O . . . \
  | . . O O O . . . . |
   \ . X O X X X . . /
    \ . X X X X X . /
     \ X X X X X . /
      \ . . . . . /
       -----------

 Reg of localhost:23412
NetworkDomain::newConnection: localhost:23412, now 2 active connections


==========================================

#30 O - O: 14, X: 14
       -----------
      / . . . . . \
     / . O O O O . \
    / . O O . O . . \
   / . . O O O . . . \
  | . . O O O . . . . |
   \ . X O X X X . . /
    \ . X X X X X . /
     \ . X X X X . /
      \ X . . . . /
       -----------

 Search started ...
    Calculated time for move: 1000000ms
    Time for move: 2907ms
    Max depth searched: 5
    Remaining time: 99997093ms
 Search finished after 0.954 secs
  Found move 'H4/RightDown'
  Leaves visited: 0 (0 k/s) 
  Nodes visited: 1 (0 leaves per node)
X draws 'H4/RightDown' (after 0.954 secs)...

#30 O - O: 14, X: 14
       -----------
      / . . . . . \
     / . O O O O . \
    / . O O . O . . \
   / . . O O O . . . \
  | . . O O O . . . . |
   \ . X O X X X . . /
    \ . X X X X X . /
     \ . X X X X . /
      \ X . . . . /
       -----------

 Reg of remote connection localhost:23414
NetworkDomain::addConnection: localhost:23414 already existing
 Reg of remote connection localhost:23413
NetworkDomain::addConnection: localhost:23413 already existing


==========================================

#31 X - O: 14, X: 14
       -----------
      / . . . . . \
     / . . O O O . \
    / . O O . O . . \
   / . O O O O . . . \
  | . . O O O . . . . |
   \ . X O X X X . . /
    \ . X X X X X . /
     \ . X X X X . /
      \ X . . . . /
       -----------

 Search started ...
    Calculated time for move: 1000000ms
    Time for move: 979ms
    Max depth searched: 5
    Remaining time: 99998069ms
 Search finished after 2.908 secs
  Found move 'B2/LeftDown'
  Leaves visited: 0 (0 k/s) 
  Nodes visited: 1 (0 leaves per node)
O draws 'B2/LeftDown' (after 2.908 secs)...

#31 X - O: 14, X: 14
       -----------
      / . . . . . \
     / . . O O O . \
    / . O O . O . . \
   / . O O O O . . . \
  | . . O O O . . . . |
   \ . X O X X X . . /
    \ . X X X X X . /
     \ . X X X X . /
      \ X . . . . /
       -----------



==========================================

#32 O - O: 14, X: 14
       -----------
      / . . . . . \
     / . . O O O . \
    / . O O . O . . \
   / . O O O O . . . \
  | . . O O O X . . . |
   \ . X O X X X . . /
    \ . X X X X X . /
     \ . X . X X . /
      \ X . . . . /
       -----------

 Search started ...
    Calculated time for move: 1000000ms
 Search finished after 0.980 secs
  Found move 'H6/RightUp'
  Leaves visited: 0 (0 k/s) 
  Nodes visited: 1 (0 leaves per node)
X draws 'H6/RightUp' (after 0.980 secs)...

#32 O - O: 14, X: 14
       -----------
      / . . . . . \
     / . . O O O . \
    / . O O . O . . \
   / . O O O O . . . \
  | . . O O O X . . . |
   \ . X O X X X . . /
    \ . X X X X X . /
     \ . X . X X . /
      \ X . . . . /
       -----------

Terminating because given number of moves drawn.

#29 X - O: 14, X: 14
       -----------
      / . . . . . \
     / . O O O O . \
    / . O O . O . . \
   / . . O O O . . . \
  | . . O O O . . . . |
   \ . X O X X X . . /
    \ . X X X X X . /
     \ X X X X X . /
      \ . . . . . /
       -----------

X about to move...
X draws move 'H4/RightDown'...

#30 O - O: 14, X: 14
       -----------
      / . . . . . \
     / . O O O O . \
    / . O O . O . . \
   / . . O O O . . . \
  | . . O O O . . . . |
   \ . X O X X X . . /
    \ . X X X X X . /
     \ . X X X X . /
      \ X . . . . /
       -----------

O about to move...
O draws move 'B2/LeftDown'...

#31 X - O: 14, X: 14
       -----------
      / . . . . . \
     / . . O O O . \
    / . O O . O . . \
   / . O O O O . . . \
  | . . O O O . . . . |
   \ . X O X X X . . /
    \ . X X X X X . /
     \ . X X X X . /
      \ X . . . . /
       -----------

X about to move...
X draws move 'H6/RightUp'...

#32 O - O: 14, X: 14
       -----------
      / . . . . . \
     / . . O O O . \
    / . O O . O . . \
   / . O O O O . . . \
  | . . O O O X . . . |
   \ . X O X X X . . /
    \ . X X X X X . /
     \ . X . X X . /
      \ X . . . . /
       -----------

O about to move...
!!!!!!!!!!!!!!!!!!!omp num threads: 8
Error in connect in Connection::sendString: Connection refused
Error in connect in Connection::sendString: Connection refused
Error in connect in Connection::sendString: Connection refused
Error in connect in Connection::sendString: Connection refused
Using strategy 'ABParallel' (depth 5) ...
NetworkDomain::startListening: Using Port 23412
Connection::start: localhost:23416
Connection::sendString: Cannot connect to localhost:23416
Connection::start: localhost:23415
Connection::sendString: Cannot connect to localhost:23415
Connection::start: localhost:23414
Connection::sendString: Cannot connect to localhost:23414
Connection::start: localhost:23413
NetworkDomain::newConnection: localhost:23413, now 1 active connections
 Reg of localhost:23414
NetworkDomain::newConnection: localhost:23414, now 2 active connections


==========================================

#29 X - O: 14, X: 14
       -----------
      / . . . . . \
     / . O O O O . \
    / . O O . O . . \
   / . . O O O . . . \
  | . . O O O . . . . |
   \ . X O X X X . . /
    \ . X X X X X . /
     \ X X X X X . /
      \ . . . . . /
       -----------

 Search started ...
    Calculated time for move: 1000000ms
    Time for move: 1102ms
    Max depth searched: 5
    Remaining time: 99998898ms
    Time for move: 1577ms
    Max depth searched: 5
    Remaining time: 99995516ms
 Search finished after 1.577 secs
  Found move 'B4/LeftDown'
  Leaves visited: 0 (0 k/s) 
  Nodes visited: 1 (0 leaves per node)
O draws 'B4/LeftDown' (after 1.577 secs)...

#33 X - O: 14, X: 14
       -----------
      / . . . . . \
     / . . O . O . \
    / . O O O O . . \
   / . O O O O . . . \
  | . . O O O X . . . |
   \ . X O X X X . . /
    \ . X X X X X . /
     \ . X . X X . /
      \ X . . . . /
       -----------

Terminating because given number of moves drawn.

#29 X - O: 14, X: 14
       -----------
      / . . . . . \
     / . O O O O . \
    / . O O . O . . \
   / . . O O O . . . \
  | . . O O O . . . . |
   \ . X O X X X . . /
    \ . X X X X X . /
     \ X X X X X . /
      \ . . . . . /
       -----------

X about to move...
X draws move 'H4/RightDown'...

#30 O - O: 14, X: 14
       -----------
      / . . . . . \
     / . O O O O . \
    / . O O . O . . \
   / . . O O O . . . \
  | . . O O O . . . . |
   \ . X O X X X . . /
    \ . X X X X X . /
     \ . X X X X . /
      \ X . . . . /
       -----------

O about to move...
WARNING: Got a board which is not reachable via a valid move !?

#33 X - O: 14, X: 14
       -----------
      / . . . . . \
     / . . O . O . \
    / . O O O O . . \
   / . O O O O . . . \
  | . . O O O X . . . |
   \ . X O X X X . . /
    \ . X X X X X . /
     \ . X . X X . /
      \ X . . . . /
       -----------

X about to move...
!!!!!!!!!!!!!!!!!!!omp num threads: 12
Error in connect in Connection::sendString: Connection refused
Error in connect in Connection::sendString: Connection refused
 Search finished after 1.105 secs
  Found move 'H4/RightDown'
  Leaves visited: 0 (0 k/s) 
  Nodes visited: 1 (0 leaves per node)
X draws 'H4/RightDown' (after 1.105 secs)...

#30 O - O: 14, X: 14
       -----------
      / . . . . . \
     / . O O O O . \
    / . O O . O . . \
   / . . O O O . . . \
  | . . O O O . . . . |
   \ . X O X X X . . /
    \ . X X X X X . /
     \ . X X X X . /
      \ X . . . . /
       -----------



==========================================

#33 X - O: 14, X: 14
       -----------
      / . . . . . \
     / . . O . O . \
    / . O O O O . . \
   / . O O O O . . . \
  | . . O O O X . . . |
   \ . X O X X X . . /
    \ . X X X X X . /
     \ . X . X X . /
      \ X . . . . /
       -----------

 Search started ...
    Calculated time for move: 1000000ms
    Time for move: 778ms
    Max depth searched: 5
    Remaining time: 99998120ms
 Search finished after 0.779 secs
  Found move 'F3/RightDown'
  Leaves visited: 0 (0 k/s) 
  Nodes visited: 1 (0 leaves per node)
X draws 'F3/RightDown' (after 0.779 secs)...

#34 O - O: 14, X: 14
       -----------
      / . . . . . \
     / . . O . O . \
    / . O O O O . . \
   / . O O O O . . . \
  | . . O O O X . . . |
   \ . . O X X X . . /
    \ . X X X X X . /
     \ . X . X X . /
      \ X X . . . /
       -----------

Terminating because given number of moves drawn.
Error in connect in Connection::sendString: Connection refused
Error in connect in Connection::sendString: Connection refused
Error in connect in Connection::sendString: Connection refused
Error in connect in Connection::sendString: Connection refused
Using strategy 'ABParallel' (depth 5) ...
NetworkDomain::startListening: Port 23412 in use
NetworkDomain::startListening: Using Port 23413
Connection::start: localhost:23416
Connection::sendString: Cannot connect to localhost:23416
Connection::start: localhost:23415
NetworkDomain::newConnection: localhost:23415, now 1 active connections
Connection::start: localhost:23414
Connection::sendString: Cannot connect to localhost:23414
Connection::start: localhost:23412
NetworkDomain::newConnection: localhost:23412, now 2 active connections
 Reg of localhost:23416
NetworkDomain::newConnection: localhost:23416, now 3 active connections


==========================================

#30 O - O: 14, X: 14
       -----------
      / . . . . . \
     / . O O O O . \
    / . O O . O . . \
   / . . O O O . . . \
  | . . O O O . . . . |
   \ . X O X X X . . /
    \ . X X X X X . /
     \ . X X X X . /
      \ X . . . . /
       -----------



==========================================

#34 O - O: 14, X: 14
       -----------
      / . . . . . \
     / . . O . O . \
    / . O O O O . . \
   / . O O O O . . . \
  | . . O O O X . . . |
   \ . . O X X X . . /
    \ . X X X X X . /
     \ . X . X X . /
      \ X X . . . /
       -----------

Connection::sendString: Cannot connect to localhost:23412
Error in connect in Connection::sendString: Connection refused
Error in connect in Connection::sendString: Connection refused
Using strategy 'ABParallel' (depth 5) ...
NetworkDomain::startListening: Port 23412 in use
NetworkDomain::startListening: Port 23413 in use
NetworkDomain::startListening: Using Port 23414
Connection::start: localhost:23416
NetworkDomain::newConnection: localhost:23416, now 1 active connections
Connection::start: localhost:23415
NetworkDomain::newConnection: localhost:23415, now 2 active connections
Connection::start: localhost:23413
Connection::sendString: Cannot connect to localhost:23413
Connection::start: localhost:23412
Connection::sendString: Cannot connect to localhost:23412


==========================================

#34 O - O: 14, X: 14
       -----------
      / . . . . . \
     / . . O . O . \
    / . O O O O . . \
   / . O O O O . . . \
  | . . O O O X . . . |
   \ . . O X X X . . /
    \ . X X X X X . /
     \ . X . X X . /
      \ X X . . . /
       -----------

 Search started ...
    Calculated time for move: 1000000ms
    Time for move: 401ms
    Max depth searched: 5
    Remaining time: 99999599ms
 Search finished after 0.403 secs
  Found move 'D2/RightDown/Push'
  Leaves visited: 0 (0 k/s) 
  Nodes visited: 1 (0 leaves per node)
O draws 'D2/RightDown/Push' (after 0.403 secs)...

#35 X - O: 14, X: 14
       -----------
      / . . . . . \
     / . . O . O . \
    / . O O O O . . \
   / . . O O O . . . \
  | . . O O O X . . . |
   \ . . O X X X . . /
    \ . X O X X X . /
     \ . X X X X . /
      \ X X . . . /
       -----------

slurmstepd: error: *** JOB 3442819 ON i01r01c01s03 CANCELLED AT 2024-07-06T15:23:39 DUE TO TIME LIMIT ***
